[INFO ] 2023-03-24 15:35:32.692 Create_Driver_Session:51 - PLATFORM NAME IS --> Android
[INFO ] 2023-03-24 15:35:32.707 Create_Driver_Session:53 - DEVICE NAME IS --> 13
[INFO ] 2023-03-24 15:35:32.708 Create_Driver_Session:55 - PLATFORM VERSION IS --> Samsung
[INFO ] 2023-03-24 15:35:32.710 Create_Driver_Session:57 - AUTOMATION NAME IS --> UiAutomator2
[INFO ] 2023-03-24 15:35:32.711 Create_Driver_Session:59 - UDID IS --> RZCT904J89D
[INFO ] 2023-03-24 15:35:32.712 Create_Driver_Session:62 - app URL isD:\JAVA\Eclipse- workspace\oneapp\myfiles\app-debug.apk
[DEBUG] 2023-03-24 15:35:33.493 BrowserFactory:58 - Android emulator gets opened
[DEBUG] 2023-03-24 15:35:34.451 Generic:176 - [1;31mjava.lang.NullPointerException[0m
[DEBUG] 2023-03-24 15:35:34.454 MyListeners:56 - [1;31m[org.openqa.selenium.support.pagefactory.DefaultElementLocator.findElement(DefaultElementLocator.java:69), org.openqa.selenium.support.pagefactory.internal.LocatingElementHandler.invoke(LocatingElementHandler.java:38), jdk.proxy2/jdk.proxy2.$Proxy28.toString(Unknown Source), java.base/java.lang.String.valueOf(String.java:4216), java.base/java.lang.StringBuilder.append(StringBuilder.java:173), com.oneapp.basic.Generic.clear_on_WebElement(Generic.java:181), com.oneapp.page_actions.Login_Page_Action.valid_login(Login_Page_Action.java:85), com.oneapp.test_suits.OTP_testcases.validate_valid_OTP_testcase(OTP_testcases.java:24), java.base/jdk.internal.reflect.NativeMethodAccessorImpl.invoke0(Native Method), java.base/jdk.internal.reflect.NativeMethodAccessorImpl.invoke(NativeMethodAccessorImpl.java:77), java.base/jdk.internal.reflect.DelegatingMethodAccessorImpl.invoke(DelegatingMethodAccessorImpl.java:43), java.base/java.lang.reflect.Method.invoke(Method.java:568), org.testng.internal.MethodInvocationHelper.invokeMethod(MethodInvocationHelper.java:133), org.testng.internal.TestInvoker.invokeMethod(TestInvoker.java:598), org.testng.internal.TestInvoker.invokeTestMethod(TestInvoker.java:173), org.testng.internal.MethodRunner.runInSequence(MethodRunner.java:46), org.testng.internal.TestInvoker$MethodInvocationAgent.invoke(TestInvoker.java:824), org.testng.internal.TestInvoker.invokeTestMethods(TestInvoker.java:146), org.testng.internal.TestMethodWorker.invokeTestMethods(TestMethodWorker.java:146), org.testng.internal.TestMethodWorker.run(TestMethodWorker.java:128), java.base/java.util.ArrayList.forEach(ArrayList.java:1511), org.testng.TestRunner.privateRun(TestRunner.java:794), org.testng.TestRunner.run(TestRunner.java:596), org.testng.SuiteRunner.runTest(SuiteRunner.java:377), org.testng.SuiteRunner.runSequentially(SuiteRunner.java:371), org.testng.SuiteRunner.privateRun(SuiteRunner.java:332), org.testng.SuiteRunner.run(SuiteRunner.java:276), org.testng.SuiteRunnerWorker.runSuite(SuiteRunnerWorker.java:53), org.testng.SuiteRunnerWorker.run(SuiteRunnerWorker.java:96), org.testng.TestNG.runSuitesSequentially(TestNG.java:1212), org.testng.TestNG.runSuitesLocally(TestNG.java:1134), org.testng.TestNG.runSuites(TestNG.java:1063), org.testng.TestNG.run(TestNG.java:1031), org.testng.remote.AbstractRemoteTestNG.run(AbstractRemoteTestNG.java:115), org.testng.remote.RemoteTestNG.initAndRun(RemoteTestNG.java:251), org.testng.remote.RemoteTestNG.main(RemoteTestNG.java:77)][0m
[DEBUG] 2023-03-24 15:35:34.464 MyListeners:73 - [1;31mvalidate_valid_OTP_testcase[0m
[INFO ] 2023-03-24 15:36:23.417 Create_Driver_Session:51 - PLATFORM NAME IS --> Android
[INFO ] 2023-03-24 15:36:23.423 Create_Driver_Session:53 - DEVICE NAME IS --> 13
[INFO ] 2023-03-24 15:36:23.425 Create_Driver_Session:55 - PLATFORM VERSION IS --> Samsung
[INFO ] 2023-03-24 15:36:23.429 Create_Driver_Session:57 - AUTOMATION NAME IS --> UiAutomator2
[INFO ] 2023-03-24 15:36:23.431 Create_Driver_Session:59 - UDID IS --> RZCT904J89D
[INFO ] 2023-03-24 15:36:23.432 Create_Driver_Session:62 - app URL isD:\JAVA\Eclipse- workspace\oneapp\myfiles\app-debug.apk
[DEBUG] 2023-03-24 15:36:24.075 BrowserFactory:58 - Android emulator gets opened
[DEBUG] 2023-03-24 15:36:24.971 Generic:176 - [1;31mjava.lang.NullPointerException[0m
[DEBUG] 2023-03-24 15:36:24.976 MyListeners:56 - [1;31m[org.openqa.selenium.support.pagefactory.DefaultElementLocator.findElement(DefaultElementLocator.java:69), org.openqa.selenium.support.pagefactory.internal.LocatingElementHandler.invoke(LocatingElementHandler.java:38), jdk.proxy2/jdk.proxy2.$Proxy28.toString(Unknown Source), java.base/java.lang.String.valueOf(String.java:4216), java.base/java.lang.StringBuilder.append(StringBuilder.java:173), com.oneapp.basic.Generic.clear_on_WebElement(Generic.java:181), com.oneapp.page_actions.Login_Page_Action.valid_login(Login_Page_Action.java:85), com.oneapp.test_suits.OTP_testcases.validate_valid_OTP_testcase(OTP_testcases.java:24), java.base/jdk.internal.reflect.NativeMethodAccessorImpl.invoke0(Native Method), java.base/jdk.internal.reflect.NativeMethodAccessorImpl.invoke(NativeMethodAccessorImpl.java:77), java.base/jdk.internal.reflect.DelegatingMethodAccessorImpl.invoke(DelegatingMethodAccessorImpl.java:43), java.base/java.lang.reflect.Method.invoke(Method.java:568), org.testng.internal.MethodInvocationHelper.invokeMethod(MethodInvocationHelper.java:133), org.testng.internal.TestInvoker.invokeMethod(TestInvoker.java:598), org.testng.internal.TestInvoker.invokeTestMethod(TestInvoker.java:173), org.testng.internal.MethodRunner.runInSequence(MethodRunner.java:46), org.testng.internal.TestInvoker$MethodInvocationAgent.invoke(TestInvoker.java:824), org.testng.internal.TestInvoker.invokeTestMethods(TestInvoker.java:146), org.testng.internal.TestMethodWorker.invokeTestMethods(TestMethodWorker.java:146), org.testng.internal.TestMethodWorker.run(TestMethodWorker.java:128), java.base/java.util.ArrayList.forEach(ArrayList.java:1511), org.testng.TestRunner.privateRun(TestRunner.java:794), org.testng.TestRunner.run(TestRunner.java:596), org.testng.SuiteRunner.runTest(SuiteRunner.java:377), org.testng.SuiteRunner.runSequentially(SuiteRunner.java:371), org.testng.SuiteRunner.privateRun(SuiteRunner.java:332), org.testng.SuiteRunner.run(SuiteRunner.java:276), org.testng.SuiteRunnerWorker.runSuite(SuiteRunnerWorker.java:53), org.testng.SuiteRunnerWorker.run(SuiteRunnerWorker.java:96), org.testng.TestNG.runSuitesSequentially(TestNG.java:1212), org.testng.TestNG.runSuitesLocally(TestNG.java:1134), org.testng.TestNG.runSuites(TestNG.java:1063), org.testng.TestNG.run(TestNG.java:1031), org.testng.remote.AbstractRemoteTestNG.run(AbstractRemoteTestNG.java:115), org.testng.remote.RemoteTestNG.initAndRun(RemoteTestNG.java:251), org.testng.remote.RemoteTestNG.main(RemoteTestNG.java:77)][0m
[DEBUG] 2023-03-24 15:36:24.988 MyListeners:73 - [1;31mvalidate_valid_OTP_testcase[0m
[INFO ] 2023-03-24 15:42:17.492 Create_Driver_Session:51 - PLATFORM NAME IS --> Android
[INFO ] 2023-03-24 15:42:17.496 Create_Driver_Session:55 - PLATFORM VERSION IS --> Samsung
[INFO ] 2023-03-24 15:42:17.497 Create_Driver_Session:57 - AUTOMATION NAME IS --> UiAutomator2
[INFO ] 2023-03-24 15:42:17.498 Create_Driver_Session:59 - UDID IS --> RZCT904J89D
[INFO ] 2023-03-24 15:42:17.499 Create_Driver_Session:62 - app URL isD:\JAVA\Eclipse- workspace\oneapp\myfiles\app-debug.apk
[DEBUG] 2023-03-24 15:42:18.179 BrowserFactory:58 - Android emulator gets opened
[DEBUG] 2023-03-24 15:42:19.242 Generic:176 - [1;31mjava.lang.NullPointerException[0m
[DEBUG] 2023-03-24 15:42:19.248 MyListeners:56 - [1;31m[org.openqa.selenium.support.pagefactory.DefaultElementLocator.findElement(DefaultElementLocator.java:69), org.openqa.selenium.support.pagefactory.internal.LocatingElementHandler.invoke(LocatingElementHandler.java:38), jdk.proxy2/jdk.proxy2.$Proxy28.toString(Unknown Source), java.base/java.lang.String.valueOf(String.java:4216), java.base/java.lang.StringBuilder.append(StringBuilder.java:173), com.oneapp.basic.Generic.clear_on_WebElement(Generic.java:181), com.oneapp.page_actions.Login_Page_Action.valid_login(Login_Page_Action.java:85), com.oneapp.test_suits.OTP_testcases.validate_valid_OTP_testcase(OTP_testcases.java:24), java.base/jdk.internal.reflect.NativeMethodAccessorImpl.invoke0(Native Method), java.base/jdk.internal.reflect.NativeMethodAccessorImpl.invoke(NativeMethodAccessorImpl.java:77), java.base/jdk.internal.reflect.DelegatingMethodAccessorImpl.invoke(DelegatingMethodAccessorImpl.java:43), java.base/java.lang.reflect.Method.invoke(Method.java:568), org.testng.internal.MethodInvocationHelper.invokeMethod(MethodInvocationHelper.java:133), org.testng.internal.TestInvoker.invokeMethod(TestInvoker.java:598), org.testng.internal.TestInvoker.invokeTestMethod(TestInvoker.java:173), org.testng.internal.MethodRunner.runInSequence(MethodRunner.java:46), org.testng.internal.TestInvoker$MethodInvocationAgent.invoke(TestInvoker.java:824), org.testng.internal.TestInvoker.invokeTestMethods(TestInvoker.java:146), org.testng.internal.TestMethodWorker.invokeTestMethods(TestMethodWorker.java:146), org.testng.internal.TestMethodWorker.run(TestMethodWorker.java:128), java.base/java.util.ArrayList.forEach(ArrayList.java:1511), org.testng.TestRunner.privateRun(TestRunner.java:794), org.testng.TestRunner.run(TestRunner.java:596), org.testng.SuiteRunner.runTest(SuiteRunner.java:377), org.testng.SuiteRunner.runSequentially(SuiteRunner.java:371), org.testng.SuiteRunner.privateRun(SuiteRunner.java:332), org.testng.SuiteRunner.run(SuiteRunner.java:276), org.testng.SuiteRunnerWorker.runSuite(SuiteRunnerWorker.java:53), org.testng.SuiteRunnerWorker.run(SuiteRunnerWorker.java:96), org.testng.TestNG.runSuitesSequentially(TestNG.java:1212), org.testng.TestNG.runSuitesLocally(TestNG.java:1134), org.testng.TestNG.runSuites(TestNG.java:1063), org.testng.TestNG.run(TestNG.java:1031), org.testng.remote.AbstractRemoteTestNG.run(AbstractRemoteTestNG.java:115), org.testng.remote.RemoteTestNG.initAndRun(RemoteTestNG.java:251), org.testng.remote.RemoteTestNG.main(RemoteTestNG.java:77)][0m
[DEBUG] 2023-03-24 15:42:19.261 MyListeners:73 - [1;31mvalidate_valid_OTP_testcase[0m
[INFO ] 2023-03-24 16:15:26.914 Create_Driver_Session:51 - PLATFORM NAME IS --> Android
[INFO ] 2023-03-24 16:15:26.921 Create_Driver_Session:55 - PLATFORM VERSION IS --> Samsung
[INFO ] 2023-03-24 16:15:26.922 Create_Driver_Session:57 - AUTOMATION NAME IS --> UiAutomator2
[INFO ] 2023-03-24 16:15:26.923 Create_Driver_Session:59 - UDID IS --> RZCT904J89D
[INFO ] 2023-03-24 16:15:26.924 Create_Driver_Session:62 - app URL isD:\JAVA\Eclipse- workspace\oneapp\myfiles\app-debug.apk
[DEBUG] 2023-03-24 16:15:27.583 BrowserFactory:58 - Android emulator gets opened
[DEBUG] 2023-03-24 16:15:28.430 Generic:176 - [1;31mjava.lang.NullPointerException[0m
[DEBUG] 2023-03-24 16:15:28.435 MyListeners:56 - [1;31m[org.openqa.selenium.support.pagefactory.DefaultElementLocator.findElement(DefaultElementLocator.java:69), org.openqa.selenium.support.pagefactory.internal.LocatingElementHandler.invoke(LocatingElementHandler.java:38), jdk.proxy2/jdk.proxy2.$Proxy28.toString(Unknown Source), java.base/java.lang.String.valueOf(String.java:4216), java.base/java.lang.StringBuilder.append(StringBuilder.java:173), com.oneapp.basic.Generic.clear_on_WebElement(Generic.java:181), com.oneapp.page_actions.Login_Page_Action.valid_login(Login_Page_Action.java:85), com.oneapp.test_suits.OTP_testcases.validate_valid_OTP_testcase(OTP_testcases.java:24), java.base/jdk.internal.reflect.NativeMethodAccessorImpl.invoke0(Native Method), java.base/jdk.internal.reflect.NativeMethodAccessorImpl.invoke(NativeMethodAccessorImpl.java:77), java.base/jdk.internal.reflect.DelegatingMethodAccessorImpl.invoke(DelegatingMethodAccessorImpl.java:43), java.base/java.lang.reflect.Method.invoke(Method.java:568), org.testng.internal.MethodInvocationHelper.invokeMethod(MethodInvocationHelper.java:133), org.testng.internal.TestInvoker.invokeMethod(TestInvoker.java:598), org.testng.internal.TestInvoker.invokeTestMethod(TestInvoker.java:173), org.testng.internal.MethodRunner.runInSequence(MethodRunner.java:46), org.testng.internal.TestInvoker$MethodInvocationAgent.invoke(TestInvoker.java:824), org.testng.internal.TestInvoker.invokeTestMethods(TestInvoker.java:146), org.testng.internal.TestMethodWorker.invokeTestMethods(TestMethodWorker.java:146), org.testng.internal.TestMethodWorker.run(TestMethodWorker.java:128), java.base/java.util.ArrayList.forEach(ArrayList.java:1511), org.testng.TestRunner.privateRun(TestRunner.java:794), org.testng.TestRunner.run(TestRunner.java:596), org.testng.SuiteRunner.runTest(SuiteRunner.java:377), org.testng.SuiteRunner.runSequentially(SuiteRunner.java:371), org.testng.SuiteRunner.privateRun(SuiteRunner.java:332), org.testng.SuiteRunner.run(SuiteRunner.java:276), org.testng.SuiteRunnerWorker.runSuite(SuiteRunnerWorker.java:53), org.testng.SuiteRunnerWorker.run(SuiteRunnerWorker.java:96), org.testng.TestNG.runSuitesSequentially(TestNG.java:1212), org.testng.TestNG.runSuitesLocally(TestNG.java:1134), org.testng.TestNG.runSuites(TestNG.java:1063), org.testng.TestNG.run(TestNG.java:1031), org.testng.remote.AbstractRemoteTestNG.run(AbstractRemoteTestNG.java:115), org.testng.remote.RemoteTestNG.initAndRun(RemoteTestNG.java:251), org.testng.remote.RemoteTestNG.main(RemoteTestNG.java:77)][0m
[DEBUG] 2023-03-24 16:15:28.456 MyListeners:73 - [1;31mvalidate_valid_OTP_testcase[0m
[INFO ] 2023-03-24 16:16:01.762 Create_Driver_Session:51 - PLATFORM NAME IS --> Android
[INFO ] 2023-03-24 16:16:01.768 Create_Driver_Session:55 - PLATFORM VERSION IS --> Samsung
[INFO ] 2023-03-24 16:16:01.769 Create_Driver_Session:57 - AUTOMATION NAME IS --> UiAutomator2
[INFO ] 2023-03-24 16:16:01.770 Create_Driver_Session:59 - UDID IS --> RZCT904J89D
[INFO ] 2023-03-24 16:16:01.771 Create_Driver_Session:62 - app URL isD:\JAVA\Eclipse- workspace\oneapp\myfiles\app-debug.apk
[DEBUG] 2023-03-24 16:16:48.093 BrowserFactory:58 - Android emulator gets opened
[DEBUG] 2023-03-24 16:16:50.130 Generic:173 - Successfully Visibility  ----> Allow
[DEBUG] 2023-03-24 16:16:53.759 Generic:157 - Successfully Click  ----> Allow
[DEBUG] 2023-03-24 16:16:58.050 Generic:173 - Successfully Visibility  ----> Enter mobile number
[DEBUG] 2023-03-24 16:16:58.138 Generic:181 - Successfully cleared textbox ---> [[io.appium.java_client.android.AndroidDriver, Capabilities: {app=D:\JAVA\Eclipse- workspace\oneapp\myfiles\app-debug.apk, appPackage=com.customerapp.hero, automationName=UiAutomator2, databaseEnabled=false, desired={platformName=android, app=D:\JAVA\Eclipse- workspace\oneapp\myfiles\app-debug.apk, newCommandTimeout=600, automationName=UiAutomator2, deviceName=Samsung, udid=RZCT904J89D}, deviceApiLevel=33, deviceManufacturer=samsung, deviceModel=SM-M536B, deviceName=RZCT904J89D, deviceScreenDensity=450, deviceScreenSize=1080x2400, deviceUDID=RZCT904J89D, javascriptEnabled=true, locationContextEnabled=false, networkConnectionEnabled=true, newCommandTimeout=600, pixelRatio=2.8125, platform=LINUX, platformName=Android, platformVersion=13, statBarHeight=90, takesScreenshot=true, udid=RZCT904J89D, viewportRect={left=0, top=90, width=1080, height=2085}, warnings={}, webStorageEnabled=false}] -> id: com.customerapp.hero:id/text_input_editext]
[DEBUG] 2023-03-24 16:16:59.179 Generic:173 - Successfully Visibility  ----> Enter mobile number
[DEBUG] 2023-03-24 16:16:59.181 Generic:188 - Successfully enter value ----> 9958592171
[DEBUG] 2023-03-24 16:17:00.756 Generic:173 - Successfully Visibility  ----> Continue
[DEBUG] 2023-03-24 16:17:04.387 Generic:157 - Successfully Click  ----> Continue
[DEBUG] 2023-03-24 16:17:08.722 Generic:173 - Successfully Visibility  ----> Verify with OTP
[DEBUG] 2023-03-24 16:17:08.800 Generic:51 - This is the actual element --> Verify with OTP
[DEBUG] 2023-03-24 16:17:15.772 Generic:173 - Successfully Visibility  ----> Verify
[DEBUG] 2023-03-24 16:17:19.556 Generic:157 - Successfully Click  ----> Verify
[DEBUG] 2023-03-24 16:17:44.635 Generic:176 - [1;31morg.openqa.selenium.TimeoutException: Expected condition failed: waiting for visibility of Proxy element for: DefaultElementLocator 'By.xpath: //*[@text='Book service PAID']' (tried for 20 second(s) with 500 milliseconds interval)[0m
[DEBUG] 2023-03-24 16:18:05.216 Generic:176 - [1;31morg.openqa.selenium.TimeoutException: Expected condition failed: waiting for visibility of Proxy element for: DefaultElementLocator 'By.xpath: //*[@text='Book service PAID']' (tried for 20 second(s) with 500 milliseconds interval)[0m
[DEBUG] 2023-03-24 16:18:05.350 MyListeners:56 - [1;31m[jdk.internal.reflect.GeneratedConstructorAccessor37.newInstance(Unknown Source), java.base/jdk.internal.reflect.DelegatingConstructorAccessorImpl.newInstance(DelegatingConstructorAccessorImpl.java:45), java.base/java.lang.reflect.Constructor.newInstanceWithCaller(Constructor.java:499), java.base/java.lang.reflect.Constructor.newInstance(Constructor.java:480), org.openqa.selenium.remote.http.W3CHttpResponseCodec.createException(W3CHttpResponseCodec.java:187), org.openqa.selenium.remote.http.W3CHttpResponseCodec.decode(W3CHttpResponseCodec.java:122), org.openqa.selenium.remote.http.W3CHttpResponseCodec.decode(W3CHttpResponseCodec.java:49), org.openqa.selenium.remote.HttpCommandExecutor.execute(HttpCommandExecutor.java:158), io.appium.java_client.remote.AppiumCommandExecutor.execute(AppiumCommandExecutor.java:250), org.openqa.selenium.remote.RemoteWebDriver.execute(RemoteWebDriver.java:552), io.appium.java_client.DefaultGenericMobileDriver.execute(DefaultGenericMobileDriver.java:41), io.appium.java_client.AppiumDriver.execute(AppiumDriver.java:1), io.appium.java_client.android.AndroidDriver.execute(AndroidDriver.java:1), org.openqa.selenium.remote.RemoteWebDriver.findElement(RemoteWebDriver.java:323), io.appium.java_client.DefaultGenericMobileDriver.findElement(DefaultGenericMobileDriver.java:61), io.appium.java_client.AppiumDriver.findElement(AppiumDriver.java:1), io.appium.java_client.android.AndroidDriver.findElement(AndroidDriver.java:1), org.openqa.selenium.remote.RemoteWebDriver.findElementByXPath(RemoteWebDriver.java:428), io.appium.java_client.DefaultGenericMobileDriver.findElementByXPath(DefaultGenericMobileDriver.java:151), io.appium.java_client.AppiumDriver.findElementByXPath(AppiumDriver.java:1), io.appium.java_client.android.AndroidDriver.findElementByXPath(AndroidDriver.java:1), org.openqa.selenium.By$ByXPath.findElement(By.java:353), org.openqa.selenium.remote.RemoteWebDriver.findElement(RemoteWebDriver.java:315), io.appium.java_client.DefaultGenericMobileDriver.findElement(DefaultGenericMobileDriver.java:57), io.appium.java_client.AppiumDriver.findElement(AppiumDriver.java:1), io.appium.java_client.android.AndroidDriver.findElement(AndroidDriver.java:1), org.openqa.selenium.support.pagefactory.DefaultElementLocator.findElement(DefaultElementLocator.java:69), org.openqa.selenium.support.pagefactory.internal.LocatingElementHandler.invoke(LocatingElementHandler.java:38), jdk.proxy2/jdk.proxy2.$Proxy28.getText(Unknown Source), com.oneapp.basic.Generic.Hard_assertion_validation(Generic.java:49), com.oneapp.page_actions.Selected_Vehicle_Page_Actions.Assertion_selected_vehicle_page(Selected_Vehicle_Page_Actions.java:42), com.oneapp.test_suits.OTP_testcases.validate_valid_OTP_testcase(OTP_testcases.java:30), java.base/jdk.internal.reflect.NativeMethodAccessorImpl.invoke0(Native Method), java.base/jdk.internal.reflect.NativeMethodAccessorImpl.invoke(NativeMethodAccessorImpl.java:77), java.base/jdk.internal.reflect.DelegatingMethodAccessorImpl.invoke(DelegatingMethodAccessorImpl.java:43), java.base/java.lang.reflect.Method.invoke(Method.java:568), org.testng.internal.MethodInvocationHelper.invokeMethod(MethodInvocationHelper.java:133), org.testng.internal.TestInvoker.invokeMethod(TestInvoker.java:598), org.testng.internal.TestInvoker.invokeTestMethod(TestInvoker.java:173), org.testng.internal.MethodRunner.runInSequence(MethodRunner.java:46), org.testng.internal.TestInvoker$MethodInvocationAgent.invoke(TestInvoker.java:824), org.testng.internal.TestInvoker.invokeTestMethods(TestInvoker.java:146), org.testng.internal.TestMethodWorker.invokeTestMethods(TestMethodWorker.java:146), org.testng.internal.TestMethodWorker.run(TestMethodWorker.java:128), java.base/java.util.ArrayList.forEach(ArrayList.java:1511), org.testng.TestRunner.privateRun(TestRunner.java:794), org.testng.TestRunner.run(TestRunner.java:596), org.testng.SuiteRunner.runTest(SuiteRunner.java:377), org.testng.SuiteRunner.runSequentially(SuiteRunner.java:371), org.testng.SuiteRunner.privateRun(SuiteRunner.java:332), org.testng.SuiteRunner.run(SuiteRunner.java:276), org.testng.SuiteRunnerWorker.runSuite(SuiteRunnerWorker.java:53), org.testng.SuiteRunnerWorker.run(SuiteRunnerWorker.java:96), org.testng.TestNG.runSuitesSequentially(TestNG.java:1212), org.testng.TestNG.runSuitesLocally(TestNG.java:1134), org.testng.TestNG.runSuites(TestNG.java:1063), org.testng.TestNG.run(TestNG.java:1031), org.testng.remote.AbstractRemoteTestNG.run(AbstractRemoteTestNG.java:115), org.testng.remote.RemoteTestNG.initAndRun(RemoteTestNG.java:251), org.testng.remote.RemoteTestNG.main(RemoteTestNG.java:77)][0m
[DEBUG] 2023-03-24 16:18:05.913 MyListeners:103 - [1;31mScreenshot stored at: D:\ECLIPSE_LATEST\HeroApp1/screenshots/validate_valid_OTP_testcase__F_r_i_ _M_a_r_ _2_4_ _1_6___1_8___0_5_ _I_S_T_ _2_0_2_3_.png[0m
[DEBUG] 2023-03-24 16:18:05.918 MyListeners:73 - [1;31mvalidate_valid_OTP_testcase[0m
[INFO ] 2023-03-24 16:38:56.564 Create_Driver_Session:51 - PLATFORM NAME IS --> Android
[INFO ] 2023-03-24 16:38:56.570 Create_Driver_Session:55 - PLATFORM VERSION IS --> Samsung
[INFO ] 2023-03-24 16:38:56.572 Create_Driver_Session:57 - AUTOMATION NAME IS --> UiAutomator2
[INFO ] 2023-03-24 16:38:56.574 Create_Driver_Session:59 - UDID IS --> RZCT904J89D
[INFO ] 2023-03-24 16:38:56.576 Create_Driver_Session:63 - App URL ishttps://hero-one-app-hero-one-app-sit.azurewebsites.net/
[DEBUG] 2023-03-24 16:39:50.719 BrowserFactory:58 - Android emulator gets opened
[DEBUG] 2023-03-24 16:39:51.584 Generic:176 - [1;31mjava.lang.NullPointerException[0m
[DEBUG] 2023-03-24 16:39:51.587 MyListeners:56 - [1;31m[org.openqa.selenium.support.pagefactory.DefaultElementLocator.findElement(DefaultElementLocator.java:69), org.openqa.selenium.support.pagefactory.internal.LocatingElementHandler.invoke(LocatingElementHandler.java:38), jdk.proxy2/jdk.proxy2.$Proxy28.toString(Unknown Source), java.base/java.lang.String.valueOf(String.java:4216), java.base/java.lang.StringBuilder.append(StringBuilder.java:173), com.oneapp.basic.Generic.clear_on_WebElement(Generic.java:181), com.oneapp.page_actions.Login_Page_Action.valid_login(Login_Page_Action.java:85), com.oneapp.test_suits.OTP_testcases.validate_valid_OTP_testcase(OTP_testcases.java:24), java.base/jdk.internal.reflect.NativeMethodAccessorImpl.invoke0(Native Method), java.base/jdk.internal.reflect.NativeMethodAccessorImpl.invoke(NativeMethodAccessorImpl.java:77), java.base/jdk.internal.reflect.DelegatingMethodAccessorImpl.invoke(DelegatingMethodAccessorImpl.java:43), java.base/java.lang.reflect.Method.invoke(Method.java:568), org.testng.internal.MethodInvocationHelper.invokeMethod(MethodInvocationHelper.java:133), org.testng.internal.TestInvoker.invokeMethod(TestInvoker.java:598), org.testng.internal.TestInvoker.invokeTestMethod(TestInvoker.java:173), org.testng.internal.MethodRunner.runInSequence(MethodRunner.java:46), org.testng.internal.TestInvoker$MethodInvocationAgent.invoke(TestInvoker.java:824), org.testng.internal.TestInvoker.invokeTestMethods(TestInvoker.java:146), org.testng.internal.TestMethodWorker.invokeTestMethods(TestMethodWorker.java:146), org.testng.internal.TestMethodWorker.run(TestMethodWorker.java:128), java.base/java.util.ArrayList.forEach(ArrayList.java:1511), org.testng.TestRunner.privateRun(TestRunner.java:794), org.testng.TestRunner.run(TestRunner.java:596), org.testng.SuiteRunner.runTest(SuiteRunner.java:377), org.testng.SuiteRunner.runSequentially(SuiteRunner.java:371), org.testng.SuiteRunner.privateRun(SuiteRunner.java:332), org.testng.SuiteRunner.run(SuiteRunner.java:276), org.testng.SuiteRunnerWorker.runSuite(SuiteRunnerWorker.java:53), org.testng.SuiteRunnerWorker.run(SuiteRunnerWorker.java:96), org.testng.TestNG.runSuitesSequentially(TestNG.java:1212), org.testng.TestNG.runSuitesLocally(TestNG.java:1134), org.testng.TestNG.runSuites(TestNG.java:1063), org.testng.TestNG.run(TestNG.java:1031), org.testng.remote.AbstractRemoteTestNG.run(AbstractRemoteTestNG.java:115), org.testng.remote.RemoteTestNG.initAndRun(RemoteTestNG.java:251), org.testng.remote.RemoteTestNG.main(RemoteTestNG.java:77)][0m
[DEBUG] 2023-03-24 16:39:51.598 MyListeners:73 - [1;31mvalidate_valid_OTP_testcase[0m
[INFO ] 2023-03-24 16:40:55.094 Create_Driver_Session:51 - PLATFORM NAME IS --> Android
[INFO ] 2023-03-24 16:40:55.098 Create_Driver_Session:55 - PLATFORM VERSION IS --> Samsung
[INFO ] 2023-03-24 16:40:55.099 Create_Driver_Session:57 - AUTOMATION NAME IS --> UiAutomator2
[INFO ] 2023-03-24 16:40:55.100 Create_Driver_Session:59 - UDID IS --> RZCT904J89D
[INFO ] 2023-03-24 16:40:55.102 Create_Driver_Session:63 - App URL ishttps://hero-one-app-hero-one-app-sit.azurewebsites.net/
[DEBUG] 2023-03-24 16:41:39.489 BrowserFactory:58 - Android emulator gets opened
[DEBUG] 2023-03-24 16:41:40.287 Generic:176 - [1;31mjava.lang.NullPointerException[0m
[DEBUG] 2023-03-24 16:41:40.290 MyListeners:56 - [1;31m[org.openqa.selenium.support.pagefactory.DefaultElementLocator.findElement(DefaultElementLocator.java:69), org.openqa.selenium.support.pagefactory.internal.LocatingElementHandler.invoke(LocatingElementHandler.java:38), jdk.proxy2/jdk.proxy2.$Proxy28.toString(Unknown Source), java.base/java.lang.String.valueOf(String.java:4216), java.base/java.lang.StringBuilder.append(StringBuilder.java:173), com.oneapp.basic.Generic.clear_on_WebElement(Generic.java:181), com.oneapp.page_actions.Login_Page_Action.valid_login(Login_Page_Action.java:85), com.oneapp.test_suits.OTP_testcases.validate_valid_OTP_testcase(OTP_testcases.java:24), java.base/jdk.internal.reflect.NativeMethodAccessorImpl.invoke0(Native Method), java.base/jdk.internal.reflect.NativeMethodAccessorImpl.invoke(NativeMethodAccessorImpl.java:77), java.base/jdk.internal.reflect.DelegatingMethodAccessorImpl.invoke(DelegatingMethodAccessorImpl.java:43), java.base/java.lang.reflect.Method.invoke(Method.java:568), org.testng.internal.MethodInvocationHelper.invokeMethod(MethodInvocationHelper.java:133), org.testng.internal.TestInvoker.invokeMethod(TestInvoker.java:598), org.testng.internal.TestInvoker.invokeTestMethod(TestInvoker.java:173), org.testng.internal.MethodRunner.runInSequence(MethodRunner.java:46), org.testng.internal.TestInvoker$MethodInvocationAgent.invoke(TestInvoker.java:824), org.testng.internal.TestInvoker.invokeTestMethods(TestInvoker.java:146), org.testng.internal.TestMethodWorker.invokeTestMethods(TestMethodWorker.java:146), org.testng.internal.TestMethodWorker.run(TestMethodWorker.java:128), java.base/java.util.ArrayList.forEach(ArrayList.java:1511), org.testng.TestRunner.privateRun(TestRunner.java:794), org.testng.TestRunner.run(TestRunner.java:596), org.testng.SuiteRunner.runTest(SuiteRunner.java:377), org.testng.SuiteRunner.runSequentially(SuiteRunner.java:371), org.testng.SuiteRunner.privateRun(SuiteRunner.java:332), org.testng.SuiteRunner.run(SuiteRunner.java:276), org.testng.SuiteRunnerWorker.runSuite(SuiteRunnerWorker.java:53), org.testng.SuiteRunnerWorker.run(SuiteRunnerWorker.java:96), org.testng.TestNG.runSuitesSequentially(TestNG.java:1212), org.testng.TestNG.runSuitesLocally(TestNG.java:1134), org.testng.TestNG.runSuites(TestNG.java:1063), org.testng.TestNG.run(TestNG.java:1031), org.testng.remote.AbstractRemoteTestNG.run(AbstractRemoteTestNG.java:115), org.testng.remote.RemoteTestNG.initAndRun(RemoteTestNG.java:251), org.testng.remote.RemoteTestNG.main(RemoteTestNG.java:77)][0m
[DEBUG] 2023-03-24 16:41:40.300 MyListeners:73 - [1;31mvalidate_valid_OTP_testcase[0m
[INFO ] 2023-03-24 16:43:40.021 Create_Driver_Session:51 - PLATFORM NAME IS --> Android
[INFO ] 2023-03-24 16:43:40.030 Create_Driver_Session:55 - PLATFORM VERSION IS --> Samsung
[INFO ] 2023-03-24 16:43:40.031 Create_Driver_Session:57 - AUTOMATION NAME IS --> UiAutomator2
[INFO ] 2023-03-24 16:43:40.033 Create_Driver_Session:59 - UDID IS --> RZCT904J89D
[INFO ] 2023-03-24 16:43:40.034 Create_Driver_Session:63 - App URL ishttps://hero-one-app-hero-one-app-sit.azurewebsites.net/
[DEBUG] 2023-03-24 16:43:40.717 BrowserFactory:58 - Android emulator gets opened
[DEBUG] 2023-03-24 16:43:41.680 Generic:176 - [1;31mjava.lang.NullPointerException[0m
[DEBUG] 2023-03-24 16:43:41.685 MyListeners:56 - [1;31m[org.openqa.selenium.support.pagefactory.DefaultElementLocator.findElement(DefaultElementLocator.java:69), org.openqa.selenium.support.pagefactory.internal.LocatingElementHandler.invoke(LocatingElementHandler.java:38), jdk.proxy2/jdk.proxy2.$Proxy28.toString(Unknown Source), java.base/java.lang.String.valueOf(String.java:4216), java.base/java.lang.StringBuilder.append(StringBuilder.java:173), com.oneapp.basic.Generic.clear_on_WebElement(Generic.java:181), com.oneapp.page_actions.Login_Page_Action.valid_login(Login_Page_Action.java:85), com.oneapp.test_suits.OTP_testcases.validate_valid_OTP_testcase(OTP_testcases.java:24), java.base/jdk.internal.reflect.NativeMethodAccessorImpl.invoke0(Native Method), java.base/jdk.internal.reflect.NativeMethodAccessorImpl.invoke(NativeMethodAccessorImpl.java:77), java.base/jdk.internal.reflect.DelegatingMethodAccessorImpl.invoke(DelegatingMethodAccessorImpl.java:43), java.base/java.lang.reflect.Method.invoke(Method.java:568), org.testng.internal.MethodInvocationHelper.invokeMethod(MethodInvocationHelper.java:133), org.testng.internal.TestInvoker.invokeMethod(TestInvoker.java:598), org.testng.internal.TestInvoker.invokeTestMethod(TestInvoker.java:173), org.testng.internal.MethodRunner.runInSequence(MethodRunner.java:46), org.testng.internal.TestInvoker$MethodInvocationAgent.invoke(TestInvoker.java:824), org.testng.internal.TestInvoker.invokeTestMethods(TestInvoker.java:146), org.testng.internal.TestMethodWorker.invokeTestMethods(TestMethodWorker.java:146), org.testng.internal.TestMethodWorker.run(TestMethodWorker.java:128), java.base/java.util.ArrayList.forEach(ArrayList.java:1511), org.testng.TestRunner.privateRun(TestRunner.java:794), org.testng.TestRunner.run(TestRunner.java:596), org.testng.SuiteRunner.runTest(SuiteRunner.java:377), org.testng.SuiteRunner.runSequentially(SuiteRunner.java:371), org.testng.SuiteRunner.privateRun(SuiteRunner.java:332), org.testng.SuiteRunner.run(SuiteRunner.java:276), org.testng.SuiteRunnerWorker.runSuite(SuiteRunnerWorker.java:53), org.testng.SuiteRunnerWorker.run(SuiteRunnerWorker.java:96), org.testng.TestNG.runSuitesSequentially(TestNG.java:1212), org.testng.TestNG.runSuitesLocally(TestNG.java:1134), org.testng.TestNG.runSuites(TestNG.java:1063), org.testng.TestNG.run(TestNG.java:1031), org.testng.remote.AbstractRemoteTestNG.run(AbstractRemoteTestNG.java:115), org.testng.remote.RemoteTestNG.initAndRun(RemoteTestNG.java:251), org.testng.remote.RemoteTestNG.main(RemoteTestNG.java:77)][0m
[DEBUG] 2023-03-24 16:43:41.699 MyListeners:73 - [1;31mvalidate_valid_OTP_testcase[0m
[INFO ] 2023-03-24 16:44:02.042 Create_Driver_Session:51 - PLATFORM NAME IS --> Android
[INFO ] 2023-03-24 16:44:02.046 Create_Driver_Session:55 - PLATFORM VERSION IS --> Samsung
[INFO ] 2023-03-24 16:44:02.047 Create_Driver_Session:57 - AUTOMATION NAME IS --> UiAutomator2
[INFO ] 2023-03-24 16:44:02.049 Create_Driver_Session:59 - UDID IS --> RZCT904J89D
[INFO ] 2023-03-24 16:44:02.050 Create_Driver_Session:63 - App URL ishttps://hero-one-app-hero-one-app-sit.azurewebsites.net/
[DEBUG] 2023-03-24 16:44:30.578 BrowserFactory:58 - Android emulator gets opened
[DEBUG] 2023-03-24 16:44:32.518 Generic:173 - Successfully Visibility  ----> Allow
[DEBUG] 2023-03-24 16:44:36.144 Generic:157 - Successfully Click  ----> Allow
[DEBUG] 2023-03-24 16:44:40.388 Generic:173 - Successfully Visibility  ----> Enter mobile number
[DEBUG] 2023-03-24 16:44:40.475 Generic:181 - Successfully cleared textbox ---> [[io.appium.java_client.android.AndroidDriver, Capabilities: {app=D:\JAVA\Eclipse- workspace\oneapp\myfiles\app-debug.apk, appPackage=com.customerapp.hero, automationName=UiAutomator2, databaseEnabled=false, desired={platformName=android, app=D:\JAVA\Eclipse- workspace\oneapp\myfiles\app-debug.apk, newCommandTimeout=600, automationName=UiAutomator2, deviceName=Samsung, udid=RZCT904J89D}, deviceApiLevel=33, deviceManufacturer=samsung, deviceModel=SM-M536B, deviceName=RZCT904J89D, deviceScreenDensity=450, deviceScreenSize=1080x2400, deviceUDID=RZCT904J89D, javascriptEnabled=true, locationContextEnabled=false, networkConnectionEnabled=true, newCommandTimeout=600, pixelRatio=2.8125, platform=LINUX, platformName=Android, platformVersion=13, statBarHeight=90, takesScreenshot=true, udid=RZCT904J89D, viewportRect={left=0, top=90, width=1080, height=2085}, warnings={}, webStorageEnabled=false}] -> id: com.customerapp.hero:id/text_input_editext]
[DEBUG] 2023-03-24 16:44:41.455 Generic:173 - Successfully Visibility  ----> Enter mobile number
[DEBUG] 2023-03-24 16:44:41.458 Generic:188 - Successfully enter value ----> 8800996793
[DEBUG] 2023-03-24 16:44:42.536 Generic:173 - Successfully Visibility  ----> Continue
[DEBUG] 2023-03-24 16:44:46.158 Generic:157 - Successfully Click  ----> Continue
[DEBUG] 2023-03-24 16:44:50.633 Generic:173 - Successfully Visibility  ----> Verify with OTP
[DEBUG] 2023-03-24 16:44:50.718 Generic:51 - This is the actual element --> Verify with OTP
[DEBUG] 2023-03-24 16:44:57.723 Generic:173 - Successfully Visibility  ----> Verify
[DEBUG] 2023-03-24 16:45:01.496 Generic:157 - Successfully Click  ----> Verify
[DEBUG] 2023-03-24 16:45:07.442 Generic:173 - Successfully Visibility  ----> Book service PAID
[DEBUG] 2023-03-24 16:45:08.025 Generic:173 - Successfully Visibility  ----> Book service PAID
[DEBUG] 2023-03-24 16:45:08.231 Generic:51 - This is the actual element --> Book service PAID
[DEBUG] 2023-03-24 16:45:08.927 Generic:173 - Successfully Visibility  ----> Book service PAID
[DEBUG] 2023-03-24 16:45:12.623 Generic:157 - Successfully Click  ----> Book service PAID
[DEBUG] 2023-03-24 16:45:17.215 Selected_Vehicle_Page_Actions:50 - Book service PAID Vin selected
[DEBUG] 2023-03-24 16:45:17.524 Generic:173 - Successfully Visibility  ----> Continue
[DEBUG] 2023-03-24 16:45:21.163 Generic:157 - Successfully Click  ----> Continue
[DEBUG] 2023-03-24 16:45:30.500 Generic:173 - Successfully Visibility  ----> Only this time
[DEBUG] 2023-03-24 16:45:34.099 Generic:157 - Successfully Click  ----> Only this time
[DEBUG] 2023-03-24 16:45:38.080 Generic:173 - Successfully Visibility  ----> 
[DEBUG] 2023-03-24 16:45:41.685 Generic:157 - Successfully Click  ----> 
[DEBUG] 2023-03-24 16:45:46.070 Generic:173 - Successfully Visibility  ----> Logout
[DEBUG] 2023-03-24 16:45:49.758 Generic:157 - Successfully Click  ----> Logout
[DEBUG] 2023-03-24 16:45:53.976 Generic:173 - Successfully Visibility  ----> YES
[DEBUG] 2023-03-24 16:45:57.551 Generic:157 - Successfully Click  ----> YES
[DEBUG] 2023-03-24 16:46:01.573 Generic:173 - Successfully Visibility  ----> Login
[DEBUG] 2023-03-24 16:46:01.663 Generic:51 - This is the actual element --> Login
[DEBUG] 2023-03-24 16:46:01.680 MyListeners:49 - [1;32mvalidate_valid_OTP_testcase[0m
[DEBUG] 2023-03-24 16:46:02.754 Generic:173 - Successfully Visibility  ----> Enter mobile number
[DEBUG] 2023-03-24 16:46:02.833 Generic:181 - Successfully cleared textbox ---> [[io.appium.java_client.android.AndroidDriver, Capabilities: {app=D:\JAVA\Eclipse- workspace\oneapp\myfiles\app-debug.apk, appPackage=com.customerapp.hero, automationName=UiAutomator2, databaseEnabled=false, desired={platformName=android, app=D:\JAVA\Eclipse- workspace\oneapp\myfiles\app-debug.apk, newCommandTimeout=600, automationName=UiAutomator2, deviceName=Samsung, udid=RZCT904J89D}, deviceApiLevel=33, deviceManufacturer=samsung, deviceModel=SM-M536B, deviceName=RZCT904J89D, deviceScreenDensity=450, deviceScreenSize=1080x2400, deviceUDID=RZCT904J89D, javascriptEnabled=true, locationContextEnabled=false, networkConnectionEnabled=true, newCommandTimeout=600, pixelRatio=2.8125, platform=LINUX, platformName=Android, platformVersion=13, statBarHeight=90, takesScreenshot=true, udid=RZCT904J89D, viewportRect={left=0, top=90, width=1080, height=2085}, warnings={}, webStorageEnabled=false}] -> id: com.customerapp.hero:id/text_input_editext]
[DEBUG] 2023-03-24 16:46:03.741 Generic:173 - Successfully Visibility  ----> Enter mobile number
[DEBUG] 2023-03-24 16:46:03.743 Generic:188 - Successfully enter value ----> 8800996793
[DEBUG] 2023-03-24 16:46:05.229 Generic:173 - Successfully Visibility  ----> Continue
[DEBUG] 2023-03-24 16:46:08.819 Generic:157 - Successfully Click  ----> Continue
[DEBUG] 2023-03-24 16:46:13.271 Generic:173 - Successfully Visibility  ----> Verify with OTP
[DEBUG] 2023-03-24 16:46:13.331 Generic:51 - This is the actual element --> Verify with OTP
[DEBUG] 2023-03-24 16:46:20.264 Generic:173 - Successfully Visibility  ----> Verify
[DEBUG] 2023-03-24 16:46:23.975 Generic:157 - Successfully Click  ----> Verify
[DEBUG] 2023-03-24 16:46:29.151 Generic:173 - Successfully Visibility  ----> Verify with OTP
[DEBUG] 2023-03-24 16:46:29.207 Generic:51 - This is the actual element --> Verify with OTP
[DEBUG] 2023-03-24 16:46:29.208 MyListeners:49 - [1;32mvalidate_invalid_OTP_testcase[0m
[DEBUG] 2023-03-24 16:46:32.293 Generic:173 - Successfully Visibility  ----> Resend
[DEBUG] 2023-03-24 16:46:35.934 Generic:157 - Successfully Click  ----> Resend
[DEBUG] 2023-03-24 16:46:46.664 Generic:173 - Successfully Visibility  ----> Verify
[DEBUG] 2023-03-24 16:46:50.466 Generic:157 - Successfully Click  ----> Verify
[DEBUG] 2023-03-24 16:46:54.779 Generic:173 - Successfully Visibility  ----> Book service PAID
[DEBUG] 2023-03-24 16:46:55.278 Generic:173 - Successfully Visibility  ----> Book service PAID
[DEBUG] 2023-03-24 16:46:55.419 Generic:51 - This is the actual element --> Book service PAID
[DEBUG] 2023-03-24 16:46:56.436 Generic:173 - Successfully Visibility  ----> Book service PAID
[DEBUG] 2023-03-24 16:47:00.590 Generic:157 - Successfully Click  ----> Book service PAID
[DEBUG] 2023-03-24 16:47:05.154 Selected_Vehicle_Page_Actions:50 - Book service PAID Vin selected
[DEBUG] 2023-03-24 16:47:05.408 Generic:173 - Successfully Visibility  ----> Continue
[DEBUG] 2023-03-24 16:47:09.004 Generic:157 - Successfully Click  ----> Continue
[DEBUG] 2023-03-24 16:47:19.838 Generic:173 - Successfully Visibility  ----> 
[DEBUG] 2023-03-24 16:47:28.830 Generic:157 - Successfully Click  ----> 
[DEBUG] 2023-03-24 16:47:33.032 Generic:173 - Successfully Visibility  ----> Logout
[DEBUG] 2023-03-24 16:47:36.711 Generic:157 - Successfully Click  ----> Logout
[DEBUG] 2023-03-24 16:47:40.899 Generic:173 - Successfully Visibility  ----> YES
[DEBUG] 2023-03-24 16:47:44.454 Generic:157 - Successfully Click  ----> YES
[DEBUG] 2023-03-24 16:47:51.487 Generic:173 - Successfully Visibility  ----> Login
[DEBUG] 2023-03-24 16:47:51.584 Generic:51 - This is the actual element --> Login
[DEBUG] 2023-03-24 16:47:51.587 MyListeners:49 - [1;32mvalidate_OTP_after_resend_testcase[0m
[DEBUG] 2023-03-24 16:47:52.094 Generic:173 - Successfully Visibility  ----> Enter mobile number
[DEBUG] 2023-03-24 16:47:52.170 Generic:181 - Successfully cleared textbox ---> [[io.appium.java_client.android.AndroidDriver, Capabilities: {app=D:\JAVA\Eclipse- workspace\oneapp\myfiles\app-debug.apk, appPackage=com.customerapp.hero, automationName=UiAutomator2, databaseEnabled=false, desired={platformName=android, app=D:\JAVA\Eclipse- workspace\oneapp\myfiles\app-debug.apk, newCommandTimeout=600, automationName=UiAutomator2, deviceName=Samsung, udid=RZCT904J89D}, deviceApiLevel=33, deviceManufacturer=samsung, deviceModel=SM-M536B, deviceName=RZCT904J89D, deviceScreenDensity=450, deviceScreenSize=1080x2400, deviceUDID=RZCT904J89D, javascriptEnabled=true, locationContextEnabled=false, networkConnectionEnabled=true, newCommandTimeout=600, pixelRatio=2.8125, platform=LINUX, platformName=Android, platformVersion=13, statBarHeight=90, takesScreenshot=true, udid=RZCT904J89D, viewportRect={left=0, top=90, width=1080, height=2085}, warnings={}, webStorageEnabled=false}] -> id: com.customerapp.hero:id/text_input_editext]
[DEBUG] 2023-03-24 16:47:53.060 Generic:173 - Successfully Visibility  ----> Enter mobile number
[DEBUG] 2023-03-24 16:47:53.061 Generic:188 - Successfully enter value ----> 8800996793
[DEBUG] 2023-03-24 16:47:54.979 Generic:173 - Successfully Visibility  ----> Continue
[DEBUG] 2023-03-24 16:47:58.604 Generic:157 - Successfully Click  ----> Continue
[DEBUG] 2023-03-24 16:48:02.711 Generic:173 - Successfully Visibility  ----> Verify with OTP
[DEBUG] 2023-03-24 16:48:02.774 Generic:51 - This is the actual element --> Verify with OTP
[DEBUG] 2023-03-24 16:48:14.213 Generic:87 - Interet has been switch OFF
[DEBUG] 2023-03-24 16:48:14.810 Generic:173 - Successfully Visibility  ----> Verify
[DEBUG] 2023-03-24 16:48:18.833 Generic:157 - Successfully Click  ----> Verify
[DEBUG] 2023-03-24 16:48:23.459 Generic:173 - Successfully Visibility  ----> You will always see primary vehicle details by default when you login. Tap on a vehicle to make it your primary.
[DEBUG] 2023-03-24 16:48:23.511 MyListeners:56 - [1;31m[org.testng.Assert.fail(Assert.java:99), org.testng.Assert.failNotEquals(Assert.java:1037), org.testng.Assert.assertEqualsImpl(Assert.java:140), org.testng.Assert.assertEquals(Assert.java:122), org.testng.Assert.assertEquals(Assert.java:629), org.testng.Assert.assertEquals(Assert.java:639), com.oneapp.basic.Generic.Hard_assertion_validation(Generic.java:50), com.oneapp.page_actions.OTP_Page_Actions.assertion_valid_OTP_with_no_internet(OTP_Page_Actions.java:65), com.oneapp.page_actions.OTP_Page_Actions.continue_with_no_internet(OTP_Page_Actions.java:80), com.oneapp.test_suits.OTP_testcases.validate_valid_OTP_with_no_internet_testcase(OTP_testcases.java:80), java.base/jdk.internal.reflect.NativeMethodAccessorImpl.invoke0(Native Method), java.base/jdk.internal.reflect.NativeMethodAccessorImpl.invoke(NativeMethodAccessorImpl.java:77), java.base/jdk.internal.reflect.DelegatingMethodAccessorImpl.invoke(DelegatingMethodAccessorImpl.java:43), java.base/java.lang.reflect.Method.invoke(Method.java:568), org.testng.internal.MethodInvocationHelper.invokeMethod(MethodInvocationHelper.java:133), org.testng.internal.TestInvoker.invokeMethod(TestInvoker.java:598), org.testng.internal.TestInvoker.invokeTestMethod(TestInvoker.java:173), org.testng.internal.MethodRunner.runInSequence(MethodRunner.java:46), org.testng.internal.TestInvoker$MethodInvocationAgent.invoke(TestInvoker.java:824), org.testng.internal.TestInvoker.invokeTestMethods(TestInvoker.java:146), org.testng.internal.TestMethodWorker.invokeTestMethods(TestMethodWorker.java:146), org.testng.internal.TestMethodWorker.run(TestMethodWorker.java:128), java.base/java.util.ArrayList.forEach(ArrayList.java:1511), org.testng.TestRunner.privateRun(TestRunner.java:794), org.testng.TestRunner.run(TestRunner.java:596), org.testng.SuiteRunner.runTest(SuiteRunner.java:377), org.testng.SuiteRunner.runSequentially(SuiteRunner.java:371), org.testng.SuiteRunner.privateRun(SuiteRunner.java:332), org.testng.SuiteRunner.run(SuiteRunner.java:276), org.testng.SuiteRunnerWorker.runSuite(SuiteRunnerWorker.java:53), org.testng.SuiteRunnerWorker.run(SuiteRunnerWorker.java:96), org.testng.TestNG.runSuitesSequentially(TestNG.java:1212), org.testng.TestNG.runSuitesLocally(TestNG.java:1134), org.testng.TestNG.runSuites(TestNG.java:1063), org.testng.TestNG.run(TestNG.java:1031), org.testng.remote.AbstractRemoteTestNG.run(AbstractRemoteTestNG.java:115), org.testng.remote.RemoteTestNG.initAndRun(RemoteTestNG.java:251), org.testng.remote.RemoteTestNG.main(RemoteTestNG.java:77)][0m
[DEBUG] 2023-03-24 16:48:24.004 MyListeners:103 - [1;31mScreenshot stored at: D:\ECLIPSE_LATEST\HeroApp1/screenshots/validate_valid_OTP_with_no_internet_testcase__F_r_i_ _M_a_r_ _2_4_ _1_6___4_8___2_3_ _I_S_T_ _2_0_2_3_.png[0m
[DEBUG] 2023-03-24 16:48:24.007 MyListeners:73 - [1;31mvalidate_valid_OTP_with_no_internet_testcase[0m
[DEBUG] 2023-03-24 16:48:31.263 Generic:104 - App goes in background
[DEBUG] 2023-03-24 16:48:32.425 Generic:173 - Successfully Visibility  ----> Continue
[DEBUG] 2023-03-24 16:48:36.024 Generic:157 - Successfully Click  ----> Continue
[DEBUG] 2023-03-24 16:48:39.839 MyListeners:49 - [1;32mvalidation_valid_OTP_working_expected_after_minimizing_testcase[0m
[INFO ] 2023-03-24 16:57:11.508 Create_Driver_Session:51 - PLATFORM NAME IS --> Android
[INFO ] 2023-03-24 16:57:11.512 Create_Driver_Session:55 - PLATFORM VERSION IS --> Samsung
[INFO ] 2023-03-24 16:57:11.514 Create_Driver_Session:57 - AUTOMATION NAME IS --> UiAutomator2
[INFO ] 2023-03-24 16:57:11.515 Create_Driver_Session:59 - UDID IS --> RZCT904J89D
[INFO ] 2023-03-24 16:57:11.518 Create_Driver_Session:63 - App Location isD:\JAVA\Eclipse- workspace\oneapp\myfiles\app-debug(29).apk
[INFO ] 2023-03-24 16:57:11.519 Create_Driver_Session:64 - App URL ishttps://hero-one-app-hero-one-app-sit.azurewebsites.net/
[DEBUG] 2023-03-24 16:57:12.226 BrowserFactory:58 - Android emulator gets opened
[DEBUG] 2023-03-24 16:57:13.111 Generic:178 - [1;31mjava.lang.NullPointerException[0m
[DEBUG] 2023-03-24 16:57:13.115 MyListeners:56 - [1;31m[org.openqa.selenium.support.pagefactory.DefaultElementLocator.findElement(DefaultElementLocator.java:69), org.openqa.selenium.support.pagefactory.internal.LocatingElementHandler.invoke(LocatingElementHandler.java:38), jdk.proxy2/jdk.proxy2.$Proxy28.toString(Unknown Source), java.base/java.lang.String.valueOf(String.java:4216), java.base/java.lang.StringBuilder.append(StringBuilder.java:173), com.oneapp.basic.Generic.clear_on_WebElement(Generic.java:183), com.oneapp.page_actions.Login_Page_Action.valid_login(Login_Page_Action.java:85), com.oneapp.test_suits.OTP_testcases.validate_valid_OTP_testcase(OTP_testcases.java:24), java.base/jdk.internal.reflect.NativeMethodAccessorImpl.invoke0(Native Method), java.base/jdk.internal.reflect.NativeMethodAccessorImpl.invoke(NativeMethodAccessorImpl.java:77), java.base/jdk.internal.reflect.DelegatingMethodAccessorImpl.invoke(DelegatingMethodAccessorImpl.java:43), java.base/java.lang.reflect.Method.invoke(Method.java:568), org.testng.internal.MethodInvocationHelper.invokeMethod(MethodInvocationHelper.java:133), org.testng.internal.TestInvoker.invokeMethod(TestInvoker.java:598), org.testng.internal.TestInvoker.invokeTestMethod(TestInvoker.java:173), org.testng.internal.MethodRunner.runInSequence(MethodRunner.java:46), org.testng.internal.TestInvoker$MethodInvocationAgent.invoke(TestInvoker.java:824), org.testng.internal.TestInvoker.invokeTestMethods(TestInvoker.java:146), org.testng.internal.TestMethodWorker.invokeTestMethods(TestMethodWorker.java:146), org.testng.internal.TestMethodWorker.run(TestMethodWorker.java:128), java.base/java.util.ArrayList.forEach(ArrayList.java:1511), org.testng.TestRunner.privateRun(TestRunner.java:794), org.testng.TestRunner.run(TestRunner.java:596), org.testng.SuiteRunner.runTest(SuiteRunner.java:377), org.testng.SuiteRunner.runSequentially(SuiteRunner.java:371), org.testng.SuiteRunner.privateRun(SuiteRunner.java:332), org.testng.SuiteRunner.run(SuiteRunner.java:276), org.testng.SuiteRunnerWorker.runSuite(SuiteRunnerWorker.java:53), org.testng.SuiteRunnerWorker.run(SuiteRunnerWorker.java:96), org.testng.TestNG.runSuitesSequentially(TestNG.java:1212), org.testng.TestNG.runSuitesLocally(TestNG.java:1134), org.testng.TestNG.runSuites(TestNG.java:1063), org.testng.TestNG.run(TestNG.java:1031), org.testng.remote.AbstractRemoteTestNG.run(AbstractRemoteTestNG.java:115), org.testng.remote.RemoteTestNG.initAndRun(RemoteTestNG.java:251), org.testng.remote.RemoteTestNG.main(RemoteTestNG.java:77)][0m
[DEBUG] 2023-03-24 16:57:13.127 MyListeners:73 - [1;31mvalidate_valid_OTP_testcase[0m
[INFO ] 2023-03-24 16:59:09.303 Create_Driver_Session:51 - PLATFORM NAME IS --> Android
[INFO ] 2023-03-24 16:59:09.306 Create_Driver_Session:55 - PLATFORM VERSION IS --> Samsung
[INFO ] 2023-03-24 16:59:09.307 Create_Driver_Session:57 - AUTOMATION NAME IS --> UiAutomator2
[INFO ] 2023-03-24 16:59:09.308 Create_Driver_Session:59 - UDID IS --> RZCT904J89D
[INFO ] 2023-03-24 16:59:09.309 Create_Driver_Session:63 - App Location is D:\JAVA\Eclipse- workspace\oneapp\myfiles\app-Newdebug.apk
[INFO ] 2023-03-24 16:59:09.310 Create_Driver_Session:64 - App URL is https://hero-one-app-hero-one-app-sit.azurewebsites.net/
[DEBUG] 2023-03-24 16:59:09.936 BrowserFactory:58 - Android emulator gets opened
[DEBUG] 2023-03-24 16:59:10.900 Generic:178 - [1;31mjava.lang.NullPointerException[0m
[DEBUG] 2023-03-24 16:59:10.904 MyListeners:56 - [1;31m[org.openqa.selenium.support.pagefactory.DefaultElementLocator.findElement(DefaultElementLocator.java:69), org.openqa.selenium.support.pagefactory.internal.LocatingElementHandler.invoke(LocatingElementHandler.java:38), jdk.proxy2/jdk.proxy2.$Proxy28.toString(Unknown Source), java.base/java.lang.String.valueOf(String.java:4216), java.base/java.lang.StringBuilder.append(StringBuilder.java:173), com.oneapp.basic.Generic.clear_on_WebElement(Generic.java:183), com.oneapp.page_actions.Login_Page_Action.valid_login(Login_Page_Action.java:85), com.oneapp.test_suits.OTP_testcases.validate_valid_OTP_testcase(OTP_testcases.java:24), java.base/jdk.internal.reflect.NativeMethodAccessorImpl.invoke0(Native Method), java.base/jdk.internal.reflect.NativeMethodAccessorImpl.invoke(NativeMethodAccessorImpl.java:77), java.base/jdk.internal.reflect.DelegatingMethodAccessorImpl.invoke(DelegatingMethodAccessorImpl.java:43), java.base/java.lang.reflect.Method.invoke(Method.java:568), org.testng.internal.MethodInvocationHelper.invokeMethod(MethodInvocationHelper.java:133), org.testng.internal.TestInvoker.invokeMethod(TestInvoker.java:598), org.testng.internal.TestInvoker.invokeTestMethod(TestInvoker.java:173), org.testng.internal.MethodRunner.runInSequence(MethodRunner.java:46), org.testng.internal.TestInvoker$MethodInvocationAgent.invoke(TestInvoker.java:824), org.testng.internal.TestInvoker.invokeTestMethods(TestInvoker.java:146), org.testng.internal.TestMethodWorker.invokeTestMethods(TestMethodWorker.java:146), org.testng.internal.TestMethodWorker.run(TestMethodWorker.java:128), java.base/java.util.ArrayList.forEach(ArrayList.java:1511), org.testng.TestRunner.privateRun(TestRunner.java:794), org.testng.TestRunner.run(TestRunner.java:596), org.testng.SuiteRunner.runTest(SuiteRunner.java:377), org.testng.SuiteRunner.runSequentially(SuiteRunner.java:371), org.testng.SuiteRunner.privateRun(SuiteRunner.java:332), org.testng.SuiteRunner.run(SuiteRunner.java:276), org.testng.SuiteRunnerWorker.runSuite(SuiteRunnerWorker.java:53), org.testng.SuiteRunnerWorker.run(SuiteRunnerWorker.java:96), org.testng.TestNG.runSuitesSequentially(TestNG.java:1212), org.testng.TestNG.runSuitesLocally(TestNG.java:1134), org.testng.TestNG.runSuites(TestNG.java:1063), org.testng.TestNG.run(TestNG.java:1031), org.testng.remote.AbstractRemoteTestNG.run(AbstractRemoteTestNG.java:115), org.testng.remote.RemoteTestNG.initAndRun(RemoteTestNG.java:251), org.testng.remote.RemoteTestNG.main(RemoteTestNG.java:77)][0m
[DEBUG] 2023-03-24 16:59:10.919 MyListeners:73 - [1;31mvalidate_valid_OTP_testcase[0m
[INFO ] 2023-03-24 17:03:55.681 Create_Driver_Session:51 - PLATFORM NAME IS --> Android
[INFO ] 2023-03-24 17:03:55.691 Create_Driver_Session:55 - PLATFORM VERSION IS --> Samsung
[INFO ] 2023-03-24 17:03:55.691 Create_Driver_Session:57 - AUTOMATION NAME IS --> UiAutomator2
[INFO ] 2023-03-24 17:03:55.693 Create_Driver_Session:59 - UDID IS --> RZCT904J89D
[INFO ] 2023-03-24 17:03:55.694 Create_Driver_Session:63 - App Location is D:\ECLIPSE_LATEST\HeroApp1\myfiles\app-Newdebug.apk
[INFO ] 2023-03-24 17:03:55.695 Create_Driver_Session:64 - App URL is https://hero-one-app-hero-one-app-sit.azurewebsites.net/
[DEBUG] 2023-03-24 17:04:22.423 BrowserFactory:58 - Android emulator gets opened
[DEBUG] 2023-03-24 17:04:24.701 Generic:175 - Successfully Visibility  ----> Allow
[DEBUG] 2023-03-24 17:04:28.336 Generic:159 - Successfully Click  ----> Allow
[DEBUG] 2023-03-24 17:04:32.660 Generic:175 - Successfully Visibility  ----> Enter mobile number
[DEBUG] 2023-03-24 17:04:32.749 Generic:183 - Successfully cleared textbox ---> [[io.appium.java_client.android.AndroidDriver, Capabilities: {app=D:\ECLIPSE_LATEST\HeroApp1\myfiles\app-Newdebug.apk, appPackage=com.customerapp.hero, automationName=UiAutomator2, databaseEnabled=false, desired={platformName=android, app=D:\ECLIPSE_LATEST\HeroApp1\myfiles\app-Newdebug.apk, newCommandTimeout=600, automationName=UiAutomator2, deviceName=Samsung, udid=RZCT904J89D}, deviceApiLevel=33, deviceManufacturer=samsung, deviceModel=SM-M536B, deviceName=RZCT904J89D, deviceScreenDensity=450, deviceScreenSize=1080x2400, deviceUDID=RZCT904J89D, javascriptEnabled=true, locationContextEnabled=false, networkConnectionEnabled=true, newCommandTimeout=600, pixelRatio=2.8125, platform=LINUX, platformName=Android, platformVersion=13, statBarHeight=90, takesScreenshot=true, udid=RZCT904J89D, viewportRect={left=0, top=90, width=1080, height=2085}, warnings={}, webStorageEnabled=false}] -> id: com.customerapp.hero:id/text_input_editext]
[DEBUG] 2023-03-24 17:04:33.752 Generic:175 - Successfully Visibility  ----> Enter mobile number
[DEBUG] 2023-03-24 17:04:33.754 Generic:190 - Successfully enter value ----> 8800996793
[DEBUG] 2023-03-24 17:04:35.271 Generic:175 - Successfully Visibility  ----> Continue
[DEBUG] 2023-03-24 17:04:38.896 Generic:159 - Successfully Click  ----> Continue
[DEBUG] 2023-03-24 17:04:43.112 Generic:175 - Successfully Visibility  ----> Please proceed with your registered Hero mobile number
[DEBUG] 2023-03-24 17:04:43.827 MyListeners:56 - [1;31m[org.testng.Assert.fail(Assert.java:99), org.testng.Assert.failNotEquals(Assert.java:1037), org.testng.Assert.assertEqualsImpl(Assert.java:140), org.testng.Assert.assertEquals(Assert.java:122), org.testng.Assert.assertEquals(Assert.java:629), org.testng.Assert.assertEquals(Assert.java:639), com.oneapp.basic.Generic.Hard_assertion_validation(Generic.java:50), com.oneapp.page_actions.Login_Page_Action.assertion_of_valid_login(Login_Page_Action.java:91), com.oneapp.test_suits.OTP_testcases.validate_valid_OTP_testcase(OTP_testcases.java:25), java.base/jdk.internal.reflect.NativeMethodAccessorImpl.invoke0(Native Method), java.base/jdk.internal.reflect.NativeMethodAccessorImpl.invoke(NativeMethodAccessorImpl.java:77), java.base/jdk.internal.reflect.DelegatingMethodAccessorImpl.invoke(DelegatingMethodAccessorImpl.java:43), java.base/java.lang.reflect.Method.invoke(Method.java:568), org.testng.internal.MethodInvocationHelper.invokeMethod(MethodInvocationHelper.java:133), org.testng.internal.TestInvoker.invokeMethod(TestInvoker.java:598), org.testng.internal.TestInvoker.invokeTestMethod(TestInvoker.java:173), org.testng.internal.MethodRunner.runInSequence(MethodRunner.java:46), org.testng.internal.TestInvoker$MethodInvocationAgent.invoke(TestInvoker.java:824), org.testng.internal.TestInvoker.invokeTestMethods(TestInvoker.java:146), org.testng.internal.TestMethodWorker.invokeTestMethods(TestMethodWorker.java:146), org.testng.internal.TestMethodWorker.run(TestMethodWorker.java:128), java.base/java.util.ArrayList.forEach(ArrayList.java:1511), org.testng.TestRunner.privateRun(TestRunner.java:794), org.testng.TestRunner.run(TestRunner.java:596), org.testng.SuiteRunner.runTest(SuiteRunner.java:377), org.testng.SuiteRunner.runSequentially(SuiteRunner.java:371), org.testng.SuiteRunner.privateRun(SuiteRunner.java:332), org.testng.SuiteRunner.run(SuiteRunner.java:276), org.testng.SuiteRunnerWorker.runSuite(SuiteRunnerWorker.java:53), org.testng.SuiteRunnerWorker.run(SuiteRunnerWorker.java:96), org.testng.TestNG.runSuitesSequentially(TestNG.java:1212), org.testng.TestNG.runSuitesLocally(TestNG.java:1134), org.testng.TestNG.runSuites(TestNG.java:1063), org.testng.TestNG.run(TestNG.java:1031), org.testng.remote.AbstractRemoteTestNG.run(AbstractRemoteTestNG.java:115), org.testng.remote.RemoteTestNG.initAndRun(RemoteTestNG.java:251), org.testng.remote.RemoteTestNG.main(RemoteTestNG.java:77)][0m
[DEBUG] 2023-03-24 17:04:45.072 MyListeners:103 - [1;31mScreenshot stored at: D:\ECLIPSE_LATEST\HeroApp1/screenshots/validate_valid_OTP_testcase__F_r_i_ _M_a_r_ _2_4_ _1_7___0_4___4_3_ _I_S_T_ _2_0_2_3_.png[0m
[DEBUG] 2023-03-24 17:04:45.079 MyListeners:73 - [1;31mvalidate_valid_OTP_testcase[0m
