<?xml version="1.0" encoding="UTF-8"?>
<!-- Generated by org.testng.reporters.JUnitXMLReporter -->
<testsuite hostname="DESKTOP-VABRN9M" ignored="13" name="Main_MethodsTest" tests="1" failures="1" timestamp="2023-01-01T15:07:37 IST" time="67.115" errors="0">
  <testcase name="Valid_Login_001" time="25.335" classname="com.oneapp.test_suits.Main_Methods">
    <failure type="org.openqa.selenium.NoSuchElementException" message="An element could not be located on the page using the given search parameters.
For documentation on this error, please visit: https://www.seleniumhq.org/exceptions/no_such_element.html
Build info: version: &amp;apos;3.141.59&amp;apos;, revision: &amp;apos;e82be7d358&amp;apos;, time: &amp;apos;2018-11-14T08:17:03&amp;apos;
System info: host: &amp;apos;DESKTOP-VABRN9M&amp;apos;, ip: &amp;apos;192.168.19.131&amp;apos;, os.name: &amp;apos;Windows 10&amp;apos;, os.arch: &amp;apos;amd64&amp;apos;, os.version: &amp;apos;10.0&amp;apos;, java.version: &amp;apos;1.8.0_202&amp;apos;
Driver info: io.appium.java_client.android.AndroidDriver
Capabilities {appActivity: com.customerapp.hero.views...., appPackage: com.customerapp.hero, automationName: UiAutomator2, avd: Pixel_3, avdLaunchTimeout: 400000, databaseEnabled: false, desired: {appActivity: com.customerapp.hero.views...., appPackage: com.customerapp.hero, automationName: UiAutomator2, avd: Pixel_3, avdLaunchTimeout: 400000, deviceName: Pixel 3, newCommandTimeout: 900, platformName: android, readyTimeout: 400000, udid: emulator-5554}, deviceApiLevel: 31, deviceManufacturer: Google, deviceModel: sdk_gphone64_x86_64, deviceName: emulator-5554, deviceScreenDensity: 440, deviceScreenSize: 1080x2160, deviceUDID: emulator-5554, javascriptEnabled: true, locationContextEnabled: false, networkConnectionEnabled: true, newCommandTimeout: 900, pixelRatio: 2.75, platform: LINUX, platformName: Android, platformVersion: 12, readyTimeout: 400000, statBarHeight: 66, takesScreenshot: true, udid: emulator-5554, viewportRect: {height: 1962, left: 0, top: 66, width: 1080}, warnings: {}, webStorageEnabled: false}
Session ID: 5f4ad5ab-3e25-4c51-9a12-082116cca597
*** Element info: {Using=id, value=com.customerapp.hero:id/lbl1}">
      <![CDATA[org.openqa.selenium.NoSuchElementException: An element could not be located on the page using the given search parameters.
For documentation on this error, please visit: https://www.seleniumhq.org/exceptions/no_such_element.html
Build info: version: '3.141.59', revision: 'e82be7d358', time: '2018-11-14T08:17:03'
System info: host: 'DESKTOP-VABRN9M', ip: '192.168.19.131', os.name: 'Windows 10', os.arch: 'amd64', os.version: '10.0', java.version: '1.8.0_202'
Driver info: io.appium.java_client.android.AndroidDriver
Capabilities {appActivity: com.customerapp.hero.views...., appPackage: com.customerapp.hero, automationName: UiAutomator2, avd: Pixel_3, avdLaunchTimeout: 400000, databaseEnabled: false, desired: {appActivity: com.customerapp.hero.views...., appPackage: com.customerapp.hero, automationName: UiAutomator2, avd: Pixel_3, avdLaunchTimeout: 400000, deviceName: Pixel 3, newCommandTimeout: 900, platformName: android, readyTimeout: 400000, udid: emulator-5554}, deviceApiLevel: 31, deviceManufacturer: Google, deviceModel: sdk_gphone64_x86_64, deviceName: emulator-5554, deviceScreenDensity: 440, deviceScreenSize: 1080x2160, deviceUDID: emulator-5554, javascriptEnabled: true, locationContextEnabled: false, networkConnectionEnabled: true, newCommandTimeout: 900, pixelRatio: 2.75, platform: LINUX, platformName: Android, platformVersion: 12, readyTimeout: 400000, statBarHeight: 66, takesScreenshot: true, udid: emulator-5554, viewportRect: {height: 1962, left: 0, top: 66, width: 1080}, warnings: {}, webStorageEnabled: false}
Session ID: 5f4ad5ab-3e25-4c51-9a12-082116cca597
*** Element info: {Using=id, value=com.customerapp.hero:id/lbl1}
at org.openqa.selenium.remote.http.W3CHttpResponseCodec.createException(W3CHttpResponseCodec.java:187)
at org.openqa.selenium.remote.http.W3CHttpResponseCodec.decode(W3CHttpResponseCodec.java:122)
at org.openqa.selenium.remote.http.W3CHttpResponseCodec.decode(W3CHttpResponseCodec.java:49)
at org.openqa.selenium.remote.HttpCommandExecutor.execute(HttpCommandExecutor.java:158)
at io.appium.java_client.remote.AppiumCommandExecutor.execute(AppiumCommandExecutor.java:250)
at org.openqa.selenium.remote.RemoteWebDriver.execute(RemoteWebDriver.java:552)
at io.appium.java_client.DefaultGenericMobileDriver.execute(DefaultGenericMobileDriver.java:41)
at io.appium.java_client.AppiumDriver.execute(AppiumDriver.java:1)
at io.appium.java_client.android.AndroidDriver.execute(AndroidDriver.java:1)
at org.openqa.selenium.remote.RemoteWebDriver.findElement(RemoteWebDriver.java:323)
at io.appium.java_client.DefaultGenericMobileDriver.findElement(DefaultGenericMobileDriver.java:61)
at io.appium.java_client.AppiumDriver.findElement(AppiumDriver.java:1)
at io.appium.java_client.android.AndroidDriver.findElement(AndroidDriver.java:1)
at org.openqa.selenium.remote.RemoteWebDriver.findElementById(RemoteWebDriver.java:372)
at io.appium.java_client.DefaultGenericMobileDriver.findElementById(DefaultGenericMobileDriver.java:69)
at io.appium.java_client.AppiumDriver.findElementById(AppiumDriver.java:1)
at io.appium.java_client.android.AndroidDriver.findElementById(AndroidDriver.java:1)
at org.openqa.selenium.By$ById.findElement(By.java:188)
at org.openqa.selenium.remote.RemoteWebDriver.findElement(RemoteWebDriver.java:315)
at io.appium.java_client.DefaultGenericMobileDriver.findElement(DefaultGenericMobileDriver.java:57)
at io.appium.java_client.AppiumDriver.findElement(AppiumDriver.java:1)
at io.appium.java_client.android.AndroidDriver.findElement(AndroidDriver.java:1)
at org.openqa.selenium.support.pagefactory.DefaultElementLocator.findElement(DefaultElementLocator.java:69)
at org.openqa.selenium.support.pagefactory.internal.LocatingElementHandler.invoke(LocatingElementHandler.java:38)
at com.sun.proxy.$Proxy8.getText(Unknown Source)
at com.oneapp.page_actions.Login_Page_Action.validate_login(Login_Page_Action.java:102)
at com.oneapp.test_suits.Main_Methods.Valid_Login_001(Main_Methods.java:39)
at java.util.ArrayList.forEach(ArrayList.java:1257)
... Removed 35 stack frames]]>
    </failure>
  </testcase> <!-- Valid_Login_001 -->
  <testcase name="Contact_Us_005" time="0.0" classname="com.oneapp.test_suits.Main_Methods">
    <ignored/>
  </testcase> <!-- Contact_Us_005 -->
  <testcase name="Emergency_contact_deleted_succesfully" time="0.0" classname="com.oneapp.test_suits.Main_Methods">
    <ignored/>
  </testcase> <!-- Emergency_contact_deleted_succesfully -->
  <testcase name="Vehicle_selected_succesfully_200" time="0.0" classname="com.oneapp.test_suits.Main_Methods">
    <ignored/>
  </testcase> <!-- Vehicle_selected_succesfully_200 -->
  <testcase name="Mininum_length_field_validation_003" time="0.0" classname="com.oneapp.test_suits.Main_Methods">
    <ignored/>
  </testcase> <!-- Mininum_length_field_validation_003 -->
  <testcase name="Verify_OTP_100" time="0.0" classname="com.oneapp.test_suits.Main_Methods">
    <ignored/>
  </testcase> <!-- Verify_OTP_100 -->
  <testcase name="Bookservice_FSC" time="0.0" classname="com.oneapp.test_suits.Main_Methods">
    <ignored/>
  </testcase> <!-- Bookservice_FSC -->
  <testcase name="Dashboard_All_Popups_300" time="0.0" classname="com.oneapp.test_suits.Main_Methods">
    <ignored/>
  </testcase> <!-- Dashboard_All_Popups_300 -->
  <testcase name="Emergency_contact_added_succesfully" time="0.0" classname="com.oneapp.test_suits.Main_Methods">
    <ignored/>
  </testcase> <!-- Emergency_contact_added_succesfully -->
  <testcase name="Privacy_validation_004" time="0.0" classname="com.oneapp.test_suits.Main_Methods">
    <ignored/>
  </testcase> <!-- Privacy_validation_004 -->
  <testcase name="Tips_Validation" time="0.0" classname="com.oneapp.test_suits.Main_Methods">
    <ignored/>
  </testcase> <!-- Tips_Validation -->
  <testcase name="InValid_Login_002" time="0.0" classname="com.oneapp.test_suits.Main_Methods">
    <ignored/>
  </testcase> <!-- InValid_Login_002 -->
  <testcase name="T_and_C_validation_005" time="0.0" classname="com.oneapp.test_suits.Main_Methods">
    <ignored/>
  </testcase> <!-- T_and_C_validation_005 -->
  <testcase name="Myprofile_changes_Validation_400" time="0.0" classname="com.oneapp.test_suits.Main_Methods">
    <ignored/>
  </testcase> <!-- Myprofile_changes_Validation_400 -->
</testsuite> <!-- Main_MethodsTest -->
