[INFO ] 2023-07-04 12:13:54.841 BaseClass:194 - PLATFORM NAME IS --> iOS
[INFO ] 2023-07-04 12:13:54.845 BaseClass:196 - DEVICE NAME IS --> iPhone 13
[INFO ] 2023-07-04 12:13:54.845 BaseClass:198 - AUTOMATION NAME IS --> XCUITest
[INFO ] 2023-07-04 12:13:54.845 BaseClass:200 - UDID IS --> 00008110-001E24A20180401E
[DEBUG] 2023-07-04 12:13:54.845 BaseClass:205 - IOS Simulator gets opened
[DEBUG] 2023-07-04 12:14:01.039 BaseClass:218 - 0c3d7993-9c25-4c83-beb7-7e99e2efcb51
[DEBUG] 2023-07-04 12:14:01.469 MyListeners:39 - [1;30mTC101_VALIDOTPTESTCASE - STARTS[0m
[DEBUG] 2023-07-04 12:14:02.123 Generic:212 - Successfully Visibility  ---->  Enter mobile number
[DEBUG] 2023-07-04 12:14:02.128 Generic:148 - Successfully cleared textbox
[DEBUG] 2023-07-04 12:14:02.778 Generic:212 - Successfully Visibility  ---->  Enter mobile number
[DEBUG] 2023-07-04 12:14:02.783 Generic:148 - Successfully cleared textbox
[DEBUG] 2023-07-04 12:14:02.933 Generic:201 - Successfully enter value ----> 9926438293
[DEBUG] 2023-07-04 12:14:05.626 Generic:212 - Successfully Visibility  ----> Continue
[DEBUG] 2023-07-04 12:14:06.675 Generic:135 - Successfully Clicked  ----> Continue
[DEBUG] 2023-07-04 12:14:08.885 Generic:212 - Successfully Visibility  ----> Verify with OTP
[DEBUG] 2023-07-04 12:14:40.604 MyListeners:56 - [1;31m[io.appium.java_client.pagefactory.AppiumElementLocator.findElement(AppiumElementLocator.java:126), io.appium.java_client.pagefactory.interceptors.InterceptorOfASingleElement.intercept(InterceptorOfASingleElement.java:59), io.appium.java_client.ios.IOSElement$$EnhancerByCGLIB$$d311658.sendKeys(<generated>), com.oneapp.test_suits.OtpTestCases.TC101_ValidOtpTestcase(OtpTestCases.java:37), java.base/jdk.internal.reflect.NativeMethodAccessorImpl.invoke0(Native Method), java.base/jdk.internal.reflect.NativeMethodAccessorImpl.invoke(NativeMethodAccessorImpl.java:62), java.base/jdk.internal.reflect.DelegatingMethodAccessorImpl.invoke(DelegatingMethodAccessorImpl.java:43), java.base/java.lang.reflect.Method.invoke(Method.java:566), org.testng.internal.invokers.MethodInvocationHelper.invokeMethod(MethodInvocationHelper.java:139), org.testng.internal.invokers.TestInvoker.invokeMethod(TestInvoker.java:664), org.testng.internal.invokers.TestInvoker.invokeTestMethod(TestInvoker.java:227), org.testng.internal.invokers.MethodRunner.runInSequence(MethodRunner.java:50), org.testng.internal.invokers.TestInvoker$MethodInvocationAgent.invoke(TestInvoker.java:957), org.testng.internal.invokers.TestInvoker.invokeTestMethods(TestInvoker.java:200), org.testng.internal.invokers.TestMethodWorker.invokeTestMethods(TestMethodWorker.java:148), org.testng.internal.invokers.TestMethodWorker.run(TestMethodWorker.java:128), java.base/java.util.ArrayList.forEach(ArrayList.java:1541), org.testng.TestRunner.privateRun(TestRunner.java:848), org.testng.TestRunner.run(TestRunner.java:621), org.testng.SuiteRunner.runTest(SuiteRunner.java:443), org.testng.SuiteRunner.runSequentially(SuiteRunner.java:437), org.testng.SuiteRunner.privateRun(SuiteRunner.java:397), org.testng.SuiteRunner.run(SuiteRunner.java:336), org.testng.SuiteRunnerWorker.runSuite(SuiteRunnerWorker.java:52), org.testng.SuiteRunnerWorker.run(SuiteRunnerWorker.java:95), org.testng.TestNG.runSuitesSequentially(TestNG.java:1280), org.testng.TestNG.runSuitesLocally(TestNG.java:1200), org.testng.TestNG.runSuites(TestNG.java:1114), org.testng.TestNG.run(TestNG.java:1082), org.testng.remote.AbstractRemoteTestNG.run(AbstractRemoteTestNG.java:115), org.testng.remote.RemoteTestNG.initAndRun(RemoteTestNG.java:251), org.testng.remote.RemoteTestNG.main(RemoteTestNG.java:77)][0m
[DEBUG] 2023-07-04 12:14:40.792 MyListeners:100 - [1;31mScreenshot stored at: /Users/gunjan/HeroApp1Copy/screenshots/TC101_ValidOtpTestcase__T_u_e_ _J_u_l_ _0_4_ _1_2___1_4___4_0_ _I_S_T_ _2_0_2_3_.png[0m
[DEBUG] 2023-07-04 12:14:40.794 MyListeners:72 - [1;31mTC101_VALIDOTPTESTCASE - FAILURE[0m
[DEBUG] 2023-07-04 12:14:41.857 BaseClass:231 - Session gets closed
[DEBUG] 2023-07-04 12:14:41.858 BaseClass:232 - ++++++++++++++++++++++++++++++++
[INFO ] 2023-07-04 13:02:49.420 BaseClass:194 - PLATFORM NAME IS --> iOS
[INFO ] 2023-07-04 13:02:49.421 BaseClass:196 - DEVICE NAME IS --> iPhone 13
[INFO ] 2023-07-04 13:02:49.421 BaseClass:198 - AUTOMATION NAME IS --> XCUITest
[INFO ] 2023-07-04 13:02:49.421 BaseClass:200 - UDID IS --> 00008110-001E24A20180401E
[DEBUG] 2023-07-04 13:02:49.422 BaseClass:205 - IOS Simulator gets opened
[DEBUG] 2023-07-04 13:02:55.843 BaseClass:218 - 2e2fe96b-5768-4489-acc3-5b506d6d75b9
[DEBUG] 2023-07-04 13:02:56.200 MyListeners:39 - [1;30mTC101_VALIDOTPTESTCASE - STARTS[0m
[DEBUG] 2023-07-04 13:03:12.434 Generic:215 - [1;31morg.openqa.selenium.TimeoutException: Expected condition failed: waiting for visibility of Located by By.chained({By.xpath: //XCUIElementTypeTextField[@name=" Enter mobile number"]}) (tried for 15 second(s) with 500 milliseconds interval)[0m
[DEBUG] 2023-07-04 13:03:12.442 Generic:148 - Successfully cleared textbox
[DEBUG] 2023-07-04 13:03:26.548 Generic:212 - Successfully Visibility  ---->  Enter mobile number
[DEBUG] 2023-07-04 13:03:26.552 Generic:148 - Successfully cleared textbox
[DEBUG] 2023-07-04 13:03:26.681 Generic:201 - Successfully enter value ----> 9926438293
[DEBUG] 2023-07-04 13:03:29.351 Generic:212 - Successfully Visibility  ----> Continue
[DEBUG] 2023-07-04 13:03:30.272 Generic:135 - Successfully Clicked  ----> Continue
[DEBUG] 2023-07-04 13:03:32.117 Generic:212 - Successfully Visibility  ----> Verify with OTP
[DEBUG] 2023-07-04 13:04:09.063 Generic:215 - [1;31morg.openqa.selenium.TimeoutException: Expected condition failed: waiting for visibility of Located by By.chained({By.xpath: //XCUIElementTypeStaticText[@name="Continue"]}) (tried for 15 second(s) with 500 milliseconds interval)[0m
[DEBUG] 2023-07-04 13:05:09.601 MyListeners:56 - [1;31m[io.appium.java_client.pagefactory.AppiumElementLocator.findElement(AppiumElementLocator.java:126), io.appium.java_client.pagefactory.interceptors.InterceptorOfASingleElement.intercept(InterceptorOfASingleElement.java:59), io.appium.java_client.ios.IOSElement$$EnhancerByCGLIB$$d311658.getId(<generated>), org.openqa.selenium.remote.internal.WebElementToJsonConverter.apply(WebElementToJsonConverter.java:55), java.base/java.util.stream.ReferencePipeline$3$1.accept(ReferencePipeline.java:195), java.base/java.util.Spliterators$ArraySpliterator.forEachRemaining(Spliterators.java:948), java.base/java.util.stream.AbstractPipeline.copyInto(AbstractPipeline.java:484), java.base/java.util.stream.AbstractPipeline.wrapAndCopyInto(AbstractPipeline.java:474), java.base/java.util.stream.ReduceOps$ReduceOp.evaluateSequential(ReduceOps.java:913), java.base/java.util.stream.AbstractPipeline.evaluate(AbstractPipeline.java:234), java.base/java.util.stream.ReferencePipeline.collect(ReferencePipeline.java:578), org.openqa.selenium.remote.RemoteWebDriver.executeScript(RemoteWebDriver.java:484), com.oneapp.utils.Generic.clickOnWebElement(Generic.java:140), com.oneapp.test_suits.OtpTestCases.TC101_ValidOtpTestcase(OtpTestCases.java:43), java.base/jdk.internal.reflect.NativeMethodAccessorImpl.invoke0(Native Method), java.base/jdk.internal.reflect.NativeMethodAccessorImpl.invoke(NativeMethodAccessorImpl.java:62), java.base/jdk.internal.reflect.DelegatingMethodAccessorImpl.invoke(DelegatingMethodAccessorImpl.java:43), java.base/java.lang.reflect.Method.invoke(Method.java:566), org.testng.internal.invokers.MethodInvocationHelper.invokeMethod(MethodInvocationHelper.java:139), org.testng.internal.invokers.TestInvoker.invokeMethod(TestInvoker.java:664), org.testng.internal.invokers.TestInvoker.invokeTestMethod(TestInvoker.java:227), org.testng.internal.invokers.MethodRunner.runInSequence(MethodRunner.java:50), org.testng.internal.invokers.TestInvoker$MethodInvocationAgent.invoke(TestInvoker.java:957), org.testng.internal.invokers.TestInvoker.invokeTestMethods(TestInvoker.java:200), org.testng.internal.invokers.TestMethodWorker.invokeTestMethods(TestMethodWorker.java:148), org.testng.internal.invokers.TestMethodWorker.run(TestMethodWorker.java:128), java.base/java.util.ArrayList.forEach(ArrayList.java:1541), org.testng.TestRunner.privateRun(TestRunner.java:848), org.testng.TestRunner.run(TestRunner.java:621), org.testng.SuiteRunner.runTest(SuiteRunner.java:443), org.testng.SuiteRunner.runSequentially(SuiteRunner.java:437), org.testng.SuiteRunner.privateRun(SuiteRunner.java:397), org.testng.SuiteRunner.run(SuiteRunner.java:336), org.testng.SuiteRunnerWorker.runSuite(SuiteRunnerWorker.java:52), org.testng.SuiteRunnerWorker.run(SuiteRunnerWorker.java:95), org.testng.TestNG.runSuitesSequentially(TestNG.java:1280), org.testng.TestNG.runSuitesLocally(TestNG.java:1200), org.testng.TestNG.runSuites(TestNG.java:1114), org.testng.TestNG.run(TestNG.java:1082), org.testng.remote.AbstractRemoteTestNG.run(AbstractRemoteTestNG.java:115), org.testng.remote.RemoteTestNG.initAndRun(RemoteTestNG.java:251), org.testng.remote.RemoteTestNG.main(RemoteTestNG.java:77)][0m
[DEBUG] 2023-07-04 13:05:09.716 MyListeners:100 - [1;31mScreenshot stored at: /Users/gunjan/HeroApp1Copy/screenshots/TC101_ValidOtpTestcase__T_u_e_ _J_u_l_ _0_4_ _1_3___0_5___0_9_ _I_S_T_ _2_0_2_3_.png[0m
[DEBUG] 2023-07-04 13:05:09.717 MyListeners:72 - [1;31mTC101_VALIDOTPTESTCASE - FAILURE[0m
[DEBUG] 2023-07-04 13:05:10.757 BaseClass:231 - Session gets closed
[DEBUG] 2023-07-04 13:05:10.757 BaseClass:232 - ++++++++++++++++++++++++++++++++
[INFO ] 2023-07-04 13:13:45.593 BaseClass:194 - PLATFORM NAME IS --> iOS
[INFO ] 2023-07-04 13:13:45.595 BaseClass:196 - DEVICE NAME IS --> iPhone 13
[INFO ] 2023-07-04 13:13:45.595 BaseClass:198 - AUTOMATION NAME IS --> XCUITest
[INFO ] 2023-07-04 13:13:45.595 BaseClass:200 - UDID IS --> 00008110-001E24A20180401E
[DEBUG] 2023-07-04 13:13:45.595 BaseClass:205 - IOS Simulator gets opened
[DEBUG] 2023-07-04 13:13:55.031 BaseClass:219 - 13936498-34dc-4d60-bf1f-e02480b9565f
[DEBUG] 2023-07-04 13:13:55.374 MyListeners:39 - [1;30mTC101_VALIDOTPTESTCASE - STARTS[0m
[DEBUG] 2023-07-04 13:13:56.003 Generic:212 - Successfully Visibility  ---->  Enter mobile number
[DEBUG] 2023-07-04 13:13:56.010 Generic:148 - Successfully cleared textbox
[DEBUG] 2023-07-04 13:13:56.739 Generic:212 - Successfully Visibility  ---->  Enter mobile number
[DEBUG] 2023-07-04 13:13:56.744 Generic:148 - Successfully cleared textbox
[DEBUG] 2023-07-04 13:13:56.922 Generic:201 - Successfully enter value ----> 9926438293
[DEBUG] 2023-07-04 13:13:59.533 Generic:212 - Successfully Visibility  ----> Continue
[DEBUG] 2023-07-04 13:14:00.531 Generic:135 - Successfully Clicked  ----> Continue
[DEBUG] 2023-07-04 13:14:02.584 Generic:212 - Successfully Visibility  ----> Verify with OTP
[DEBUG] 2023-07-04 13:14:38.020 Generic:215 - [1;31morg.openqa.selenium.TimeoutException: Expected condition failed: waiting for visibility of Located by By.chained({By.xpath: //XCUIElementTypeStaticText[@name="Continue"]}) (tried for 15 second(s) with 500 milliseconds interval)[0m
[DEBUG] 2023-07-04 13:15:38.088 MyListeners:56 - [1;31m[io.appium.java_client.pagefactory.AppiumElementLocator.findElement(AppiumElementLocator.java:126), io.appium.java_client.pagefactory.interceptors.InterceptorOfASingleElement.intercept(InterceptorOfASingleElement.java:59), io.appium.java_client.ios.IOSElement$$EnhancerByCGLIB$$d311658.getId(<generated>), org.openqa.selenium.remote.internal.WebElementToJsonConverter.apply(WebElementToJsonConverter.java:55), java.base/java.util.stream.ReferencePipeline$3$1.accept(ReferencePipeline.java:195), java.base/java.util.Spliterators$ArraySpliterator.forEachRemaining(Spliterators.java:948), java.base/java.util.stream.AbstractPipeline.copyInto(AbstractPipeline.java:484), java.base/java.util.stream.AbstractPipeline.wrapAndCopyInto(AbstractPipeline.java:474), java.base/java.util.stream.ReduceOps$ReduceOp.evaluateSequential(ReduceOps.java:913), java.base/java.util.stream.AbstractPipeline.evaluate(AbstractPipeline.java:234), java.base/java.util.stream.ReferencePipeline.collect(ReferencePipeline.java:578), org.openqa.selenium.remote.RemoteWebDriver.executeScript(RemoteWebDriver.java:484), com.oneapp.utils.Generic.clickOnWebElement(Generic.java:140), com.oneapp.test_suits.OtpTestCases.TC101_ValidOtpTestcase(OtpTestCases.java:43), java.base/jdk.internal.reflect.NativeMethodAccessorImpl.invoke0(Native Method), java.base/jdk.internal.reflect.NativeMethodAccessorImpl.invoke(NativeMethodAccessorImpl.java:62), java.base/jdk.internal.reflect.DelegatingMethodAccessorImpl.invoke(DelegatingMethodAccessorImpl.java:43), java.base/java.lang.reflect.Method.invoke(Method.java:566), org.testng.internal.invokers.MethodInvocationHelper.invokeMethod(MethodInvocationHelper.java:139), org.testng.internal.invokers.TestInvoker.invokeMethod(TestInvoker.java:664), org.testng.internal.invokers.TestInvoker.invokeTestMethod(TestInvoker.java:227), org.testng.internal.invokers.MethodRunner.runInSequence(MethodRunner.java:50), org.testng.internal.invokers.TestInvoker$MethodInvocationAgent.invoke(TestInvoker.java:957), org.testng.internal.invokers.TestInvoker.invokeTestMethods(TestInvoker.java:200), org.testng.internal.invokers.TestMethodWorker.invokeTestMethods(TestMethodWorker.java:148), org.testng.internal.invokers.TestMethodWorker.run(TestMethodWorker.java:128), java.base/java.util.ArrayList.forEach(ArrayList.java:1541), org.testng.TestRunner.privateRun(TestRunner.java:848), org.testng.TestRunner.run(TestRunner.java:621), org.testng.SuiteRunner.runTest(SuiteRunner.java:443), org.testng.SuiteRunner.runSequentially(SuiteRunner.java:437), org.testng.SuiteRunner.privateRun(SuiteRunner.java:397), org.testng.SuiteRunner.run(SuiteRunner.java:336), org.testng.SuiteRunnerWorker.runSuite(SuiteRunnerWorker.java:52), org.testng.SuiteRunnerWorker.run(SuiteRunnerWorker.java:95), org.testng.TestNG.runSuitesSequentially(TestNG.java:1280), org.testng.TestNG.runSuitesLocally(TestNG.java:1200), org.testng.TestNG.runSuites(TestNG.java:1114), org.testng.TestNG.run(TestNG.java:1082), org.testng.remote.AbstractRemoteTestNG.run(AbstractRemoteTestNG.java:115), org.testng.remote.RemoteTestNG.initAndRun(RemoteTestNG.java:251), org.testng.remote.RemoteTestNG.main(RemoteTestNG.java:77)][0m
[DEBUG] 2023-07-04 13:15:39.166 MyListeners:72 - [1;31mTC101_VALIDOTPTESTCASE - FAILURE[0m
[DEBUG] 2023-07-04 13:15:39.199 BaseClass:232 - Session gets closed
[DEBUG] 2023-07-04 13:15:39.200 BaseClass:233 - ++++++++++++++++++++++++++++++++
[INFO ] 2023-07-04 14:06:08.202 BaseClass:194 - PLATFORM NAME IS --> iOS
[INFO ] 2023-07-04 14:06:08.204 BaseClass:196 - DEVICE NAME IS --> iPhone 13
[INFO ] 2023-07-04 14:06:08.204 BaseClass:198 - AUTOMATION NAME IS --> XCUITest
[INFO ] 2023-07-04 14:06:08.204 BaseClass:200 - UDID IS --> 00008110-001E24A20180401E
[DEBUG] 2023-07-04 14:06:08.204 BaseClass:205 - IOS Simulator gets opened
[DEBUG] 2023-07-04 14:06:20.022 BaseClass:219 - 846f6088-08b0-4b24-ad32-44b8624483c7
[DEBUG] 2023-07-04 14:06:20.371 MyListeners:39 - [1;30mTC101_VALIDOTPTESTCASE - STARTS[0m
[DEBUG] 2023-07-04 14:06:21.129 Generic:212 - Successfully Visibility  ---->  Enter mobile number
[DEBUG] 2023-07-04 14:06:21.136 Generic:148 - Successfully cleared textbox
[DEBUG] 2023-07-04 14:06:21.988 Generic:212 - Successfully Visibility  ---->  Enter mobile number
[DEBUG] 2023-07-04 14:06:21.993 Generic:148 - Successfully cleared textbox
[DEBUG] 2023-07-04 14:06:22.234 Generic:201 - Successfully enter value ----> 9926438293
[DEBUG] 2023-07-04 14:06:24.886 Generic:212 - Successfully Visibility  ----> Continue
[DEBUG] 2023-07-04 14:06:25.876 Generic:135 - Successfully Clicked  ----> Continue
[DEBUG] 2023-07-04 14:06:27.855 Generic:212 - Successfully Visibility  ----> Verify with OTP
[DEBUG] 2023-07-04 14:06:33.910 Generic:212 - Successfully Visibility  ----> Verify
[DEBUG] 2023-07-04 14:06:34.506 Generic:135 - Successfully Clicked  ----> Verify
[DEBUG] 2023-07-04 14:06:36.494 Generic:212 - Successfully Visibility  ----> book service paid
[DEBUG] 2023-07-04 14:06:36.833 Generic:169 - Successfully Displaying ----> book service paid
[DEBUG] 2023-07-04 14:06:38.050 Generic:212 - Successfully Visibility  ----> book service paid
[DEBUG] 2023-07-04 14:06:38.968 Generic:135 - Successfully Clicked  ----> book service paid
[DEBUG] 2023-07-04 14:06:39.873 OtpTestCases:56 - Book service PAID vin selected
[DEBUG] 2023-07-04 14:06:47.295 Generic:212 - Successfully Visibility  ----> Continue
[DEBUG] 2023-07-04 14:06:48.189 Generic:135 - Successfully Clicked  ----> Continue
[DEBUG] 2023-07-04 14:06:50.861 Generic:212 - Successfully Visibility  ----> menu
[DEBUG] 2023-07-04 14:06:52.157 Generic:135 - Successfully Clicked  ----> menu
[DEBUG] 2023-07-04 14:06:55.807 Generic:212 - Successfully Visibility  ----> Logout
[DEBUG] 2023-07-04 14:06:57.404 Generic:135 - Successfully Clicked  ----> Logout
[DEBUG] 2023-07-04 14:07:01.073 Generic:215 - [1;31morg.openqa.selenium.StaleElementReferenceException: The previously found element "Button" is not present in the current view anymore. Make sure the application UI has the expected state. Original error: No matches found for Elements matching predicate 'fb_uid IN {"48020000-0000-0000-7E0F-000000000000"}' from input {(
    Button, Selected,
    Button,
    Button,
    Button,
    Button,
    Button,
    Button,
    Button,
    Button,
    Button,
    Button,
    Button,
    Button,
    Button, Disabled
)}
For documentation on this error, please visit: https://www.seleniumhq.org/exceptions/stale_element_reference.html
Build info: version: '3.141.59', revision: 'e82be7d358', time: '2018-11-14T08:17:03'
System info: host: 'Gunjans-MacBook-Pro.local', ip: 'fe80:0:0:0:c24:4ab6:6446:e8ec%en0', os.name: 'Mac OS X', os.arch: 'aarch64', os.version: '13.2.1', java.version: '11.0.18'
Driver info: io.appium.java_client.ios.IOSDriver
Capabilities {autoAcceptAlerts: true, automationName: XCUITest, browserName: , bundleId: com.customerapp.hero, databaseEnabled: false, deviceName: iPhone 13, javascriptEnabled: true, locationContextEnabled: false, networkConnectionEnabled: false, noReset: true, platform: MAC, platformName: iOS, takesScreenshot: true, udid: 00008110-001E24A20180401E, webStorageEnabled: false}
Session ID: 846f6088-08b0-4b24-ad32-44b8624483c7[0m
[DEBUG] 2023-07-04 14:08:01.402 MyListeners:56 - [1;31m[io.appium.java_client.pagefactory.AppiumElementLocator.findElement(AppiumElementLocator.java:126), io.appium.java_client.pagefactory.interceptors.InterceptorOfASingleElement.intercept(InterceptorOfASingleElement.java:59), io.appium.java_client.ios.IOSElement$$EnhancerByCGLIB$$d311658.getId(<generated>), org.openqa.selenium.remote.internal.WebElementToJsonConverter.apply(WebElementToJsonConverter.java:55), java.base/java.util.stream.ReferencePipeline$3$1.accept(ReferencePipeline.java:195), java.base/java.util.Spliterators$ArraySpliterator.forEachRemaining(Spliterators.java:948), java.base/java.util.stream.AbstractPipeline.copyInto(AbstractPipeline.java:484), java.base/java.util.stream.AbstractPipeline.wrapAndCopyInto(AbstractPipeline.java:474), java.base/java.util.stream.ReduceOps$ReduceOp.evaluateSequential(ReduceOps.java:913), java.base/java.util.stream.AbstractPipeline.evaluate(AbstractPipeline.java:234), java.base/java.util.stream.ReferencePipeline.collect(ReferencePipeline.java:578), org.openqa.selenium.remote.RemoteWebDriver.executeScript(RemoteWebDriver.java:484), com.oneapp.utils.Generic.clickOnWebElement(Generic.java:140), com.oneapp.test_suits.OtpTestCases.TC101_ValidOtpTestcase(OtpTestCases.java:78), java.base/jdk.internal.reflect.NativeMethodAccessorImpl.invoke0(Native Method), java.base/jdk.internal.reflect.NativeMethodAccessorImpl.invoke(NativeMethodAccessorImpl.java:62), java.base/jdk.internal.reflect.DelegatingMethodAccessorImpl.invoke(DelegatingMethodAccessorImpl.java:43), java.base/java.lang.reflect.Method.invoke(Method.java:566), org.testng.internal.invokers.MethodInvocationHelper.invokeMethod(MethodInvocationHelper.java:139), org.testng.internal.invokers.TestInvoker.invokeMethod(TestInvoker.java:664), org.testng.internal.invokers.TestInvoker.invokeTestMethod(TestInvoker.java:227), org.testng.internal.invokers.MethodRunner.runInSequence(MethodRunner.java:50), org.testng.internal.invokers.TestInvoker$MethodInvocationAgent.invoke(TestInvoker.java:957), org.testng.internal.invokers.TestInvoker.invokeTestMethods(TestInvoker.java:200), org.testng.internal.invokers.TestMethodWorker.invokeTestMethods(TestMethodWorker.java:148), org.testng.internal.invokers.TestMethodWorker.run(TestMethodWorker.java:128), java.base/java.util.ArrayList.forEach(ArrayList.java:1541), org.testng.TestRunner.privateRun(TestRunner.java:848), org.testng.TestRunner.run(TestRunner.java:621), org.testng.SuiteRunner.runTest(SuiteRunner.java:443), org.testng.SuiteRunner.runSequentially(SuiteRunner.java:437), org.testng.SuiteRunner.privateRun(SuiteRunner.java:397), org.testng.SuiteRunner.run(SuiteRunner.java:336), org.testng.SuiteRunnerWorker.runSuite(SuiteRunnerWorker.java:52), org.testng.SuiteRunnerWorker.run(SuiteRunnerWorker.java:95), org.testng.TestNG.runSuitesSequentially(TestNG.java:1280), org.testng.TestNG.runSuitesLocally(TestNG.java:1200), org.testng.TestNG.runSuites(TestNG.java:1114), org.testng.TestNG.run(TestNG.java:1082), org.testng.remote.AbstractRemoteTestNG.run(AbstractRemoteTestNG.java:115), org.testng.remote.RemoteTestNG.initAndRun(RemoteTestNG.java:251), org.testng.remote.RemoteTestNG.main(RemoteTestNG.java:77)][0m
[DEBUG] 2023-07-04 14:08:01.657 MyListeners:100 - [1;31mScreenshot stored at: /Users/gunjan/HeroApp1Copy/screenshots/TC101_ValidOtpTestcase__T_u_e_ _J_u_l_ _0_4_ _1_4___0_8___0_1_ _I_S_T_ _2_0_2_3_.png[0m
[DEBUG] 2023-07-04 14:08:01.659 MyListeners:72 - [1;31mTC101_VALIDOTPTESTCASE - FAILURE[0m
[DEBUG] 2023-07-04 14:08:01.670 BaseClass:232 - Session gets closed
[DEBUG] 2023-07-04 14:08:01.670 BaseClass:233 - ++++++++++++++++++++++++++++++++
[INFO ] 2023-07-04 14:09:57.601 BaseClass:194 - PLATFORM NAME IS --> iOS
[INFO ] 2023-07-04 14:09:57.603 BaseClass:196 - DEVICE NAME IS --> iPhone 13
[INFO ] 2023-07-04 14:09:57.603 BaseClass:198 - AUTOMATION NAME IS --> XCUITest
[INFO ] 2023-07-04 14:09:57.603 BaseClass:200 - UDID IS --> 00008110-001E24A20180401E
[DEBUG] 2023-07-04 14:09:57.603 BaseClass:205 - IOS Simulator gets opened
[DEBUG] 2023-07-04 14:10:07.036 BaseClass:219 - eeff809b-6b43-4d10-94d7-03d0fcb0c6fa
[DEBUG] 2023-07-04 14:10:07.370 MyListeners:39 - [1;30mTC101_VALIDOTPTESTCASE - STARTS[0m
[DEBUG] 2023-07-04 14:10:08.015 Generic:212 - Successfully Visibility  ---->  Enter mobile number
[DEBUG] 2023-07-04 14:10:08.021 Generic:148 - Successfully cleared textbox
[DEBUG] 2023-07-04 14:10:08.837 Generic:212 - Successfully Visibility  ---->  Enter mobile number
[DEBUG] 2023-07-04 14:10:08.841 Generic:148 - Successfully cleared textbox
[DEBUG] 2023-07-04 14:10:09.038 Generic:201 - Successfully enter value ----> 9926438293
[DEBUG] 2023-07-04 14:10:11.715 Generic:212 - Successfully Visibility  ----> Continue
[DEBUG] 2023-07-04 14:10:12.787 Generic:135 - Successfully Clicked  ----> Continue
[DEBUG] 2023-07-04 14:10:15.001 Generic:212 - Successfully Visibility  ----> Verify with OTP
[DEBUG] 2023-07-04 14:10:21.136 Generic:212 - Successfully Visibility  ----> Verify
[DEBUG] 2023-07-04 14:10:21.696 Generic:135 - Successfully Clicked  ----> Verify
[DEBUG] 2023-07-04 14:10:23.893 Generic:212 - Successfully Visibility  ----> book service paid
[DEBUG] 2023-07-04 14:10:24.126 Generic:169 - Successfully Displaying ----> book service paid
[DEBUG] 2023-07-04 14:10:24.862 Generic:212 - Successfully Visibility  ----> book service paid
[DEBUG] 2023-07-04 14:10:25.365 Generic:135 - Successfully Clicked  ----> book service paid
[DEBUG] 2023-07-04 14:10:26.350 OtpTestCases:56 - Book service PAID vin selected
[DEBUG] 2023-07-04 14:10:34.686 Generic:212 - Successfully Visibility  ----> Continue
[DEBUG] 2023-07-04 14:10:35.569 Generic:135 - Successfully Clicked  ----> Continue
[DEBUG] 2023-07-04 14:10:39.096 Generic:212 - Successfully Visibility  ----> menu
[DEBUG] 2023-07-04 14:10:40.385 Generic:135 - Successfully Clicked  ----> menu
[DEBUG] 2023-07-04 14:10:43.747 Generic:212 - Successfully Visibility  ----> Logout
[DEBUG] 2023-07-04 14:10:45.708 Generic:135 - Successfully Clicked  ----> Logout
[DEBUG] 2023-07-04 14:11:19.270 Generic:215 - [1;31morg.openqa.selenium.TimeoutException: Expected condition failed: waiting for visibility of Located by By.chained({By.xpath: //XCUIElementTypeStaticText[@name="Logout"]}) (tried for 15 second(s) with 500 milliseconds interval)[0m
[DEBUG] 2023-07-04 14:12:19.572 MyListeners:56 - [1;31m[io.appium.java_client.pagefactory.AppiumElementLocator.findElement(AppiumElementLocator.java:126), io.appium.java_client.pagefactory.interceptors.InterceptorOfASingleElement.intercept(InterceptorOfASingleElement.java:59), io.appium.java_client.ios.IOSElement$$EnhancerByCGLIB$$d311658.getId(<generated>), org.openqa.selenium.remote.internal.WebElementToJsonConverter.apply(WebElementToJsonConverter.java:55), java.base/java.util.stream.ReferencePipeline$3$1.accept(ReferencePipeline.java:195), java.base/java.util.Spliterators$ArraySpliterator.forEachRemaining(Spliterators.java:948), java.base/java.util.stream.AbstractPipeline.copyInto(AbstractPipeline.java:484), java.base/java.util.stream.AbstractPipeline.wrapAndCopyInto(AbstractPipeline.java:474), java.base/java.util.stream.ReduceOps$ReduceOp.evaluateSequential(ReduceOps.java:913), java.base/java.util.stream.AbstractPipeline.evaluate(AbstractPipeline.java:234), java.base/java.util.stream.ReferencePipeline.collect(ReferencePipeline.java:578), org.openqa.selenium.remote.RemoteWebDriver.executeScript(RemoteWebDriver.java:484), com.oneapp.utils.Generic.clickOnWebElement(Generic.java:140), com.oneapp.test_suits.OtpTestCases.TC101_ValidOtpTestcase(OtpTestCases.java:78), java.base/jdk.internal.reflect.NativeMethodAccessorImpl.invoke0(Native Method), java.base/jdk.internal.reflect.NativeMethodAccessorImpl.invoke(NativeMethodAccessorImpl.java:62), java.base/jdk.internal.reflect.DelegatingMethodAccessorImpl.invoke(DelegatingMethodAccessorImpl.java:43), java.base/java.lang.reflect.Method.invoke(Method.java:566), org.testng.internal.invokers.MethodInvocationHelper.invokeMethod(MethodInvocationHelper.java:139), org.testng.internal.invokers.TestInvoker.invokeMethod(TestInvoker.java:664), org.testng.internal.invokers.TestInvoker.invokeTestMethod(TestInvoker.java:227), org.testng.internal.invokers.MethodRunner.runInSequence(MethodRunner.java:50), org.testng.internal.invokers.TestInvoker$MethodInvocationAgent.invoke(TestInvoker.java:957), org.testng.internal.invokers.TestInvoker.invokeTestMethods(TestInvoker.java:200), org.testng.internal.invokers.TestMethodWorker.invokeTestMethods(TestMethodWorker.java:148), org.testng.internal.invokers.TestMethodWorker.run(TestMethodWorker.java:128), java.base/java.util.ArrayList.forEach(ArrayList.java:1541), org.testng.TestRunner.privateRun(TestRunner.java:848), org.testng.TestRunner.run(TestRunner.java:621), org.testng.SuiteRunner.runTest(SuiteRunner.java:443), org.testng.SuiteRunner.runSequentially(SuiteRunner.java:437), org.testng.SuiteRunner.privateRun(SuiteRunner.java:397), org.testng.SuiteRunner.run(SuiteRunner.java:336), org.testng.SuiteRunnerWorker.runSuite(SuiteRunnerWorker.java:52), org.testng.SuiteRunnerWorker.run(SuiteRunnerWorker.java:95), org.testng.TestNG.runSuitesSequentially(TestNG.java:1280), org.testng.TestNG.runSuitesLocally(TestNG.java:1200), org.testng.TestNG.runSuites(TestNG.java:1114), org.testng.TestNG.run(TestNG.java:1082), org.testng.remote.AbstractRemoteTestNG.run(AbstractRemoteTestNG.java:115), org.testng.remote.RemoteTestNG.initAndRun(RemoteTestNG.java:251), org.testng.remote.RemoteTestNG.main(RemoteTestNG.java:77)][0m
[DEBUG] 2023-07-04 14:12:19.787 MyListeners:100 - [1;31mScreenshot stored at: /Users/gunjan/HeroApp1Copy/screenshots/TC101_ValidOtpTestcase__T_u_e_ _J_u_l_ _0_4_ _1_4___1_2___1_9_ _I_S_T_ _2_0_2_3_.png[0m
[DEBUG] 2023-07-04 14:12:19.789 MyListeners:72 - [1;31mTC101_VALIDOTPTESTCASE - FAILURE[0m
[DEBUG] 2023-07-04 14:12:19.799 BaseClass:232 - Session gets closed
[DEBUG] 2023-07-04 14:12:19.800 BaseClass:233 - ++++++++++++++++++++++++++++++++
[INFO ] 2023-07-04 14:49:54.006 BaseClass:194 - PLATFORM NAME IS --> iOS
[INFO ] 2023-07-04 14:49:54.008 BaseClass:196 - DEVICE NAME IS --> iPhone 13
[INFO ] 2023-07-04 14:49:54.008 BaseClass:198 - AUTOMATION NAME IS --> XCUITest
[INFO ] 2023-07-04 14:49:54.008 BaseClass:200 - UDID IS --> 00008110-001E24A20180401E
[DEBUG] 2023-07-04 14:49:54.008 BaseClass:205 - IOS Simulator gets opened
[DEBUG] 2023-07-04 14:50:04.850 BaseClass:219 - b7c6a79b-5fc1-4103-aad6-40ca22572650
[DEBUG] 2023-07-04 14:50:05.189 MyListeners:39 - [1;30mTC101_VALIDOTPTESTCASE - STARTS[0m
[DEBUG] 2023-07-04 14:50:05.810 Generic:212 - Successfully Visibility  ---->  Enter mobile number
[DEBUG] 2023-07-04 14:50:05.816 Generic:148 - Successfully cleared textbox
[DEBUG] 2023-07-04 14:50:06.553 Generic:212 - Successfully Visibility  ---->  Enter mobile number
[DEBUG] 2023-07-04 14:50:06.556 Generic:148 - Successfully cleared textbox
[DEBUG] 2023-07-04 14:50:06.741 Generic:201 - Successfully enter value ----> 9926438293
[DEBUG] 2023-07-04 14:50:09.072 Generic:212 - Successfully Visibility  ----> Continue
[DEBUG] 2023-07-04 14:50:09.628 Generic:135 - Successfully Clicked  ----> Continue
[DEBUG] 2023-07-04 14:50:11.562 Generic:212 - Successfully Visibility  ----> Verify with OTP
[DEBUG] 2023-07-04 14:50:16.860 MyListeners:47 - [1;32mTC101_VALIDOTPTESTCASE - PASSED[0m
[DEBUG] 2023-07-04 14:50:16.877 BaseClass:232 - Session gets closed
[DEBUG] 2023-07-04 14:50:16.878 BaseClass:233 - ++++++++++++++++++++++++++++++++
[INFO ] 2023-07-04 14:53:03.231 BaseClass:194 - PLATFORM NAME IS --> iOS
[INFO ] 2023-07-04 14:53:03.232 BaseClass:196 - DEVICE NAME IS --> iPhone 13
[INFO ] 2023-07-04 14:53:03.232 BaseClass:198 - AUTOMATION NAME IS --> XCUITest
[INFO ] 2023-07-04 14:53:03.233 BaseClass:200 - UDID IS --> 00008110-001E24A20180401E
[DEBUG] 2023-07-04 14:53:03.233 BaseClass:205 - IOS Simulator gets opened
[DEBUG] 2023-07-04 14:53:14.286 BaseClass:219 - 2ec24d78-c698-4967-b9c6-c19712e3c6f7
[DEBUG] 2023-07-04 14:53:14.619 MyListeners:39 - [1;30mTC101_VALIDOTPTESTCASE - STARTS[0m
[DEBUG] 2023-07-04 14:53:15.298 Generic:212 - Successfully Visibility  ---->  Enter mobile number
[DEBUG] 2023-07-04 14:53:15.305 Generic:148 - Successfully cleared textbox
[DEBUG] 2023-07-04 14:53:16.071 Generic:212 - Successfully Visibility  ---->  Enter mobile number
[DEBUG] 2023-07-04 14:53:16.075 Generic:148 - Successfully cleared textbox
[DEBUG] 2023-07-04 14:53:16.302 Generic:201 - Successfully enter value ----> 9926438293
[DEBUG] 2023-07-04 14:53:19.060 Generic:212 - Successfully Visibility  ----> Continue
[DEBUG] 2023-07-04 14:53:20.156 Generic:135 - Successfully Clicked  ----> Continue
[DEBUG] 2023-07-04 14:53:22.262 Generic:212 - Successfully Visibility  ----> Verify with OTP
[DEBUG] 2023-07-04 14:53:28.415 Generic:212 - Successfully Visibility  ----> Verify
[DEBUG] 2023-07-04 14:53:29.016 Generic:135 - Successfully Clicked  ----> Verify
[DEBUG] 2023-07-04 14:53:31.153 Generic:212 - Successfully Visibility  ----> book service paid
[DEBUG] 2023-07-04 14:53:31.437 Generic:169 - Successfully Displaying ----> book service paid
[DEBUG] 2023-07-04 14:53:32.656 Generic:212 - Successfully Visibility  ----> book service paid
[DEBUG] 2023-07-04 14:53:33.321 Generic:135 - Successfully Clicked  ----> book service paid
[DEBUG] 2023-07-04 14:53:35.317 Generic:212 - Successfully Visibility  ----> Save
[DEBUG] 2023-07-04 14:53:36.317 Generic:135 - Successfully Clicked  ----> Save
[DEBUG] 2023-07-04 14:53:37.279 OtpTestCases:74 - Book service PAID vin selected
[DEBUG] 2023-07-04 14:53:38.243 Generic:212 - Successfully Visibility  ----> Continue
[DEBUG] 2023-07-04 14:53:39.182 Generic:135 - Successfully Clicked  ----> Continue
[DEBUG] 2023-07-04 14:54:10.206 Generic:215 - [1;31morg.openqa.selenium.TimeoutException: Expected condition failed: waiting for visibility of Located by By.chained({By.xpath: //XCUIElementTypeButton[@name="menu"]}) (tried for 15 second(s) with 500 milliseconds interval)[0m
[INFO ] 2023-07-04 17:25:08.838 BaseClass:194 - PLATFORM NAME IS --> iOS
[INFO ] 2023-07-04 17:25:08.839 BaseClass:196 - DEVICE NAME IS --> iPhone 13
[INFO ] 2023-07-04 17:25:08.840 BaseClass:198 - AUTOMATION NAME IS --> XCUITest
[INFO ] 2023-07-04 17:25:08.840 BaseClass:200 - UDID IS --> 00008110-001E24A20180401E
[DEBUG] 2023-07-04 17:25:08.841 BaseClass:205 - IOS Simulator gets opened
[DEBUG] 2023-07-04 17:25:36.653 BaseClass:219 - dd0835ba-de9e-404d-b33b-e3cbf995b9f8
[DEBUG] 2023-07-04 17:25:37.105 MyListeners:39 - [1;30mTC101_VALIDOTPTESTCASE - STARTS[0m
[DEBUG] 2023-07-04 17:25:40.141 Generic:212 - Successfully Visibility  ---->  Enter mobile number
[DEBUG] 2023-07-04 17:25:40.148 Generic:148 - Successfully cleared textbox
[DEBUG] 2023-07-04 17:25:40.968 Generic:212 - Successfully Visibility  ---->  Enter mobile number
[DEBUG] 2023-07-04 17:25:40.972 Generic:148 - Successfully cleared textbox
[DEBUG] 2023-07-04 17:25:41.205 Generic:201 - Successfully enter value ----> 9926438293
[DEBUG] 2023-07-04 17:25:43.384 Generic:212 - Successfully Visibility  ----> Continue
[DEBUG] 2023-07-04 17:25:44.509 Generic:135 - Successfully Clicked  ----> Continue
[DEBUG] 2023-07-04 17:25:46.580 Generic:212 - Successfully Visibility  ----> Verify with OTP
[DEBUG] 2023-07-04 17:25:52.570 Generic:212 - Successfully Visibility  ----> Verify
[DEBUG] 2023-07-04 17:25:53.087 Generic:135 - Successfully Clicked  ----> Verify
[DEBUG] 2023-07-04 17:25:54.951 Generic:212 - Successfully Visibility  ----> book service paid
[DEBUG] 2023-07-04 17:25:55.128 Generic:169 - Successfully Displaying ----> book service paid
[DEBUG] 2023-07-04 17:25:56.182 Generic:212 - Successfully Visibility  ----> book service paid
[DEBUG] 2023-07-04 17:25:56.682 Generic:135 - Successfully Clicked  ----> book service paid
[DEBUG] 2023-07-04 17:25:58.549 Generic:212 - Successfully Visibility  ----> Save
[DEBUG] 2023-07-04 17:25:59.556 Generic:135 - Successfully Clicked  ----> Save
[DEBUG] 2023-07-04 17:26:00.533 OtpTestCases:74 - Book service PAID vin selected
[DEBUG] 2023-07-04 17:26:01.541 Generic:212 - Successfully Visibility  ----> Continue
[DEBUG] 2023-07-04 17:26:02.455 Generic:135 - Successfully Clicked  ----> Continue
[DEBUG] 2023-07-04 17:26:06.499 Generic:212 - Successfully Visibility  ----> menu
[DEBUG] 2023-07-04 17:26:07.708 Generic:135 - Successfully Clicked  ----> menu
[DEBUG] 2023-07-04 17:26:11.043 Generic:212 - Successfully Visibility  ----> Logout
[DEBUG] 2023-07-04 17:26:12.734 Generic:135 - Successfully Clicked  ----> Logout
[DEBUG] 2023-07-04 17:26:17.079 Generic:215 - [1;31morg.openqa.selenium.StaleElementReferenceException: The previously found element "Button" is not present in the current view anymore. Make sure the application UI has the expected state. Original error: No matches found for Elements matching predicate 'fb_uid IN {"CB030000-0000-0000-F60F-000000000000"}' from input {(
    Button, Selected,
    Button,
    Button,
    Button,
    Button,
    Button,
    Button,
    Button,
    Button,
    Button,
    Button,
    Button,
    Button,
    Button, Disabled
)}
For documentation on this error, please visit: https://www.seleniumhq.org/exceptions/stale_element_reference.html
Build info: version: '3.141.59', revision: 'e82be7d358', time: '2018-11-14T08:17:03'
System info: host: 'Gunjans-MacBook-Pro.local', ip: 'fe80:0:0:0:1cdb:df33:342b:9183%en0', os.name: 'Mac OS X', os.arch: 'aarch64', os.version: '13.2.1', java.version: '11.0.18'
Driver info: io.appium.java_client.ios.IOSDriver
Capabilities {autoAcceptAlerts: true, automationName: XCUITest, browserName: , bundleId: com.customerapp.hero, databaseEnabled: false, deviceName: iPhone 13, javascriptEnabled: true, locationContextEnabled: false, networkConnectionEnabled: false, noReset: true, platform: MAC, platformName: iOS, takesScreenshot: true, udid: 00008110-001E24A20180401E, webStorageEnabled: false}
Session ID: dd0835ba-de9e-404d-b33b-e3cbf995b9f8[0m
[DEBUG] 2023-07-04 17:27:17.461 MyListeners:56 - [1;31m[io.appium.java_client.pagefactory.AppiumElementLocator.findElement(AppiumElementLocator.java:126), io.appium.java_client.pagefactory.interceptors.InterceptorOfASingleElement.intercept(InterceptorOfASingleElement.java:59), io.appium.java_client.ios.IOSElement$$EnhancerByCGLIB$$d311658.getId(<generated>), org.openqa.selenium.remote.internal.WebElementToJsonConverter.apply(WebElementToJsonConverter.java:55), java.base/java.util.stream.ReferencePipeline$3$1.accept(ReferencePipeline.java:195), java.base/java.util.Spliterators$ArraySpliterator.forEachRemaining(Spliterators.java:948), java.base/java.util.stream.AbstractPipeline.copyInto(AbstractPipeline.java:484), java.base/java.util.stream.AbstractPipeline.wrapAndCopyInto(AbstractPipeline.java:474), java.base/java.util.stream.ReduceOps$ReduceOp.evaluateSequential(ReduceOps.java:913), java.base/java.util.stream.AbstractPipeline.evaluate(AbstractPipeline.java:234), java.base/java.util.stream.ReferencePipeline.collect(ReferencePipeline.java:578), org.openqa.selenium.remote.RemoteWebDriver.executeScript(RemoteWebDriver.java:484), com.oneapp.utils.Generic.clickOnWebElement(Generic.java:140), com.oneapp.test_suits.OtpTestCases.TC101_ValidOtpTestcase(OtpTestCases.java:99), java.base/jdk.internal.reflect.NativeMethodAccessorImpl.invoke0(Native Method), java.base/jdk.internal.reflect.NativeMethodAccessorImpl.invoke(NativeMethodAccessorImpl.java:62), java.base/jdk.internal.reflect.DelegatingMethodAccessorImpl.invoke(DelegatingMethodAccessorImpl.java:43), java.base/java.lang.reflect.Method.invoke(Method.java:566), org.testng.internal.invokers.MethodInvocationHelper.invokeMethod(MethodInvocationHelper.java:139), org.testng.internal.invokers.TestInvoker.invokeMethod(TestInvoker.java:664), org.testng.internal.invokers.TestInvoker.invokeTestMethod(TestInvoker.java:227), org.testng.internal.invokers.MethodRunner.runInSequence(MethodRunner.java:50), org.testng.internal.invokers.TestInvoker$MethodInvocationAgent.invoke(TestInvoker.java:957), org.testng.internal.invokers.TestInvoker.invokeTestMethods(TestInvoker.java:200), org.testng.internal.invokers.TestMethodWorker.invokeTestMethods(TestMethodWorker.java:148), org.testng.internal.invokers.TestMethodWorker.run(TestMethodWorker.java:128), java.base/java.util.ArrayList.forEach(ArrayList.java:1541), org.testng.TestRunner.privateRun(TestRunner.java:848), org.testng.TestRunner.run(TestRunner.java:621), org.testng.SuiteRunner.runTest(SuiteRunner.java:443), org.testng.SuiteRunner.runSequentially(SuiteRunner.java:437), org.testng.SuiteRunner.privateRun(SuiteRunner.java:397), org.testng.SuiteRunner.run(SuiteRunner.java:336), org.testng.SuiteRunnerWorker.runSuite(SuiteRunnerWorker.java:52), org.testng.SuiteRunnerWorker.run(SuiteRunnerWorker.java:95), org.testng.TestNG.runSuitesSequentially(TestNG.java:1280), org.testng.TestNG.runSuitesLocally(TestNG.java:1200), org.testng.TestNG.runSuites(TestNG.java:1114), org.testng.TestNG.run(TestNG.java:1082), org.testng.remote.AbstractRemoteTestNG.run(AbstractRemoteTestNG.java:115), org.testng.remote.RemoteTestNG.initAndRun(RemoteTestNG.java:251), org.testng.remote.RemoteTestNG.main(RemoteTestNG.java:77)][0m
[DEBUG] 2023-07-04 17:27:17.661 MyListeners:100 - [1;31mScreenshot stored at: /Users/gunjan/HeroApp1Copy/screenshots/TC101_ValidOtpTestcase__T_u_e_ _J_u_l_ _0_4_ _1_7___2_7___1_7_ _I_S_T_ _2_0_2_3_.png[0m
[DEBUG] 2023-07-04 17:27:17.664 MyListeners:72 - [1;31mTC101_VALIDOTPTESTCASE - FAILURE[0m
[DEBUG] 2023-07-04 17:27:17.677 BaseClass:232 - Session gets closed
[DEBUG] 2023-07-04 17:27:17.677 BaseClass:233 - ++++++++++++++++++++++++++++++++
[INFO ] 2023-07-04 17:31:44.507 BaseClass:194 - PLATFORM NAME IS --> iOS
[INFO ] 2023-07-04 17:31:44.508 BaseClass:196 - DEVICE NAME IS --> iPhone 13
[INFO ] 2023-07-04 17:31:44.509 BaseClass:198 - AUTOMATION NAME IS --> XCUITest
[INFO ] 2023-07-04 17:31:44.509 BaseClass:200 - UDID IS --> 00008110-001E24A20180401E
[DEBUG] 2023-07-04 17:31:44.509 BaseClass:205 - IOS Simulator gets opened
[DEBUG] 2023-07-04 17:31:56.012 BaseClass:219 - 56e46422-d158-45b4-a6fb-8357b714187c
[DEBUG] 2023-07-04 17:31:56.347 MyListeners:39 - [1;30mTC101_VALIDOTPTESTCASE - STARTS[0m
[DEBUG] 2023-07-04 17:31:56.971 Generic:212 - Successfully Visibility  ---->  Enter mobile number
[DEBUG] 2023-07-04 17:31:56.978 Generic:148 - Successfully cleared textbox
[DEBUG] 2023-07-04 17:31:57.756 Generic:212 - Successfully Visibility  ---->  Enter mobile number
[DEBUG] 2023-07-04 17:31:57.761 Generic:148 - Successfully cleared textbox
[DEBUG] 2023-07-04 17:31:57.958 Generic:201 - Successfully enter value ----> 9926438293
[DEBUG] 2023-07-04 17:32:00.698 Generic:212 - Successfully Visibility  ----> Continue
[DEBUG] 2023-07-04 17:32:01.797 Generic:135 - Successfully Clicked  ----> Continue
[DEBUG] 2023-07-04 17:32:03.937 Generic:212 - Successfully Visibility  ----> Verify with OTP
[DEBUG] 2023-07-04 17:32:10.113 Generic:212 - Successfully Visibility  ----> Verify
[DEBUG] 2023-07-04 17:32:10.669 Generic:135 - Successfully Clicked  ----> Verify
[DEBUG] 2023-07-04 17:32:12.555 Generic:212 - Successfully Visibility  ----> book service paid
[DEBUG] 2023-07-04 17:32:12.710 Generic:169 - Successfully Displaying ----> book service paid
[DEBUG] 2023-07-04 17:32:13.325 Generic:212 - Successfully Visibility  ----> book service paid
[DEBUG] 2023-07-04 17:32:13.782 Generic:135 - Successfully Clicked  ----> book service paid
[DEBUG] 2023-07-04 17:32:15.846 Generic:212 - Successfully Visibility  ----> Save
[DEBUG] 2023-07-04 17:32:16.821 Generic:135 - Successfully Clicked  ----> Save
[DEBUG] 2023-07-04 17:32:18.037 OtpTestCases:74 - Book service PAID vin selected
[DEBUG] 2023-07-04 17:32:18.988 Generic:212 - Successfully Visibility  ----> Continue
[DEBUG] 2023-07-04 17:32:19.926 Generic:135 - Successfully Clicked  ----> Continue
[DEBUG] 2023-07-04 17:32:22.984 Generic:212 - Successfully Visibility  ----> menu
[DEBUG] 2023-07-04 17:32:24.042 Generic:135 - Successfully Clicked  ----> menu
[DEBUG] 2023-07-04 17:32:26.596 Generic:212 - Successfully Visibility  ----> Logout
[DEBUG] 2023-07-04 17:32:28.432 Generic:135 - Successfully Clicked  ----> Logout
[DEBUG] 2023-07-04 17:33:00.621 Generic:215 - [1;31morg.openqa.selenium.NoSuchElementException: Can't locate an element by this strategy: By.chained({By.xpath: (//XCUIElementTypeStaticText[@name="Are you sure you want to logout?"]/parent::XCUIElementTypeOther/parent::XCUIElementTypeScrollView/following-sibling::XCUIElementTypeScrollView//XCUIElementTypeButton)[2]})[0m
[DEBUG] 2023-07-04 17:34:00.823 OtpTestCases:104 - [1;31morg.openqa.selenium.NoSuchElementException: Can't locate an element by this strategy: By.chained({By.xpath: (//XCUIElementTypeStaticText[@name="Are you sure you want to logout?"]/parent::XCUIElementTypeOther/parent::XCUIElementTypeScrollView/following-sibling::XCUIElementTypeScrollView//XCUIElementTypeButton)[2]})[0m
[DEBUG] 2023-07-04 17:34:01.436 Generic:212 - Successfully Visibility  ----> Login
[DEBUG] 2023-07-04 17:34:01.689 MyListeners:47 - [1;32mTC101_VALIDOTPTESTCASE - PASSED[0m
[DEBUG] 2023-07-04 17:34:01.706 BaseClass:232 - Session gets closed
[DEBUG] 2023-07-04 17:34:01.706 BaseClass:233 - ++++++++++++++++++++++++++++++++
[INFO ] 2023-07-04 17:43:33.094 BaseClass:194 - PLATFORM NAME IS --> iOS
[INFO ] 2023-07-04 17:43:33.095 BaseClass:196 - DEVICE NAME IS --> iPhone 13
[INFO ] 2023-07-04 17:43:33.095 BaseClass:198 - AUTOMATION NAME IS --> XCUITest
[INFO ] 2023-07-04 17:43:33.096 BaseClass:200 - UDID IS --> 00008110-001E24A20180401E
[DEBUG] 2023-07-04 17:43:33.096 BaseClass:205 - IOS Simulator gets opened
[DEBUG] 2023-07-04 17:43:44.005 BaseClass:219 - b73fa128-cc5c-498b-8cea-ed87da419999
[DEBUG] 2023-07-04 17:43:44.341 MyListeners:39 - [1;30mTC101_VALIDOTPTESTCASE - STARTS[0m
[DEBUG] 2023-07-04 17:43:45.001 Generic:212 - Successfully Visibility  ---->  Enter mobile number
[DEBUG] 2023-07-04 17:43:45.008 Generic:148 - Successfully cleared textbox
[DEBUG] 2023-07-04 17:43:45.832 Generic:212 - Successfully Visibility  ---->  Enter mobile number
[DEBUG] 2023-07-04 17:43:45.837 Generic:148 - Successfully cleared textbox
[DEBUG] 2023-07-04 17:43:46.002 Generic:201 - Successfully enter value ----> 9926438293
[DEBUG] 2023-07-04 17:43:48.754 Generic:212 - Successfully Visibility  ----> Continue
[DEBUG] 2023-07-04 17:43:49.807 Generic:135 - Successfully Clicked  ----> Continue
[DEBUG] 2023-07-04 17:43:51.985 Generic:212 - Successfully Visibility  ----> Verify with OTP
[DEBUG] 2023-07-04 17:43:58.173 Generic:212 - Successfully Visibility  ----> Verify
[DEBUG] 2023-07-04 17:43:58.748 Generic:135 - Successfully Clicked  ----> Verify
[DEBUG] 2023-07-04 17:44:00.724 Generic:212 - Successfully Visibility  ----> book service paid
[DEBUG] 2023-07-04 17:44:00.873 Generic:169 - Successfully Displaying ----> book service paid
[DEBUG] 2023-07-04 17:44:01.476 Generic:212 - Successfully Visibility  ----> book service paid
[DEBUG] 2023-07-04 17:44:02.026 Generic:135 - Successfully Clicked  ----> book service paid
[DEBUG] 2023-07-04 17:44:03.922 Generic:212 - Successfully Visibility  ----> Save
[DEBUG] 2023-07-04 17:44:04.626 Generic:135 - Successfully Clicked  ----> Save
[DEBUG] 2023-07-04 17:44:05.434 OtpTestCases:74 - Book service PAID vin selected
[DEBUG] 2023-07-04 17:44:06.388 Generic:212 - Successfully Visibility  ----> Continue
[DEBUG] 2023-07-04 17:44:07.253 Generic:135 - Successfully Clicked  ----> Continue
[DEBUG] 2023-07-04 17:44:10.599 Generic:212 - Successfully Visibility  ----> menu
[DEBUG] 2023-07-04 17:44:11.988 Generic:135 - Successfully Clicked  ----> menu
[DEBUG] 2023-07-04 17:44:15.098 Generic:212 - Successfully Visibility  ----> Logout
[DEBUG] 2023-07-04 17:44:16.842 Generic:135 - Successfully Clicked  ----> Logout
[DEBUG] 2023-07-04 17:44:19.919 Generic:215 - [1;31morg.openqa.selenium.StaleElementReferenceException: The previously found element "Button" is not present in the current view anymore. Make sure the application UI has the expected state. Original error: No matches found for Elements matching predicate 'fb_uid IN {"F4010000-0000-0000-3B10-000000000000"}' from input {(
    Button, Selected,
    Button,
    Button,
    Button,
    Button,
    Button,
    Button,
    Button,
    Button,
    Button,
    Button,
    Button,
    Button,
    Button, Disabled
)}
For documentation on this error, please visit: https://www.seleniumhq.org/exceptions/stale_element_reference.html
Build info: version: '3.141.59', revision: 'e82be7d358', time: '2018-11-14T08:17:03'
System info: host: 'Gunjans-MacBook-Pro.local', ip: 'fe80:0:0:0:1cdb:df33:342b:9183%en0', os.name: 'Mac OS X', os.arch: 'aarch64', os.version: '13.2.1', java.version: '11.0.18'
Driver info: io.appium.java_client.ios.IOSDriver
Capabilities {autoAcceptAlerts: true, automationName: XCUITest, browserName: , bundleId: com.customerapp.hero, databaseEnabled: false, deviceName: iPhone 13, javascriptEnabled: true, locationContextEnabled: false, networkConnectionEnabled: false, noReset: true, platform: MAC, platformName: iOS, takesScreenshot: true, udid: 00008110-001E24A20180401E, webStorageEnabled: false}
Session ID: b73fa128-cc5c-498b-8cea-ed87da419999[0m
[DEBUG] 2023-07-04 17:45:20.126 OtpTestCases:103 - [1;31morg.openqa.selenium.NoSuchElementException: Can't locate an element by this strategy: By.chained({By.xpath: (//XCUIElementTypeStaticText[@name="Are you sure you want to logout?"]/parent::XCUIElementTypeOther/parent::XCUIElementTypeScrollView/following-sibling::XCUIElementTypeScrollView//XCUIElementTypeButton)[2]})[0m
[DEBUG] 2023-07-04 17:45:20.734 Generic:212 - Successfully Visibility  ----> Login
[DEBUG] 2023-07-04 17:45:20.915 MyListeners:47 - [1;32mTC101_VALIDOTPTESTCASE - PASSED[0m
[DEBUG] 2023-07-04 17:45:20.925 BaseClass:232 - Session gets closed
[DEBUG] 2023-07-04 17:45:20.925 BaseClass:233 - ++++++++++++++++++++++++++++++++
[INFO ] 2023-07-04 17:46:22.269 BaseClass:194 - PLATFORM NAME IS --> iOS
[INFO ] 2023-07-04 17:46:22.270 BaseClass:196 - DEVICE NAME IS --> iPhone 13
[INFO ] 2023-07-04 17:46:22.270 BaseClass:198 - AUTOMATION NAME IS --> XCUITest
[INFO ] 2023-07-04 17:46:22.270 BaseClass:200 - UDID IS --> 00008110-001E24A20180401E
[DEBUG] 2023-07-04 17:46:22.271 BaseClass:205 - IOS Simulator gets opened
[DEBUG] 2023-07-04 17:46:31.354 BaseClass:219 - 1a9e4f6d-6bd5-43de-8507-86d0da4b4d56
[DEBUG] 2023-07-04 17:46:31.690 MyListeners:39 - [1;30mTC101_VALIDOTPTESTCASE - STARTS[0m
[DEBUG] 2023-07-04 17:46:32.392 Generic:212 - Successfully Visibility  ---->  Enter mobile number
[DEBUG] 2023-07-04 17:46:32.398 Generic:148 - Successfully cleared textbox
[DEBUG] 2023-07-04 17:46:33.227 Generic:212 - Successfully Visibility  ---->  Enter mobile number
[DEBUG] 2023-07-04 17:46:33.231 Generic:148 - Successfully cleared textbox
[DEBUG] 2023-07-04 17:46:33.452 Generic:201 - Successfully enter value ----> 9926438293
[DEBUG] 2023-07-04 17:46:36.197 Generic:212 - Successfully Visibility  ----> Continue
[DEBUG] 2023-07-04 17:46:37.288 Generic:135 - Successfully Clicked  ----> Continue
[DEBUG] 2023-07-04 17:46:39.498 Generic:212 - Successfully Visibility  ----> Verify with OTP
[DEBUG] 2023-07-04 17:46:45.596 Generic:212 - Successfully Visibility  ----> Verify
[DEBUG] 2023-07-04 17:46:46.122 Generic:135 - Successfully Clicked  ----> Verify
[DEBUG] 2023-07-04 17:46:48.512 Generic:212 - Successfully Visibility  ----> book service paid
[DEBUG] 2023-07-04 17:46:48.807 Generic:169 - Successfully Displaying ----> book service paid
[DEBUG] 2023-07-04 17:46:49.641 Generic:212 - Successfully Visibility  ----> book service paid
[DEBUG] 2023-07-04 17:46:50.159 Generic:135 - Successfully Clicked  ----> book service paid
[DEBUG] 2023-07-04 17:46:52.305 Generic:212 - Successfully Visibility  ----> Save
[DEBUG] 2023-07-04 17:46:53.338 Generic:135 - Successfully Clicked  ----> Save
[DEBUG] 2023-07-04 17:46:54.376 OtpTestCases:74 - Book service PAID vin selected
[DEBUG] 2023-07-04 17:46:55.337 Generic:212 - Successfully Visibility  ----> Continue
[DEBUG] 2023-07-04 17:46:56.246 Generic:135 - Successfully Clicked  ----> Continue
[DEBUG] 2023-07-04 17:46:59.585 Generic:212 - Successfully Visibility  ----> menu
[DEBUG] 2023-07-04 17:47:00.989 Generic:135 - Successfully Clicked  ----> menu
[DEBUG] 2023-07-04 17:47:04.430 Generic:212 - Successfully Visibility  ----> Logout
[DEBUG] 2023-07-04 17:47:06.402 Generic:135 - Successfully Clicked  ----> Logout
[DEBUG] 2023-07-04 17:47:09.508 Generic:215 - [1;31morg.openqa.selenium.StaleElementReferenceException: The previously found element "Button" is not present in the current view anymore. Make sure the application UI has the expected state. Original error: No matches found for Elements matching predicate 'fb_uid IN {"DE030000-0000-0000-3B10-000000000000"}' from input {(
    Button, Selected,
    Button,
    Button,
    Button,
    Button,
    Button,
    Button,
    Button,
    Button,
    Button,
    Button,
    Button,
    Button,
    Button, Disabled
)}
For documentation on this error, please visit: https://www.seleniumhq.org/exceptions/stale_element_reference.html
Build info: version: '3.141.59', revision: 'e82be7d358', time: '2018-11-14T08:17:03'
System info: host: 'Gunjans-MacBook-Pro.local', ip: 'fe80:0:0:0:1cdb:df33:342b:9183%en0', os.name: 'Mac OS X', os.arch: 'aarch64', os.version: '13.2.1', java.version: '11.0.18'
Driver info: io.appium.java_client.ios.IOSDriver
Capabilities {autoAcceptAlerts: true, automationName: XCUITest, browserName: , bundleId: com.customerapp.hero, databaseEnabled: false, deviceName: iPhone 13, javascriptEnabled: true, locationContextEnabled: false, networkConnectionEnabled: false, noReset: true, platform: MAC, platformName: iOS, takesScreenshot: true, udid: 00008110-001E24A20180401E, webStorageEnabled: false}
Session ID: 1a9e4f6d-6bd5-43de-8507-86d0da4b4d56[0m
[DEBUG] 2023-07-04 17:48:09.906 OtpTestCases:103 - [1;31morg.openqa.selenium.NoSuchElementException: Can't locate an element by this strategy: By.chained({By.xpath: (//XCUIElementTypeStaticText[@name="Are you sure you want to logout?"]/parent::XCUIElementTypeOther/parent::XCUIElementTypeScrollView/following-sibling::XCUIElementTypeScrollView//XCUIElementTypeButton)[2]})[0m
[DEBUG] 2023-07-04 17:48:10.550 Generic:212 - Successfully Visibility  ----> Login
[DEBUG] 2023-07-04 17:48:10.760 MyListeners:47 - [1;32mTC101_VALIDOTPTESTCASE - PASSED[0m
[DEBUG] 2023-07-04 17:48:10.803 MyListeners:39 - [1;30mTC102_INVALIDOTPTESTCASE - STARTS[0m
[DEBUG] 2023-07-04 17:48:11.532 Generic:212 - Successfully Visibility  ---->  Enter mobile number
[DEBUG] 2023-07-04 17:48:11.536 Generic:148 - Successfully cleared textbox
[DEBUG] 2023-07-04 17:48:12.345 Generic:212 - Successfully Visibility  ---->  Enter mobile number
[DEBUG] 2023-07-04 17:48:12.350 Generic:148 - Successfully cleared textbox
[DEBUG] 2023-07-04 17:48:12.555 Generic:201 - Successfully enter value ----> 9926438293
[DEBUG] 2023-07-04 17:48:15.226 Generic:212 - Successfully Visibility  ----> Continue
[DEBUG] 2023-07-04 17:48:16.447 Generic:135 - Successfully Clicked  ----> Continue
[DEBUG] 2023-07-04 17:48:18.737 Generic:212 - Successfully Visibility  ----> Verify with OTP
[DEBUG] 2023-07-04 17:48:24.916 Generic:212 - Successfully Visibility  ----> Verify
[DEBUG] 2023-07-04 17:48:25.558 Generic:135 - Successfully Clicked  ----> Verify
[DEBUG] 2023-07-04 17:48:27.272 Generic:212 - Successfully Visibility  ----> Verify with OTP
[DEBUG] 2023-07-04 17:48:27.502 MyListeners:47 - [1;32mTC102_INVALIDOTPTESTCASE - PASSED[0m
[DEBUG] 2023-07-04 17:48:27.548 MyListeners:39 - [1;30mTC103_RESENDLINKTESTCASE - STARTS[0m
[DEBUG] 2023-07-04 17:48:49.674 Generic:212 - Successfully Visibility  ----> Resend
[DEBUG] 2023-07-04 17:48:50.249 Generic:135 - Successfully Clicked  ----> Resend
[DEBUG] 2023-07-04 17:48:57.159 Generic:212 - Successfully Visibility  ----> Verify
[DEBUG] 2023-07-04 17:48:57.776 Generic:135 - Successfully Clicked  ----> Verify
[DEBUG] 2023-07-04 17:48:59.931 Generic:212 - Successfully Visibility  ----> book service paid
[DEBUG] 2023-07-04 17:49:00.125 Generic:169 - Successfully Displaying ----> book service paid
[DEBUG] 2023-07-04 17:49:00.830 Generic:212 - Successfully Visibility  ----> book service paid
[DEBUG] 2023-07-04 17:49:01.321 Generic:135 - Successfully Clicked  ----> book service paid
[DEBUG] 2023-07-04 17:49:02.987 Generic:212 - Successfully Visibility  ----> Save
[DEBUG] 2023-07-04 17:49:03.997 Generic:135 - Successfully Clicked  ----> Save
[DEBUG] 2023-07-04 17:49:05.064 OtpTestCases:197 - Book service PAID vin selected
[DEBUG] 2023-07-04 17:49:06.083 Generic:212 - Successfully Visibility  ----> Continue
[DEBUG] 2023-07-04 17:49:06.999 Generic:135 - Successfully Clicked  ----> Continue
[DEBUG] 2023-07-04 17:49:11.045 Generic:212 - Successfully Visibility  ----> menu
[DEBUG] 2023-07-04 17:49:12.387 Generic:135 - Successfully Clicked  ----> menu
[DEBUG] 2023-07-04 17:49:15.441 Generic:212 - Successfully Visibility  ----> Logout
[DEBUG] 2023-07-04 17:49:17.399 Generic:135 - Successfully Clicked  ----> Logout
[DEBUG] 2023-07-04 17:49:22.122 Generic:215 - [1;31morg.openqa.selenium.StaleElementReferenceException: The previously found element "Button" is not present in the current view anymore. Make sure the application UI has the expected state. Original error: No matches found for Elements matching predicate 'fb_uid IN {"5C060000-0000-0000-3B10-000000000000"}' from input {(
    Button, Selected,
    Button,
    Button,
    Button,
    Button,
    Button,
    Button,
    Button,
    Button,
    Button,
    Button,
    Button,
    Button,
    Button, Disabled
)}
For documentation on this error, please visit: https://www.seleniumhq.org/exceptions/stale_element_reference.html
Build info: version: '3.141.59', revision: 'e82be7d358', time: '2018-11-14T08:17:03'
System info: host: 'Gunjans-MacBook-Pro.local', ip: 'fe80:0:0:0:1cdb:df33:342b:9183%en0', os.name: 'Mac OS X', os.arch: 'aarch64', os.version: '13.2.1', java.version: '11.0.18'
Driver info: io.appium.java_client.ios.IOSDriver
Capabilities {autoAcceptAlerts: true, automationName: XCUITest, browserName: , bundleId: com.customerapp.hero, databaseEnabled: false, deviceName: iPhone 13, javascriptEnabled: true, locationContextEnabled: false, networkConnectionEnabled: false, noReset: true, platform: MAC, platformName: iOS, takesScreenshot: true, udid: 00008110-001E24A20180401E, webStorageEnabled: false}
Session ID: 1a9e4f6d-6bd5-43de-8507-86d0da4b4d56[0m
[DEBUG] 2023-07-04 17:50:22.331 OtpTestCases:226 - [1;31morg.openqa.selenium.NoSuchElementException: Can't locate an element by this strategy: By.chained({By.xpath: (//XCUIElementTypeStaticText[@name="Are you sure you want to logout?"]/parent::XCUIElementTypeOther/parent::XCUIElementTypeScrollView/following-sibling::XCUIElementTypeScrollView//XCUIElementTypeButton)[2]})[0m
[DEBUG] 2023-07-04 17:50:22.946 Generic:212 - Successfully Visibility  ----> Login
[DEBUG] 2023-07-04 17:50:23.151 MyListeners:47 - [1;32mTC103_RESENDLINKTESTCASE - PASSED[0m
[DEBUG] 2023-07-04 17:50:23.160 BaseClass:232 - Session gets closed
[DEBUG] 2023-07-04 17:50:23.161 BaseClass:233 - ++++++++++++++++++++++++++++++++
[INFO ] 2023-07-04 17:57:32.064 BaseClass:194 - PLATFORM NAME IS --> iOS
[INFO ] 2023-07-04 17:57:32.065 BaseClass:196 - DEVICE NAME IS --> iPhone 13
[INFO ] 2023-07-04 17:57:32.065 BaseClass:198 - AUTOMATION NAME IS --> XCUITest
[INFO ] 2023-07-04 17:57:32.066 BaseClass:200 - UDID IS --> 00008110-001E24A20180401E
[DEBUG] 2023-07-04 17:57:32.066 BaseClass:205 - IOS Simulator gets opened
[DEBUG] 2023-07-04 17:57:41.806 BaseClass:219 - ec06798b-dfd3-4e76-b9c1-ad8de74b17fe
[DEBUG] 2023-07-04 17:57:42.153 MyListeners:39 - [1;30mTC101_VALIDOTPTESTCASE - STARTS[0m
[DEBUG] 2023-07-04 17:57:42.911 Generic:212 - Successfully Visibility  ---->  Enter mobile number
[DEBUG] 2023-07-04 17:57:42.918 Generic:148 - Successfully cleared textbox
[DEBUG] 2023-07-04 17:57:43.802 Generic:212 - Successfully Visibility  ---->  Enter mobile number
[DEBUG] 2023-07-04 17:57:43.807 Generic:148 - Successfully cleared textbox
[DEBUG] 2023-07-04 17:57:44.065 Generic:201 - Successfully enter value ----> 9926438293
[DEBUG] 2023-07-04 17:57:46.723 Generic:212 - Successfully Visibility  ----> Continue
[DEBUG] 2023-07-04 17:57:47.774 Generic:135 - Successfully Clicked  ----> Continue
[DEBUG] 2023-07-04 17:57:49.535 Generic:212 - Successfully Visibility  ----> Verify with OTP
[DEBUG] 2023-07-04 17:57:55.783 Generic:212 - Successfully Visibility  ----> Verify
[DEBUG] 2023-07-04 17:57:56.377 Generic:135 - Successfully Clicked  ----> Verify
[DEBUG] 2023-07-04 17:57:58.339 Generic:212 - Successfully Visibility  ----> book service paid
[DEBUG] 2023-07-04 17:57:58.496 Generic:169 - Successfully Displaying ----> book service paid
[DEBUG] 2023-07-04 17:57:59.116 Generic:212 - Successfully Visibility  ----> book service paid
[DEBUG] 2023-07-04 17:57:59.570 Generic:135 - Successfully Clicked  ----> book service paid
[DEBUG] 2023-07-04 17:58:01.665 Generic:212 - Successfully Visibility  ----> Save
[DEBUG] 2023-07-04 17:58:02.804 Generic:135 - Successfully Clicked  ----> Save
[DEBUG] 2023-07-04 17:58:03.847 OtpTestCases:74 - Book service PAID vin selected
[DEBUG] 2023-07-04 17:58:04.857 Generic:212 - Successfully Visibility  ----> Continue
[DEBUG] 2023-07-04 17:58:05.808 Generic:135 - Successfully Clicked  ----> Continue
[DEBUG] 2023-07-04 17:58:09.679 Generic:212 - Successfully Visibility  ----> menu
[DEBUG] 2023-07-04 17:58:11.022 Generic:135 - Successfully Clicked  ----> menu
[DEBUG] 2023-07-04 17:58:14.287 Generic:212 - Successfully Visibility  ----> Logout
[DEBUG] 2023-07-04 17:58:16.096 Generic:135 - Successfully Clicked  ----> Logout
[DEBUG] 2023-07-04 17:58:19.112 Generic:215 - [1;31morg.openqa.selenium.StaleElementReferenceException: The previously found element "Button" is not present in the current view anymore. Make sure the application UI has the expected state. Original error: No matches found for Elements matching predicate 'fb_uid IN {"DA080000-0000-0000-3B10-000000000000"}' from input {(
    Button, Selected,
    Button,
    Button,
    Button,
    Button,
    Button,
    Button,
    Button,
    Button,
    Button,
    Button,
    Button,
    Button,
    Button, Disabled
)}
For documentation on this error, please visit: https://www.seleniumhq.org/exceptions/stale_element_reference.html
Build info: version: '3.141.59', revision: 'e82be7d358', time: '2018-11-14T08:17:03'
System info: host: 'Gunjans-MacBook-Pro.local', ip: 'fe80:0:0:0:1cdb:df33:342b:9183%en0', os.name: 'Mac OS X', os.arch: 'aarch64', os.version: '13.2.1', java.version: '11.0.18'
Driver info: io.appium.java_client.ios.IOSDriver
Capabilities {autoAcceptAlerts: true, automationName: XCUITest, browserName: , bundleId: com.customerapp.hero, databaseEnabled: false, deviceName: iPhone 13, javascriptEnabled: true, locationContextEnabled: false, networkConnectionEnabled: false, noReset: true, platform: MAC, platformName: iOS, takesScreenshot: true, udid: 00008110-001E24A20180401E, webStorageEnabled: false}
Session ID: ec06798b-dfd3-4e76-b9c1-ad8de74b17fe[0m
[DEBUG] 2023-07-04 17:59:19.376 OtpTestCases:103 - [1;31morg.openqa.selenium.NoSuchElementException: Can't locate an element by this strategy: By.chained({By.xpath: (//XCUIElementTypeStaticText[@name="Are you sure you want to logout?"]/parent::XCUIElementTypeOther/parent::XCUIElementTypeScrollView/following-sibling::XCUIElementTypeScrollView//XCUIElementTypeButton)[2]})[0m
[DEBUG] 2023-07-04 17:59:20.058 Generic:212 - Successfully Visibility  ----> Login
[DEBUG] 2023-07-04 17:59:20.286 MyListeners:47 - [1;32mTC101_VALIDOTPTESTCASE - PASSED[0m
[DEBUG] 2023-07-04 17:59:20.296 BaseClass:232 - Session gets closed
[DEBUG] 2023-07-04 17:59:20.296 BaseClass:233 - ++++++++++++++++++++++++++++++++
