<?xml version="1.0" encoding="UTF-8"?>
<!-- Generated by org.testng.reporters.JUnitXMLReporter -->
<testsuite ignored="14" hostname="DESKTOP-VABRN9M" failures="1" tests="1" name="Main_MethodsTest" time="74.358" errors="0" timestamp="2023-01-04T23:11:47 IST">
  <testcase classname="com.oneapp.basic.BrowserFactory" name="@AfterMethod Browsers_teardown" time="0.013">
    <failure type="java.lang.NullPointerException" message="Cannot invoke &amp;quot;com.aventstack.extentreports.ExtentTest.fail(String)&amp;quot; because &amp;quot;com.oneapp.basic.BrowserFactory.extentTest&amp;quot; is null">
      <![CDATA[java.lang.NullPointerException: Cannot invoke "com.aventstack.extentreports.ExtentTest.fail(String)" because "com.oneapp.basic.BrowserFactory.extentTest" is null
at com.oneapp.basic.BrowserFactory.Browsers_teardown(BrowserFactory.java:70)
at java.base/java.util.ArrayList.forEach(ArrayList.java:1511)
... Removed 32 stack frames]]>
    </failure>
  </testcase> <!-- @AfterMethod Browsers_teardown -->
  <testcase classname="com.oneapp.test_suits.Main_Methods" name="Valid_Login_001" time="31.781">
    <failure type="org.openqa.selenium.NoSuchElementException" message="An element could not be located on the page using the given search parameters.
For documentation on this error, please visit: https://www.seleniumhq.org/exceptions/no_such_element.html
Build info: version: &amp;apos;3.141.59&amp;apos;, revision: &amp;apos;e82be7d358&amp;apos;, time: &amp;apos;2018-11-14T08:17:03&amp;apos;
System info: host: &amp;apos;DESKTOP-VABRN9M&amp;apos;, ip: &amp;apos;192.168.0.106&amp;apos;, os.name: &amp;apos;Windows 10&amp;apos;, os.arch: &amp;apos;amd64&amp;apos;, os.version: &amp;apos;10.0&amp;apos;, java.version: &amp;apos;17.0.4.1&amp;apos;
Driver info: io.appium.java_client.android.AndroidDriver
Capabilities {appActivity: com.customerapp.hero.views...., appPackage: com.customerapp.hero, automationName: UiAutomator2, avd: Pixel_3, avdLaunchTimeout: 400000, databaseEnabled: false, desired: {appActivity: com.customerapp.hero.views...., appPackage: com.customerapp.hero, automationName: UiAutomator2, avd: Pixel_3, avdLaunchTimeout: 400000, deviceName: Pixel 3, newCommandTimeout: 900, platformName: android, readyTimeout: 400000, udid: emulator-5554}, deviceApiLevel: 31, deviceManufacturer: Google, deviceModel: sdk_gphone64_x86_64, deviceName: emulator-5554, deviceScreenDensity: 440, deviceScreenSize: 1080x2160, deviceUDID: emulator-5554, javascriptEnabled: true, locationContextEnabled: false, networkConnectionEnabled: true, newCommandTimeout: 900, pixelRatio: 2.75, platform: LINUX, platformName: Android, platformVersion: 12, readyTimeout: 400000, statBarHeight: 66, takesScreenshot: true, udid: emulator-5554, viewportRect: {height: 1962, left: 0, top: 66, width: 1080}, warnings: {}, webStorageEnabled: false}
Session ID: 730a9500-a19e-4f17-8c03-4cd98ab49a84
*** Element info: {Using=xpath, value=//*[@text=&amp;apos;login&amp;apos;]}">
      <![CDATA[org.openqa.selenium.NoSuchElementException: An element could not be located on the page using the given search parameters.
For documentation on this error, please visit: https://www.seleniumhq.org/exceptions/no_such_element.html
Build info: version: '3.141.59', revision: 'e82be7d358', time: '2018-11-14T08:17:03'
System info: host: 'DESKTOP-VABRN9M', ip: '192.168.0.106', os.name: 'Windows 10', os.arch: 'amd64', os.version: '10.0', java.version: '17.0.4.1'
Driver info: io.appium.java_client.android.AndroidDriver
Capabilities {appActivity: com.customerapp.hero.views...., appPackage: com.customerapp.hero, automationName: UiAutomator2, avd: Pixel_3, avdLaunchTimeout: 400000, databaseEnabled: false, desired: {appActivity: com.customerapp.hero.views...., appPackage: com.customerapp.hero, automationName: UiAutomator2, avd: Pixel_3, avdLaunchTimeout: 400000, deviceName: Pixel 3, newCommandTimeout: 900, platformName: android, readyTimeout: 400000, udid: emulator-5554}, deviceApiLevel: 31, deviceManufacturer: Google, deviceModel: sdk_gphone64_x86_64, deviceName: emulator-5554, deviceScreenDensity: 440, deviceScreenSize: 1080x2160, deviceUDID: emulator-5554, javascriptEnabled: true, locationContextEnabled: false, networkConnectionEnabled: true, newCommandTimeout: 900, pixelRatio: 2.75, platform: LINUX, platformName: Android, platformVersion: 12, readyTimeout: 400000, statBarHeight: 66, takesScreenshot: true, udid: emulator-5554, viewportRect: {height: 1962, left: 0, top: 66, width: 1080}, warnings: {}, webStorageEnabled: false}
Session ID: 730a9500-a19e-4f17-8c03-4cd98ab49a84
*** Element info: {Using=xpath, value=//*[@text='login']}
at org.openqa.selenium.remote.http.W3CHttpResponseCodec.createException(W3CHttpResponseCodec.java:187)
at org.openqa.selenium.remote.http.W3CHttpResponseCodec.decode(W3CHttpResponseCodec.java:122)
at org.openqa.selenium.remote.http.W3CHttpResponseCodec.decode(W3CHttpResponseCodec.java:49)
at org.openqa.selenium.remote.HttpCommandExecutor.execute(HttpCommandExecutor.java:158)
at io.appium.java_client.remote.AppiumCommandExecutor.execute(AppiumCommandExecutor.java:250)
at org.openqa.selenium.remote.RemoteWebDriver.execute(RemoteWebDriver.java:552)
at io.appium.java_client.DefaultGenericMobileDriver.execute(DefaultGenericMobileDriver.java:41)
at io.appium.java_client.AppiumDriver.execute(AppiumDriver.java:1)
at io.appium.java_client.android.AndroidDriver.execute(AndroidDriver.java:1)
at org.openqa.selenium.remote.RemoteWebDriver.findElement(RemoteWebDriver.java:323)
at io.appium.java_client.DefaultGenericMobileDriver.findElement(DefaultGenericMobileDriver.java:61)
at io.appium.java_client.AppiumDriver.findElement(AppiumDriver.java:1)
at io.appium.java_client.android.AndroidDriver.findElement(AndroidDriver.java:1)
at org.openqa.selenium.remote.RemoteWebDriver.findElementByXPath(RemoteWebDriver.java:428)
at io.appium.java_client.DefaultGenericMobileDriver.findElementByXPath(DefaultGenericMobileDriver.java:151)
at io.appium.java_client.AppiumDriver.findElementByXPath(AppiumDriver.java:1)
at io.appium.java_client.android.AndroidDriver.findElementByXPath(AndroidDriver.java:1)
at com.oneapp.page_actions.Login_Page_Action.validate_login(Login_Page_Action.java:109)
at com.oneapp.test_suits.Main_Methods.Valid_Login_001(Main_Methods.java:43)
at java.base/java.util.ArrayList.forEach(ArrayList.java:1511)
... Removed 32 stack frames]]>
    </failure>
  </testcase> <!-- Valid_Login_001 -->
  <testcase classname="com.oneapp.test_suits.Main_Methods" name="Contact_Us_005" time="0.0">
    <ignored/>
  </testcase> <!-- Contact_Us_005 -->
  <testcase classname="com.oneapp.test_suits.Main_Methods" name="Goodlife_Nonmember_Owner" time="0.0">
    <ignored/>
  </testcase> <!-- Goodlife_Nonmember_Owner -->
  <testcase classname="com.oneapp.test_suits.Main_Methods" name="T_and_C_validation_005" time="0.0">
    <ignored/>
  </testcase> <!-- T_and_C_validation_005 -->
  <testcase classname="com.oneapp.test_suits.Main_Methods" name="Privacy_validation_004" time="0.0">
    <ignored/>
  </testcase> <!-- Privacy_validation_004 -->
  <testcase classname="com.oneapp.test_suits.Main_Methods" name="Bookservice_FSC" time="0.0">
    <ignored/>
  </testcase> <!-- Bookservice_FSC -->
  <testcase classname="com.oneapp.test_suits.Main_Methods" name="Mininum_length_field_validation_003" time="0.0">
    <ignored/>
  </testcase> <!-- Mininum_length_field_validation_003 -->
  <testcase classname="com.oneapp.test_suits.Main_Methods" name="Dashboard_All_Popups_300" time="0.0">
    <ignored/>
  </testcase> <!-- Dashboard_All_Popups_300 -->
  <testcase classname="com.oneapp.test_suits.Main_Methods" name="Verify_OTP_100" time="0.0">
    <ignored/>
  </testcase> <!-- Verify_OTP_100 -->
  <testcase classname="com.oneapp.test_suits.Main_Methods" name="Tips_Validation" time="0.0">
    <ignored/>
  </testcase> <!-- Tips_Validation -->
  <testcase classname="com.oneapp.test_suits.Main_Methods" name="Emergency_contact_added_succesfully" time="0.0">
    <ignored/>
  </testcase> <!-- Emergency_contact_added_succesfully -->
  <testcase classname="com.oneapp.test_suits.Main_Methods" name="Emergency_contact_deleted_succesfully" time="0.0">
    <ignored/>
  </testcase> <!-- Emergency_contact_deleted_succesfully -->
  <testcase classname="com.oneapp.test_suits.Main_Methods" name="InValid_Login_002" time="0.0">
    <ignored/>
  </testcase> <!-- InValid_Login_002 -->
  <testcase classname="com.oneapp.test_suits.Main_Methods" name="Vehicle_selected_succesfully_200" time="0.0">
    <ignored/>
  </testcase> <!-- Vehicle_selected_succesfully_200 -->
  <testcase classname="com.oneapp.test_suits.Main_Methods" name="Myprofile_changes_Validation_400" time="0.0">
    <ignored/>
  </testcase> <!-- Myprofile_changes_Validation_400 -->
</testsuite> <!-- Main_MethodsTest -->
