<?xml version="1.0" encoding="UTF-8"?>
<!-- Generated by org.testng.reporters.JUnitXMLReporter -->
<testsuite ignored="12" hostname="DESKTOP-A2S9SMV" failures="2" tests="17" name="LoginTest" time="476.598" errors="0" timestamp="2023-03-21T19:06:50 IST">
  <testcase classname="com.oneapp.test_suits.OTP_testcases" name="validate_valid_OTP_testcase" time="104.005"/>
  <testcase classname="com.oneapp.test_suits.OTP_testcases" name="validate_invalid_OTP_testcase" time="50.118"/>
  <testcase classname="com.oneapp.test_suits.OTP_testcases" name="validate_OTP_after_resend_testcase" time="80.468"/>
  <testcase classname="com.oneapp.test_suits.OTP_testcases" name="validation_valid_OTP_working_expected_after_minimizing_testcase" time="52.028"/>
  <testcase classname="com.oneapp.test_suits.Myprofile_testcases" name="validate_myprofile_with_valid_details_testcase" time="3.083">
    <failure type="java.lang.NullPointerException">
      <![CDATA[java.lang.NullPointerException
at java.base/java.util.Objects.requireNonNull(Objects.java:208)
at org.openqa.selenium.support.ui.FluentWait.<init>(FluentWait.java:106)
at org.openqa.selenium.support.ui.WebDriverWait.<init>(WebDriverWait.java:85)
at org.openqa.selenium.support.ui.WebDriverWait.<init>(WebDriverWait.java:45)
at com.oneapp.basic.Generic.waitForVisibility(Generic.java:178)
at com.oneapp.basic.Generic.clear_on_WebElement(Generic.java:184)
at com.oneapp.page_actions.Login_Page_Action.valid_login(Login_Page_Action.java:85)
at com.oneapp.test_suits.Myprofile_testcases.validate_myprofile_with_valid_details_testcase(Myprofile_testcases.java:24)
at java.base/java.util.ArrayList.forEach(ArrayList.java:1511)
... Removed 27 stack frames]]>
    </failure>
  </testcase> <!-- validate_myprofile_with_valid_details_testcase -->
  <testcase classname="com.oneapp.test_suits.Myprofile_testcases" name="validate_saving_with_blank_fullName_field_testcase" time="0.0">
    <skipped/>
  </testcase> <!-- validate_saving_with_blank_fullName_field_testcase -->
  <testcase classname="com.oneapp.test_suits.Myprofile_testcases" name="validate_saving_with_invalid_email_field_testcase" time="0.0">
    <skipped/>
  </testcase> <!-- validate_saving_with_invalid_email_field_testcase -->
  <testcase classname="com.oneapp.test_suits.Myprofile_testcases" name="validate_saving_with_invalid_dateofbirth_field_testcase" time="0.0">
    <skipped/>
  </testcase> <!-- validate_saving_with_invalid_dateofbirth_field_testcase -->
  <testcase classname="com.oneapp.test_suits.Myprofile_testcases" name="validate_saving_with_invalid_address_field_testcase" time="0.0">
    <skipped/>
  </testcase> <!-- validate_saving_with_invalid_address_field_testcase -->
  <testcase classname="com.oneapp.test_suits.Myprofile_testcases" name="validate_saving_with_invalid_pincode_field_testcase" time="0.0">
    <skipped/>
  </testcase> <!-- validate_saving_with_invalid_pincode_field_testcase -->
  <testcase classname="com.oneapp.test_suits.EmergencyContact_testcases" name="validate_emergency_contact_added_succesfully_testcase" time="134.088">
    <failure type="org.openqa.selenium.TimeoutException" message="Expected condition failed: waiting for visibility of Proxy element for: DefaultElementLocator &amp;apos;By.id: com.customerapp.hero:id/subtitle&amp;apos; (tried for 20 second(s) with 500 milliseconds interval)">
      <![CDATA[org.openqa.selenium.TimeoutException: Expected condition failed: waiting for visibility of Proxy element for: DefaultElementLocator 'By.id: com.customerapp.hero:id/subtitle' (tried for 20 second(s) with 500 milliseconds interval)
at org.openqa.selenium.support.ui.WebDriverWait.timeoutException(WebDriverWait.java:95)
at org.openqa.selenium.support.ui.FluentWait.until(FluentWait.java:272)
at com.oneapp.basic.Generic.waitForVisibility(Generic.java:179)
at com.oneapp.basic.Generic.click_on_WebElement(Generic.java:157)
at com.oneapp.page_actions.Emergency_contact_page_actions.Adding_emergency_contact(Emergency_contact_page_actions.java:35)
at com.oneapp.test_suits.EmergencyContact_testcases.validate_emergency_contact_added_succesfully_testcase(EmergencyContact_testcases.java:40)
at java.base/java.util.ArrayList.forEach(ArrayList.java:1511)
Caused by: org.openqa.selenium.NoSuchElementException: An element could not be located on the page using the given search parameters.
For documentation on this error, please visit: https://www.seleniumhq.org/exceptions/no_such_element.html
Build info: version: '3.141.59', revision: 'e82be7d358', time: '2018-11-14T08:17:03'
System info: host: 'DESKTOP-A2S9SMV', ip: '192.168.0.107', os.name: 'Windows 10', os.arch: 'amd64', os.version: '10.0', java.version: '17.0.6'
Driver info: io.appium.java_client.android.AndroidDriver
Capabilities {app: D:\JAVA\Eclipse- workspace\..., appPackage: com.customerapp.hero, automationName: UiAutomator2, databaseEnabled: false, desired: {app: D:\JAVA\Eclipse- workspace\..., automationName: UiAutomator2, deviceName: Samsung, newCommandTimeout: 800, platformName: android, platformVersion: 13.0, udid: RZCT904J89D}, deviceApiLevel: 33, deviceManufacturer: samsung, deviceModel: SM-M536B, deviceName: RZCT904J89D, deviceScreenDensity: 450, deviceScreenSize: 1080x2400, deviceUDID: RZCT904J89D, javascriptEnabled: true, locationContextEnabled: false, networkConnectionEnabled: true, newCommandTimeout: 800, pixelRatio: 2.8125, platform: LINUX, platformName: Android, platformVersion: 13, statBarHeight: 90, takesScreenshot: true, udid: RZCT904J89D, viewportRect: {height: 2085, left: 0, top: 90, width: 1080}, warnings: {}, webStorageEnabled: false}
Session ID: a2b1ac2c-d268-4373-aef3-a56a6f82beff
*** Element info: {Using=id, value=com.customerapp.hero:id/subtitle}
at org.openqa.selenium.remote.http.W3CHttpResponseCodec.createException(W3CHttpResponseCodec.java:187)
at org.openqa.selenium.remote.http.W3CHttpResponseCodec.decode(W3CHttpResponseCodec.java:122)
at org.openqa.selenium.remote.http.W3CHttpResponseCodec.decode(W3CHttpResponseCodec.java:49)
at org.openqa.selenium.remote.HttpCommandExecutor.execute(HttpCommandExecutor.java:158)
at io.appium.java_client.remote.AppiumCommandExecutor.execute(AppiumCommandExecutor.java:250)
at org.openqa.selenium.remote.RemoteWebDriver.execute(RemoteWebDriver.java:552)
at io.appium.java_client.DefaultGenericMobileDriver.execute(DefaultGenericMobileDriver.java:41)
at io.appium.java_client.AppiumDriver.execute(AppiumDriver.java:1)
at io.appium.java_client.android.AndroidDriver.execute(AndroidDriver.java:1)
at org.openqa.selenium.remote.RemoteWebDriver.findElement(RemoteWebDriver.java:323)
at io.appium.java_client.DefaultGenericMobileDriver.findElement(DefaultGenericMobileDriver.java:61)
at io.appium.java_client.AppiumDriver.findElement(AppiumDriver.java:1)
at io.appium.java_client.android.AndroidDriver.findElement(AndroidDriver.java:1)
at org.openqa.selenium.remote.RemoteWebDriver.findElementById(RemoteWebDriver.java:372)
at io.appium.java_client.DefaultGenericMobileDriver.findElementById(DefaultGenericMobileDriver.java:69)
at io.appium.java_client.AppiumDriver.findElementById(AppiumDriver.java:1)
at io.appium.java_client.android.AndroidDriver.findElementById(AndroidDriver.java:1)
at org.openqa.selenium.By$ById.findElement(By.java:188)
at org.openqa.selenium.remote.RemoteWebDriver.findElement(RemoteWebDriver.java:315)
at io.appium.java_client.DefaultGenericMobileDriver.findElement(DefaultGenericMobileDriver.java:57)
at io.appium.java_client.AppiumDriver.findElement(AppiumDriver.java:1)
at io.appium.java_client.android.AndroidDriver.findElement(AndroidDriver.java:1)
at org.openqa.selenium.support.pagefactory.DefaultElementLocator.findElement(DefaultElementLocator.java:69)
at org.openqa.selenium.support.pagefactory.internal.LocatingElementHandler.invoke(LocatingElementHandler.java:38)
at jdk.proxy2/jdk.proxy2.$Proxy28.isDisplayed(Unknown Source)
at org.openqa.selenium.support.ui.ExpectedConditions.elementIfVisible(ExpectedConditions.java:314)
at org.openqa.selenium.support.ui.ExpectedConditions.access$000(ExpectedConditions.java:43)
at org.openqa.selenium.support.ui.ExpectedConditions$10.apply(ExpectedConditions.java:300)
at org.openqa.selenium.support.ui.ExpectedConditions$10.apply(ExpectedConditions.java:297)
at org.openqa.selenium.support.ui.FluentWait.until(FluentWait.java:249)
... 32 more
... Removed 32 stack frames]]>
    </failure>
  </testcase> <!-- validate_emergency_contact_added_succesfully_testcase -->
  <testcase classname="com.oneapp.test_suits.EmergencyContact_testcases" name="validate_emergency_contact_deleted_succesfully_testcase" time="0.0">
    <skipped/>
  </testcase> <!-- validate_emergency_contact_deleted_succesfully_testcase -->
  <testcase classname="com.oneapp.test_suits.EmergencyContact_testcases" name="validate_emergency_contact_with_blank_fullName_testcase" time="0.0">
    <skipped/>
  </testcase> <!-- validate_emergency_contact_with_blank_fullName_testcase -->
  <testcase classname="com.oneapp.test_suits.EmergencyContact_testcases" name="validate_emergency_contact_with_blank_MobileNumber_testcase" time="0.0">
    <skipped/>
  </testcase> <!-- validate_emergency_contact_with_blank_MobileNumber_testcase -->
  <testcase classname="com.oneapp.test_suits.EmergencyContact_testcases" name="validate_emergency_contact_with_blank_relationType_testcase" time="0.0">
    <skipped/>
  </testcase> <!-- validate_emergency_contact_with_blank_relationType_testcase -->
  <testcase classname="com.oneapp.test_suits.EmergencyContact_testcases" name="validate_emergency_contact_saving_with_invalid_details_testcase" time="0.0">
    <skipped/>
  </testcase> <!-- validate_emergency_contact_saving_with_invalid_details_testcase -->
  <testcase classname="com.oneapp.test_suits.EmergencyContact_testcases" name="validate_emergency_contact_already_exist_testcase" time="0.0">
    <skipped/>
  </testcase> <!-- validate_emergency_contact_already_exist_testcase -->
  <testcase classname="com.oneapp.test_suits.Login_testcases" name="T_and_C_validation_005" time="0.0">
    <ignored/>
  </testcase> <!-- T_and_C_validation_005 -->
  <testcase classname="com.oneapp.test_suits.Login_testcases" name="validation_app_working_expected_after_minimizing_testcase" time="0.0">
    <ignored/>
  </testcase> <!-- validation_app_working_expected_after_minimizing_testcase -->
  <testcase classname="com.oneapp.test_suits.Login_testcases" name="Privacy_validation_004" time="0.0">
    <ignored/>
  </testcase> <!-- Privacy_validation_004 -->
  <testcase classname="com.oneapp.test_suits.Login_testcases" name="validate_validLogin_testcase" time="0.0">
    <ignored/>
  </testcase> <!-- validate_validLogin_testcase -->
  <testcase classname="com.oneapp.test_suits.OTP_testcases" name="validate_valid_OTP_with_no_internet_testcase" time="0.0">
    <ignored/>
  </testcase> <!-- validate_valid_OTP_with_no_internet_testcase -->
  <testcase classname="com.oneapp.test_suits.Myprofile_testcases" name="validate_save_button_with_no_internet_testcase" time="0.0">
    <ignored/>
  </testcase> <!-- validate_save_button_with_no_internet_testcase -->
  <testcase classname="com.oneapp.test_suits.Login_testcases" name="validate_mininum_length_field_testcase" time="0.0">
    <ignored/>
  </testcase> <!-- validate_mininum_length_field_testcase -->
  <testcase classname="com.oneapp.test_suits.Login_testcases" name="validate_continue_with_no_internet_testcase" time="0.0">
    <ignored/>
  </testcase> <!-- validate_continue_with_no_internet_testcase -->
  <testcase classname="com.oneapp.test_suits.Login_testcases" name="validation_privacypage_with_no_internet" time="0.0">
    <ignored/>
  </testcase> <!-- validation_privacypage_with_no_internet -->
  <testcase classname="com.oneapp.test_suits.Login_testcases" name="validate_invalidLogin_testcase" time="0.0">
    <ignored/>
  </testcase> <!-- validate_invalidLogin_testcase -->
  <testcase classname="com.oneapp.test_suits.Login_testcases" name="Contact_Us_005" time="0.0">
    <ignored/>
  </testcase> <!-- Contact_Us_005 -->
  <testcase classname="com.oneapp.test_suits.EmergencyContact_testcases" name="validate_emergency_contact_saving_with_no_internet_testcase" time="0.0">
    <ignored/>
  </testcase> <!-- validate_emergency_contact_saving_with_no_internet_testcase -->
</testsuite> <!-- LoginTest -->
