[DEBUG] 2023-12-11 12:04:02.220 BaseClass:276 - Starting the Appium Service....
2023-12-11 12:04:02.213
--------------------------------------------------------------
[INFO ] 2023-12-11 12:04:17.075 BaseClass:190 - PLATFORM NAME IS --> Android
[INFO ] 2023-12-11 12:04:17.077 BaseClass:192 - DEVICE NAME IS --> Pixel 3
[INFO ] 2023-12-11 12:04:17.079 BaseClass:194 - AUTOMATION NAME IS --> UiAutomator2
[INFO ] 2023-12-11 12:04:17.081 BaseClass:196 - UDID IS --> emulator-5554
[INFO ] 2023-12-11 12:04:17.082 BaseClass:210 - Android Real device gets opened
[DEBUG] 2023-12-11 12:04:51.553 BaseClass:252 - fda9c2d7-d8d3-4f3a-aa29-bb758caf16d2
[DEBUG] 2023-12-11 12:04:51.684 MyListeners:39 - [1;30mTC001_VALIDLOGINTESTCASE - STARTS[0m
[DEBUG] 2023-12-11 12:05:07.912 Generic:213 - Successfully Visibility  ----> Choose a phone number
[DEBUG] 2023-12-11 12:05:08.062 Generic:171 - Successfully Displaying ----> Choose a phone number
[DEBUG] 2023-12-11 12:05:08.446 Generic:213 - Successfully Visibility  ----> 
[DEBUG] 2023-12-11 12:05:08.788 Generic:137 - Successfully Clicked  ----> 
[DEBUG] 2023-12-11 12:05:10.645 Generic:213 - Successfully Visibility  ----> Allow
[DEBUG] 2023-12-11 12:05:10.790 Generic:171 - Successfully Displaying ----> Allow
[DEBUG] 2023-12-11 12:05:11.165 Generic:213 - Successfully Visibility  ----> Allow
[DEBUG] 2023-12-11 12:05:11.471 Generic:137 - Successfully Clicked  ----> Allow
[DEBUG] 2023-12-11 12:05:11.691 MyListeners:59 - [1;31m[java.base/jdk.internal.reflect.UnsafeFieldAccessorImpl.throwSetIllegalArgumentException(UnsafeFieldAccessorImpl.java:167), java.base/jdk.internal.reflect.UnsafeFieldAccessorImpl.throwSetIllegalArgumentException(UnsafeFieldAccessorImpl.java:171), java.base/jdk.internal.reflect.UnsafeObjectFieldAccessorImpl.set(UnsafeObjectFieldAccessorImpl.java:81), java.base/java.lang.reflect.Field.set(Field.java:799), org.openqa.selenium.support.PageFactory.proxyFields(PageFactory.java:117), org.openqa.selenium.support.PageFactory.initElements(PageFactory.java:105), org.openqa.selenium.support.PageFactory.initElements(PageFactory.java:92), org.openqa.selenium.support.PageFactory.initElements(PageFactory.java:79), com.oneapp.pageobjects.Login_Page_Object.<init>(Login_Page_Object.java:66), com.oneapp.test_suits.LoginTestCases.TC001_ValidLoginTestCase(LoginTestCases.java:31), java.base/jdk.internal.reflect.NativeMethodAccessorImpl.invoke0(Native Method), java.base/jdk.internal.reflect.NativeMethodAccessorImpl.invoke(NativeMethodAccessorImpl.java:77), java.base/jdk.internal.reflect.DelegatingMethodAccessorImpl.invoke(DelegatingMethodAccessorImpl.java:43), java.base/java.lang.reflect.Method.invoke(Method.java:568), org.testng.internal.MethodInvocationHelper.invokeMethod(MethodInvocationHelper.java:133), org.testng.internal.TestInvoker.invokeMethod(TestInvoker.java:598), org.testng.internal.TestInvoker.invokeTestMethod(TestInvoker.java:173), org.testng.internal.MethodRunner.runInSequence(MethodRunner.java:46), org.testng.internal.TestInvoker$MethodInvocationAgent.invoke(TestInvoker.java:824), org.testng.internal.TestInvoker.invokeTestMethods(TestInvoker.java:146), org.testng.internal.TestMethodWorker.invokeTestMethods(TestMethodWorker.java:146), org.testng.internal.TestMethodWorker.run(TestMethodWorker.java:128), java.base/java.util.ArrayList.forEach(ArrayList.java:1511), org.testng.TestRunner.privateRun(TestRunner.java:794), org.testng.TestRunner.run(TestRunner.java:596), org.testng.SuiteRunner.runTest(SuiteRunner.java:377), org.testng.SuiteRunner.runSequentially(SuiteRunner.java:371), org.testng.SuiteRunner.privateRun(SuiteRunner.java:332), org.testng.SuiteRunner.run(SuiteRunner.java:276), org.testng.SuiteRunnerWorker.runSuite(SuiteRunnerWorker.java:53), org.testng.SuiteRunnerWorker.run(SuiteRunnerWorker.java:96), org.testng.TestNG.runSuitesSequentially(TestNG.java:1212), org.testng.TestNG.runSuitesLocally(TestNG.java:1134), org.testng.TestNG.runSuites(TestNG.java:1063), org.testng.TestNG.run(TestNG.java:1031), org.testng.remote.AbstractRemoteTestNG.run(AbstractRemoteTestNG.java:115), org.testng.remote.RemoteTestNG.initAndRun(RemoteTestNG.java:251), org.testng.remote.RemoteTestNG.main(RemoteTestNG.java:77)][0m
[DEBUG] 2023-12-11 12:05:14.088 MyListeners:103 - [1;31mScreenshot stored at: D:\My\HeroApp1Copy/screenshots/TC001_ValidLoginTestCase__M_o_n_ _D_e_c_ _1_1_ _1_2___0_5___1_1_ _I_S_T_ _2_0_2_3_.png[0m
[DEBUG] 2023-12-11 12:05:14.097 MyListeners:75 - [1;31mTC001_VALIDLOGINTESTCASE - FAILURE[0m
[DEBUG] 2023-12-11 12:05:15.159 BaseClass:265 - Session gets closed
[DEBUG] 2023-12-11 12:05:15.161 BaseClass:266 - ++++++++++++++++++++++++++++++++
[DEBUG] 2023-12-11 12:05:16.840 BaseClass:291 - 
----------------------------------------
Stopping the Appium Server.....
2023-12-11 12:05:16.840
[DEBUG] 2023-12-11 12:07:51.991 BaseClass:276 - Starting the Appium Service....
2023-12-11 12:07:51.985
--------------------------------------------------------------
[INFO ] 2023-12-11 12:08:05.512 BaseClass:190 - PLATFORM NAME IS --> Android
[INFO ] 2023-12-11 12:08:05.513 BaseClass:192 - DEVICE NAME IS --> Pixel 3
[INFO ] 2023-12-11 12:08:05.515 BaseClass:194 - AUTOMATION NAME IS --> UiAutomator2
[INFO ] 2023-12-11 12:08:05.516 BaseClass:196 - UDID IS --> emulator-5554
[INFO ] 2023-12-11 12:08:05.518 BaseClass:210 - Android Real device gets opened
[DEBUG] 2023-12-11 12:08:29.138 BaseClass:252 - 9e0f11b7-bb80-4943-a893-b9b181d20b8f
[DEBUG] 2023-12-11 12:08:29.238 MyListeners:39 - [1;30mTC001_VALIDLOGINTESTCASE - STARTS[0m
[DEBUG] 2023-12-11 12:08:40.747 Generic:213 - Successfully Visibility  ----> Choose a phone number
[DEBUG] 2023-12-11 12:08:40.874 Generic:171 - Successfully Displaying ----> Choose a phone number
[DEBUG] 2023-12-11 12:08:41.412 Generic:213 - Successfully Visibility  ----> 
[DEBUG] 2023-12-11 12:08:41.727 Generic:137 - Successfully Clicked  ----> 
[DEBUG] 2023-12-11 12:08:43.688 Generic:213 - Successfully Visibility  ----> Allow
[DEBUG] 2023-12-11 12:08:43.798 Generic:171 - Successfully Displaying ----> Allow
[DEBUG] 2023-12-11 12:08:44.150 Generic:213 - Successfully Visibility  ----> Allow
[DEBUG] 2023-12-11 12:08:44.411 Generic:137 - Successfully Clicked  ----> Allow
[DEBUG] 2023-12-11 12:08:46.031 Generic:213 - Successfully Visibility  ----> Please proceed with your registered Hero mobile number
[DEBUG] 2023-12-11 12:08:46.520 Generic:213 - Successfully Visibility  ----> By tapping on login or register, you are agreeing to Hero
[DEBUG] 2023-12-11 12:08:48.000 Generic:213 - Successfully Visibility  ----> Enter mobile number
[DEBUG] 2023-12-11 12:08:48.009 Generic:150 - Successfully cleared textbox
[DEBUG] 2023-12-11 12:08:48.856 Generic:213 - Successfully Visibility  ----> Enter mobile number
[DEBUG] 2023-12-11 12:08:48.881 Generic:150 - Successfully cleared textbox
[DEBUG] 2023-12-11 12:08:49.590 Generic:202 - Successfully enter value ----> 6666600022
[DEBUG] 2023-12-11 12:08:51.930 Generic:213 - Successfully Visibility  ----> Continue
[DEBUG] 2023-12-11 12:08:52.148 Generic:137 - Successfully Clicked  ----> Continue
[DEBUG] 2023-12-11 12:08:56.042 Generic:213 - Successfully Visibility  ----> Verify with OTP
[DEBUG] 2023-12-11 12:08:56.979 Generic:213 - Successfully Visibility  ----> 
[DEBUG] 2023-12-11 12:08:57.169 Generic:137 - Successfully Clicked  ----> 
[DEBUG] 2023-12-11 12:08:57.355 MyListeners:47 - [1;32mTC001_VALIDLOGINTESTCASE - PASSED[0m
[DEBUG] 2023-12-11 12:08:58.321 BaseClass:265 - Session gets closed
[DEBUG] 2023-12-11 12:08:58.322 BaseClass:266 - ++++++++++++++++++++++++++++++++
[DEBUG] 2023-12-11 12:08:59.103 BaseClass:291 - 
----------------------------------------
Stopping the Appium Server.....
2023-12-11 12:08:59.103
[DEBUG] 2023-12-11 15:28:29.757 BaseClass:276 - Starting the Appium Service....
2023-12-11 15:28:29.750
--------------------------------------------------------------
[INFO ] 2023-12-11 15:28:44.327 BaseClass:190 - PLATFORM NAME IS --> Android
[INFO ] 2023-12-11 15:28:44.334 BaseClass:192 - DEVICE NAME IS --> Pixel 3
[INFO ] 2023-12-11 15:28:44.336 BaseClass:194 - AUTOMATION NAME IS --> UiAutomator2
[INFO ] 2023-12-11 15:28:44.342 BaseClass:196 - UDID IS --> emulator-5554
[INFO ] 2023-12-11 15:28:44.346 BaseClass:210 - Android Real device gets opened
[DEBUG] 2023-12-11 15:29:17.678 BaseClass:252 - 624a5408-0e53-43cf-bbec-887a8e18a7c8
[DEBUG] 2023-12-11 15:29:17.770 MyListeners:39 - [1;30mTC101_VALIDOTPTESTCASE - STARTS[0m
[DEBUG] 2023-12-11 15:29:33.802 Generic:213 - Successfully Visibility  ----> Choose a phone number
[DEBUG] 2023-12-11 15:29:33.920 Generic:171 - Successfully Displaying ----> Choose a phone number
[DEBUG] 2023-12-11 15:29:34.337 Generic:213 - Successfully Visibility  ----> 
[DEBUG] 2023-12-11 15:29:34.764 Generic:137 - Successfully Clicked  ----> 
[DEBUG] 2023-12-11 15:29:36.789 Generic:213 - Successfully Visibility  ----> Allow
[DEBUG] 2023-12-11 15:29:36.907 Generic:171 - Successfully Displaying ----> Allow
[DEBUG] 2023-12-11 15:29:37.316 Generic:213 - Successfully Visibility  ----> Allow
[DEBUG] 2023-12-11 15:29:37.606 Generic:137 - Successfully Clicked  ----> Allow
[DEBUG] 2023-12-11 15:29:39.529 Generic:213 - Successfully Visibility  ----> Please proceed with your registered Hero mobile number
[DEBUG] 2023-12-11 15:29:40.201 Generic:213 - Successfully Visibility  ----> By tapping on login or register, you are agreeing to Hero
[DEBUG] 2023-12-11 15:29:41.785 Generic:213 - Successfully Visibility  ----> Enter mobile number
[DEBUG] 2023-12-11 15:29:41.795 Generic:150 - Successfully cleared textbox
[DEBUG] 2023-12-11 15:29:42.720 Generic:213 - Successfully Visibility  ----> Enter mobile number
[DEBUG] 2023-12-11 15:29:42.730 Generic:150 - Successfully cleared textbox
[DEBUG] 2023-12-11 15:29:42.830 Generic:202 - Successfully enter value ----> 6666600022
[DEBUG] 2023-12-11 15:29:44.397 Generic:213 - Successfully Visibility  ----> Continue
[DEBUG] 2023-12-11 15:29:44.607 Generic:137 - Successfully Clicked  ----> Continue
[DEBUG] 2023-12-11 15:29:44.748 MyListeners:59 - [1;31m[java.base/jdk.internal.reflect.UnsafeFieldAccessorImpl.throwSetIllegalArgumentException(UnsafeFieldAccessorImpl.java:167), java.base/jdk.internal.reflect.UnsafeFieldAccessorImpl.throwSetIllegalArgumentException(UnsafeFieldAccessorImpl.java:171), java.base/jdk.internal.reflect.UnsafeObjectFieldAccessorImpl.set(UnsafeObjectFieldAccessorImpl.java:81), java.base/java.lang.reflect.Field.set(Field.java:799), org.openqa.selenium.support.PageFactory.proxyFields(PageFactory.java:117), org.openqa.selenium.support.PageFactory.initElements(PageFactory.java:105), org.openqa.selenium.support.PageFactory.initElements(PageFactory.java:92), org.openqa.selenium.support.PageFactory.initElements(PageFactory.java:79), com.oneapp.pageobjects.OTP_Page_Object.<init>(OTP_Page_Object.java:85), com.oneapp.pageobjects.Login_Page_Object.clickOnContinuebutton(Login_Page_Object.java:78), com.oneapp.test_suits.OtpTestCases.TC101_ValidOtpTestcase(OtpTestCases.java:49), java.base/jdk.internal.reflect.NativeMethodAccessorImpl.invoke0(Native Method), java.base/jdk.internal.reflect.NativeMethodAccessorImpl.invoke(NativeMethodAccessorImpl.java:77), java.base/jdk.internal.reflect.DelegatingMethodAccessorImpl.invoke(DelegatingMethodAccessorImpl.java:43), java.base/java.lang.reflect.Method.invoke(Method.java:568), org.testng.internal.MethodInvocationHelper.invokeMethod(MethodInvocationHelper.java:133), org.testng.internal.TestInvoker.invokeMethod(TestInvoker.java:598), org.testng.internal.TestInvoker.invokeTestMethod(TestInvoker.java:173), org.testng.internal.MethodRunner.runInSequence(MethodRunner.java:46), org.testng.internal.TestInvoker$MethodInvocationAgent.invoke(TestInvoker.java:824), org.testng.internal.TestInvoker.invokeTestMethods(TestInvoker.java:146), org.testng.internal.TestMethodWorker.invokeTestMethods(TestMethodWorker.java:146), org.testng.internal.TestMethodWorker.run(TestMethodWorker.java:128), java.base/java.util.ArrayList.forEach(ArrayList.java:1511), org.testng.TestRunner.privateRun(TestRunner.java:794), org.testng.TestRunner.run(TestRunner.java:596), org.testng.SuiteRunner.runTest(SuiteRunner.java:377), org.testng.SuiteRunner.runSequentially(SuiteRunner.java:371), org.testng.SuiteRunner.privateRun(SuiteRunner.java:332), org.testng.SuiteRunner.run(SuiteRunner.java:276), org.testng.SuiteRunnerWorker.runSuite(SuiteRunnerWorker.java:53), org.testng.SuiteRunnerWorker.run(SuiteRunnerWorker.java:96), org.testng.TestNG.runSuitesSequentially(TestNG.java:1212), org.testng.TestNG.runSuitesLocally(TestNG.java:1134), org.testng.TestNG.runSuites(TestNG.java:1063), org.testng.TestNG.run(TestNG.java:1031), org.testng.remote.AbstractRemoteTestNG.run(AbstractRemoteTestNG.java:115), org.testng.remote.RemoteTestNG.initAndRun(RemoteTestNG.java:251), org.testng.remote.RemoteTestNG.main(RemoteTestNG.java:77)][0m
[DEBUG] 2023-12-11 15:29:47.505 MyListeners:103 - [1;31mScreenshot stored at: D:\My\HeroApp1Copy/screenshots/TC101_ValidOtpTestcase__M_o_n_ _D_e_c_ _1_1_ _1_5___2_9___4_4_ _I_S_T_ _2_0_2_3_.png[0m
[DEBUG] 2023-12-11 15:29:47.534 MyListeners:75 - [1;31mTC101_VALIDOTPTESTCASE - FAILURE[0m
[DEBUG] 2023-12-11 15:29:49.044 BaseClass:265 - Session gets closed
[DEBUG] 2023-12-11 15:29:49.045 BaseClass:266 - ++++++++++++++++++++++++++++++++
[DEBUG] 2023-12-11 15:29:50.071 BaseClass:291 - 
----------------------------------------
Stopping the Appium Server.....
2023-12-11 15:29:50.071
[DEBUG] 2023-12-11 15:33:57.111 BaseClass:276 - Starting the Appium Service....
2023-12-11 15:33:57.104
--------------------------------------------------------------
[INFO ] 2023-12-11 15:34:10.612 BaseClass:190 - PLATFORM NAME IS --> Android
[INFO ] 2023-12-11 15:34:10.614 BaseClass:192 - DEVICE NAME IS --> Pixel 3
[INFO ] 2023-12-11 15:34:10.615 BaseClass:194 - AUTOMATION NAME IS --> UiAutomator2
[INFO ] 2023-12-11 15:34:10.616 BaseClass:196 - UDID IS --> emulator-5554
[INFO ] 2023-12-11 15:34:10.618 BaseClass:210 - Android Real device gets opened
[DEBUG] 2023-12-11 15:34:33.255 BaseClass:252 - 04153ebc-fafd-49f4-98df-8e9c64e3e3d3
[DEBUG] 2023-12-11 15:34:33.334 MyListeners:39 - [1;30mTC101_VALIDOTPTESTCASE - STARTS[0m
[DEBUG] 2023-12-11 15:34:45.676 Generic:213 - Successfully Visibility  ----> Choose a phone number
[DEBUG] 2023-12-11 15:34:45.835 Generic:171 - Successfully Displaying ----> Choose a phone number
[DEBUG] 2023-12-11 15:34:46.411 Generic:213 - Successfully Visibility  ----> 
[DEBUG] 2023-12-11 15:34:46.722 Generic:137 - Successfully Clicked  ----> 
[DEBUG] 2023-12-11 15:34:48.409 Generic:213 - Successfully Visibility  ----> Allow
[DEBUG] 2023-12-11 15:34:48.522 Generic:171 - Successfully Displaying ----> Allow
[DEBUG] 2023-12-11 15:34:48.893 Generic:213 - Successfully Visibility  ----> Allow
[DEBUG] 2023-12-11 15:34:49.131 Generic:137 - Successfully Clicked  ----> Allow
[DEBUG] 2023-12-11 15:34:51.055 Generic:213 - Successfully Visibility  ----> Please proceed with your registered Hero mobile number
[DEBUG] 2023-12-11 15:34:51.581 Generic:213 - Successfully Visibility  ----> By tapping on login or register, you are agreeing to Hero
[DEBUG] 2023-12-11 15:34:53.083 Generic:213 - Successfully Visibility  ----> Enter mobile number
[DEBUG] 2023-12-11 15:34:53.104 Generic:150 - Successfully cleared textbox
[DEBUG] 2023-12-11 15:34:53.886 Generic:213 - Successfully Visibility  ----> Enter mobile number
[DEBUG] 2023-12-11 15:34:53.895 Generic:150 - Successfully cleared textbox
[DEBUG] 2023-12-11 15:34:54.590 Generic:202 - Successfully enter value ----> 6666600022
[DEBUG] 2023-12-11 15:34:56.718 Generic:213 - Successfully Visibility  ----> Continue
[DEBUG] 2023-12-11 15:34:56.938 Generic:137 - Successfully Clicked  ----> Continue
[DEBUG] 2023-12-11 15:34:57.096 MyListeners:59 - [1;31m[java.base/jdk.internal.reflect.UnsafeFieldAccessorImpl.throwSetIllegalArgumentException(UnsafeFieldAccessorImpl.java:167), java.base/jdk.internal.reflect.UnsafeFieldAccessorImpl.throwSetIllegalArgumentException(UnsafeFieldAccessorImpl.java:171), java.base/jdk.internal.reflect.UnsafeObjectFieldAccessorImpl.set(UnsafeObjectFieldAccessorImpl.java:81), java.base/java.lang.reflect.Field.set(Field.java:799), org.openqa.selenium.support.PageFactory.proxyFields(PageFactory.java:117), org.openqa.selenium.support.PageFactory.initElements(PageFactory.java:105), org.openqa.selenium.support.PageFactory.initElements(PageFactory.java:92), org.openqa.selenium.support.PageFactory.initElements(PageFactory.java:79), com.oneapp.pageobjects.OTP_Page_Object.<init>(OTP_Page_Object.java:85), com.oneapp.pageobjects.Login_Page_Object.clickOnContinuebutton(Login_Page_Object.java:78), com.oneapp.test_suits.OtpTestCases.TC101_ValidOtpTestcase(OtpTestCases.java:49), java.base/jdk.internal.reflect.NativeMethodAccessorImpl.invoke0(Native Method), java.base/jdk.internal.reflect.NativeMethodAccessorImpl.invoke(NativeMethodAccessorImpl.java:77), java.base/jdk.internal.reflect.DelegatingMethodAccessorImpl.invoke(DelegatingMethodAccessorImpl.java:43), java.base/java.lang.reflect.Method.invoke(Method.java:568), org.testng.internal.MethodInvocationHelper.invokeMethod(MethodInvocationHelper.java:133), org.testng.internal.TestInvoker.invokeMethod(TestInvoker.java:598), org.testng.internal.TestInvoker.invokeTestMethod(TestInvoker.java:173), org.testng.internal.MethodRunner.runInSequence(MethodRunner.java:46), org.testng.internal.TestInvoker$MethodInvocationAgent.invoke(TestInvoker.java:824), org.testng.internal.TestInvoker.invokeTestMethods(TestInvoker.java:146), org.testng.internal.TestMethodWorker.invokeTestMethods(TestMethodWorker.java:146), org.testng.internal.TestMethodWorker.run(TestMethodWorker.java:128), java.base/java.util.ArrayList.forEach(ArrayList.java:1511), org.testng.TestRunner.privateRun(TestRunner.java:794), org.testng.TestRunner.run(TestRunner.java:596), org.testng.SuiteRunner.runTest(SuiteRunner.java:377), org.testng.SuiteRunner.runSequentially(SuiteRunner.java:371), org.testng.SuiteRunner.privateRun(SuiteRunner.java:332), org.testng.SuiteRunner.run(SuiteRunner.java:276), org.testng.SuiteRunnerWorker.runSuite(SuiteRunnerWorker.java:53), org.testng.SuiteRunnerWorker.run(SuiteRunnerWorker.java:96), org.testng.TestNG.runSuitesSequentially(TestNG.java:1212), org.testng.TestNG.runSuitesLocally(TestNG.java:1134), org.testng.TestNG.runSuites(TestNG.java:1063), org.testng.TestNG.run(TestNG.java:1031), org.testng.remote.AbstractRemoteTestNG.run(AbstractRemoteTestNG.java:115), org.testng.remote.RemoteTestNG.initAndRun(RemoteTestNG.java:251), org.testng.remote.RemoteTestNG.main(RemoteTestNG.java:77)][0m
[DEBUG] 2023-12-11 15:34:58.883 MyListeners:103 - [1;31mScreenshot stored at: D:\My\HeroApp1Copy/screenshots/TC101_ValidOtpTestcase__M_o_n_ _D_e_c_ _1_1_ _1_5___3_4___5_7_ _I_S_T_ _2_0_2_3_.png[0m
[DEBUG] 2023-12-11 15:34:58.900 MyListeners:75 - [1;31mTC101_VALIDOTPTESTCASE - FAILURE[0m
[DEBUG] 2023-12-11 15:34:59.879 BaseClass:265 - Session gets closed
[DEBUG] 2023-12-11 15:34:59.880 BaseClass:266 - ++++++++++++++++++++++++++++++++
[DEBUG] 2023-12-11 15:35:00.835 BaseClass:291 - 
----------------------------------------
Stopping the Appium Server.....
2023-12-11 15:35:00.834
[DEBUG] 2023-12-11 15:36:06.442 BaseClass:276 - Starting the Appium Service....
2023-12-11 15:36:06.436
--------------------------------------------------------------
[INFO ] 2023-12-11 15:36:19.943 BaseClass:190 - PLATFORM NAME IS --> Android
[INFO ] 2023-12-11 15:36:19.946 BaseClass:192 - DEVICE NAME IS --> Pixel 3
[INFO ] 2023-12-11 15:36:19.948 BaseClass:194 - AUTOMATION NAME IS --> UiAutomator2
[INFO ] 2023-12-11 15:36:19.949 BaseClass:196 - UDID IS --> emulator-5554
[INFO ] 2023-12-11 15:36:19.950 BaseClass:210 - Android Real device gets opened
[DEBUG] 2023-12-11 15:36:41.250 BaseClass:252 - 0c996882-79a8-4d66-b1b2-88248aa24e69
[DEBUG] 2023-12-11 15:36:41.338 MyListeners:39 - [1;30mTC101_VALIDOTPTESTCASE - STARTS[0m
[DEBUG] 2023-12-11 15:36:53.622 Generic:213 - Successfully Visibility  ----> Choose a phone number
[DEBUG] 2023-12-11 15:36:53.793 Generic:171 - Successfully Displaying ----> Choose a phone number
[DEBUG] 2023-12-11 15:36:54.222 Generic:213 - Successfully Visibility  ----> 
[DEBUG] 2023-12-11 15:36:54.538 Generic:137 - Successfully Clicked  ----> 
[DEBUG] 2023-12-11 15:36:56.598 Generic:213 - Successfully Visibility  ----> Allow
[DEBUG] 2023-12-11 15:36:56.687 Generic:171 - Successfully Displaying ----> Allow
[DEBUG] 2023-12-11 15:36:57.098 Generic:213 - Successfully Visibility  ----> Allow
[DEBUG] 2023-12-11 15:36:57.351 Generic:137 - Successfully Clicked  ----> Allow
[DEBUG] 2023-12-11 15:36:59.057 Generic:213 - Successfully Visibility  ----> Please proceed with your registered Hero mobile number
[DEBUG] 2023-12-11 15:37:00.773 Generic:213 - Successfully Visibility  ----> By tapping on login or register, you are agreeing to Hero
[DEBUG] 2023-12-11 15:37:02.114 Generic:213 - Successfully Visibility  ----> Enter mobile number
[DEBUG] 2023-12-11 15:37:02.123 Generic:150 - Successfully cleared textbox
[DEBUG] 2023-12-11 15:37:03.540 Generic:213 - Successfully Visibility  ----> Enter mobile number
[DEBUG] 2023-12-11 15:37:03.569 Generic:150 - Successfully cleared textbox
[DEBUG] 2023-12-11 15:37:03.653 Generic:202 - Successfully enter value ----> 6666600022
[DEBUG] 2023-12-11 15:37:05.625 Generic:213 - Successfully Visibility  ----> Continue
[DEBUG] 2023-12-11 15:37:05.865 Generic:137 - Successfully Clicked  ----> Continue
[DEBUG] 2023-12-11 15:37:09.618 Generic:213 - Successfully Visibility  ----> Verify with OTP
[DEBUG] 2023-12-11 15:37:16.792 Generic:213 - Successfully Visibility  ----> Verify
[DEBUG] 2023-12-11 15:37:17.623 Generic:137 - Successfully Clicked  ----> Verify
[DEBUG] 2023-12-11 15:37:25.132 Generic:213 - Successfully Visibility  ----> book service paid
[DEBUG] 2023-12-11 15:37:25.564 Generic:137 - Successfully Clicked  ----> book service paid
[DEBUG] 2023-12-11 15:37:26.649 Generic:213 - Successfully Visibility  ----> Continue
[DEBUG] 2023-12-11 15:37:27.467 Generic:137 - Successfully Clicked  ----> Continue
[DEBUG] 2023-12-11 15:37:36.276 Generic:213 - Successfully Visibility  ----> Only this time
[DEBUG] 2023-12-11 15:37:36.615 Generic:137 - Successfully Clicked  ----> Only this time
[DEBUG] 2023-12-11 15:37:38.221 Generic:213 - Successfully Visibility  ----> Allow
[DEBUG] 2023-12-11 15:37:38.536 Generic:137 - Successfully Clicked  ----> Allow
[DEBUG] 2023-12-11 15:37:39.576 Generic:213 - Successfully Visibility  ----> Allow
[DEBUG] 2023-12-11 15:37:40.484 Generic:137 - Successfully Clicked  ----> Allow
[DEBUG] 2023-12-11 15:37:42.140 Generic:213 - Successfully Visibility  ----> Allow
[DEBUG] 2023-12-11 15:37:42.389 Generic:137 - Successfully Clicked  ----> Allow
[DEBUG] 2023-12-11 15:37:43.917 Generic:213 - Successfully Visibility  ----> Allow
[DEBUG] 2023-12-11 15:37:44.172 Generic:137 - Successfully Clicked  ----> Allow
[DEBUG] 2023-12-11 15:37:45.092 Generic:213 - Successfully Visibility  ----> Allow
[DEBUG] 2023-12-11 15:37:45.363 Generic:137 - Successfully Clicked  ----> Allow
[DEBUG] 2023-12-11 15:38:45.749 Generic:216 - [1;31morg.openqa.selenium.TimeoutException: Expected condition failed: waiting for visibility of Proxy element for: DefaultElementLocator 'By.id: com.customerapp.hero:id/custom_radius_close' (tried for 15 second(s) with 500 milliseconds interval)[0m
[DEBUG] 2023-12-11 15:40:16.409 Generic:213 - Successfully Visibility  ----> Edit List
[DEBUG] 2023-12-11 15:40:16.658 Generic:137 - Successfully Clicked  ----> Edit List
[DEBUG] 2023-12-11 15:40:17.736 Generic:213 - Successfully Visibility  ----> Save List
[DEBUG] 2023-12-11 15:40:18.039 Generic:137 - Successfully Clicked  ----> Save List
[DEBUG] 2023-12-11 15:40:18.970 Generic:213 - Successfully Visibility  ----> 
[DEBUG] 2023-12-11 15:40:19.183 Generic:137 - Successfully Clicked  ----> 
[DEBUG] 2023-12-11 15:40:20.691 Generic:216 - [1;31morg.openqa.selenium.StaleElementReferenceException: The element 'By.xpath: (//android.view.ViewGroup//android.widget.TextView)[1]' does not exist in DOM anymore
For documentation on this error, please visit: https://www.seleniumhq.org/exceptions/stale_element_reference.html
Build info: version: '3.141.59', revision: 'e82be7d358', time: '2018-11-14T08:17:03'
System info: host: 'DESKTOP-A2S9SMV', ip: '172.19.0.1', os.name: 'Windows 10', os.arch: 'amd64', os.version: '10.0', java.version: '17.0.9'
Driver info: io.appium.java_client.android.AndroidDriver
Capabilities {appActivity: com.customerapp.hero.views...., appPackage: com.customerapp.hero, automationName: UiAutomator2, avd: Pixel_3, avdLaunchTimeout: 400000, databaseEnabled: false, desired: {appActivity: com.customerapp.hero.views...., appPackage: com.customerapp.hero, automationName: UiAutomator2, avd: Pixel_3, avdLaunchTimeout: 400000, deviceName: Pixel 3, platformName: android, readyTimeout: 400000, udid: emulator-5554}, deviceApiLevel: 33, deviceManufacturer: Google, deviceModel: sdk_gphone64_x86_64, deviceName: emulator-5554, deviceScreenDensity: 440, deviceScreenSize: 1080x2160, deviceUDID: emulator-5554, javascriptEnabled: true, locationContextEnabled: false, networkConnectionEnabled: true, pixelRatio: 2.75, platform: LINUX, platformName: Android, platformVersion: 13, readyTimeout: 400000, statBarHeight: 66, takesScreenshot: true, udid: emulator-5554, viewportRect: {height: 2028, left: 0, top: 66, width: 1080}, warnings: {}, webStorageEnabled: false}
Session ID: 0c996882-79a8-4d66-b1b2-88248aa24e69[0m
[DEBUG] 2023-12-11 15:40:21.277 Generic:213 - Successfully Visibility  ----> You are using
[DEBUG] 2023-12-11 15:40:21.816 Generic:213 - Successfully Visibility  ----> Vehicle Details
[DEBUG] 2023-12-11 15:40:22.340 Generic:213 - Successfully Visibility  ----> Wheels of Trust
[DEBUG] 2023-12-11 15:40:23.040 Generic:213 - Successfully Visibility  ----> Joyride
[DEBUG] 2023-12-11 15:41:17.790 Generic:216 - [1;31morg.openqa.selenium.NoSuchElementException: An element could not be located on the page using the given search parameters.
For documentation on this error, please visit: https://www.seleniumhq.org/exceptions/no_such_element.html
Build info: version: '3.141.59', revision: 'e82be7d358', time: '2018-11-14T08:17:03'
System info: host: 'DESKTOP-A2S9SMV', ip: '172.19.0.1', os.name: 'Windows 10', os.arch: 'amd64', os.version: '10.0', java.version: '17.0.9'
Driver info: io.appium.java_client.android.AndroidDriver
Capabilities {appActivity: com.customerapp.hero.views...., appPackage: com.customerapp.hero, automationName: UiAutomator2, avd: Pixel_3, avdLaunchTimeout: 400000, databaseEnabled: false, desired: {appActivity: com.customerapp.hero.views...., appPackage: com.customerapp.hero, automationName: UiAutomator2, avd: Pixel_3, avdLaunchTimeout: 400000, deviceName: Pixel 3, platformName: android, readyTimeout: 400000, udid: emulator-5554}, deviceApiLevel: 33, deviceManufacturer: Google, deviceModel: sdk_gphone64_x86_64, deviceName: emulator-5554, deviceScreenDensity: 440, deviceScreenSize: 1080x2160, deviceUDID: emulator-5554, javascriptEnabled: true, locationContextEnabled: false, networkConnectionEnabled: true, pixelRatio: 2.75, platform: LINUX, platformName: Android, platformVersion: 13, readyTimeout: 400000, statBarHeight: 66, takesScreenshot: true, udid: emulator-5554, viewportRect: {height: 2028, left: 0, top: 66, width: 1080}, warnings: {}, webStorageEnabled: false}
Session ID: 0c996882-79a8-4d66-b1b2-88248aa24e69
*** Element info: {Using=xpath, value=(//android.view.ViewGroup//android.widget.TextView)[17]}[0m
[DEBUG] 2023-12-11 15:41:47.891 MyListeners:59 - [1;31m[jdk.internal.reflect.GeneratedConstructorAccessor32.newInstance(Unknown Source), java.base/jdk.internal.reflect.DelegatingConstructorAccessorImpl.newInstance(DelegatingConstructorAccessorImpl.java:45), java.base/java.lang.reflect.Constructor.newInstanceWithCaller(Constructor.java:499), java.base/java.lang.reflect.Constructor.newInstance(Constructor.java:480), org.openqa.selenium.remote.http.W3CHttpResponseCodec.createException(W3CHttpResponseCodec.java:187), org.openqa.selenium.remote.http.W3CHttpResponseCodec.decode(W3CHttpResponseCodec.java:122), org.openqa.selenium.remote.http.W3CHttpResponseCodec.decode(W3CHttpResponseCodec.java:49), org.openqa.selenium.remote.HttpCommandExecutor.execute(HttpCommandExecutor.java:158), io.appium.java_client.remote.AppiumCommandExecutor.execute(AppiumCommandExecutor.java:250), org.openqa.selenium.remote.RemoteWebDriver.execute(RemoteWebDriver.java:552), io.appium.java_client.DefaultGenericMobileDriver.execute(DefaultGenericMobileDriver.java:41), io.appium.java_client.AppiumDriver.execute(AppiumDriver.java:1), io.appium.java_client.android.AndroidDriver.execute(AndroidDriver.java:1), org.openqa.selenium.remote.RemoteWebDriver.findElement(RemoteWebDriver.java:323), io.appium.java_client.DefaultGenericMobileDriver.findElement(DefaultGenericMobileDriver.java:61), io.appium.java_client.AppiumDriver.findElement(AppiumDriver.java:1), io.appium.java_client.android.AndroidDriver.findElement(AndroidDriver.java:1), org.openqa.selenium.remote.RemoteWebDriver.findElementByXPath(RemoteWebDriver.java:428), io.appium.java_client.DefaultGenericMobileDriver.findElementByXPath(DefaultGenericMobileDriver.java:151), io.appium.java_client.AppiumDriver.findElementByXPath(AppiumDriver.java:1), io.appium.java_client.android.AndroidDriver.findElementByXPath(AndroidDriver.java:1), org.openqa.selenium.By$ByXPath.findElement(By.java:353), org.openqa.selenium.remote.RemoteWebDriver.findElement(RemoteWebDriver.java:315), io.appium.java_client.DefaultGenericMobileDriver.findElement(DefaultGenericMobileDriver.java:57), io.appium.java_client.AppiumDriver.findElement(AppiumDriver.java:1), io.appium.java_client.android.AndroidDriver.findElement(AndroidDriver.java:1), org.openqa.selenium.support.pagefactory.DefaultElementLocator.findElement(DefaultElementLocator.java:69), org.openqa.selenium.support.pagefactory.internal.LocatingElementHandler.invoke(LocatingElementHandler.java:38), jdk.proxy2/jdk.proxy2.$Proxy28.getText(Unknown Source), com.oneapp.test_suits.OtpTestCases.TC101_ValidOtpTestcase(OtpTestCases.java:111), java.base/jdk.internal.reflect.NativeMethodAccessorImpl.invoke0(Native Method), java.base/jdk.internal.reflect.NativeMethodAccessorImpl.invoke(NativeMethodAccessorImpl.java:77), java.base/jdk.internal.reflect.DelegatingMethodAccessorImpl.invoke(DelegatingMethodAccessorImpl.java:43), java.base/java.lang.reflect.Method.invoke(Method.java:568), org.testng.internal.MethodInvocationHelper.invokeMethod(MethodInvocationHelper.java:133), org.testng.internal.TestInvoker.invokeMethod(TestInvoker.java:598), org.testng.internal.TestInvoker.invokeTestMethod(TestInvoker.java:173), org.testng.internal.MethodRunner.runInSequence(MethodRunner.java:46), org.testng.internal.TestInvoker$MethodInvocationAgent.invoke(TestInvoker.java:824), org.testng.internal.TestInvoker.invokeTestMethods(TestInvoker.java:146), org.testng.internal.TestMethodWorker.invokeTestMethods(TestMethodWorker.java:146), org.testng.internal.TestMethodWorker.run(TestMethodWorker.java:128), java.base/java.util.ArrayList.forEach(ArrayList.java:1511), org.testng.TestRunner.privateRun(TestRunner.java:794), org.testng.TestRunner.run(TestRunner.java:596), org.testng.SuiteRunner.runTest(SuiteRunner.java:377), org.testng.SuiteRunner.runSequentially(SuiteRunner.java:371), org.testng.SuiteRunner.privateRun(SuiteRunner.java:332), org.testng.SuiteRunner.run(SuiteRunner.java:276), org.testng.SuiteRunnerWorker.runSuite(SuiteRunnerWorker.java:53), org.testng.SuiteRunnerWorker.run(SuiteRunnerWorker.java:96), org.testng.TestNG.runSuitesSequentially(TestNG.java:1212), org.testng.TestNG.runSuitesLocally(TestNG.java:1134), org.testng.TestNG.runSuites(TestNG.java:1063), org.testng.TestNG.run(TestNG.java:1031), org.testng.remote.AbstractRemoteTestNG.run(AbstractRemoteTestNG.java:115), org.testng.remote.RemoteTestNG.initAndRun(RemoteTestNG.java:251), org.testng.remote.RemoteTestNG.main(RemoteTestNG.java:77)][0m
[DEBUG] 2023-12-11 15:41:48.729 MyListeners:103 - [1;31mScreenshot stored at: D:\My\HeroApp1Copy/screenshots/TC101_ValidOtpTestcase__M_o_n_ _D_e_c_ _1_1_ _1_5___4_1___4_7_ _I_S_T_ _2_0_2_3_.png[0m
[DEBUG] 2023-12-11 15:41:48.734 MyListeners:75 - [1;31mTC101_VALIDOTPTESTCASE - FAILURE[0m
[DEBUG] 2023-12-11 15:41:49.853 BaseClass:265 - Session gets closed
[DEBUG] 2023-12-11 15:41:49.854 BaseClass:266 - ++++++++++++++++++++++++++++++++
[DEBUG] 2023-12-11 15:41:50.971 BaseClass:291 - 
----------------------------------------
Stopping the Appium Server.....
2023-12-11 15:41:50.971
[DEBUG] 2023-12-11 17:05:12.207 BaseClass:276 - Starting the Appium Service....
2023-12-11 17:05:12.192
--------------------------------------------------------------
[INFO ] 2023-12-11 17:05:26.450 BaseClass:190 - PLATFORM NAME IS --> Android
[INFO ] 2023-12-11 17:05:26.451 BaseClass:192 - DEVICE NAME IS --> Pixel 3
[INFO ] 2023-12-11 17:05:26.453 BaseClass:194 - AUTOMATION NAME IS --> UiAutomator2
[INFO ] 2023-12-11 17:05:26.454 BaseClass:196 - UDID IS --> emulator-5554
[INFO ] 2023-12-11 17:05:26.455 BaseClass:210 - Android Real device gets opened
[DEBUG] 2023-12-11 17:05:53.908 BaseClass:252 - f602a5b8-02e5-4035-88b0-cbf572a766db
[DEBUG] 2023-12-11 17:05:53.988 MyListeners:39 - [1;30mTC101_VALIDOTPTESTCASE - STARTS[0m
[DEBUG] 2023-12-11 17:06:08.324 Generic:213 - Successfully Visibility  ----> Choose a phone number
[DEBUG] 2023-12-11 17:06:08.424 Generic:171 - Successfully Displaying ----> Choose a phone number
[DEBUG] 2023-12-11 17:06:08.884 Generic:213 - Successfully Visibility  ----> 
[DEBUG] 2023-12-11 17:06:09.172 Generic:137 - Successfully Clicked  ----> 
[DEBUG] 2023-12-11 17:06:10.892 Generic:213 - Successfully Visibility  ----> Allow
[DEBUG] 2023-12-11 17:06:11.020 Generic:171 - Successfully Displaying ----> Allow
[DEBUG] 2023-12-11 17:06:11.413 Generic:213 - Successfully Visibility  ----> Allow
[DEBUG] 2023-12-11 17:06:11.683 Generic:137 - Successfully Clicked  ----> Allow
[DEBUG] 2023-12-11 17:06:13.711 Generic:213 - Successfully Visibility  ----> Please proceed with your registered Hero mobile number
[DEBUG] 2023-12-11 17:06:14.311 Generic:213 - Successfully Visibility  ----> By tapping on login or register, you are agreeing to Hero
[DEBUG] 2023-12-11 17:06:15.649 Generic:213 - Successfully Visibility  ----> Enter mobile number
[DEBUG] 2023-12-11 17:06:15.672 Generic:150 - Successfully cleared textbox
[DEBUG] 2023-12-11 17:06:17.098 Generic:213 - Successfully Visibility  ----> Enter mobile number
[DEBUG] 2023-12-11 17:06:17.109 Generic:150 - Successfully cleared textbox
[DEBUG] 2023-12-11 17:06:17.195 Generic:202 - Successfully enter value ----> 6666600022
[DEBUG] 2023-12-11 17:06:19.176 Generic:213 - Successfully Visibility  ----> Continue
[DEBUG] 2023-12-11 17:06:19.452 Generic:137 - Successfully Clicked  ----> Continue
[DEBUG] 2023-12-11 17:06:23.221 Generic:213 - Successfully Visibility  ----> Verify with OTP
[DEBUG] 2023-12-11 17:06:29.347 Generic:213 - Successfully Visibility  ----> Verify
[DEBUG] 2023-12-11 17:06:30.183 Generic:137 - Successfully Clicked  ----> Verify
[DEBUG] 2023-12-11 17:06:43.649 Generic:213 - Successfully Visibility  ----> book service paid
[DEBUG] 2023-12-11 17:06:44.107 Generic:137 - Successfully Clicked  ----> book service paid
[DEBUG] 2023-12-11 17:06:45.322 Generic:213 - Successfully Visibility  ----> Continue
[DEBUG] 2023-12-11 17:06:45.703 Generic:137 - Successfully Clicked  ----> Continue
[DEBUG] 2023-12-11 17:06:52.376 Generic:213 - Successfully Visibility  ----> Only this time
[DEBUG] 2023-12-11 17:06:52.571 Generic:137 - Successfully Clicked  ----> Only this time
[DEBUG] 2023-12-11 17:06:54.393 Generic:213 - Successfully Visibility  ----> Allow
[DEBUG] 2023-12-11 17:06:54.707 Generic:137 - Successfully Clicked  ----> Allow
[DEBUG] 2023-12-11 17:06:55.700 Generic:213 - Successfully Visibility  ----> Allow
[DEBUG] 2023-12-11 17:06:56.144 Generic:137 - Successfully Clicked  ----> Allow
[DEBUG] 2023-12-11 17:06:57.634 Generic:213 - Successfully Visibility  ----> Allow
[DEBUG] 2023-12-11 17:06:57.919 Generic:137 - Successfully Clicked  ----> Allow
[DEBUG] 2023-12-11 17:06:59.513 Generic:213 - Successfully Visibility  ----> Allow
[DEBUG] 2023-12-11 17:06:59.737 Generic:137 - Successfully Clicked  ----> Allow
[DEBUG] 2023-12-11 17:07:00.942 Generic:213 - Successfully Visibility  ----> Allow
[DEBUG] 2023-12-11 17:07:01.163 Generic:137 - Successfully Clicked  ----> Allow
[DEBUG] 2023-12-11 17:08:01.621 Generic:216 - [1;31morg.openqa.selenium.TimeoutException: Expected condition failed: waiting for visibility of Proxy element for: DefaultElementLocator 'By.id: com.customerapp.hero:id/custom_radius_close' (tried for 15 second(s) with 500 milliseconds interval)[0m
[DEBUG] 2023-12-11 17:09:32.234 Generic:213 - Successfully Visibility  ----> Edit List
[DEBUG] 2023-12-11 17:09:32.502 Generic:137 - Successfully Clicked  ----> Edit List
[DEBUG] 2023-12-11 17:09:33.533 Generic:213 - Successfully Visibility  ----> Save List
[DEBUG] 2023-12-11 17:09:33.739 Generic:137 - Successfully Clicked  ----> Save List
[DEBUG] 2023-12-11 17:09:34.621 Generic:213 - Successfully Visibility  ----> 
[DEBUG] 2023-12-11 17:09:34.786 Generic:137 - Successfully Clicked  ----> 
[DEBUG] 2023-12-11 17:09:36.722 Generic:216 - [1;31morg.openqa.selenium.StaleElementReferenceException: The element 'By.xpath: (//android.view.ViewGroup//android.widget.TextView)[1]' does not exist in DOM anymore
For documentation on this error, please visit: https://www.seleniumhq.org/exceptions/stale_element_reference.html
Build info: version: '3.141.59', revision: 'e82be7d358', time: '2018-11-14T08:17:03'
System info: host: 'DESKTOP-A2S9SMV', ip: '172.19.0.1', os.name: 'Windows 10', os.arch: 'amd64', os.version: '10.0', java.version: '17.0.9'
Driver info: io.appium.java_client.android.AndroidDriver
Capabilities {appActivity: com.customerapp.hero.views...., appPackage: com.customerapp.hero, automationName: UiAutomator2, avd: Pixel_3, avdLaunchTimeout: 400000, databaseEnabled: false, desired: {appActivity: com.customerapp.hero.views...., appPackage: com.customerapp.hero, automationName: UiAutomator2, avd: Pixel_3, avdLaunchTimeout: 400000, deviceName: Pixel 3, platformName: android, readyTimeout: 400000, udid: emulator-5554}, deviceApiLevel: 33, deviceManufacturer: Google, deviceModel: sdk_gphone64_x86_64, deviceName: emulator-5554, deviceScreenDensity: 440, deviceScreenSize: 1080x2160, deviceUDID: emulator-5554, javascriptEnabled: true, locationContextEnabled: false, networkConnectionEnabled: true, pixelRatio: 2.75, platform: LINUX, platformName: Android, platformVersion: 13, readyTimeout: 400000, statBarHeight: 66, takesScreenshot: true, udid: emulator-5554, viewportRect: {height: 2028, left: 0, top: 66, width: 1080}, warnings: {}, webStorageEnabled: false}
Session ID: f602a5b8-02e5-4035-88b0-cbf572a766db[0m
[DEBUG] 2023-12-11 17:09:37.215 Generic:213 - Successfully Visibility  ----> You are using
[DEBUG] 2023-12-11 17:09:37.705 Generic:213 - Successfully Visibility  ----> Vehicle Details
[DEBUG] 2023-12-11 17:09:38.169 Generic:213 - Successfully Visibility  ----> Wheels of Trust
[DEBUG] 2023-12-11 17:09:38.571 Generic:213 - Successfully Visibility  ----> Joyride
[DEBUG] 2023-12-11 17:10:38.979 Generic:216 - [1;31morg.openqa.selenium.TimeoutException: Expected condition failed: waiting for visibility of Proxy element for: DefaultElementLocator 'By.xpath: (//android.view.ViewGroup//android.widget.TextView)[17]' (tried for 15 second(s) with 500 milliseconds interval)[0m
[DEBUG] 2023-12-11 17:11:39.172 Generic:216 - [1;31morg.openqa.selenium.TimeoutException: Expected condition failed: waiting for visibility of Proxy element for: DefaultElementLocator 'By.xpath: (//android.view.ViewGroup//android.widget.TextView)[17]' (tried for 15 second(s) with 500 milliseconds interval)[0m
[DEBUG] 2023-12-11 17:12:09.316 MyListeners:59 - [1;31m[jdk.internal.reflect.GeneratedConstructorAccessor21.newInstance(Unknown Source), java.base/jdk.internal.reflect.DelegatingConstructorAccessorImpl.newInstance(DelegatingConstructorAccessorImpl.java:45), java.base/java.lang.reflect.Constructor.newInstanceWithCaller(Constructor.java:499), java.base/java.lang.reflect.Constructor.newInstance(Constructor.java:480), org.openqa.selenium.remote.http.W3CHttpResponseCodec.createException(W3CHttpResponseCodec.java:187), org.openqa.selenium.remote.http.W3CHttpResponseCodec.decode(W3CHttpResponseCodec.java:122), org.openqa.selenium.remote.http.W3CHttpResponseCodec.decode(W3CHttpResponseCodec.java:49), org.openqa.selenium.remote.HttpCommandExecutor.execute(HttpCommandExecutor.java:158), io.appium.java_client.remote.AppiumCommandExecutor.execute(AppiumCommandExecutor.java:250), org.openqa.selenium.remote.RemoteWebDriver.execute(RemoteWebDriver.java:552), io.appium.java_client.DefaultGenericMobileDriver.execute(DefaultGenericMobileDriver.java:41), io.appium.java_client.AppiumDriver.execute(AppiumDriver.java:1), io.appium.java_client.android.AndroidDriver.execute(AndroidDriver.java:1), org.openqa.selenium.remote.RemoteWebDriver.findElement(RemoteWebDriver.java:323), io.appium.java_client.DefaultGenericMobileDriver.findElement(DefaultGenericMobileDriver.java:61), io.appium.java_client.AppiumDriver.findElement(AppiumDriver.java:1), io.appium.java_client.android.AndroidDriver.findElement(AndroidDriver.java:1), org.openqa.selenium.remote.RemoteWebDriver.findElementByXPath(RemoteWebDriver.java:428), io.appium.java_client.DefaultGenericMobileDriver.findElementByXPath(DefaultGenericMobileDriver.java:151), io.appium.java_client.AppiumDriver.findElementByXPath(AppiumDriver.java:1), io.appium.java_client.android.AndroidDriver.findElementByXPath(AndroidDriver.java:1), org.openqa.selenium.By$ByXPath.findElement(By.java:353), org.openqa.selenium.remote.RemoteWebDriver.findElement(RemoteWebDriver.java:315), io.appium.java_client.DefaultGenericMobileDriver.findElement(DefaultGenericMobileDriver.java:57), io.appium.java_client.AppiumDriver.findElement(AppiumDriver.java:1), io.appium.java_client.android.AndroidDriver.findElement(AndroidDriver.java:1), org.openqa.selenium.support.pagefactory.DefaultElementLocator.findElement(DefaultElementLocator.java:69), org.openqa.selenium.support.pagefactory.internal.LocatingElementHandler.invoke(LocatingElementHandler.java:38), jdk.proxy2/jdk.proxy2.$Proxy28.getText(Unknown Source), com.oneapp.utils.Generic.elementDisplaying(Generic.java:171), com.oneapp.test_suits.OtpTestCases.TC101_ValidOtpTestcase(OtpTestCases.java:113), java.base/jdk.internal.reflect.NativeMethodAccessorImpl.invoke0(Native Method), java.base/jdk.internal.reflect.NativeMethodAccessorImpl.invoke(NativeMethodAccessorImpl.java:77), java.base/jdk.internal.reflect.DelegatingMethodAccessorImpl.invoke(DelegatingMethodAccessorImpl.java:43), java.base/java.lang.reflect.Method.invoke(Method.java:568), org.testng.internal.MethodInvocationHelper.invokeMethod(MethodInvocationHelper.java:133), org.testng.internal.TestInvoker.invokeMethod(TestInvoker.java:598), org.testng.internal.TestInvoker.invokeTestMethod(TestInvoker.java:173), org.testng.internal.MethodRunner.runInSequence(MethodRunner.java:46), org.testng.internal.TestInvoker$MethodInvocationAgent.invoke(TestInvoker.java:824), org.testng.internal.TestInvoker.invokeTestMethods(TestInvoker.java:146), org.testng.internal.TestMethodWorker.invokeTestMethods(TestMethodWorker.java:146), org.testng.internal.TestMethodWorker.run(TestMethodWorker.java:128), java.base/java.util.ArrayList.forEach(ArrayList.java:1511), org.testng.TestRunner.privateRun(TestRunner.java:794), org.testng.TestRunner.run(TestRunner.java:596), org.testng.SuiteRunner.runTest(SuiteRunner.java:377), org.testng.SuiteRunner.runSequentially(SuiteRunner.java:371), org.testng.SuiteRunner.privateRun(SuiteRunner.java:332), org.testng.SuiteRunner.run(SuiteRunner.java:276), org.testng.SuiteRunnerWorker.runSuite(SuiteRunnerWorker.java:53), org.testng.SuiteRunnerWorker.run(SuiteRunnerWorker.java:96), org.testng.TestNG.runSuitesSequentially(TestNG.java:1212), org.testng.TestNG.runSuitesLocally(TestNG.java:1134), org.testng.TestNG.runSuites(TestNG.java:1063), org.testng.TestNG.run(TestNG.java:1031), org.testng.remote.AbstractRemoteTestNG.run(AbstractRemoteTestNG.java:115), org.testng.remote.RemoteTestNG.initAndRun(RemoteTestNG.java:251), org.testng.remote.RemoteTestNG.main(RemoteTestNG.java:77)][0m
[DEBUG] 2023-12-11 17:12:10.571 MyListeners:103 - [1;31mScreenshot stored at: D:\My\HeroApp1Copy/screenshots/TC101_ValidOtpTestcase__M_o_n_ _D_e_c_ _1_1_ _1_7___1_2___0_9_ _I_S_T_ _2_0_2_3_.png[0m
[DEBUG] 2023-12-11 17:12:10.577 MyListeners:75 - [1;31mTC101_VALIDOTPTESTCASE - FAILURE[0m
[DEBUG] 2023-12-11 17:12:11.598 BaseClass:265 - Session gets closed
[DEBUG] 2023-12-11 17:12:11.600 BaseClass:266 - ++++++++++++++++++++++++++++++++
[DEBUG] 2023-12-11 17:12:12.396 BaseClass:291 - 
----------------------------------------
Stopping the Appium Server.....
2023-12-11 17:12:12.395
[DEBUG] 2023-12-11 17:35:34.550 BaseClass:276 - Starting the Appium Service....
2023-12-11 17:35:34.540
--------------------------------------------------------------
[INFO ] 2023-12-11 17:35:48.324 BaseClass:190 - PLATFORM NAME IS --> Android
[INFO ] 2023-12-11 17:35:48.329 BaseClass:192 - DEVICE NAME IS --> Pixel 3
[INFO ] 2023-12-11 17:35:48.332 BaseClass:194 - AUTOMATION NAME IS --> UiAutomator2
[INFO ] 2023-12-11 17:35:48.335 BaseClass:196 - UDID IS --> emulator-5554
[INFO ] 2023-12-11 17:35:48.338 BaseClass:210 - Android Real device gets opened
[DEBUG] 2023-12-11 17:36:15.430 BaseClass:252 - 8d79f3c5-0799-450a-8315-f621ab681a8d
[DEBUG] 2023-12-11 17:36:15.497 MyListeners:39 - [1;30mTC101_VALIDOTPTESTCASE - STARTS[0m
[DEBUG] 2023-12-11 17:36:29.991 Generic:218 - Successfully Visibility  ----> Choose a phone number
[DEBUG] 2023-12-11 17:36:30.101 Generic:171 - Successfully Displaying ----> Choose a phone number
[DEBUG] 2023-12-11 17:36:30.442 Generic:218 - Successfully Visibility  ----> 
[DEBUG] 2023-12-11 17:36:30.764 Generic:137 - Successfully Clicked  ----> 
[DEBUG] 2023-12-11 17:36:32.766 Generic:218 - Successfully Visibility  ----> Allow
[DEBUG] 2023-12-11 17:36:33.076 Generic:171 - Successfully Displaying ----> Allow
[DEBUG] 2023-12-11 17:36:33.626 Generic:218 - Successfully Visibility  ----> Allow
[DEBUG] 2023-12-11 17:36:33.900 Generic:137 - Successfully Clicked  ----> Allow
[DEBUG] 2023-12-11 17:36:35.297 Generic:218 - Successfully Visibility  ----> Please proceed with your registered Hero mobile number
[DEBUG] 2023-12-11 17:36:36.796 Generic:218 - Successfully Visibility  ----> By tapping on login or register, you are agreeing to Hero
[DEBUG] 2023-12-11 17:36:38.873 Generic:218 - Successfully Visibility  ----> Enter mobile number
[DEBUG] 2023-12-11 17:36:38.883 Generic:150 - Successfully cleared textbox
[DEBUG] 2023-12-11 17:36:39.732 Generic:218 - Successfully Visibility  ----> Enter mobile number
[DEBUG] 2023-12-11 17:36:39.745 Generic:150 - Successfully cleared textbox
[DEBUG] 2023-12-11 17:36:40.596 Generic:207 - Successfully enter value ----> 6666600022
[DEBUG] 2023-12-11 17:36:42.861 Generic:218 - Successfully Visibility  ----> Continue
[DEBUG] 2023-12-11 17:36:43.132 Generic:137 - Successfully Clicked  ----> Continue
[DEBUG] 2023-12-11 17:36:47.128 Generic:218 - Successfully Visibility  ----> Verify with OTP
[DEBUG] 2023-12-11 17:36:56.941 Generic:218 - Successfully Visibility  ----> Verify
[DEBUG] 2023-12-11 17:36:57.225 Generic:137 - Successfully Clicked  ----> Verify
[DEBUG] 2023-12-11 17:37:05.340 Generic:218 - Successfully Visibility  ----> book service paid
[DEBUG] 2023-12-11 17:37:05.963 Generic:137 - Successfully Clicked  ----> book service paid
[DEBUG] 2023-12-11 17:37:07.174 Generic:218 - Successfully Visibility  ----> Continue
[DEBUG] 2023-12-11 17:37:07.549 Generic:137 - Successfully Clicked  ----> Continue
[DEBUG] 2023-12-11 17:37:14.566 Generic:218 - Successfully Visibility  ----> Only this time
[DEBUG] 2023-12-11 17:37:14.764 Generic:137 - Successfully Clicked  ----> Only this time
[DEBUG] 2023-12-11 17:37:16.732 Generic:218 - Successfully Visibility  ----> Allow
[DEBUG] 2023-12-11 17:37:17.037 Generic:137 - Successfully Clicked  ----> Allow
[DEBUG] 2023-12-11 17:37:18.101 Generic:218 - Successfully Visibility  ----> Allow
[DEBUG] 2023-12-11 17:37:18.556 Generic:137 - Successfully Clicked  ----> Allow
[DEBUG] 2023-12-11 17:37:20.023 Generic:218 - Successfully Visibility  ----> Allow
[DEBUG] 2023-12-11 17:37:20.288 Generic:137 - Successfully Clicked  ----> Allow
[DEBUG] 2023-12-11 17:37:21.807 Generic:218 - Successfully Visibility  ----> Allow
[DEBUG] 2023-12-11 17:37:22.192 Generic:137 - Successfully Clicked  ----> Allow
[DEBUG] 2023-12-11 17:37:23.265 Generic:218 - Successfully Visibility  ----> Allow
[DEBUG] 2023-12-11 17:37:23.504 Generic:137 - Successfully Clicked  ----> Allow
[DEBUG] 2023-12-11 17:38:24.122 Generic:221 - [1;31morg.openqa.selenium.TimeoutException: Expected condition failed: waiting for visibility of Proxy element for: DefaultElementLocator 'By.id: com.customerapp.hero:id/custom_radius_close' (tried for 15 second(s) with 500 milliseconds interval)[0m
[DEBUG] 2023-12-11 17:39:55.233 Generic:218 - Successfully Visibility  ----> Edit List
[DEBUG] 2023-12-11 17:39:55.473 Generic:137 - Successfully Clicked  ----> Edit List
[DEBUG] 2023-12-11 17:39:56.488 Generic:218 - Successfully Visibility  ----> Save List
[DEBUG] 2023-12-11 17:39:56.788 Generic:137 - Successfully Clicked  ----> Save List
[DEBUG] 2023-12-11 17:39:57.941 Generic:218 - Successfully Visibility  ----> 
[DEBUG] 2023-12-11 17:39:58.173 Generic:137 - Successfully Clicked  ----> 
[DEBUG] 2023-12-11 17:40:00.202 Generic:221 - [1;31morg.openqa.selenium.StaleElementReferenceException: The element 'By.xpath: (//android.view.ViewGroup//android.widget.TextView)[1]' does not exist in DOM anymore
For documentation on this error, please visit: https://www.seleniumhq.org/exceptions/stale_element_reference.html
Build info: version: '3.141.59', revision: 'e82be7d358', time: '2018-11-14T08:17:03'
System info: host: 'DESKTOP-A2S9SMV', ip: '172.19.0.1', os.name: 'Windows 10', os.arch: 'amd64', os.version: '10.0', java.version: '17.0.9'
Driver info: io.appium.java_client.android.AndroidDriver
Capabilities {appActivity: com.customerapp.hero.views...., appPackage: com.customerapp.hero, automationName: UiAutomator2, avd: Pixel_3, avdLaunchTimeout: 400000, databaseEnabled: false, desired: {appActivity: com.customerapp.hero.views...., appPackage: com.customerapp.hero, automationName: UiAutomator2, avd: Pixel_3, avdLaunchTimeout: 400000, deviceName: Pixel 3, platformName: android, readyTimeout: 400000, udid: emulator-5554}, deviceApiLevel: 33, deviceManufacturer: Google, deviceModel: sdk_gphone64_x86_64, deviceName: emulator-5554, deviceScreenDensity: 440, deviceScreenSize: 1080x2160, deviceUDID: emulator-5554, javascriptEnabled: true, locationContextEnabled: false, networkConnectionEnabled: true, pixelRatio: 2.75, platform: LINUX, platformName: Android, platformVersion: 13, readyTimeout: 400000, statBarHeight: 66, takesScreenshot: true, udid: emulator-5554, viewportRect: {height: 2028, left: 0, top: 66, width: 1080}, warnings: {}, webStorageEnabled: false}
Session ID: 8d79f3c5-0799-450a-8315-f621ab681a8d[0m
[DEBUG] 2023-12-11 17:40:01.661 Generic:218 - Successfully Visibility  ----> You are using
[DEBUG] 2023-12-11 17:40:02.378 Generic:218 - Successfully Visibility  ----> Vehicle Details
[DEBUG] 2023-12-11 17:40:03.149 Generic:218 - Successfully Visibility  ----> Wheels of Trust
[DEBUG] 2023-12-11 17:40:03.696 Generic:218 - Successfully Visibility  ----> Joyride
[DEBUG] 2023-12-11 17:41:04.207 Generic:221 - [1;31morg.openqa.selenium.TimeoutException: Expected condition failed: waiting for visibility of Proxy element for: DefaultElementLocator 'By.xpath: (//android.view.ViewGroup//android.widget.TextView)[17]' (tried for 15 second(s) with 500 milliseconds interval)[0m
[DEBUG] 2023-12-11 17:42:04.453 Generic:221 - [1;31morg.openqa.selenium.TimeoutException: Expected condition failed: waiting for visibility of Proxy element for: DefaultElementLocator 'By.xpath: (//android.view.ViewGroup//android.widget.TextView)[17]' (tried for 15 second(s) with 500 milliseconds interval)[0m
[DEBUG] 2023-12-11 17:42:34.829 MyListeners:59 - [1;31m[jdk.internal.reflect.GeneratedConstructorAccessor32.newInstance(Unknown Source), java.base/jdk.internal.reflect.DelegatingConstructorAccessorImpl.newInstance(DelegatingConstructorAccessorImpl.java:45), java.base/java.lang.reflect.Constructor.newInstanceWithCaller(Constructor.java:499), java.base/java.lang.reflect.Constructor.newInstance(Constructor.java:480), org.openqa.selenium.remote.http.W3CHttpResponseCodec.createException(W3CHttpResponseCodec.java:187), org.openqa.selenium.remote.http.W3CHttpResponseCodec.decode(W3CHttpResponseCodec.java:122), org.openqa.selenium.remote.http.W3CHttpResponseCodec.decode(W3CHttpResponseCodec.java:49), org.openqa.selenium.remote.HttpCommandExecutor.execute(HttpCommandExecutor.java:158), io.appium.java_client.remote.AppiumCommandExecutor.execute(AppiumCommandExecutor.java:250), org.openqa.selenium.remote.RemoteWebDriver.execute(RemoteWebDriver.java:552), io.appium.java_client.DefaultGenericMobileDriver.execute(DefaultGenericMobileDriver.java:41), io.appium.java_client.AppiumDriver.execute(AppiumDriver.java:1), io.appium.java_client.android.AndroidDriver.execute(AndroidDriver.java:1), org.openqa.selenium.remote.RemoteWebDriver.findElement(RemoteWebDriver.java:323), io.appium.java_client.DefaultGenericMobileDriver.findElement(DefaultGenericMobileDriver.java:61), io.appium.java_client.AppiumDriver.findElement(AppiumDriver.java:1), io.appium.java_client.android.AndroidDriver.findElement(AndroidDriver.java:1), org.openqa.selenium.remote.RemoteWebDriver.findElementByXPath(RemoteWebDriver.java:428), io.appium.java_client.DefaultGenericMobileDriver.findElementByXPath(DefaultGenericMobileDriver.java:151), io.appium.java_client.AppiumDriver.findElementByXPath(AppiumDriver.java:1), io.appium.java_client.android.AndroidDriver.findElementByXPath(AndroidDriver.java:1), org.openqa.selenium.By$ByXPath.findElement(By.java:353), org.openqa.selenium.remote.RemoteWebDriver.findElement(RemoteWebDriver.java:315), io.appium.java_client.DefaultGenericMobileDriver.findElement(DefaultGenericMobileDriver.java:57), io.appium.java_client.AppiumDriver.findElement(AppiumDriver.java:1), io.appium.java_client.android.AndroidDriver.findElement(AndroidDriver.java:1), org.openqa.selenium.support.pagefactory.DefaultElementLocator.findElement(DefaultElementLocator.java:69), org.openqa.selenium.support.pagefactory.internal.LocatingElementHandler.invoke(LocatingElementHandler.java:38), jdk.proxy2/jdk.proxy2.$Proxy28.getText(Unknown Source), com.oneapp.utils.Generic.elementDisplaying(Generic.java:171), com.oneapp.test_suits.OtpTestCases.TC101_ValidOtpTestcase(OtpTestCases.java:117), java.base/jdk.internal.reflect.NativeMethodAccessorImpl.invoke0(Native Method), java.base/jdk.internal.reflect.NativeMethodAccessorImpl.invoke(NativeMethodAccessorImpl.java:77), java.base/jdk.internal.reflect.DelegatingMethodAccessorImpl.invoke(DelegatingMethodAccessorImpl.java:43), java.base/java.lang.reflect.Method.invoke(Method.java:568), org.testng.internal.MethodInvocationHelper.invokeMethod(MethodInvocationHelper.java:133), org.testng.internal.TestInvoker.invokeMethod(TestInvoker.java:598), org.testng.internal.TestInvoker.invokeTestMethod(TestInvoker.java:173), org.testng.internal.MethodRunner.runInSequence(MethodRunner.java:46), org.testng.internal.TestInvoker$MethodInvocationAgent.invoke(TestInvoker.java:824), org.testng.internal.TestInvoker.invokeTestMethods(TestInvoker.java:146), org.testng.internal.TestMethodWorker.invokeTestMethods(TestMethodWorker.java:146), org.testng.internal.TestMethodWorker.run(TestMethodWorker.java:128), java.base/java.util.ArrayList.forEach(ArrayList.java:1511), org.testng.TestRunner.privateRun(TestRunner.java:794), org.testng.TestRunner.run(TestRunner.java:596), org.testng.SuiteRunner.runTest(SuiteRunner.java:377), org.testng.SuiteRunner.runSequentially(SuiteRunner.java:371), org.testng.SuiteRunner.privateRun(SuiteRunner.java:332), org.testng.SuiteRunner.run(SuiteRunner.java:276), org.testng.SuiteRunnerWorker.runSuite(SuiteRunnerWorker.java:53), org.testng.SuiteRunnerWorker.run(SuiteRunnerWorker.java:96), org.testng.TestNG.runSuitesSequentially(TestNG.java:1212), org.testng.TestNG.runSuitesLocally(TestNG.java:1134), org.testng.TestNG.runSuites(TestNG.java:1063), org.testng.TestNG.run(TestNG.java:1031), org.testng.remote.AbstractRemoteTestNG.run(AbstractRemoteTestNG.java:115), org.testng.remote.RemoteTestNG.initAndRun(RemoteTestNG.java:251), org.testng.remote.RemoteTestNG.main(RemoteTestNG.java:77)][0m
[DEBUG] 2023-12-11 17:42:35.991 MyListeners:103 - [1;31mScreenshot stored at: D:\My\HeroApp1Copy/screenshots/TC101_ValidOtpTestcase__M_o_n_ _D_e_c_ _1_1_ _1_7___4_2___3_4_ _I_S_T_ _2_0_2_3_.png[0m
[DEBUG] 2023-12-11 17:42:35.999 MyListeners:75 - [1;31mTC101_VALIDOTPTESTCASE - FAILURE[0m
[DEBUG] 2023-12-11 17:42:36.730 BaseClass:265 - Session gets closed
[DEBUG] 2023-12-11 17:42:36.736 BaseClass:266 - ++++++++++++++++++++++++++++++++
[DEBUG] 2023-12-11 17:42:37.965 BaseClass:291 - 
----------------------------------------
Stopping the Appium Server.....
2023-12-11 17:42:37.963
[DEBUG] 2023-12-11 18:05:37.474 BaseClass:276 - Starting the Appium Service....
2023-12-11 18:05:37.462
--------------------------------------------------------------
[INFO ] 2023-12-11 18:05:47.661 BaseClass:190 - PLATFORM NAME IS --> Android
[INFO ] 2023-12-11 18:05:47.668 BaseClass:192 - DEVICE NAME IS --> Pixel 3
[INFO ] 2023-12-11 18:05:47.672 BaseClass:194 - AUTOMATION NAME IS --> UiAutomator2
[INFO ] 2023-12-11 18:05:47.676 BaseClass:196 - UDID IS --> emulator-5554
[INFO ] 2023-12-11 18:05:47.688 BaseClass:210 - Android Real device gets opened
[DEBUG] 2023-12-11 18:06:15.052 BaseClass:252 - 02a7518a-6b74-4eeb-bbc7-c606e3b672ee
[DEBUG] 2023-12-11 18:06:15.116 MyListeners:39 - [1;30mTC101_VALIDOTPTESTCASE - STARTS[0m
[DEBUG] 2023-12-11 18:06:28.342 Generic:218 - Successfully Visibility  ----> Choose a phone number
[DEBUG] 2023-12-11 18:06:28.612 Generic:171 - Successfully Displaying ----> Choose a phone number
[DEBUG] 2023-12-11 18:06:29.265 Generic:218 - Successfully Visibility  ----> 
[DEBUG] 2023-12-11 18:06:29.671 Generic:137 - Successfully Clicked  ----> 
[DEBUG] 2023-12-11 18:06:31.572 Generic:218 - Successfully Visibility  ----> Allow
[DEBUG] 2023-12-11 18:06:31.688 Generic:171 - Successfully Displaying ----> Allow
[DEBUG] 2023-12-11 18:06:32.215 Generic:218 - Successfully Visibility  ----> Allow
[DEBUG] 2023-12-11 18:06:32.579 Generic:137 - Successfully Clicked  ----> Allow
[DEBUG] 2023-12-11 18:06:34.029 Generic:218 - Successfully Visibility  ----> Please proceed with your registered Hero mobile number
[DEBUG] 2023-12-11 18:06:35.468 Generic:218 - Successfully Visibility  ----> By tapping on login or register, you are agreeing to Hero
[DEBUG] 2023-12-11 18:06:37.511 Generic:218 - Successfully Visibility  ----> Enter mobile number
[DEBUG] 2023-12-11 18:06:37.540 Generic:150 - Successfully cleared textbox
[DEBUG] 2023-12-11 18:06:38.446 Generic:218 - Successfully Visibility  ----> Enter mobile number
[DEBUG] 2023-12-11 18:06:38.478 Generic:150 - Successfully cleared textbox
[DEBUG] 2023-12-11 18:06:39.232 Generic:207 - Successfully enter value ----> 6666600022
[DEBUG] 2023-12-11 18:06:41.362 Generic:218 - Successfully Visibility  ----> Continue
[DEBUG] 2023-12-11 18:06:41.744 Generic:137 - Successfully Clicked  ----> Continue
[DEBUG] 2023-12-11 18:06:46.407 Generic:218 - Successfully Visibility  ----> Verify with OTP
[DEBUG] 2023-12-11 18:06:56.079 Generic:218 - Successfully Visibility  ----> Verify
[DEBUG] 2023-12-11 18:06:56.387 Generic:137 - Successfully Clicked  ----> Verify
[DEBUG] 2023-12-11 18:07:05.448 Generic:218 - Successfully Visibility  ----> book service paid
[DEBUG] 2023-12-11 18:07:06.107 Generic:137 - Successfully Clicked  ----> book service paid
[DEBUG] 2023-12-11 18:07:07.374 Generic:218 - Successfully Visibility  ----> Continue
[DEBUG] 2023-12-11 18:07:08.026 Generic:137 - Successfully Clicked  ----> Continue
[DEBUG] 2023-12-11 18:07:15.175 Generic:218 - Successfully Visibility  ----> Only this time
[DEBUG] 2023-12-11 18:07:15.527 Generic:137 - Successfully Clicked  ----> Only this time
[DEBUG] 2023-12-11 18:07:17.351 Generic:218 - Successfully Visibility  ----> Allow
[DEBUG] 2023-12-11 18:07:17.756 Generic:137 - Successfully Clicked  ----> Allow
[DEBUG] 2023-12-11 18:07:18.828 Generic:218 - Successfully Visibility  ----> Allow
[DEBUG] 2023-12-11 18:07:19.258 Generic:137 - Successfully Clicked  ----> Allow
[DEBUG] 2023-12-11 18:07:20.793 Generic:218 - Successfully Visibility  ----> Allow
[DEBUG] 2023-12-11 18:07:21.126 Generic:137 - Successfully Clicked  ----> Allow
[DEBUG] 2023-12-11 18:07:22.654 Generic:218 - Successfully Visibility  ----> Allow
[DEBUG] 2023-12-11 18:07:22.898 Generic:137 - Successfully Clicked  ----> Allow
[DEBUG] 2023-12-11 18:07:24.054 Generic:218 - Successfully Visibility  ----> Allow
[DEBUG] 2023-12-11 18:07:24.405 Generic:137 - Successfully Clicked  ----> Allow
[DEBUG] 2023-12-11 18:07:26.236 Generic:218 - Successfully Visibility  ----> Edit List
[DEBUG] 2023-12-11 18:07:26.586 Generic:137 - Successfully Clicked  ----> Edit List
[DEBUG] 2023-12-11 18:07:27.754 Generic:218 - Successfully Visibility  ----> Save List
[DEBUG] 2023-12-11 18:07:28.036 Generic:137 - Successfully Clicked  ----> Save List
[DEBUG] 2023-12-11 18:07:29.190 Generic:218 - Successfully Visibility  ----> 
[DEBUG] 2023-12-11 18:07:29.487 Generic:137 - Successfully Clicked  ----> 
[DEBUG] 2023-12-11 18:07:31.502 Generic:221 - [1;31morg.openqa.selenium.StaleElementReferenceException: The element 'By.xpath: (//android.view.ViewGroup//android.widget.TextView)[1]' does not exist in DOM anymore
For documentation on this error, please visit: https://www.seleniumhq.org/exceptions/stale_element_reference.html
Build info: version: '3.141.59', revision: 'e82be7d358', time: '2018-11-14T08:17:03'
System info: host: 'DESKTOP-A2S9SMV', ip: '172.19.0.1', os.name: 'Windows 10', os.arch: 'amd64', os.version: '10.0', java.version: '17.0.9'
Driver info: io.appium.java_client.android.AndroidDriver
Capabilities {appActivity: com.customerapp.hero.views...., appPackage: com.customerapp.hero, automationName: UiAutomator2, avd: Pixel_3, avdLaunchTimeout: 400000, databaseEnabled: false, desired: {appActivity: com.customerapp.hero.views...., appPackage: com.customerapp.hero, automationName: UiAutomator2, avd: Pixel_3, avdLaunchTimeout: 400000, deviceName: Pixel 3, platformName: android, readyTimeout: 400000, udid: emulator-5554}, deviceApiLevel: 33, deviceManufacturer: Google, deviceModel: sdk_gphone64_x86_64, deviceName: emulator-5554, deviceScreenDensity: 440, deviceScreenSize: 1080x2160, deviceUDID: emulator-5554, javascriptEnabled: true, locationContextEnabled: false, networkConnectionEnabled: true, pixelRatio: 2.75, platform: LINUX, platformName: Android, platformVersion: 13, readyTimeout: 400000, statBarHeight: 66, takesScreenshot: true, udid: emulator-5554, viewportRect: {height: 2028, left: 0, top: 66, width: 1080}, warnings: {}, webStorageEnabled: false}
Session ID: 02a7518a-6b74-4eeb-bbc7-c606e3b672ee[0m
[DEBUG] 2023-12-11 18:07:32.200 Generic:218 - Successfully Visibility  ----> You are using
[DEBUG] 2023-12-11 18:07:32.878 Generic:218 - Successfully Visibility  ----> Vehicle Details
[DEBUG] 2023-12-11 18:07:33.672 Generic:218 - Successfully Visibility  ----> Wheels of Trust
[DEBUG] 2023-12-11 18:07:34.580 Generic:218 - Successfully Visibility  ----> Joyride
[DEBUG] 2023-12-11 18:08:05.006 MyListeners:59 - [1;31m[java.base/jdk.internal.reflect.NativeConstructorAccessorImpl.newInstance0(Native Method), java.base/jdk.internal.reflect.NativeConstructorAccessorImpl.newInstance(NativeConstructorAccessorImpl.java:77), java.base/jdk.internal.reflect.DelegatingConstructorAccessorImpl.newInstance(DelegatingConstructorAccessorImpl.java:45), java.base/java.lang.reflect.Constructor.newInstanceWithCaller(Constructor.java:499), java.base/java.lang.reflect.Constructor.newInstance(Constructor.java:480), org.openqa.selenium.remote.http.W3CHttpResponseCodec.createException(W3CHttpResponseCodec.java:187), org.openqa.selenium.remote.http.W3CHttpResponseCodec.decode(W3CHttpResponseCodec.java:122), org.openqa.selenium.remote.http.W3CHttpResponseCodec.decode(W3CHttpResponseCodec.java:49), org.openqa.selenium.remote.HttpCommandExecutor.execute(HttpCommandExecutor.java:158), io.appium.java_client.remote.AppiumCommandExecutor.execute(AppiumCommandExecutor.java:250), org.openqa.selenium.remote.RemoteWebDriver.execute(RemoteWebDriver.java:552), io.appium.java_client.DefaultGenericMobileDriver.execute(DefaultGenericMobileDriver.java:41), io.appium.java_client.AppiumDriver.execute(AppiumDriver.java:1), io.appium.java_client.android.AndroidDriver.execute(AndroidDriver.java:1), org.openqa.selenium.remote.RemoteWebDriver.findElement(RemoteWebDriver.java:323), io.appium.java_client.DefaultGenericMobileDriver.findElement(DefaultGenericMobileDriver.java:61), io.appium.java_client.AppiumDriver.findElement(AppiumDriver.java:1), io.appium.java_client.android.AndroidDriver.findElement(AndroidDriver.java:1), org.openqa.selenium.remote.RemoteWebDriver.findElementById(RemoteWebDriver.java:372), io.appium.java_client.DefaultGenericMobileDriver.findElementById(DefaultGenericMobileDriver.java:69), io.appium.java_client.AppiumDriver.findElementById(AppiumDriver.java:1), io.appium.java_client.android.AndroidDriver.findElementById(AndroidDriver.java:1), org.openqa.selenium.By$ById.findElement(By.java:188), org.openqa.selenium.remote.RemoteWebDriver.findElement(RemoteWebDriver.java:315), io.appium.java_client.DefaultGenericMobileDriver.findElement(DefaultGenericMobileDriver.java:57), io.appium.java_client.AppiumDriver.findElement(AppiumDriver.java:1), io.appium.java_client.android.AndroidDriver.findElement(AndroidDriver.java:1), org.openqa.selenium.support.pagefactory.DefaultElementLocator.findElement(DefaultElementLocator.java:69), org.openqa.selenium.support.pagefactory.internal.LocatingElementHandler.invoke(LocatingElementHandler.java:38), jdk.proxy2/jdk.proxy2.$Proxy28.getText(Unknown Source), com.oneapp.test_suits.OtpTestCases.TC101_ValidOtpTestcase(OtpTestCases.java:117), java.base/jdk.internal.reflect.NativeMethodAccessorImpl.invoke0(Native Method), java.base/jdk.internal.reflect.NativeMethodAccessorImpl.invoke(NativeMethodAccessorImpl.java:77), java.base/jdk.internal.reflect.DelegatingMethodAccessorImpl.invoke(DelegatingMethodAccessorImpl.java:43), java.base/java.lang.reflect.Method.invoke(Method.java:568), org.testng.internal.MethodInvocationHelper.invokeMethod(MethodInvocationHelper.java:133), org.testng.internal.TestInvoker.invokeMethod(TestInvoker.java:598), org.testng.internal.TestInvoker.invokeTestMethod(TestInvoker.java:173), org.testng.internal.MethodRunner.runInSequence(MethodRunner.java:46), org.testng.internal.TestInvoker$MethodInvocationAgent.invoke(TestInvoker.java:824), org.testng.internal.TestInvoker.invokeTestMethods(TestInvoker.java:146), org.testng.internal.TestMethodWorker.invokeTestMethods(TestMethodWorker.java:146), org.testng.internal.TestMethodWorker.run(TestMethodWorker.java:128), java.base/java.util.ArrayList.forEach(ArrayList.java:1511), org.testng.TestRunner.privateRun(TestRunner.java:794), org.testng.TestRunner.run(TestRunner.java:596), org.testng.SuiteRunner.runTest(SuiteRunner.java:377), org.testng.SuiteRunner.runSequentially(SuiteRunner.java:371), org.testng.SuiteRunner.privateRun(SuiteRunner.java:332), org.testng.SuiteRunner.run(SuiteRunner.java:276), org.testng.SuiteRunnerWorker.runSuite(SuiteRunnerWorker.java:53), org.testng.SuiteRunnerWorker.run(SuiteRunnerWorker.java:96), org.testng.TestNG.runSuitesSequentially(TestNG.java:1212), org.testng.TestNG.runSuitesLocally(TestNG.java:1134), org.testng.TestNG.runSuites(TestNG.java:1063), org.testng.TestNG.run(TestNG.java:1031), org.testng.remote.AbstractRemoteTestNG.run(AbstractRemoteTestNG.java:115), org.testng.remote.RemoteTestNG.initAndRun(RemoteTestNG.java:251), org.testng.remote.RemoteTestNG.main(RemoteTestNG.java:77)][0m
[DEBUG] 2023-12-11 18:08:05.776 MyListeners:103 - [1;31mScreenshot stored at: D:\My\HeroApp1Copy/screenshots/TC101_ValidOtpTestcase__M_o_n_ _D_e_c_ _1_1_ _1_8___0_8___0_5_ _I_S_T_ _2_0_2_3_.png[0m
[DEBUG] 2023-12-11 18:08:05.799 MyListeners:75 - [1;31mTC101_VALIDOTPTESTCASE - FAILURE[0m
[DEBUG] 2023-12-11 18:08:06.945 BaseClass:265 - Session gets closed
[DEBUG] 2023-12-11 18:08:06.946 BaseClass:266 - ++++++++++++++++++++++++++++++++
[DEBUG] 2023-12-11 18:13:44.117 BaseClass:276 - Starting the Appium Service....
2023-12-11 18:13:44.110
--------------------------------------------------------------
[INFO ] 2023-12-11 18:13:54.228 BaseClass:190 - PLATFORM NAME IS --> Android
[INFO ] 2023-12-11 18:13:54.234 BaseClass:192 - DEVICE NAME IS --> Pixel 3
[INFO ] 2023-12-11 18:13:54.239 BaseClass:194 - AUTOMATION NAME IS --> UiAutomator2
[INFO ] 2023-12-11 18:13:54.248 BaseClass:196 - UDID IS --> emulator-5554
[INFO ] 2023-12-11 18:13:54.250 BaseClass:210 - Android Real device gets opened
[DEBUG] 2023-12-11 18:14:15.259 BaseClass:252 - 26ab8dd4-4a9d-45ab-997f-9e0b0a2d2f3f
[DEBUG] 2023-12-11 18:14:15.316 MyListeners:39 - [1;30mTC101_VALIDOTPTESTCASE - STARTS[0m
[DEBUG] 2023-12-11 18:14:27.390 Generic:218 - Successfully Visibility  ----> Choose a phone number
[DEBUG] 2023-12-11 18:14:27.513 Generic:171 - Successfully Displaying ----> Choose a phone number
[DEBUG] 2023-12-11 18:14:28.041 Generic:218 - Successfully Visibility  ----> 
[DEBUG] 2023-12-11 18:14:28.310 Generic:137 - Successfully Clicked  ----> 
[DEBUG] 2023-12-11 18:14:29.803 Generic:218 - Successfully Visibility  ----> Allow
[DEBUG] 2023-12-11 18:14:29.916 Generic:171 - Successfully Displaying ----> Allow
[DEBUG] 2023-12-11 18:14:30.429 Generic:218 - Successfully Visibility  ----> Allow
[DEBUG] 2023-12-11 18:14:30.733 Generic:137 - Successfully Clicked  ----> Allow
[DEBUG] 2023-12-11 18:14:32.700 Generic:218 - Successfully Visibility  ----> Please proceed with your registered Hero mobile number
[DEBUG] 2023-12-11 18:14:33.404 Generic:218 - Successfully Visibility  ----> By tapping on login or register, you are agreeing to Hero
[DEBUG] 2023-12-11 18:14:35.327 Generic:218 - Successfully Visibility  ----> Enter mobile number
[DEBUG] 2023-12-11 18:14:35.338 Generic:150 - Successfully cleared textbox
[DEBUG] 2023-12-11 18:14:36.592 Generic:218 - Successfully Visibility  ----> Enter mobile number
[DEBUG] 2023-12-11 18:14:36.619 Generic:150 - Successfully cleared textbox
[DEBUG] 2023-12-11 18:14:36.718 Generic:207 - Successfully enter value ----> 6666600022
[DEBUG] 2023-12-11 18:14:38.715 Generic:218 - Successfully Visibility  ----> Continue
[DEBUG] 2023-12-11 18:14:39.050 Generic:137 - Successfully Clicked  ----> Continue
[DEBUG] 2023-12-11 18:14:43.612 Generic:218 - Successfully Visibility  ----> Verify with OTP
[DEBUG] 2023-12-11 18:14:52.720 Generic:218 - Successfully Visibility  ----> Verify
[DEBUG] 2023-12-11 18:14:53.646 Generic:137 - Successfully Clicked  ----> Verify
[DEBUG] 2023-12-11 18:15:02.504 Generic:218 - Successfully Visibility  ----> book service paid
[DEBUG] 2023-12-11 18:15:03.167 Generic:137 - Successfully Clicked  ----> book service paid
[DEBUG] 2023-12-11 18:15:04.891 Generic:218 - Successfully Visibility  ----> Continue
[DEBUG] 2023-12-11 18:15:05.315 Generic:137 - Successfully Clicked  ----> Continue
[DEBUG] 2023-12-11 18:15:12.089 Generic:218 - Successfully Visibility  ----> Only this time
[DEBUG] 2023-12-11 18:15:12.408 Generic:137 - Successfully Clicked  ----> Only this time
[DEBUG] 2023-12-11 18:15:14.170 Generic:218 - Successfully Visibility  ----> Allow
[DEBUG] 2023-12-11 18:15:14.731 Generic:137 - Successfully Clicked  ----> Allow
[DEBUG] 2023-12-11 18:15:15.783 Generic:218 - Successfully Visibility  ----> Allow
[DEBUG] 2023-12-11 18:15:16.116 Generic:137 - Successfully Clicked  ----> Allow
[DEBUG] 2023-12-11 18:15:17.766 Generic:218 - Successfully Visibility  ----> Allow
[DEBUG] 2023-12-11 18:15:18.135 Generic:137 - Successfully Clicked  ----> Allow
[DEBUG] 2023-12-11 18:15:19.880 Generic:218 - Successfully Visibility  ----> Allow
[DEBUG] 2023-12-11 18:15:20.190 Generic:137 - Successfully Clicked  ----> Allow
[DEBUG] 2023-12-11 18:15:21.431 Generic:218 - Successfully Visibility  ----> Allow
[DEBUG] 2023-12-11 18:15:21.772 Generic:137 - Successfully Clicked  ----> Allow
[DEBUG] 2023-12-11 18:15:23.194 Generic:218 - Successfully Visibility  ----> Edit List
[DEBUG] 2023-12-11 18:15:23.618 Generic:137 - Successfully Clicked  ----> Edit List
[DEBUG] 2023-12-11 18:15:24.953 Generic:218 - Successfully Visibility  ----> Save List
[DEBUG] 2023-12-11 18:15:25.208 Generic:137 - Successfully Clicked  ----> Save List
[DEBUG] 2023-12-11 18:15:26.384 Generic:218 - Successfully Visibility  ----> 
[DEBUG] 2023-12-11 18:15:26.775 Generic:137 - Successfully Clicked  ----> 
[DEBUG] 2023-12-11 18:15:28.480 Generic:221 - [1;31morg.openqa.selenium.StaleElementReferenceException: The element 'By.xpath: (//android.view.ViewGroup//android.widget.TextView)[1]' does not exist in DOM anymore
For documentation on this error, please visit: https://www.seleniumhq.org/exceptions/stale_element_reference.html
Build info: version: '3.141.59', revision: 'e82be7d358', time: '2018-11-14T08:17:03'
System info: host: 'DESKTOP-A2S9SMV', ip: '172.19.0.1', os.name: 'Windows 10', os.arch: 'amd64', os.version: '10.0', java.version: '17.0.9'
Driver info: io.appium.java_client.android.AndroidDriver
Capabilities {appActivity: com.customerapp.hero.views...., appPackage: com.customerapp.hero, automationName: UiAutomator2, avd: Pixel_3, avdLaunchTimeout: 400000, databaseEnabled: false, desired: {appActivity: com.customerapp.hero.views...., appPackage: com.customerapp.hero, automationName: UiAutomator2, avd: Pixel_3, avdLaunchTimeout: 400000, deviceName: Pixel 3, platformName: android, readyTimeout: 400000, udid: emulator-5554}, deviceApiLevel: 33, deviceManufacturer: Google, deviceModel: sdk_gphone64_x86_64, deviceName: emulator-5554, deviceScreenDensity: 440, deviceScreenSize: 1080x2160, deviceUDID: emulator-5554, javascriptEnabled: true, locationContextEnabled: false, networkConnectionEnabled: true, pixelRatio: 2.75, platform: LINUX, platformName: Android, platformVersion: 13, readyTimeout: 400000, statBarHeight: 66, takesScreenshot: true, udid: emulator-5554, viewportRect: {height: 2028, left: 0, top: 66, width: 1080}, warnings: {}, webStorageEnabled: false}
Session ID: 26ab8dd4-4a9d-45ab-997f-9e0b0a2d2f3f[0m
[DEBUG] 2023-12-11 18:15:29.303 Generic:218 - Successfully Visibility  ----> You are using
[DEBUG] 2023-12-11 18:15:30.066 Generic:218 - Successfully Visibility  ----> Vehicle Details
[DEBUG] 2023-12-11 18:15:30.701 Generic:218 - Successfully Visibility  ----> Wheels of Trust
[DEBUG] 2023-12-11 18:15:31.631 Generic:218 - Successfully Visibility  ----> Joyride
[DEBUG] 2023-12-11 18:15:32.226 Generic:218 - Successfully Visibility  ----> Hello! Gunjan New
[DEBUG] 2023-12-11 18:15:32.599 Generic:137 - Successfully Clicked  ----> Hello! Gunjan New
[DEBUG] 2023-12-11 18:16:03.213 MyListeners:59 - [1;31m[java.base/jdk.internal.reflect.NativeConstructorAccessorImpl.newInstance0(Native Method), java.base/jdk.internal.reflect.NativeConstructorAccessorImpl.newInstance(NativeConstructorAccessorImpl.java:77), java.base/jdk.internal.reflect.DelegatingConstructorAccessorImpl.newInstance(DelegatingConstructorAccessorImpl.java:45), java.base/java.lang.reflect.Constructor.newInstanceWithCaller(Constructor.java:499), java.base/java.lang.reflect.Constructor.newInstance(Constructor.java:480), org.openqa.selenium.remote.http.W3CHttpResponseCodec.createException(W3CHttpResponseCodec.java:187), org.openqa.selenium.remote.http.W3CHttpResponseCodec.decode(W3CHttpResponseCodec.java:122), org.openqa.selenium.remote.http.W3CHttpResponseCodec.decode(W3CHttpResponseCodec.java:49), org.openqa.selenium.remote.HttpCommandExecutor.execute(HttpCommandExecutor.java:158), io.appium.java_client.remote.AppiumCommandExecutor.execute(AppiumCommandExecutor.java:250), org.openqa.selenium.remote.RemoteWebDriver.execute(RemoteWebDriver.java:552), io.appium.java_client.DefaultGenericMobileDriver.execute(DefaultGenericMobileDriver.java:41), io.appium.java_client.AppiumDriver.execute(AppiumDriver.java:1), io.appium.java_client.android.AndroidDriver.execute(AndroidDriver.java:1), org.openqa.selenium.remote.RemoteWebDriver.findElement(RemoteWebDriver.java:323), io.appium.java_client.DefaultGenericMobileDriver.findElement(DefaultGenericMobileDriver.java:61), io.appium.java_client.AppiumDriver.findElement(AppiumDriver.java:1), io.appium.java_client.android.AndroidDriver.findElement(AndroidDriver.java:1), org.openqa.selenium.remote.RemoteWebDriver.findElementById(RemoteWebDriver.java:372), io.appium.java_client.DefaultGenericMobileDriver.findElementById(DefaultGenericMobileDriver.java:69), io.appium.java_client.AppiumDriver.findElementById(AppiumDriver.java:1), io.appium.java_client.android.AndroidDriver.findElementById(AndroidDriver.java:1), org.openqa.selenium.By$ById.findElement(By.java:188), org.openqa.selenium.remote.RemoteWebDriver.findElement(RemoteWebDriver.java:315), io.appium.java_client.DefaultGenericMobileDriver.findElement(DefaultGenericMobileDriver.java:57), io.appium.java_client.AppiumDriver.findElement(AppiumDriver.java:1), io.appium.java_client.android.AndroidDriver.findElement(AndroidDriver.java:1), org.openqa.selenium.support.pagefactory.DefaultElementLocator.findElement(DefaultElementLocator.java:69), org.openqa.selenium.support.pagefactory.internal.LocatingElementHandler.invoke(LocatingElementHandler.java:38), jdk.proxy2/jdk.proxy2.$Proxy28.getText(Unknown Source), com.oneapp.test_suits.OtpTestCases.TC101_ValidOtpTestcase(OtpTestCases.java:117), java.base/jdk.internal.reflect.NativeMethodAccessorImpl.invoke0(Native Method), java.base/jdk.internal.reflect.NativeMethodAccessorImpl.invoke(NativeMethodAccessorImpl.java:77), java.base/jdk.internal.reflect.DelegatingMethodAccessorImpl.invoke(DelegatingMethodAccessorImpl.java:43), java.base/java.lang.reflect.Method.invoke(Method.java:568), org.testng.internal.MethodInvocationHelper.invokeMethod(MethodInvocationHelper.java:133), org.testng.internal.TestInvoker.invokeMethod(TestInvoker.java:598), org.testng.internal.TestInvoker.invokeTestMethod(TestInvoker.java:173), org.testng.internal.MethodRunner.runInSequence(MethodRunner.java:46), org.testng.internal.TestInvoker$MethodInvocationAgent.invoke(TestInvoker.java:824), org.testng.internal.TestInvoker.invokeTestMethods(TestInvoker.java:146), org.testng.internal.TestMethodWorker.invokeTestMethods(TestMethodWorker.java:146), org.testng.internal.TestMethodWorker.run(TestMethodWorker.java:128), java.base/java.util.ArrayList.forEach(ArrayList.java:1511), org.testng.TestRunner.privateRun(TestRunner.java:794), org.testng.TestRunner.run(TestRunner.java:596), org.testng.SuiteRunner.runTest(SuiteRunner.java:377), org.testng.SuiteRunner.runSequentially(SuiteRunner.java:371), org.testng.SuiteRunner.privateRun(SuiteRunner.java:332), org.testng.SuiteRunner.run(SuiteRunner.java:276), org.testng.SuiteRunnerWorker.runSuite(SuiteRunnerWorker.java:53), org.testng.SuiteRunnerWorker.run(SuiteRunnerWorker.java:96), org.testng.TestNG.runSuitesSequentially(TestNG.java:1212), org.testng.TestNG.runSuitesLocally(TestNG.java:1134), org.testng.TestNG.runSuites(TestNG.java:1063), org.testng.TestNG.run(TestNG.java:1031), org.testng.remote.AbstractRemoteTestNG.run(AbstractRemoteTestNG.java:115), org.testng.remote.RemoteTestNG.initAndRun(RemoteTestNG.java:251), org.testng.remote.RemoteTestNG.main(RemoteTestNG.java:77)][0m
[DEBUG] 2023-12-11 18:16:03.689 MyListeners:103 - [1;31mScreenshot stored at: D:\My\HeroApp1Copy/screenshots/TC101_ValidOtpTestcase__M_o_n_ _D_e_c_ _1_1_ _1_8___1_6___0_3_ _I_S_T_ _2_0_2_3_.png[0m
[DEBUG] 2023-12-11 18:16:03.697 MyListeners:75 - [1;31mTC101_VALIDOTPTESTCASE - FAILURE[0m
[DEBUG] 2023-12-11 18:16:04.690 BaseClass:265 - Session gets closed
[DEBUG] 2023-12-11 18:16:04.691 BaseClass:266 - ++++++++++++++++++++++++++++++++
[DEBUG] 2023-12-11 18:43:22.020 BaseClass:276 - Starting the Appium Service....
2023-12-11 18:43:22.012
--------------------------------------------------------------
[INFO ] 2023-12-11 18:43:32.133 BaseClass:190 - PLATFORM NAME IS --> Android
[INFO ] 2023-12-11 18:43:32.137 BaseClass:192 - DEVICE NAME IS --> Pixel 3
[INFO ] 2023-12-11 18:43:32.140 BaseClass:194 - AUTOMATION NAME IS --> UiAutomator2
[INFO ] 2023-12-11 18:43:32.144 BaseClass:196 - UDID IS --> emulator-5554
[INFO ] 2023-12-11 18:43:32.147 BaseClass:210 - Android Real device gets opened
[DEBUG] 2023-12-11 18:44:08.709 MyListeners:39 - [1;30mTC101_VALIDOTPTESTCASE - STARTS[0m
[DEBUG] 2023-12-11 18:44:08.801 Generic:221 - [1;31mjava.lang.NullPointerException[0m
[DEBUG] 2023-12-11 18:44:08.805 Generic:221 - [1;31mjava.lang.NullPointerException[0m
[DEBUG] 2023-12-11 18:44:08.818 MyListeners:59 - [1;31m[com.oneapp.utils.Generic.waitForVisibility(Generic.java:225), com.oneapp.test_suits.OtpTestCases.TC101_ValidOtpTestcase(OtpTestCases.java:43), java.base/jdk.internal.reflect.NativeMethodAccessorImpl.invoke0(Native Method), java.base/jdk.internal.reflect.NativeMethodAccessorImpl.invoke(NativeMethodAccessorImpl.java:77), java.base/jdk.internal.reflect.DelegatingMethodAccessorImpl.invoke(DelegatingMethodAccessorImpl.java:43), java.base/java.lang.reflect.Method.invoke(Method.java:568), org.testng.internal.MethodInvocationHelper.invokeMethod(MethodInvocationHelper.java:133), org.testng.internal.TestInvoker.invokeMethod(TestInvoker.java:598), org.testng.internal.TestInvoker.invokeTestMethod(TestInvoker.java:173), org.testng.internal.MethodRunner.runInSequence(MethodRunner.java:46), org.testng.internal.TestInvoker$MethodInvocationAgent.invoke(TestInvoker.java:824), org.testng.internal.TestInvoker.invokeTestMethods(TestInvoker.java:146), org.testng.internal.TestMethodWorker.invokeTestMethods(TestMethodWorker.java:146), org.testng.internal.TestMethodWorker.run(TestMethodWorker.java:128), java.base/java.util.ArrayList.forEach(ArrayList.java:1511), org.testng.TestRunner.privateRun(TestRunner.java:794), org.testng.TestRunner.run(TestRunner.java:596), org.testng.SuiteRunner.runTest(SuiteRunner.java:377), org.testng.SuiteRunner.runSequentially(SuiteRunner.java:371), org.testng.SuiteRunner.privateRun(SuiteRunner.java:332), org.testng.SuiteRunner.run(SuiteRunner.java:276), org.testng.SuiteRunnerWorker.runSuite(SuiteRunnerWorker.java:53), org.testng.SuiteRunnerWorker.run(SuiteRunnerWorker.java:96), org.testng.TestNG.runSuitesSequentially(TestNG.java:1212), org.testng.TestNG.runSuitesLocally(TestNG.java:1134), org.testng.TestNG.runSuites(TestNG.java:1063), org.testng.TestNG.run(TestNG.java:1031), org.testng.remote.AbstractRemoteTestNG.run(AbstractRemoteTestNG.java:115), org.testng.remote.RemoteTestNG.initAndRun(RemoteTestNG.java:251), org.testng.remote.RemoteTestNG.main(RemoteTestNG.java:77)][0m
[DEBUG] 2023-12-11 18:44:08.835 MyListeners:75 - [1;31mTC101_VALIDOTPTESTCASE - FAILURE[0m
[DEBUG] 2023-12-11 18:50:23.387 BaseClass:276 - Starting the Appium Service....
2023-12-11 18:50:23.381
--------------------------------------------------------------
[INFO ] 2023-12-11 18:50:33.481 BaseClass:190 - PLATFORM NAME IS --> Android
[INFO ] 2023-12-11 18:50:33.488 BaseClass:192 - DEVICE NAME IS --> Pixel 3
[INFO ] 2023-12-11 18:50:33.494 BaseClass:194 - AUTOMATION NAME IS --> UiAutomator2
[INFO ] 2023-12-11 18:50:33.499 BaseClass:196 - UDID IS --> emulator-5554
[INFO ] 2023-12-11 18:50:33.500 BaseClass:210 - Android Real device gets opened
[DEBUG] 2023-12-11 18:51:10.344 BaseClass:252 - 15a57711-2da0-4081-ad57-eb268800bda1
[DEBUG] 2023-12-11 18:51:10.442 MyListeners:39 - [1;30mTC101_VALIDOTPTESTCASE - STARTS[0m
[DEBUG] 2023-12-11 18:51:26.036 Generic:218 - Successfully Visibility  ----> Choose a phone number
[DEBUG] 2023-12-11 18:51:26.160 Generic:171 - Successfully Displaying ----> Choose a phone number
[DEBUG] 2023-12-11 18:51:26.664 Generic:218 - Successfully Visibility  ----> 
[DEBUG] 2023-12-11 18:51:27.203 Generic:137 - Successfully Clicked  ----> 
[DEBUG] 2023-12-11 18:51:29.877 Generic:218 - Successfully Visibility  ----> Allow
[DEBUG] 2023-12-11 18:51:30.024 Generic:171 - Successfully Displaying ----> Allow
[DEBUG] 2023-12-11 18:51:30.588 Generic:218 - Successfully Visibility  ----> Allow
[DEBUG] 2023-12-11 18:51:31.023 Generic:137 - Successfully Clicked  ----> Allow
[DEBUG] 2023-12-11 18:51:32.714 Generic:218 - Successfully Visibility  ----> Please proceed with your registered Hero mobile number
[DEBUG] 2023-12-11 18:51:33.921 Generic:218 - Successfully Visibility  ----> By tapping on login or register, you are agreeing to Hero
[DEBUG] 2023-12-11 18:51:35.838 Generic:218 - Successfully Visibility  ----> Enter mobile number
[DEBUG] 2023-12-11 18:51:35.865 Generic:150 - Successfully cleared textbox
[DEBUG] 2023-12-11 18:51:36.875 Generic:218 - Successfully Visibility  ----> Enter mobile number
[DEBUG] 2023-12-11 18:51:36.885 Generic:150 - Successfully cleared textbox
[DEBUG] 2023-12-11 18:51:37.649 Generic:207 - Successfully enter value ----> 6666600022
[DEBUG] 2023-12-11 18:51:40.061 Generic:218 - Successfully Visibility  ----> Continue
[DEBUG] 2023-12-11 18:51:40.348 Generic:137 - Successfully Clicked  ----> Continue
[DEBUG] 2023-12-11 18:51:44.655 Generic:218 - Successfully Visibility  ----> Verify with OTP
[DEBUG] 2023-12-11 18:51:53.863 Generic:218 - Successfully Visibility  ----> Verify
[DEBUG] 2023-12-11 18:51:54.800 Generic:137 - Successfully Clicked  ----> Verify
[DEBUG] 2023-12-11 18:52:04.113 Generic:218 - Successfully Visibility  ----> book service paid
[DEBUG] 2023-12-11 18:52:04.850 Generic:137 - Successfully Clicked  ----> book service paid
[DEBUG] 2023-12-11 18:52:06.270 Generic:218 - Successfully Visibility  ----> Continue
[DEBUG] 2023-12-11 18:52:06.970 Generic:137 - Successfully Clicked  ----> Continue
[DEBUG] 2023-12-11 18:52:14.761 Generic:218 - Successfully Visibility  ----> Only this time
[DEBUG] 2023-12-11 18:52:15.091 Generic:137 - Successfully Clicked  ----> Only this time
[DEBUG] 2023-12-11 18:52:16.850 Generic:218 - Successfully Visibility  ----> Allow
[DEBUG] 2023-12-11 18:52:17.191 Generic:137 - Successfully Clicked  ----> Allow
[DEBUG] 2023-12-11 18:52:18.247 Generic:218 - Successfully Visibility  ----> Allow
[DEBUG] 2023-12-11 18:52:18.710 Generic:137 - Successfully Clicked  ----> Allow
[DEBUG] 2023-12-11 18:52:20.438 Generic:218 - Successfully Visibility  ----> Allow
[DEBUG] 2023-12-11 18:52:20.747 Generic:137 - Successfully Clicked  ----> Allow
[DEBUG] 2023-12-11 18:52:22.176 Generic:218 - Successfully Visibility  ----> Allow
[DEBUG] 2023-12-11 18:52:22.479 Generic:137 - Successfully Clicked  ----> Allow
[DEBUG] 2023-12-11 18:52:23.922 Generic:218 - Successfully Visibility  ----> Allow
[DEBUG] 2023-12-11 18:52:24.183 Generic:137 - Successfully Clicked  ----> Allow
[DEBUG] 2023-12-11 18:52:26.018 Generic:218 - Successfully Visibility  ----> Edit List
[DEBUG] 2023-12-11 18:52:26.334 Generic:137 - Successfully Clicked  ----> Edit List
[DEBUG] 2023-12-11 18:52:27.569 Generic:218 - Successfully Visibility  ----> Save List
[DEBUG] 2023-12-11 18:52:27.803 Generic:137 - Successfully Clicked  ----> Save List
[DEBUG] 2023-12-11 18:52:28.906 Generic:218 - Successfully Visibility  ----> 
[DEBUG] 2023-12-11 18:52:29.267 Generic:137 - Successfully Clicked  ----> 
[DEBUG] 2023-12-11 18:52:31.219 Generic:221 - [1;31morg.openqa.selenium.StaleElementReferenceException: The element 'By.xpath: (//android.view.ViewGroup//android.widget.TextView)[1]' does not exist in DOM anymore
For documentation on this error, please visit: https://www.seleniumhq.org/exceptions/stale_element_reference.html
Build info: version: '3.141.59', revision: 'e82be7d358', time: '2018-11-14T08:17:03'
System info: host: 'DESKTOP-A2S9SMV', ip: '172.19.0.1', os.name: 'Windows 10', os.arch: 'amd64', os.version: '10.0', java.version: '17.0.9'
Driver info: io.appium.java_client.android.AndroidDriver
Capabilities {appActivity: com.customerapp.hero.views...., appPackage: com.customerapp.hero, automationName: UiAutomator2, avd: Pixel_3, avdLaunchTimeout: 400000, databaseEnabled: false, desired: {appActivity: com.customerapp.hero.views...., appPackage: com.customerapp.hero, automationName: UiAutomator2, avd: Pixel_3, avdLaunchTimeout: 400000, deviceName: Pixel 3, platformName: android, readyTimeout: 400000, udid: emulator-5554}, deviceApiLevel: 33, deviceManufacturer: Google, deviceModel: sdk_gphone64_x86_64, deviceName: emulator-5554, deviceScreenDensity: 440, deviceScreenSize: 1080x2160, deviceUDID: emulator-5554, javascriptEnabled: true, locationContextEnabled: false, networkConnectionEnabled: true, pixelRatio: 2.75, platform: LINUX, platformName: Android, platformVersion: 13, readyTimeout: 400000, statBarHeight: 66, takesScreenshot: true, udid: emulator-5554, viewportRect: {height: 2028, left: 0, top: 66, width: 1080}, warnings: {}, webStorageEnabled: false}
Session ID: 15a57711-2da0-4081-ad57-eb268800bda1[0m
[DEBUG] 2023-12-11 18:52:31.825 Generic:218 - Successfully Visibility  ----> You are using
[DEBUG] 2023-12-11 18:52:32.446 Generic:218 - Successfully Visibility  ----> Vehicle Details
[DEBUG] 2023-12-11 18:52:33.071 Generic:218 - Successfully Visibility  ----> Wheels of Trust
[DEBUG] 2023-12-11 18:52:34.065 Generic:218 - Successfully Visibility  ----> Joyride
[DEBUG] 2023-12-11 18:53:34.790 MyListeners:59 - [1;31m[jdk.internal.reflect.GeneratedConstructorAccessor32.newInstance(Unknown Source), java.base/jdk.internal.reflect.DelegatingConstructorAccessorImpl.newInstance(DelegatingConstructorAccessorImpl.java:45), java.base/java.lang.reflect.Constructor.newInstanceWithCaller(Constructor.java:499), java.base/java.lang.reflect.Constructor.newInstance(Constructor.java:480), org.openqa.selenium.remote.http.W3CHttpResponseCodec.createException(W3CHttpResponseCodec.java:187), org.openqa.selenium.remote.http.W3CHttpResponseCodec.decode(W3CHttpResponseCodec.java:122), org.openqa.selenium.remote.http.W3CHttpResponseCodec.decode(W3CHttpResponseCodec.java:49), org.openqa.selenium.remote.HttpCommandExecutor.execute(HttpCommandExecutor.java:158), io.appium.java_client.remote.AppiumCommandExecutor.execute(AppiumCommandExecutor.java:250), org.openqa.selenium.remote.RemoteWebDriver.execute(RemoteWebDriver.java:552), io.appium.java_client.DefaultGenericMobileDriver.execute(DefaultGenericMobileDriver.java:41), io.appium.java_client.AppiumDriver.execute(AppiumDriver.java:1), io.appium.java_client.android.AndroidDriver.execute(AndroidDriver.java:1), org.openqa.selenium.remote.RemoteWebDriver.findElement(RemoteWebDriver.java:323), io.appium.java_client.DefaultGenericMobileDriver.findElement(DefaultGenericMobileDriver.java:61), io.appium.java_client.AppiumDriver.findElement(AppiumDriver.java:1), io.appium.java_client.android.AndroidDriver.findElement(AndroidDriver.java:1), org.openqa.selenium.remote.RemoteWebDriver.findElementById(RemoteWebDriver.java:372), io.appium.java_client.DefaultGenericMobileDriver.findElementById(DefaultGenericMobileDriver.java:69), io.appium.java_client.AppiumDriver.findElementById(AppiumDriver.java:1), io.appium.java_client.android.AndroidDriver.findElementById(AndroidDriver.java:1), org.openqa.selenium.By$ById.findElement(By.java:188), org.openqa.selenium.remote.RemoteWebDriver.findElement(RemoteWebDriver.java:315), io.appium.java_client.DefaultGenericMobileDriver.findElement(DefaultGenericMobileDriver.java:57), io.appium.java_client.AppiumDriver.findElement(AppiumDriver.java:1), io.appium.java_client.android.AndroidDriver.findElement(AndroidDriver.java:1), org.openqa.selenium.support.pagefactory.DefaultElementLocator.findElement(DefaultElementLocator.java:69), org.openqa.selenium.support.pagefactory.internal.LocatingElementHandler.invoke(LocatingElementHandler.java:38), jdk.proxy2/jdk.proxy2.$Proxy28.getWrappedElement(Unknown Source), org.openqa.selenium.remote.internal.WebElementToJsonConverter.apply(WebElementToJsonConverter.java:50), java.base/java.util.stream.ReferencePipeline$3$1.accept(ReferencePipeline.java:197), java.base/java.util.Spliterators$ArraySpliterator.forEachRemaining(Spliterators.java:992), java.base/java.util.stream.AbstractPipeline.copyInto(AbstractPipeline.java:509), java.base/java.util.stream.AbstractPipeline.wrapAndCopyInto(AbstractPipeline.java:499), java.base/java.util.stream.ReduceOps$ReduceOp.evaluateSequential(ReduceOps.java:921), java.base/java.util.stream.AbstractPipeline.evaluate(AbstractPipeline.java:234), java.base/java.util.stream.ReferencePipeline.collect(ReferencePipeline.java:682), org.openqa.selenium.remote.RemoteWebDriver.executeScript(RemoteWebDriver.java:484), com.oneapp.test_suits.OtpTestCases.TC101_ValidOtpTestcase(OtpTestCases.java:131), java.base/jdk.internal.reflect.NativeMethodAccessorImpl.invoke0(Native Method), java.base/jdk.internal.reflect.NativeMethodAccessorImpl.invoke(NativeMethodAccessorImpl.java:77), java.base/jdk.internal.reflect.DelegatingMethodAccessorImpl.invoke(DelegatingMethodAccessorImpl.java:43), java.base/java.lang.reflect.Method.invoke(Method.java:568), org.testng.internal.MethodInvocationHelper.invokeMethod(MethodInvocationHelper.java:133), org.testng.internal.TestInvoker.invokeMethod(TestInvoker.java:598), org.testng.internal.TestInvoker.invokeTestMethod(TestInvoker.java:173), org.testng.internal.MethodRunner.runInSequence(MethodRunner.java:46), org.testng.internal.TestInvoker$MethodInvocationAgent.invoke(TestInvoker.java:824), org.testng.internal.TestInvoker.invokeTestMethods(TestInvoker.java:146), org.testng.internal.TestMethodWorker.invokeTestMethods(TestMethodWorker.java:146), org.testng.internal.TestMethodWorker.run(TestMethodWorker.java:128), java.base/java.util.ArrayList.forEach(ArrayList.java:1511), org.testng.TestRunner.privateRun(TestRunner.java:794), org.testng.TestRunner.run(TestRunner.java:596), org.testng.SuiteRunner.runTest(SuiteRunner.java:377), org.testng.SuiteRunner.runSequentially(SuiteRunner.java:371), org.testng.SuiteRunner.privateRun(SuiteRunner.java:332), org.testng.SuiteRunner.run(SuiteRunner.java:276), org.testng.SuiteRunnerWorker.runSuite(SuiteRunnerWorker.java:53), org.testng.SuiteRunnerWorker.run(SuiteRunnerWorker.java:96), org.testng.TestNG.runSuitesSequentially(TestNG.java:1212), org.testng.TestNG.runSuitesLocally(TestNG.java:1134), org.testng.TestNG.runSuites(TestNG.java:1063), org.testng.TestNG.run(TestNG.java:1031), org.testng.remote.AbstractRemoteTestNG.run(AbstractRemoteTestNG.java:115), org.testng.remote.RemoteTestNG.initAndRun(RemoteTestNG.java:251), org.testng.remote.RemoteTestNG.main(RemoteTestNG.java:77)][0m
[DEBUG] 2023-12-11 18:53:36.079 MyListeners:103 - [1;31mScreenshot stored at: D:\My\HeroApp1Copy/screenshots/TC101_ValidOtpTestcase__M_o_n_ _D_e_c_ _1_1_ _1_8___5_3___3_4_ _I_S_T_ _2_0_2_3_.png[0m
[DEBUG] 2023-12-11 18:53:36.085 MyListeners:75 - [1;31mTC101_VALIDOTPTESTCASE - FAILURE[0m
[DEBUG] 2023-12-11 18:53:37.323 BaseClass:265 - Session gets closed
[DEBUG] 2023-12-11 18:53:37.324 BaseClass:266 - ++++++++++++++++++++++++++++++++
[DEBUG] 2023-12-11 18:54:48.583 BaseClass:276 - Starting the Appium Service....
2023-12-11 18:54:48.565
--------------------------------------------------------------
[INFO ] 2023-12-11 18:54:58.769 BaseClass:190 - PLATFORM NAME IS --> Android
[INFO ] 2023-12-11 18:54:58.771 BaseClass:192 - DEVICE NAME IS --> Pixel 3
[INFO ] 2023-12-11 18:54:58.773 BaseClass:194 - AUTOMATION NAME IS --> UiAutomator2
[INFO ] 2023-12-11 18:54:58.774 BaseClass:196 - UDID IS --> emulator-5554
[INFO ] 2023-12-11 18:54:58.775 BaseClass:210 - Android Real device gets opened
[DEBUG] 2023-12-11 18:55:22.826 BaseClass:252 - bd9aee2b-1d1f-4efc-95f5-3e5eff24c5bd
[DEBUG] 2023-12-11 18:55:22.911 MyListeners:39 - [1;30mTC101_VALIDOTPTESTCASE - STARTS[0m
[DEBUG] 2023-12-11 18:55:36.133 Generic:218 - Successfully Visibility  ----> Choose a phone number
[DEBUG] 2023-12-11 18:55:36.248 Generic:171 - Successfully Displaying ----> Choose a phone number
[DEBUG] 2023-12-11 18:55:36.812 Generic:218 - Successfully Visibility  ----> 
[DEBUG] 2023-12-11 18:55:37.138 Generic:137 - Successfully Clicked  ----> 
[DEBUG] 2023-12-11 18:55:38.909 Generic:218 - Successfully Visibility  ----> Allow
[DEBUG] 2023-12-11 18:55:39.049 Generic:171 - Successfully Displaying ----> Allow
[DEBUG] 2023-12-11 18:55:39.490 Generic:218 - Successfully Visibility  ----> Allow
[DEBUG] 2023-12-11 18:55:39.963 Generic:137 - Successfully Clicked  ----> Allow
[DEBUG] 2023-12-11 18:55:41.283 Generic:218 - Successfully Visibility  ----> Please proceed with your registered Hero mobile number
[DEBUG] 2023-12-11 18:55:42.551 Generic:218 - Successfully Visibility  ----> By tapping on login or register, you are agreeing to Hero
[DEBUG] 2023-12-11 18:55:44.239 Generic:218 - Successfully Visibility  ----> Enter mobile number
[DEBUG] 2023-12-11 18:55:44.257 Generic:150 - Successfully cleared textbox
[DEBUG] 2023-12-11 18:55:45.930 Generic:218 - Successfully Visibility  ----> Enter mobile number
[DEBUG] 2023-12-11 18:55:45.955 Generic:150 - Successfully cleared textbox
[DEBUG] 2023-12-11 18:55:46.112 Generic:207 - Successfully enter value ----> 6666600022
[DEBUG] 2023-12-11 18:55:48.392 Generic:218 - Successfully Visibility  ----> Continue
[DEBUG] 2023-12-11 18:55:48.870 Generic:137 - Successfully Clicked  ----> Continue
[DEBUG] 2023-12-11 18:55:53.027 Generic:218 - Successfully Visibility  ----> Verify with OTP
[DEBUG] 2023-12-11 18:56:02.871 Generic:218 - Successfully Visibility  ----> Verify
[DEBUG] 2023-12-11 18:56:03.738 Generic:137 - Successfully Clicked  ----> Verify
[DEBUG] 2023-12-11 18:56:12.248 Generic:218 - Successfully Visibility  ----> book service paid
[DEBUG] 2023-12-11 18:56:12.821 Generic:137 - Successfully Clicked  ----> book service paid
[DEBUG] 2023-12-11 18:56:14.430 Generic:218 - Successfully Visibility  ----> Continue
[DEBUG] 2023-12-11 18:56:14.844 Generic:137 - Successfully Clicked  ----> Continue
[DEBUG] 2023-12-11 18:56:22.653 Generic:218 - Successfully Visibility  ----> Only this time
[DEBUG] 2023-12-11 18:56:22.959 Generic:137 - Successfully Clicked  ----> Only this time
[DEBUG] 2023-12-11 18:56:25.041 Generic:218 - Successfully Visibility  ----> Allow
[DEBUG] 2023-12-11 18:56:25.683 Generic:137 - Successfully Clicked  ----> Allow
[DEBUG] 2023-12-11 18:56:26.733 Generic:218 - Successfully Visibility  ----> Allow
[DEBUG] 2023-12-11 18:56:27.257 Generic:137 - Successfully Clicked  ----> Allow
[DEBUG] 2023-12-11 18:56:28.855 Generic:218 - Successfully Visibility  ----> Allow
[DEBUG] 2023-12-11 18:56:29.275 Generic:137 - Successfully Clicked  ----> Allow
[DEBUG] 2023-12-11 18:56:30.821 Generic:218 - Successfully Visibility  ----> Allow
[DEBUG] 2023-12-11 18:56:31.211 Generic:137 - Successfully Clicked  ----> Allow
[DEBUG] 2023-12-11 18:56:32.276 Generic:218 - Successfully Visibility  ----> Allow
[DEBUG] 2023-12-11 18:56:32.714 Generic:137 - Successfully Clicked  ----> Allow
[DEBUG] 2023-12-11 18:56:34.618 Generic:218 - Successfully Visibility  ----> Edit List
[DEBUG] 2023-12-11 18:56:35.086 Generic:137 - Successfully Clicked  ----> Edit List
[DEBUG] 2023-12-11 18:56:36.243 Generic:218 - Successfully Visibility  ----> Save List
[DEBUG] 2023-12-11 18:56:36.514 Generic:137 - Successfully Clicked  ----> Save List
[DEBUG] 2023-12-11 18:56:37.770 Generic:218 - Successfully Visibility  ----> 
[DEBUG] 2023-12-11 18:56:37.993 Generic:137 - Successfully Clicked  ----> 
[DEBUG] 2023-12-11 18:56:40.088 Generic:221 - [1;31morg.openqa.selenium.StaleElementReferenceException: The element 'By.xpath: (//android.view.ViewGroup//android.widget.TextView)[1]' does not exist in DOM anymore
For documentation on this error, please visit: https://www.seleniumhq.org/exceptions/stale_element_reference.html
Build info: version: '3.141.59', revision: 'e82be7d358', time: '2018-11-14T08:17:03'
System info: host: 'DESKTOP-A2S9SMV', ip: '172.19.0.1', os.name: 'Windows 10', os.arch: 'amd64', os.version: '10.0', java.version: '17.0.9'
Driver info: io.appium.java_client.android.AndroidDriver
Capabilities {appActivity: com.customerapp.hero.views...., appPackage: com.customerapp.hero, automationName: UiAutomator2, avd: Pixel_3, avdLaunchTimeout: 400000, databaseEnabled: false, desired: {appActivity: com.customerapp.hero.views...., appPackage: com.customerapp.hero, automationName: UiAutomator2, avd: Pixel_3, avdLaunchTimeout: 400000, deviceName: Pixel 3, platformName: android, readyTimeout: 400000, udid: emulator-5554}, deviceApiLevel: 33, deviceManufacturer: Google, deviceModel: sdk_gphone64_x86_64, deviceName: emulator-5554, deviceScreenDensity: 440, deviceScreenSize: 1080x2160, deviceUDID: emulator-5554, javascriptEnabled: true, locationContextEnabled: false, networkConnectionEnabled: true, pixelRatio: 2.75, platform: LINUX, platformName: Android, platformVersion: 13, readyTimeout: 400000, statBarHeight: 66, takesScreenshot: true, udid: emulator-5554, viewportRect: {height: 2028, left: 0, top: 66, width: 1080}, warnings: {}, webStorageEnabled: false}
Session ID: bd9aee2b-1d1f-4efc-95f5-3e5eff24c5bd[0m
[DEBUG] 2023-12-11 18:56:40.813 Generic:218 - Successfully Visibility  ----> You are using
[DEBUG] 2023-12-11 18:56:41.461 Generic:218 - Successfully Visibility  ----> Vehicle Details
[DEBUG] 2023-12-11 18:56:42.229 Generic:218 - Successfully Visibility  ----> Wheels of Trust
[DEBUG] 2023-12-11 18:56:43.049 Generic:218 - Successfully Visibility  ----> Joyride
[DEBUG] 2023-12-11 18:57:13.436 MyListeners:59 - [1;31m[java.base/jdk.internal.reflect.NativeConstructorAccessorImpl.newInstance0(Native Method), java.base/jdk.internal.reflect.NativeConstructorAccessorImpl.newInstance(NativeConstructorAccessorImpl.java:77), java.base/jdk.internal.reflect.DelegatingConstructorAccessorImpl.newInstance(DelegatingConstructorAccessorImpl.java:45), java.base/java.lang.reflect.Constructor.newInstanceWithCaller(Constructor.java:499), java.base/java.lang.reflect.Constructor.newInstance(Constructor.java:480), org.openqa.selenium.remote.http.W3CHttpResponseCodec.createException(W3CHttpResponseCodec.java:187), org.openqa.selenium.remote.http.W3CHttpResponseCodec.decode(W3CHttpResponseCodec.java:122), org.openqa.selenium.remote.http.W3CHttpResponseCodec.decode(W3CHttpResponseCodec.java:49), org.openqa.selenium.remote.HttpCommandExecutor.execute(HttpCommandExecutor.java:158), io.appium.java_client.remote.AppiumCommandExecutor.execute(AppiumCommandExecutor.java:250), org.openqa.selenium.remote.RemoteWebDriver.execute(RemoteWebDriver.java:552), io.appium.java_client.DefaultGenericMobileDriver.execute(DefaultGenericMobileDriver.java:41), io.appium.java_client.AppiumDriver.execute(AppiumDriver.java:1), io.appium.java_client.android.AndroidDriver.execute(AndroidDriver.java:1), org.openqa.selenium.remote.RemoteWebDriver.findElement(RemoteWebDriver.java:323), io.appium.java_client.DefaultGenericMobileDriver.findElement(DefaultGenericMobileDriver.java:61), io.appium.java_client.AppiumDriver.findElement(AppiumDriver.java:1), io.appium.java_client.android.AndroidDriver.findElement(AndroidDriver.java:1), org.openqa.selenium.remote.RemoteWebDriver.findElementById(RemoteWebDriver.java:372), io.appium.java_client.DefaultGenericMobileDriver.findElementById(DefaultGenericMobileDriver.java:69), io.appium.java_client.AppiumDriver.findElementById(AppiumDriver.java:1), io.appium.java_client.android.AndroidDriver.findElementById(AndroidDriver.java:1), org.openqa.selenium.By$ById.findElement(By.java:188), org.openqa.selenium.remote.RemoteWebDriver.findElement(RemoteWebDriver.java:315), io.appium.java_client.DefaultGenericMobileDriver.findElement(DefaultGenericMobileDriver.java:57), io.appium.java_client.AppiumDriver.findElement(AppiumDriver.java:1), io.appium.java_client.android.AndroidDriver.findElement(AndroidDriver.java:1), org.openqa.selenium.support.pagefactory.DefaultElementLocator.findElement(DefaultElementLocator.java:69), org.openqa.selenium.support.pagefactory.internal.LocatingElementHandler.invoke(LocatingElementHandler.java:38), jdk.proxy2/jdk.proxy2.$Proxy28.getWrappedElement(Unknown Source), org.openqa.selenium.remote.internal.WebElementToJsonConverter.apply(WebElementToJsonConverter.java:50), java.base/java.util.stream.ReferencePipeline$3$1.accept(ReferencePipeline.java:197), java.base/java.util.Spliterators$ArraySpliterator.forEachRemaining(Spliterators.java:992), java.base/java.util.stream.AbstractPipeline.copyInto(AbstractPipeline.java:509), java.base/java.util.stream.AbstractPipeline.wrapAndCopyInto(AbstractPipeline.java:499), java.base/java.util.stream.ReduceOps$ReduceOp.evaluateSequential(ReduceOps.java:921), java.base/java.util.stream.AbstractPipeline.evaluate(AbstractPipeline.java:234), java.base/java.util.stream.ReferencePipeline.collect(ReferencePipeline.java:682), org.openqa.selenium.remote.RemoteWebDriver.executeScript(RemoteWebDriver.java:484), com.oneapp.test_suits.OtpTestCases.TC101_ValidOtpTestcase(OtpTestCases.java:121), java.base/jdk.internal.reflect.NativeMethodAccessorImpl.invoke0(Native Method), java.base/jdk.internal.reflect.NativeMethodAccessorImpl.invoke(NativeMethodAccessorImpl.java:77), java.base/jdk.internal.reflect.DelegatingMethodAccessorImpl.invoke(DelegatingMethodAccessorImpl.java:43), java.base/java.lang.reflect.Method.invoke(Method.java:568), org.testng.internal.MethodInvocationHelper.invokeMethod(MethodInvocationHelper.java:133), org.testng.internal.TestInvoker.invokeMethod(TestInvoker.java:598), org.testng.internal.TestInvoker.invokeTestMethod(TestInvoker.java:173), org.testng.internal.MethodRunner.runInSequence(MethodRunner.java:46), org.testng.internal.TestInvoker$MethodInvocationAgent.invoke(TestInvoker.java:824), org.testng.internal.TestInvoker.invokeTestMethods(TestInvoker.java:146), org.testng.internal.TestMethodWorker.invokeTestMethods(TestMethodWorker.java:146), org.testng.internal.TestMethodWorker.run(TestMethodWorker.java:128), java.base/java.util.ArrayList.forEach(ArrayList.java:1511), org.testng.TestRunner.privateRun(TestRunner.java:794), org.testng.TestRunner.run(TestRunner.java:596), org.testng.SuiteRunner.runTest(SuiteRunner.java:377), org.testng.SuiteRunner.runSequentially(SuiteRunner.java:371), org.testng.SuiteRunner.privateRun(SuiteRunner.java:332), org.testng.SuiteRunner.run(SuiteRunner.java:276), org.testng.SuiteRunnerWorker.runSuite(SuiteRunnerWorker.java:53), org.testng.SuiteRunnerWorker.run(SuiteRunnerWorker.java:96), org.testng.TestNG.runSuitesSequentially(TestNG.java:1212), org.testng.TestNG.runSuitesLocally(TestNG.java:1134), org.testng.TestNG.runSuites(TestNG.java:1063), org.testng.TestNG.run(TestNG.java:1031), org.testng.remote.AbstractRemoteTestNG.run(AbstractRemoteTestNG.java:115), org.testng.remote.RemoteTestNG.initAndRun(RemoteTestNG.java:251), org.testng.remote.RemoteTestNG.main(RemoteTestNG.java:77)][0m
[DEBUG] 2023-12-11 18:57:14.568 MyListeners:103 - [1;31mScreenshot stored at: D:\My\HeroApp1Copy/screenshots/TC101_ValidOtpTestcase__M_o_n_ _D_e_c_ _1_1_ _1_8___5_7___1_3_ _I_S_T_ _2_0_2_3_.png[0m
[DEBUG] 2023-12-11 18:57:14.576 MyListeners:75 - [1;31mTC101_VALIDOTPTESTCASE - FAILURE[0m
[DEBUG] 2023-12-11 18:57:15.462 BaseClass:265 - Session gets closed
[DEBUG] 2023-12-11 18:57:15.463 BaseClass:266 - ++++++++++++++++++++++++++++++++
[DEBUG] 2023-12-11 19:29:59.214 BaseClass:276 - Starting the Appium Service....
2023-12-11 19:29:59.208
--------------------------------------------------------------
[INFO ] 2023-12-11 19:30:09.311 BaseClass:190 - PLATFORM NAME IS --> Android
[INFO ] 2023-12-11 19:30:09.315 BaseClass:192 - DEVICE NAME IS --> Pixel 3
[INFO ] 2023-12-11 19:30:09.320 BaseClass:194 - AUTOMATION NAME IS --> UiAutomator2
[INFO ] 2023-12-11 19:30:09.323 BaseClass:196 - UDID IS --> emulator-5554
[INFO ] 2023-12-11 19:30:09.326 BaseClass:210 - Android Real device gets opened
[DEBUG] 2023-12-11 19:30:33.177 BaseClass:252 - 4ab59621-5dac-449a-95b1-f749e81185e2
[DEBUG] 2023-12-11 19:30:33.240 MyListeners:39 - [1;30mTC101_VALIDOTPTESTCASE - STARTS[0m
[DEBUG] 2023-12-11 19:30:47.804 Generic:216 - Successfully Visibility  ----> Choose a phone number
[DEBUG] 2023-12-11 19:30:47.953 Generic:171 - Successfully Displaying ----> Choose a phone number
[DEBUG] 2023-12-11 19:30:48.372 Generic:216 - Successfully Visibility  ----> 
[DEBUG] 2023-12-11 19:30:48.777 Generic:137 - Successfully Clicked  ----> 
[DEBUG] 2023-12-11 19:30:50.532 Generic:216 - Successfully Visibility  ----> Allow
[DEBUG] 2023-12-11 19:30:50.648 Generic:171 - Successfully Displaying ----> Allow
[DEBUG] 2023-12-11 19:30:51.343 Generic:216 - Successfully Visibility  ----> Allow
[DEBUG] 2023-12-11 19:30:51.761 Generic:137 - Successfully Clicked  ----> Allow
[DEBUG] 2023-12-11 19:30:52.993 Generic:216 - Successfully Visibility  ----> Please proceed with your registered Hero mobile number
[DEBUG] 2023-12-11 19:30:54.303 Generic:216 - Successfully Visibility  ----> By tapping on login or register, you are agreeing to Hero
[DEBUG] 2023-12-11 19:30:55.586 Generic:216 - Successfully Visibility  ----> Enter mobile number
[DEBUG] 2023-12-11 19:30:55.607 Generic:150 - Successfully cleared textbox
[DEBUG] 2023-12-11 19:30:57.292 Generic:216 - Successfully Visibility  ----> Enter mobile number
[DEBUG] 2023-12-11 19:30:57.302 Generic:150 - Successfully cleared textbox
[DEBUG] 2023-12-11 19:30:57.386 Generic:205 - Successfully enter value ----> 6666600022
[DEBUG] 2023-12-11 19:31:00.658 Generic:216 - Successfully Visibility  ----> Continue
[DEBUG] 2023-12-11 19:31:01.070 Generic:137 - Successfully Clicked  ----> Continue
[DEBUG] 2023-12-11 19:31:07.568 Generic:216 - Successfully Visibility  ----> Verify with OTP
[DEBUG] 2023-12-11 19:31:16.646 Generic:216 - Successfully Visibility  ----> Verify
[DEBUG] 2023-12-11 19:31:17.486 Generic:137 - Successfully Clicked  ----> Verify
[DEBUG] 2023-12-11 19:31:26.096 Generic:216 - Successfully Visibility  ----> book service paid
[DEBUG] 2023-12-11 19:31:26.741 Generic:137 - Successfully Clicked  ----> book service paid
[DEBUG] 2023-12-11 19:31:28.319 Generic:216 - Successfully Visibility  ----> Continue
[DEBUG] 2023-12-11 19:31:28.782 Generic:137 - Successfully Clicked  ----> Continue
[DEBUG] 2023-12-11 19:31:35.511 Generic:216 - Successfully Visibility  ----> Only this time
[DEBUG] 2023-12-11 19:31:35.804 Generic:137 - Successfully Clicked  ----> Only this time
[DEBUG] 2023-12-11 19:31:37.687 Generic:216 - Successfully Visibility  ----> Allow
[DEBUG] 2023-12-11 19:31:38.069 Generic:137 - Successfully Clicked  ----> Allow
[DEBUG] 2023-12-11 19:31:39.358 Generic:216 - Successfully Visibility  ----> Allow
[DEBUG] 2023-12-11 19:31:39.702 Generic:137 - Successfully Clicked  ----> Allow
[DEBUG] 2023-12-11 19:31:41.130 Generic:216 - Successfully Visibility  ----> Allow
[DEBUG] 2023-12-11 19:31:41.472 Generic:137 - Successfully Clicked  ----> Allow
[DEBUG] 2023-12-11 19:31:42.964 Generic:216 - Successfully Visibility  ----> Allow
[DEBUG] 2023-12-11 19:31:43.321 Generic:137 - Successfully Clicked  ----> Allow
[DEBUG] 2023-12-11 19:31:44.459 Generic:216 - Successfully Visibility  ----> Allow
[DEBUG] 2023-12-11 19:31:44.743 Generic:137 - Successfully Clicked  ----> Allow
[DEBUG] 2023-12-11 19:31:46.640 Generic:216 - Successfully Visibility  ----> Edit List
[DEBUG] 2023-12-11 19:31:47.044 Generic:137 - Successfully Clicked  ----> Edit List
[DEBUG] 2023-12-11 19:31:48.091 Generic:216 - Successfully Visibility  ----> Save List
[DEBUG] 2023-12-11 19:31:48.615 Generic:137 - Successfully Clicked  ----> Save List
[DEBUG] 2023-12-11 19:31:49.671 Generic:216 - Successfully Visibility  ----> 
[DEBUG] 2023-12-11 19:31:49.869 Generic:137 - Successfully Clicked  ----> 
[DEBUG] 2023-12-11 19:31:51.624 Generic:219 - [1;31morg.openqa.selenium.StaleElementReferenceException: The element 'By.xpath: (//android.view.ViewGroup//android.widget.TextView)[1]' does not exist in DOM anymore
For documentation on this error, please visit: https://www.seleniumhq.org/exceptions/stale_element_reference.html
Build info: version: '3.141.59', revision: 'e82be7d358', time: '2018-11-14T08:17:03'
System info: host: 'DESKTOP-A2S9SMV', ip: '172.19.0.1', os.name: 'Windows 10', os.arch: 'amd64', os.version: '10.0', java.version: '17.0.9'
Driver info: io.appium.java_client.android.AndroidDriver
Capabilities {appActivity: com.customerapp.hero.views...., appPackage: com.customerapp.hero, automationName: UiAutomator2, avd: Pixel_3, avdLaunchTimeout: 400000, databaseEnabled: false, desired: {appActivity: com.customerapp.hero.views...., appPackage: com.customerapp.hero, automationName: UiAutomator2, avd: Pixel_3, avdLaunchTimeout: 400000, deviceName: Pixel 3, platformName: android, readyTimeout: 400000, udid: emulator-5554}, deviceApiLevel: 33, deviceManufacturer: Google, deviceModel: sdk_gphone64_x86_64, deviceName: emulator-5554, deviceScreenDensity: 440, deviceScreenSize: 1080x2160, deviceUDID: emulator-5554, javascriptEnabled: true, locationContextEnabled: false, networkConnectionEnabled: true, pixelRatio: 2.75, platform: LINUX, platformName: Android, platformVersion: 13, readyTimeout: 400000, statBarHeight: 66, takesScreenshot: true, udid: emulator-5554, viewportRect: {height: 2028, left: 0, top: 66, width: 1080}, warnings: {}, webStorageEnabled: false}
Session ID: 4ab59621-5dac-449a-95b1-f749e81185e2[0m
[DEBUG] 2023-12-11 19:31:52.544 Generic:216 - Successfully Visibility  ----> You are using
[DEBUG] 2023-12-11 19:31:53.099 Generic:216 - Successfully Visibility  ----> Vehicle Details
[DEBUG] 2023-12-11 19:31:53.928 Generic:216 - Successfully Visibility  ----> Wheels of Trust
[DEBUG] 2023-12-11 19:31:54.423 Generic:216 - Successfully Visibility  ----> Joyride
[DEBUG] 2023-12-11 19:32:25.330 MyListeners:59 - [1;31m[java.base/jdk.internal.reflect.NativeConstructorAccessorImpl.newInstance0(Native Method), java.base/jdk.internal.reflect.NativeConstructorAccessorImpl.newInstance(NativeConstructorAccessorImpl.java:77), java.base/jdk.internal.reflect.DelegatingConstructorAccessorImpl.newInstance(DelegatingConstructorAccessorImpl.java:45), java.base/java.lang.reflect.Constructor.newInstanceWithCaller(Constructor.java:499), java.base/java.lang.reflect.Constructor.newInstance(Constructor.java:480), org.openqa.selenium.remote.http.W3CHttpResponseCodec.createException(W3CHttpResponseCodec.java:187), org.openqa.selenium.remote.http.W3CHttpResponseCodec.decode(W3CHttpResponseCodec.java:122), org.openqa.selenium.remote.http.W3CHttpResponseCodec.decode(W3CHttpResponseCodec.java:49), org.openqa.selenium.remote.HttpCommandExecutor.execute(HttpCommandExecutor.java:158), io.appium.java_client.remote.AppiumCommandExecutor.execute(AppiumCommandExecutor.java:250), org.openqa.selenium.remote.RemoteWebDriver.execute(RemoteWebDriver.java:552), io.appium.java_client.DefaultGenericMobileDriver.execute(DefaultGenericMobileDriver.java:41), io.appium.java_client.AppiumDriver.execute(AppiumDriver.java:1), io.appium.java_client.android.AndroidDriver.execute(AndroidDriver.java:1), org.openqa.selenium.remote.RemoteWebDriver.findElement(RemoteWebDriver.java:323), io.appium.java_client.DefaultGenericMobileDriver.findElement(DefaultGenericMobileDriver.java:61), io.appium.java_client.AppiumDriver.findElement(AppiumDriver.java:1), io.appium.java_client.android.AndroidDriver.findElement(AndroidDriver.java:1), org.openqa.selenium.remote.RemoteWebDriver.findElementByXPath(RemoteWebDriver.java:428), io.appium.java_client.DefaultGenericMobileDriver.findElementByXPath(DefaultGenericMobileDriver.java:151), io.appium.java_client.AppiumDriver.findElementByXPath(AppiumDriver.java:1), io.appium.java_client.android.AndroidDriver.findElementByXPath(AndroidDriver.java:1), org.openqa.selenium.By$ByXPath.findElement(By.java:353), org.openqa.selenium.remote.RemoteWebDriver.findElement(RemoteWebDriver.java:315), io.appium.java_client.DefaultGenericMobileDriver.findElement(DefaultGenericMobileDriver.java:57), io.appium.java_client.AppiumDriver.findElement(AppiumDriver.java:1), io.appium.java_client.android.AndroidDriver.findElement(AndroidDriver.java:1), org.openqa.selenium.support.pagefactory.DefaultElementLocator.findElement(DefaultElementLocator.java:69), org.openqa.selenium.support.pagefactory.internal.LocatingElementHandler.invoke(LocatingElementHandler.java:38), jdk.proxy2/jdk.proxy2.$Proxy28.getWrappedElement(Unknown Source), org.openqa.selenium.remote.internal.WebElementToJsonConverter.apply(WebElementToJsonConverter.java:50), java.base/java.util.stream.ReferencePipeline$3$1.accept(ReferencePipeline.java:197), java.base/java.util.Spliterators$ArraySpliterator.forEachRemaining(Spliterators.java:992), java.base/java.util.stream.AbstractPipeline.copyInto(AbstractPipeline.java:509), java.base/java.util.stream.AbstractPipeline.wrapAndCopyInto(AbstractPipeline.java:499), java.base/java.util.stream.ReduceOps$ReduceOp.evaluateSequential(ReduceOps.java:921), java.base/java.util.stream.AbstractPipeline.evaluate(AbstractPipeline.java:234), java.base/java.util.stream.ReferencePipeline.collect(ReferencePipeline.java:682), org.openqa.selenium.remote.RemoteWebDriver.executeScript(RemoteWebDriver.java:484), com.oneapp.test_suits.OtpTestCases.TC101_ValidOtpTestcase(OtpTestCases.java:127), java.base/jdk.internal.reflect.NativeMethodAccessorImpl.invoke0(Native Method), java.base/jdk.internal.reflect.NativeMethodAccessorImpl.invoke(NativeMethodAccessorImpl.java:77), java.base/jdk.internal.reflect.DelegatingMethodAccessorImpl.invoke(DelegatingMethodAccessorImpl.java:43), java.base/java.lang.reflect.Method.invoke(Method.java:568), org.testng.internal.MethodInvocationHelper.invokeMethod(MethodInvocationHelper.java:133), org.testng.internal.TestInvoker.invokeMethod(TestInvoker.java:598), org.testng.internal.TestInvoker.invokeTestMethod(TestInvoker.java:173), org.testng.internal.MethodRunner.runInSequence(MethodRunner.java:46), org.testng.internal.TestInvoker$MethodInvocationAgent.invoke(TestInvoker.java:824), org.testng.internal.TestInvoker.invokeTestMethods(TestInvoker.java:146), org.testng.internal.TestMethodWorker.invokeTestMethods(TestMethodWorker.java:146), org.testng.internal.TestMethodWorker.run(TestMethodWorker.java:128), java.base/java.util.ArrayList.forEach(ArrayList.java:1511), org.testng.TestRunner.privateRun(TestRunner.java:794), org.testng.TestRunner.run(TestRunner.java:596), org.testng.SuiteRunner.runTest(SuiteRunner.java:377), org.testng.SuiteRunner.runSequentially(SuiteRunner.java:371), org.testng.SuiteRunner.privateRun(SuiteRunner.java:332), org.testng.SuiteRunner.run(SuiteRunner.java:276), org.testng.SuiteRunnerWorker.runSuite(SuiteRunnerWorker.java:53), org.testng.SuiteRunnerWorker.run(SuiteRunnerWorker.java:96), org.testng.TestNG.runSuitesSequentially(TestNG.java:1212), org.testng.TestNG.runSuitesLocally(TestNG.java:1134), org.testng.TestNG.runSuites(TestNG.java:1063), org.testng.TestNG.run(TestNG.java:1031), org.testng.remote.AbstractRemoteTestNG.run(AbstractRemoteTestNG.java:115), org.testng.remote.RemoteTestNG.initAndRun(RemoteTestNG.java:251), org.testng.remote.RemoteTestNG.main(RemoteTestNG.java:77)][0m
[DEBUG] 2023-12-11 19:32:26.542 MyListeners:103 - [1;31mScreenshot stored at: D:\My\HeroApp1Copy/screenshots/TC101_ValidOtpTestcase__M_o_n_ _D_e_c_ _1_1_ _1_9___3_2___2_5_ _I_S_T_ _2_0_2_3_.png[0m
[DEBUG] 2023-12-11 19:32:26.554 MyListeners:75 - [1;31mTC101_VALIDOTPTESTCASE - FAILURE[0m
[DEBUG] 2023-12-11 19:32:27.870 BaseClass:265 - Session gets closed
[DEBUG] 2023-12-11 19:32:27.871 BaseClass:266 - ++++++++++++++++++++++++++++++++
[DEBUG] 2023-12-11 19:38:19.877 BaseClass:276 - Starting the Appium Service....
2023-12-11 19:38:19.871
--------------------------------------------------------------
[INFO ] 2023-12-11 19:38:29.990 BaseClass:190 - PLATFORM NAME IS --> Android
[INFO ] 2023-12-11 19:38:29.999 BaseClass:192 - DEVICE NAME IS --> Pixel 3
[INFO ] 2023-12-11 19:38:30.006 BaseClass:194 - AUTOMATION NAME IS --> UiAutomator2
[INFO ] 2023-12-11 19:38:30.009 BaseClass:196 - UDID IS --> emulator-5554
[INFO ] 2023-12-11 19:38:30.013 BaseClass:210 - Android Real device gets opened
[DEBUG] 2023-12-11 19:38:51.152 BaseClass:252 - 69d8b816-5a48-4506-b045-7ebff1db3a26
[DEBUG] 2023-12-11 19:38:51.247 MyListeners:39 - [1;30mTC101_VALIDOTPTESTCASE - STARTS[0m
[DEBUG] 2023-12-11 19:38:51.335 MyListeners:59 - [1;31m[io.appium.java_client.pagefactory.bys.builder.AppiumByBuilder.prepareAnnotationMethods(AppiumByBuilder.java:85), io.appium.java_client.pagefactory.bys.builder.AppiumByBuilder.getFilledValue(AppiumByBuilder.java:92), io.appium.java_client.pagefactory.bys.builder.AppiumByBuilder.createBy(AppiumByBuilder.java:148), io.appium.java_client.pagefactory.DefaultElementByBuilder.getBys(DefaultElementByBuilder.java:133), io.appium.java_client.pagefactory.DefaultElementByBuilder.buildMobileNativeBy(DefaultElementByBuilder.java:170), io.appium.java_client.pagefactory.DefaultElementByBuilder.buildBy(DefaultElementByBuilder.java:204), io.appium.java_client.pagefactory.AppiumElementLocatorFactory.createLocator(AppiumElementLocatorFactory.java:66), io.appium.java_client.pagefactory.AppiumElementLocatorFactory.createLocator(AppiumElementLocatorFactory.java:53), io.appium.java_client.pagefactory.AppiumElementLocatorFactory.createLocator(AppiumElementLocatorFactory.java:1), org.openqa.selenium.support.pagefactory.DefaultFieldDecorator.decorate(DefaultFieldDecorator.java:56), io.appium.java_client.pagefactory.AppiumFieldDecorator.decorate(AppiumFieldDecorator.java:154), org.openqa.selenium.support.PageFactory.proxyFields(PageFactory.java:113), org.openqa.selenium.support.PageFactory.initElements(PageFactory.java:105), com.oneapp.pageobjects.CommonElements_Page_object.<init>(CommonElements_Page_object.java:94), com.oneapp.test_suits.OtpTestCases.TC101_ValidOtpTestcase(OtpTestCases.java:43), java.base/jdk.internal.reflect.NativeMethodAccessorImpl.invoke0(Native Method), java.base/jdk.internal.reflect.NativeMethodAccessorImpl.invoke(NativeMethodAccessorImpl.java:77), java.base/jdk.internal.reflect.DelegatingMethodAccessorImpl.invoke(DelegatingMethodAccessorImpl.java:43), java.base/java.lang.reflect.Method.invoke(Method.java:568), org.testng.internal.MethodInvocationHelper.invokeMethod(MethodInvocationHelper.java:133), org.testng.internal.TestInvoker.invokeMethod(TestInvoker.java:598), org.testng.internal.TestInvoker.invokeTestMethod(TestInvoker.java:173), org.testng.internal.MethodRunner.runInSequence(MethodRunner.java:46), org.testng.internal.TestInvoker$MethodInvocationAgent.invoke(TestInvoker.java:824), org.testng.internal.TestInvoker.invokeTestMethods(TestInvoker.java:146), org.testng.internal.TestMethodWorker.invokeTestMethods(TestMethodWorker.java:146), org.testng.internal.TestMethodWorker.run(TestMethodWorker.java:128), java.base/java.util.ArrayList.forEach(ArrayList.java:1511), org.testng.TestRunner.privateRun(TestRunner.java:794), org.testng.TestRunner.run(TestRunner.java:596), org.testng.SuiteRunner.runTest(SuiteRunner.java:377), org.testng.SuiteRunner.runSequentially(SuiteRunner.java:371), org.testng.SuiteRunner.privateRun(SuiteRunner.java:332), org.testng.SuiteRunner.run(SuiteRunner.java:276), org.testng.SuiteRunnerWorker.runSuite(SuiteRunnerWorker.java:53), org.testng.SuiteRunnerWorker.run(SuiteRunnerWorker.java:96), org.testng.TestNG.runSuitesSequentially(TestNG.java:1212), org.testng.TestNG.runSuitesLocally(TestNG.java:1134), org.testng.TestNG.runSuites(TestNG.java:1063), org.testng.TestNG.run(TestNG.java:1031), org.testng.remote.AbstractRemoteTestNG.run(AbstractRemoteTestNG.java:115), org.testng.remote.RemoteTestNG.initAndRun(RemoteTestNG.java:251), org.testng.remote.RemoteTestNG.main(RemoteTestNG.java:77)][0m
[DEBUG] 2023-12-11 19:38:52.089 MyListeners:103 - [1;31mScreenshot stored at: D:\My\HeroApp1Copy/screenshots/TC101_ValidOtpTestcase__M_o_n_ _D_e_c_ _1_1_ _1_9___3_8___5_1_ _I_S_T_ _2_0_2_3_.png[0m
[DEBUG] 2023-12-11 19:38:52.106 MyListeners:75 - [1;31mTC101_VALIDOTPTESTCASE - FAILURE[0m
[DEBUG] 2023-12-11 19:38:52.951 BaseClass:265 - Session gets closed
[DEBUG] 2023-12-11 19:38:52.953 BaseClass:266 - ++++++++++++++++++++++++++++++++
