[DEBUG] 2023-07-02 12:54:14.991 BaseClass:228 - Starting the Appium Service....
2023-07-02 12:54:14.984
--------------------------------------------------------------
[INFO ] 2023-07-02 12:54:31.473 BaseClass:154 - PLATFORM NAME IS --> Android
[INFO ] 2023-07-02 12:54:31.476 BaseClass:156 - DEVICE NAME IS --> Samsung
[INFO ] 2023-07-02 12:54:31.479 BaseClass:158 - AUTOMATION NAME IS --> UiAutomator2
[INFO ] 2023-07-02 12:54:31.482 BaseClass:160 - UDID IS --> RZCT904J89D
[INFO ] 2023-07-02 12:54:31.484 BaseClass:170 - Android Real device gets opened
[DEBUG] 2023-07-02 12:58:14.419 BaseClass:228 - Starting the Appium Service....
2023-07-02 12:58:14.413
--------------------------------------------------------------
[INFO ] 2023-07-02 12:58:27.955 BaseClass:154 - PLATFORM NAME IS --> Android
[INFO ] 2023-07-02 12:58:27.956 BaseClass:156 - DEVICE NAME IS --> Samsung
[INFO ] 2023-07-02 12:58:27.958 BaseClass:158 - AUTOMATION NAME IS --> UiAutomator2
[INFO ] 2023-07-02 12:58:27.959 BaseClass:160 - UDID IS --> RZCT904J89D
[INFO ] 2023-07-02 12:58:27.961 BaseClass:170 - Android Real device gets opened
[DEBUG] 2023-07-02 13:00:48.876 BaseClass:228 - Starting the Appium Service....
2023-07-02 13:00:48.868
--------------------------------------------------------------
[INFO ] 2023-07-02 13:01:02.395 BaseClass:154 - PLATFORM NAME IS --> Android
[INFO ] 2023-07-02 13:01:02.397 BaseClass:156 - DEVICE NAME IS --> Samsung
[INFO ] 2023-07-02 13:01:02.399 BaseClass:158 - AUTOMATION NAME IS --> UiAutomator2
[INFO ] 2023-07-02 13:01:02.399 BaseClass:160 - UDID IS --> RZCT904J89D
[INFO ] 2023-07-02 13:01:02.400 BaseClass:170 - Android Real device gets opened
[DEBUG] 2023-07-02 13:01:20.362 BaseClass:205 - bb663a1c-a8c3-4786-b95f-bdaa533d0fd0
[DEBUG] 2023-07-02 13:01:22.367 MyListeners:39 - [1;30mTC101_VALIDOTPTESTCASE - STARTS[0m
[DEBUG] 2023-07-02 13:01:24.919 Generic:212 - Successfully Visibility  ----> Allow
[DEBUG] 2023-07-02 13:01:25.086 Generic:169 - Successfully Displaying ----> Allow
[DEBUG] 2023-07-02 13:01:26.195 Generic:212 - Successfully Visibility  ----> Allow
[DEBUG] 2023-07-02 13:01:26.727 Generic:135 - Successfully Clicked  ----> Allow
[DEBUG] 2023-07-02 13:01:28.001 Generic:212 - Successfully Visibility  ----> Enter mobile number
[DEBUG] 2023-07-02 13:01:28.020 Generic:148 - Successfully cleared textbox
[DEBUG] 2023-07-02 13:01:29.048 Generic:212 - Successfully Visibility  ----> Enter mobile number
[DEBUG] 2023-07-02 13:01:29.086 Generic:148 - Successfully cleared textbox
[DEBUG] 2023-07-02 13:01:29.840 Generic:201 - Successfully enter value ----> 9926438293
[DEBUG] 2023-07-02 13:01:32.160 Generic:212 - Successfully Visibility  ----> Continue
[DEBUG] 2023-07-02 13:01:32.573 Generic:135 - Successfully Clicked  ----> Continue
[DEBUG] 2023-07-02 13:01:35.698 Generic:212 - Successfully Visibility  ----> Verify with OTP
[DEBUG] 2023-07-02 13:01:41.894 Generic:212 - Successfully Visibility  ----> Verify
[DEBUG] 2023-07-02 13:01:42.788 Generic:135 - Successfully Clicked  ----> Verify
[DEBUG] 2023-07-02 13:01:47.845 Generic:212 - Successfully Visibility  ----> book service paid
[DEBUG] 2023-07-02 13:01:47.966 Generic:169 - Successfully Displaying ----> book service paid
[DEBUG] 2023-07-02 13:01:48.710 Generic:212 - Successfully Visibility  ----> book service paid
[DEBUG] 2023-07-02 13:01:49.378 Generic:135 - Successfully Clicked  ----> book service paid
[DEBUG] 2023-07-02 13:01:50.215 OtpTestCases:45 - Book service PAID vin selected
[DEBUG] 2023-07-02 13:01:50.615 Generic:212 - Successfully Visibility  ----> Continue
[DEBUG] 2023-07-02 13:01:51.964 Generic:135 - Successfully Clicked  ----> Continue
[DEBUG] 2023-07-02 13:01:54.678 Generic:212 - Successfully Visibility  ----> Allow Hero App to access this deviceâ€™s location?
[DEBUG] 2023-07-02 13:01:54.831 Generic:169 - Successfully Displaying ----> Allow Hero App to access this deviceâ€™s location?
[DEBUG] 2023-07-02 13:01:55.310 Generic:212 - Successfully Visibility  ----> Only this time
[DEBUG] 2023-07-02 13:01:56.288 Generic:135 - Successfully Clicked  ----> Only this time
[DEBUG] 2023-07-02 13:02:13.872 Generic:212 - Successfully Visibility  ----> 
[DEBUG] 2023-07-02 13:02:14.163 Generic:135 - Successfully Clicked  ----> 
[DEBUG] 2023-07-02 13:02:16.430 Generic:212 - Successfully Visibility  ----> Logout
[DEBUG] 2023-07-02 13:02:17.013 Generic:135 - Successfully Clicked  ----> Logout
[DEBUG] 2023-07-02 13:02:18.155 Generic:212 - Successfully Visibility  ----> YES
[DEBUG] 2023-07-02 13:02:18.437 Generic:135 - Successfully Clicked  ----> YES
[DEBUG] 2023-07-02 13:02:20.674 Generic:212 - Successfully Visibility  ----> Login
[DEBUG] 2023-07-02 13:02:20.838 MyListeners:47 - [1;32mTC101_VALIDOTPTESTCASE - PASSED[0m
[DEBUG] 2023-07-02 13:02:21.875 BaseClass:218 - Session gets closed
[DEBUG] 2023-07-02 13:02:21.876 BaseClass:219 - ++++++++++++++++++++++++++++++++
[DEBUG] 2023-07-02 13:02:22.731 BaseClass:240 - 
----------------------------------------
Stopping the Appium Server.....
2023-07-02 13:02:22.730
[DEBUG] 2023-07-02 13:02:51.793 BaseClass:228 - Starting the Appium Service....
2023-07-02 13:02:51.785
--------------------------------------------------------------
[INFO ] 2023-07-02 13:03:05.312 BaseClass:154 - PLATFORM NAME IS --> Android
[INFO ] 2023-07-02 13:03:05.313 BaseClass:156 - DEVICE NAME IS --> Samsung
[INFO ] 2023-07-02 13:03:05.315 BaseClass:158 - AUTOMATION NAME IS --> UiAutomator2
[INFO ] 2023-07-02 13:03:05.316 BaseClass:160 - UDID IS --> RZCT904J89D
[INFO ] 2023-07-02 13:03:05.318 BaseClass:170 - Android Real device gets opened
[DEBUG] 2023-07-02 13:05:17.614 BaseClass:228 - Starting the Appium Service....
2023-07-02 13:05:17.609
--------------------------------------------------------------
[INFO ] 2023-07-02 13:05:31.137 BaseClass:154 - PLATFORM NAME IS --> Android
[INFO ] 2023-07-02 13:05:31.140 BaseClass:156 - DEVICE NAME IS --> Samsung
[INFO ] 2023-07-02 13:05:31.142 BaseClass:158 - AUTOMATION NAME IS --> UiAutomator2
[INFO ] 2023-07-02 13:05:31.144 BaseClass:160 - UDID IS --> RZCT904J89D
[INFO ] 2023-07-02 13:05:31.146 BaseClass:170 - Android Real device gets opened
[DEBUG] 2023-07-02 13:17:01.415 BaseClass:228 - Starting the Appium Service....
2023-07-02 13:17:01.407
--------------------------------------------------------------
[INFO ] 2023-07-02 13:17:15.625 BaseClass:154 - PLATFORM NAME IS --> Android
[INFO ] 2023-07-02 13:17:15.626 BaseClass:156 - DEVICE NAME IS --> Samsung
[INFO ] 2023-07-02 13:17:15.628 BaseClass:158 - AUTOMATION NAME IS --> UiAutomator2
[INFO ] 2023-07-02 13:17:15.629 BaseClass:160 - UDID IS --> RZCT904J89D
[INFO ] 2023-07-02 13:17:15.632 BaseClass:170 - Android Real device gets opened
[DEBUG] 2023-07-02 13:18:00.625 BaseClass:228 - Starting the Appium Service....
2023-07-02 13:18:00.620
--------------------------------------------------------------
[INFO ] 2023-07-02 13:18:14.444 BaseClass:154 - PLATFORM NAME IS --> Android
[INFO ] 2023-07-02 13:18:14.459 BaseClass:156 - DEVICE NAME IS --> Samsung
[INFO ] 2023-07-02 13:18:14.463 BaseClass:158 - AUTOMATION NAME IS --> UiAutomator2
[INFO ] 2023-07-02 13:18:14.467 BaseClass:160 - UDID IS --> RZCT904J89D
[INFO ] 2023-07-02 13:18:14.469 BaseClass:170 - Android Real device gets opened
[DEBUG] 2023-07-02 13:18:36.503 BaseClass:205 - b6a09f2d-eb6a-4790-9b3e-e422fa23a4cb
[DEBUG] 2023-07-02 13:18:39.272 MyListeners:39 - [1;30mTC001_VALIDLOGINTESTCASE - STARTS[0m
[DEBUG] 2023-07-02 13:18:40.290 Generic:212 - Successfully Visibility  ----> Allow
[DEBUG] 2023-07-02 13:18:40.528 Generic:169 - Successfully Displaying ----> Allow
[DEBUG] 2023-07-02 13:18:41.617 Generic:212 - Successfully Visibility  ----> Allow
[DEBUG] 2023-07-02 13:18:42.031 Generic:135 - Successfully Clicked  ----> Allow
[DEBUG] 2023-07-02 13:18:43.003 Generic:212 - Successfully Visibility  ----> Enter mobile number
[DEBUG] 2023-07-02 13:18:43.026 Generic:148 - Successfully cleared textbox
[DEBUG] 2023-07-02 13:18:44.688 Generic:212 - Successfully Visibility  ----> Enter mobile number
[DEBUG] 2023-07-02 13:18:44.734 Generic:148 - Successfully cleared textbox
[DEBUG] 2023-07-02 13:18:44.941 Generic:201 - Successfully enter value ----> 9926438293
[DEBUG] 2023-07-02 13:18:47.648 Generic:212 - Successfully Visibility  ----> Continue
[DEBUG] 2023-07-02 13:18:48.025 Generic:135 - Successfully Clicked  ----> Continue
[DEBUG] 2023-07-02 13:18:51.718 Generic:212 - Successfully Visibility  ----> Verify with OTP
[DEBUG] 2023-07-02 13:18:53.132 Generic:212 - Successfully Visibility  ----> 
[DEBUG] 2023-07-02 13:18:53.953 Generic:135 - Successfully Clicked  ----> 
[DEBUG] 2023-07-02 13:18:54.104 MyListeners:47 - [1;32mTC001_VALIDLOGINTESTCASE - PASSED[0m
[DEBUG] 2023-07-02 13:18:55.302 BaseClass:218 - Session gets closed
[DEBUG] 2023-07-02 13:18:55.303 BaseClass:219 - ++++++++++++++++++++++++++++++++
[DEBUG] 2023-07-02 13:18:55.897 BaseClass:240 - 
----------------------------------------
Stopping the Appium Server.....
2023-07-02 13:18:55.897
[DEBUG] 2023-07-02 13:21:28.554 BaseClass:228 - Starting the Appium Service....
2023-07-02 13:21:28.548
--------------------------------------------------------------
[INFO ] 2023-07-02 13:21:42.060 BaseClass:154 - PLATFORM NAME IS --> Android
[INFO ] 2023-07-02 13:21:42.061 BaseClass:156 - DEVICE NAME IS --> Samsung
[INFO ] 2023-07-02 13:21:42.062 BaseClass:158 - AUTOMATION NAME IS --> UiAutomator2
[INFO ] 2023-07-02 13:21:42.062 BaseClass:160 - UDID IS --> RZCT904J89D
[INFO ] 2023-07-02 13:21:42.063 BaseClass:170 - Android Real device gets opened
[DEBUG] 2023-07-02 13:26:41.337 BaseClass:228 - Starting the Appium Service....
2023-07-02 13:26:41.329
--------------------------------------------------------------
[INFO ] 2023-07-02 13:26:55.172 BaseClass:154 - PLATFORM NAME IS --> Android
[INFO ] 2023-07-02 13:26:55.177 BaseClass:156 - DEVICE NAME IS --> Samsung
[INFO ] 2023-07-02 13:26:55.181 BaseClass:158 - AUTOMATION NAME IS --> UiAutomator2
[INFO ] 2023-07-02 13:26:55.187 BaseClass:160 - UDID IS --> RZCT904J89D
[INFO ] 2023-07-02 13:26:55.190 BaseClass:170 - Android Real device gets opened
[DEBUG] 2023-07-02 13:33:39.856 BaseClass:228 - Starting the Appium Service....
2023-07-02 13:33:39.851
--------------------------------------------------------------
[INFO ] 2023-07-02 13:33:53.592 BaseClass:154 - PLATFORM NAME IS --> Android
[INFO ] 2023-07-02 13:33:53.594 BaseClass:156 - DEVICE NAME IS --> Samsung
[INFO ] 2023-07-02 13:33:53.595 BaseClass:158 - AUTOMATION NAME IS --> UiAutomator2
[INFO ] 2023-07-02 13:33:53.596 BaseClass:160 - UDID IS --> RZCT904J89D
[INFO ] 2023-07-02 13:33:53.597 BaseClass:170 - Android Real device gets opened
[DEBUG] 2023-07-02 13:34:12.116 BaseClass:205 - 8708f223-5c2a-4016-885a-eea89e57b492
[DEBUG] 2023-07-02 13:34:14.207 MyListeners:39 - [1;30mTC001_VALIDLOGINTESTCASE - STARTS[0m
[DEBUG] 2023-07-02 13:34:15.159 Generic:212 - Successfully Visibility  ----> Allow
[DEBUG] 2023-07-02 13:34:15.363 Generic:169 - Successfully Displaying ----> Allow
[DEBUG] 2023-07-02 13:34:15.870 Generic:212 - Successfully Visibility  ----> Allow
[DEBUG] 2023-07-02 13:34:16.237 Generic:135 - Successfully Clicked  ----> Allow
[DEBUG] 2023-07-02 13:34:17.416 Generic:212 - Successfully Visibility  ----> Enter mobile number
[DEBUG] 2023-07-02 13:34:17.436 Generic:148 - Successfully cleared textbox
[DEBUG] 2023-07-02 13:34:18.498 Generic:212 - Successfully Visibility  ----> Enter mobile number
[DEBUG] 2023-07-02 13:34:18.529 Generic:148 - Successfully cleared textbox
[DEBUG] 2023-07-02 13:34:19.250 Generic:201 - Successfully enter value ----> 9926438293
[DEBUG] 2023-07-02 13:34:21.375 Generic:212 - Successfully Visibility  ----> Continue
[DEBUG] 2023-07-02 13:34:21.789 Generic:135 - Successfully Clicked  ----> Continue
[DEBUG] 2023-07-02 13:34:24.187 Generic:215 - [1;31morg.openqa.selenium.StaleElementReferenceException: The element 'By.id: com.customerapp.hero:id/lbl2' is not linked to the same object in DOM anymore
For documentation on this error, please visit: https://www.seleniumhq.org/exceptions/stale_element_reference.html
Build info: version: '3.141.59', revision: 'e82be7d358', time: '2018-11-14T08:17:03'
System info: host: 'DESKTOP-A2S9SMV', ip: '192.168.0.107', os.name: 'Windows 10', os.arch: 'amd64', os.version: '10.0', java.version: '11.0.18'
Driver info: io.appium.java_client.android.AndroidDriver
Capabilities {appActivity: com.customerapp.hero.views...., appPackage: com.customerapp.hero, automationName: UiAutomator2, databaseEnabled: false, desired: {appActivity: com.customerapp.hero.views...., appPackage: com.customerapp.hero, automationName: UiAutomator2, deviceName: Samsung, newCommandTimeout: 1200, platformName: android, udid: RZCT904J89D}, deviceApiLevel: 33, deviceManufacturer: samsung, deviceModel: SM-M536B, deviceName: RZCT904J89D, deviceScreenDensity: 450, deviceScreenSize: 1080x2400, deviceUDID: RZCT904J89D, javascriptEnabled: true, locationContextEnabled: false, networkConnectionEnabled: true, newCommandTimeout: 1200, pixelRatio: 2.8125, platform: LINUX, platformName: Android, platformVersion: 13, statBarHeight: 90, takesScreenshot: true, udid: RZCT904J89D, viewportRect: {height: 2085, left: 0, top: 90, width: 1080}, warnings: {}, webStorageEnabled: false}
Session ID: 8708f223-5c2a-4016-885a-eea89e57b492[0m
[DEBUG] 2023-07-02 13:34:24.917 Generic:212 - Successfully Visibility  ----> 
[DEBUG] 2023-07-02 13:34:25.935 Generic:135 - Successfully Clicked  ----> 
[DEBUG] 2023-07-02 13:34:27.578 MyListeners:47 - [1;32mTC001_VALIDLOGINTESTCASE - PASSED[0m
[DEBUG] 2023-07-02 13:34:28.672 BaseClass:218 - Session gets closed
[DEBUG] 2023-07-02 13:34:28.673 BaseClass:219 - ++++++++++++++++++++++++++++++++
[DEBUG] 2023-07-02 13:34:29.425 BaseClass:240 - 
----------------------------------------
Stopping the Appium Server.....
2023-07-02 13:34:29.424
[DEBUG] 2023-07-02 13:36:48.707 BaseClass:228 - Starting the Appium Service....
2023-07-02 13:36:48.701
--------------------------------------------------------------
[INFO ] 2023-07-02 13:37:02.201 BaseClass:154 - PLATFORM NAME IS --> Android
[INFO ] 2023-07-02 13:37:02.204 BaseClass:156 - DEVICE NAME IS --> Samsung
[INFO ] 2023-07-02 13:37:02.206 BaseClass:158 - AUTOMATION NAME IS --> UiAutomator2
[INFO ] 2023-07-02 13:37:02.208 BaseClass:160 - UDID IS --> RZCT904J89D
[INFO ] 2023-07-02 13:37:02.209 BaseClass:170 - Android Real device gets opened
[DEBUG] 2023-07-02 13:37:20.861 BaseClass:205 - 7a87be55-e917-49cb-b2dc-368ecb910162
[DEBUG] 2023-07-02 13:37:22.922 MyListeners:39 - [1;30mTC001_VALIDLOGINTESTCASE - STARTS[0m
[DEBUG] 2023-07-02 13:37:23.963 Generic:212 - Successfully Visibility  ----> Allow
[DEBUG] 2023-07-02 13:37:24.075 Generic:169 - Successfully Displaying ----> Allow
[DEBUG] 2023-07-02 13:37:24.611 Generic:212 - Successfully Visibility  ----> Allow
[DEBUG] 2023-07-02 13:37:25.074 Generic:135 - Successfully Clicked  ----> Allow
[DEBUG] 2023-07-02 13:37:26.048 Generic:212 - Successfully Visibility  ----> Enter mobile number
[DEBUG] 2023-07-02 13:37:26.063 Generic:148 - Successfully cleared textbox
[DEBUG] 2023-07-02 13:37:26.990 Generic:212 - Successfully Visibility  ----> Enter mobile number
[DEBUG] 2023-07-02 13:37:27.022 Generic:148 - Successfully cleared textbox
[DEBUG] 2023-07-02 13:37:27.199 Generic:201 - Successfully enter value ----> 9926438293
[DEBUG] 2023-07-02 13:37:29.917 Generic:212 - Successfully Visibility  ----> Continue
[DEBUG] 2023-07-02 13:37:30.360 Generic:135 - Successfully Clicked  ----> Continue
[DEBUG] 2023-07-02 13:37:33.113 Generic:212 - Successfully Visibility  ----> Verify with OTP
[DEBUG] 2023-07-02 13:37:33.939 Generic:212 - Successfully Visibility  ----> 
[DEBUG] 2023-07-02 13:37:34.195 Generic:135 - Successfully Clicked  ----> 
[DEBUG] 2023-07-02 13:37:34.888 MyListeners:47 - [1;32mTC001_VALIDLOGINTESTCASE - PASSED[0m
[DEBUG] 2023-07-02 13:37:35.972 BaseClass:218 - Session gets closed
[DEBUG] 2023-07-02 13:37:35.972 BaseClass:219 - ++++++++++++++++++++++++++++++++
[DEBUG] 2023-07-02 13:37:36.566 BaseClass:240 - 
----------------------------------------
Stopping the Appium Server.....
2023-07-02 13:37:36.566
[DEBUG] 2023-07-02 15:04:57.675 BaseClass:228 - Starting the Appium Service....
2023-07-02 15:04:57.668
--------------------------------------------------------------
[INFO ] 2023-07-02 15:05:11.207 BaseClass:154 - PLATFORM NAME IS --> Android
[INFO ] 2023-07-02 15:05:11.209 BaseClass:156 - DEVICE NAME IS --> Samsung
[INFO ] 2023-07-02 15:05:11.209 BaseClass:158 - AUTOMATION NAME IS --> UiAutomator2
[INFO ] 2023-07-02 15:05:11.210 BaseClass:160 - UDID IS --> RZCT904J89D
[INFO ] 2023-07-02 15:05:11.211 BaseClass:170 - Android Real device gets opened
[DEBUG] 2023-07-02 15:06:13.834 BaseClass:228 - Starting the Appium Service....
2023-07-02 15:06:13.827
--------------------------------------------------------------
[DEBUG] 2023-07-02 15:07:21.070 BaseClass:228 - Starting the Appium Service....
2023-07-02 15:07:21.063
--------------------------------------------------------------
[DEBUG] 2023-07-02 15:08:59.337 BaseClass:228 - Starting the Appium Service....
2023-07-02 15:08:59.332
--------------------------------------------------------------
[INFO ] 2023-07-02 15:09:12.482 BaseClass:154 - PLATFORM NAME IS --> Android
[INFO ] 2023-07-02 15:09:12.483 BaseClass:156 - DEVICE NAME IS --> Samsung
[INFO ] 2023-07-02 15:09:12.483 BaseClass:158 - AUTOMATION NAME IS --> UiAutomator2
[INFO ] 2023-07-02 15:09:12.484 BaseClass:160 - UDID IS --> RZCT904J89D
[INFO ] 2023-07-02 15:09:12.485 BaseClass:170 - Android Real device gets opened
[DEBUG] 2023-07-02 15:17:05.922 BaseClass:228 - Starting the Appium Service....
2023-07-02 15:17:05.914
--------------------------------------------------------------
[INFO ] 2023-07-02 15:17:19.480 BaseClass:154 - PLATFORM NAME IS --> Android
[INFO ] 2023-07-02 15:17:19.482 BaseClass:156 - DEVICE NAME IS --> Samsung
[INFO ] 2023-07-02 15:17:19.485 BaseClass:158 - AUTOMATION NAME IS --> UiAutomator2
[INFO ] 2023-07-02 15:17:19.487 BaseClass:160 - UDID IS --> RZCT904J89D
[INFO ] 2023-07-02 15:17:19.489 BaseClass:170 - Android Real device gets opened
[DEBUG] 2023-07-02 15:18:59.506 BaseClass:228 - Starting the Appium Service....
2023-07-02 15:18:59.499
--------------------------------------------------------------
[DEBUG] 2023-07-02 15:20:10.038 BaseClass:228 - Starting the Appium Service....
2023-07-02 15:20:10.031
--------------------------------------------------------------
[INFO ] 2023-07-02 15:20:23.513 BaseClass:154 - PLATFORM NAME IS --> Android
[INFO ] 2023-07-02 15:20:23.514 BaseClass:156 - DEVICE NAME IS --> Samsung
[INFO ] 2023-07-02 15:20:23.515 BaseClass:158 - AUTOMATION NAME IS --> UiAutomator2
[INFO ] 2023-07-02 15:20:23.515 BaseClass:160 - UDID IS --> RZCT904J89D
[INFO ] 2023-07-02 15:20:23.516 BaseClass:170 - Android Real device gets opened
[DEBUG] 2023-07-02 15:22:52.696 BaseClass:228 - Starting the Appium Service....
2023-07-02 15:22:52.689
--------------------------------------------------------------
[DEBUG] 2023-07-02 15:24:24.916 BaseClass:228 - Starting the Appium Service....
2023-07-02 15:24:24.911
--------------------------------------------------------------
[INFO ] 2023-07-02 15:24:38.066 BaseClass:154 - PLATFORM NAME IS --> Android
[INFO ] 2023-07-02 15:24:38.067 BaseClass:156 - DEVICE NAME IS --> Samsung
[INFO ] 2023-07-02 15:24:38.068 BaseClass:158 - AUTOMATION NAME IS --> UiAutomator2
[INFO ] 2023-07-02 15:24:38.069 BaseClass:160 - UDID IS --> RZCT904J89D
[INFO ] 2023-07-02 15:24:38.070 BaseClass:170 - Android Real device gets opened
[DEBUG] 2023-07-02 15:29:16.259 BaseClass:228 - Starting the Appium Service....
2023-07-02 15:29:16.251
--------------------------------------------------------------
[INFO ] 2023-07-02 15:29:29.434 BaseClass:154 - PLATFORM NAME IS --> Android
[INFO ] 2023-07-02 15:29:29.437 BaseClass:156 - DEVICE NAME IS --> Samsung
[INFO ] 2023-07-02 15:29:29.439 BaseClass:158 - AUTOMATION NAME IS --> UiAutomator2
[INFO ] 2023-07-02 15:29:29.441 BaseClass:160 - UDID IS --> RZCT904J89D
[INFO ] 2023-07-02 15:29:29.443 BaseClass:170 - Android Real device gets opened
[INFO ] 2023-07-02 15:33:55.893 BaseClass:154 - PLATFORM NAME IS --> Android
[INFO ] 2023-07-02 15:33:55.896 BaseClass:156 - DEVICE NAME IS --> Samsung
[INFO ] 2023-07-02 15:33:55.897 BaseClass:158 - AUTOMATION NAME IS --> UiAutomator2
[INFO ] 2023-07-02 15:33:55.898 BaseClass:160 - UDID IS --> RZCT904J89D
[INFO ] 2023-07-02 15:33:55.898 BaseClass:170 - Android Real device gets opened
[DEBUG] 2023-07-02 15:34:13.388 BaseClass:205 - d387fda3-fff6-45c2-94d1-4682b3b9ed66
[DEBUG] 2023-07-02 15:34:14.984 MyListeners:39 - [1;30mTC001_VALIDLOGINTESTCASE - STARTS[0m
[DEBUG] 2023-07-02 15:34:15.544 Generic:212 - Successfully Visibility  ----> Allow
[DEBUG] 2023-07-02 15:34:15.708 Generic:169 - Successfully Displaying ----> Allow
[DEBUG] 2023-07-02 15:34:16.695 Generic:212 - Successfully Visibility  ----> Allow
[DEBUG] 2023-07-02 15:34:17.003 Generic:135 - Successfully Clicked  ----> Allow
[DEBUG] 2023-07-02 15:34:18.702 Generic:212 - Successfully Visibility  ----> Enter mobile number
[DEBUG] 2023-07-02 15:34:18.717 Generic:148 - Successfully cleared textbox
[DEBUG] 2023-07-02 15:34:19.688 Generic:212 - Successfully Visibility  ----> Enter mobile number
[DEBUG] 2023-07-02 15:34:19.712 Generic:148 - Successfully cleared textbox
[DEBUG] 2023-07-02 15:34:19.844 Generic:201 - Successfully enter value ----> 9926438293
[DEBUG] 2023-07-02 15:34:22.547 Generic:212 - Successfully Visibility  ----> Continue
[DEBUG] 2023-07-02 15:34:23.014 Generic:135 - Successfully Clicked  ----> Continue
[DEBUG] 2023-07-02 15:34:24.828 Generic:212 - Successfully Visibility  ----> Please proceed with your registered Hero mobile number
[DEBUG] 2023-07-02 15:34:24.978 MyListeners:56 - [1;31m[org.testng.Assert.fail(Assert.java:110), org.testng.Assert.failNotEquals(Assert.java:1413), org.testng.Assert.assertEqualsImpl(Assert.java:149), org.testng.Assert.assertEquals(Assert.java:131), org.testng.Assert.assertEquals(Assert.java:655), org.testng.Assert.assertEquals(Assert.java:665), com.oneapp.test_suits.LoginTestCases.TC001_ValidLoginTestCase(LoginTestCases.java:31), java.base/jdk.internal.reflect.NativeMethodAccessorImpl.invoke0(Native Method), java.base/jdk.internal.reflect.NativeMethodAccessorImpl.invoke(NativeMethodAccessorImpl.java:62), java.base/jdk.internal.reflect.DelegatingMethodAccessorImpl.invoke(DelegatingMethodAccessorImpl.java:43), java.base/java.lang.reflect.Method.invoke(Method.java:566), org.testng.internal.invokers.MethodInvocationHelper.invokeMethod(MethodInvocationHelper.java:135), org.testng.internal.invokers.TestInvoker.invokeMethod(TestInvoker.java:673), org.testng.internal.invokers.TestInvoker.invokeTestMethod(TestInvoker.java:220), org.testng.internal.invokers.MethodRunner.runInSequence(MethodRunner.java:50), org.testng.internal.invokers.TestInvoker$MethodInvocationAgent.invoke(TestInvoker.java:945), org.testng.internal.invokers.TestInvoker.invokeTestMethods(TestInvoker.java:193), org.testng.internal.invokers.TestMethodWorker.invokeTestMethods(TestMethodWorker.java:146), org.testng.internal.invokers.TestMethodWorker.run(TestMethodWorker.java:128), java.base/java.util.ArrayList.forEach(ArrayList.java:1541), org.testng.TestRunner.privateRun(TestRunner.java:808), org.testng.TestRunner.run(TestRunner.java:603), org.testng.SuiteRunner.runTest(SuiteRunner.java:429), org.testng.SuiteRunner.runSequentially(SuiteRunner.java:423), org.testng.SuiteRunner.privateRun(SuiteRunner.java:383), org.testng.SuiteRunner.run(SuiteRunner.java:326), org.testng.SuiteRunnerWorker.runSuite(SuiteRunnerWorker.java:52), org.testng.SuiteRunnerWorker.run(SuiteRunnerWorker.java:95), org.testng.TestNG.runSuitesSequentially(TestNG.java:1249), org.testng.TestNG.runSuitesLocally(TestNG.java:1169), org.testng.TestNG.runSuites(TestNG.java:1092), org.testng.TestNG.run(TestNG.java:1060), org.apache.maven.surefire.testng.TestNGExecutor.run(TestNGExecutor.java:308), org.apache.maven.surefire.testng.TestNGXmlTestSuite.execute(TestNGXmlTestSuite.java:71), org.apache.maven.surefire.testng.TestNGProvider.invoke(TestNGProvider.java:113), org.apache.maven.surefire.booter.ForkedBooter.runSuitesInProcess(ForkedBooter.java:385), org.apache.maven.surefire.booter.ForkedBooter.execute(ForkedBooter.java:162), org.apache.maven.surefire.booter.ForkedBooter.run(ForkedBooter.java:507), org.apache.maven.surefire.booter.ForkedBooter.main(ForkedBooter.java:495)][0m
[DEBUG] 2023-07-02 15:34:26.012 MyListeners:100 - [1;31mScreenshot stored at: D:\ECLIPSE_LATEST\HeroApp1Copy/screenshots/TC001_ValidLoginTestCase__S_u_n_ _J_u_l_ _0_2_ _1_5___3_4___2_4_ _I_S_T_ _2_0_2_3_.png[0m
[DEBUG] 2023-07-02 15:34:26.016 MyListeners:72 - [1;31mTC001_VALIDLOGINTESTCASE - FAILURE[0m
[DEBUG] 2023-07-02 15:34:27.120 BaseClass:218 - Session gets closed
[DEBUG] 2023-07-02 15:34:27.121 BaseClass:219 - ++++++++++++++++++++++++++++++++
[DEBUG] 2023-07-02 15:35:31.619 BaseClass:228 - Starting the Appium Service....
2023-07-02 15:35:31.612
--------------------------------------------------------------
[INFO ] 2023-07-02 15:35:45.085 BaseClass:154 - PLATFORM NAME IS --> Android
[INFO ] 2023-07-02 15:35:45.086 BaseClass:156 - DEVICE NAME IS --> Samsung
[INFO ] 2023-07-02 15:35:45.087 BaseClass:158 - AUTOMATION NAME IS --> UiAutomator2
[INFO ] 2023-07-02 15:35:45.088 BaseClass:160 - UDID IS --> RZCT904J89D
[INFO ] 2023-07-02 15:35:45.089 BaseClass:170 - Android Real device gets opened
[INFO ] 2023-07-02 15:37:59.686 BaseClass:154 - PLATFORM NAME IS --> Android
[INFO ] 2023-07-02 15:37:59.692 BaseClass:156 - DEVICE NAME IS --> Samsung
[INFO ] 2023-07-02 15:37:59.693 BaseClass:158 - AUTOMATION NAME IS --> UiAutomator2
[INFO ] 2023-07-02 15:37:59.694 BaseClass:160 - UDID IS --> RZCT904J89D
[INFO ] 2023-07-02 15:37:59.695 BaseClass:170 - Android Real device gets opened
[DEBUG] 2023-07-02 15:38:17.014 BaseClass:205 - d3dd61fc-ae2d-4a21-bea8-87f0c035e4da
[DEBUG] 2023-07-02 15:38:18.458 MyListeners:39 - [1;30mTC001_VALIDLOGINTESTCASE - STARTS[0m
[DEBUG] 2023-07-02 15:38:19.107 Generic:212 - Successfully Visibility  ----> Allow
[DEBUG] 2023-07-02 15:38:19.238 Generic:169 - Successfully Displaying ----> Allow
[DEBUG] 2023-07-02 15:38:20.277 Generic:212 - Successfully Visibility  ----> Allow
[DEBUG] 2023-07-02 15:38:20.721 Generic:135 - Successfully Clicked  ----> Allow
[DEBUG] 2023-07-02 15:38:22.417 Generic:212 - Successfully Visibility  ----> Enter mobile number
[DEBUG] 2023-07-02 15:38:22.440 Generic:148 - Successfully cleared textbox
[DEBUG] 2023-07-02 15:38:23.464 Generic:212 - Successfully Visibility  ----> Enter mobile number
[DEBUG] 2023-07-02 15:38:23.497 Generic:148 - Successfully cleared textbox
[DEBUG] 2023-07-02 15:38:24.201 Generic:201 - Successfully enter value ----> 9926438293
[DEBUG] 2023-07-02 15:38:26.403 Generic:212 - Successfully Visibility  ----> Continue
[DEBUG] 2023-07-02 15:38:26.820 Generic:135 - Successfully Clicked  ----> Continue
[DEBUG] 2023-07-02 15:38:29.951 Generic:212 - Successfully Visibility  ----> Verify with OTP
[DEBUG] 2023-07-02 15:38:30.973 Generic:212 - Successfully Visibility  ----> 
[DEBUG] 2023-07-02 15:38:32.094 Generic:135 - Successfully Clicked  ----> 
[DEBUG] 2023-07-02 15:38:32.277 MyListeners:47 - [1;32mTC001_VALIDLOGINTESTCASE - PASSED[0m
[DEBUG] 2023-07-02 15:38:33.333 BaseClass:218 - Session gets closed
[DEBUG] 2023-07-02 15:38:33.334 BaseClass:219 - ++++++++++++++++++++++++++++++++
[INFO ] 2023-07-02 15:38:49.316 BaseClass:154 - PLATFORM NAME IS --> Android
[INFO ] 2023-07-02 15:38:49.321 BaseClass:156 - DEVICE NAME IS --> Samsung
[INFO ] 2023-07-02 15:38:49.323 BaseClass:158 - AUTOMATION NAME IS --> UiAutomator2
[INFO ] 2023-07-02 15:38:49.324 BaseClass:160 - UDID IS --> RZCT904J89D
[INFO ] 2023-07-02 15:38:49.324 BaseClass:170 - Android Real device gets opened
[DEBUG] 2023-07-02 15:39:03.736 BaseClass:205 - 5a0686e4-a93e-40dc-a8b0-73019a39baaa
[DEBUG] 2023-07-02 15:39:05.296 MyListeners:39 - [1;30mTC001_VALIDLOGINTESTCASE - STARTS[0m
[DEBUG] 2023-07-02 15:39:05.816 Generic:212 - Successfully Visibility  ----> Allow
[DEBUG] 2023-07-02 15:39:05.923 Generic:169 - Successfully Displaying ----> Allow
[DEBUG] 2023-07-02 15:39:06.802 Generic:212 - Successfully Visibility  ----> Allow
[DEBUG] 2023-07-02 15:39:07.276 Generic:135 - Successfully Clicked  ----> Allow
[DEBUG] 2023-07-02 15:39:08.900 Generic:212 - Successfully Visibility  ----> Enter mobile number
[DEBUG] 2023-07-02 15:39:08.934 Generic:148 - Successfully cleared textbox
[DEBUG] 2023-07-02 15:39:09.921 Generic:212 - Successfully Visibility  ----> Enter mobile number
[DEBUG] 2023-07-02 15:39:09.941 Generic:148 - Successfully cleared textbox
[DEBUG] 2023-07-02 15:39:10.070 Generic:201 - Successfully enter value ----> 9926438293
[DEBUG] 2023-07-02 15:39:12.792 Generic:212 - Successfully Visibility  ----> Continue
[DEBUG] 2023-07-02 15:39:13.177 Generic:135 - Successfully Clicked  ----> Continue
[DEBUG] 2023-07-02 15:39:16.196 Generic:212 - Successfully Visibility  ----> Verify with OTP
[DEBUG] 2023-07-02 15:39:17.142 Generic:212 - Successfully Visibility  ----> 
[DEBUG] 2023-07-02 15:39:17.438 Generic:135 - Successfully Clicked  ----> 
[DEBUG] 2023-07-02 15:39:18.447 MyListeners:47 - [1;32mTC001_VALIDLOGINTESTCASE - PASSED[0m
[DEBUG] 2023-07-02 15:39:19.459 BaseClass:218 - Session gets closed
[DEBUG] 2023-07-02 15:39:19.460 BaseClass:219 - ++++++++++++++++++++++++++++++++
[INFO ] 2023-07-02 18:57:12.317 BaseClass:192 - PLATFORM NAME IS --> iOS
[INFO ] 2023-07-02 18:57:12.318 BaseClass:194 - DEVICE NAME IS --> iPhone 13
[INFO ] 2023-07-02 18:57:12.318 BaseClass:196 - AUTOMATION NAME IS --> XCUITest
[INFO ] 2023-07-02 18:57:12.318 BaseClass:198 - UDID IS --> 00008110-001E24A20180401E
[DEBUG] 2023-07-02 18:57:12.318 BaseClass:200 - IOS Simulator gets opened
[DEBUG] 2023-07-02 18:57:17.695 BaseClass:212 - 7daa3d36-368f-46c2-b619-fe4fb36b9768
[DEBUG] 2023-07-02 18:57:18.107 MyListeners:39 - [1;30mTC001_VALIDLOGINTESTCASE - STARTS[0m
[DEBUG] 2023-07-02 18:57:34.512 Generic:215 - [1;31morg.openqa.selenium.TimeoutException: Expected condition failed: waiting for visibility of Located by By.id: allowing_commom_popup_samsung (tried for 15 second(s) with 500 milliseconds interval)[0m
[DEBUG] 2023-07-02 18:58:04.635 LoginTestCases:23 - [1;31morg.openqa.selenium.NoSuchElementException: Can't locate an element by this strategy: By.id: allowing_commom_popup_samsung[0m
[DEBUG] 2023-07-02 18:58:34.659 Generic:215 - [1;31morg.openqa.selenium.TimeoutException: Expected condition failed: waiting for visibility of Located by By.id: mobile_num_field (tried for 15 second(s) with 500 milliseconds interval)[0m
[DEBUG] 2023-07-02 18:58:34.669 Generic:148 - Successfully cleared textbox
[DEBUG] 2023-07-02 18:59:04.731 MyListeners:56 - [1;31m[io.appium.java_client.pagefactory.AppiumElementLocator.findElement(AppiumElementLocator.java:126), io.appium.java_client.pagefactory.interceptors.InterceptorOfASingleElement.intercept(InterceptorOfASingleElement.java:59), io.appium.java_client.ios.IOSElement$$EnhancerByCGLIB$$d311658.clear(<generated>), com.oneapp.utils.Generic.clearOnTexBox(Generic.java:149), com.oneapp.test_suits.LoginTestCases.TC001_ValidLoginTestCase(LoginTestCases.java:26), java.base/jdk.internal.reflect.NativeMethodAccessorImpl.invoke0(Native Method), java.base/jdk.internal.reflect.NativeMethodAccessorImpl.invoke(NativeMethodAccessorImpl.java:62), java.base/jdk.internal.reflect.DelegatingMethodAccessorImpl.invoke(DelegatingMethodAccessorImpl.java:43), java.base/java.lang.reflect.Method.invoke(Method.java:566), org.testng.internal.invokers.MethodInvocationHelper.invokeMethod(MethodInvocationHelper.java:139), org.testng.internal.invokers.TestInvoker.invokeMethod(TestInvoker.java:664), org.testng.internal.invokers.TestInvoker.invokeTestMethod(TestInvoker.java:227), org.testng.internal.invokers.MethodRunner.runInSequence(MethodRunner.java:50), org.testng.internal.invokers.TestInvoker$MethodInvocationAgent.invoke(TestInvoker.java:957), org.testng.internal.invokers.TestInvoker.invokeTestMethods(TestInvoker.java:200), org.testng.internal.invokers.TestMethodWorker.invokeTestMethods(TestMethodWorker.java:148), org.testng.internal.invokers.TestMethodWorker.run(TestMethodWorker.java:128), java.base/java.util.ArrayList.forEach(ArrayList.java:1541), org.testng.TestRunner.privateRun(TestRunner.java:848), org.testng.TestRunner.run(TestRunner.java:621), org.testng.SuiteRunner.runTest(SuiteRunner.java:443), org.testng.SuiteRunner.runSequentially(SuiteRunner.java:437), org.testng.SuiteRunner.privateRun(SuiteRunner.java:397), org.testng.SuiteRunner.run(SuiteRunner.java:336), org.testng.SuiteRunnerWorker.runSuite(SuiteRunnerWorker.java:52), org.testng.SuiteRunnerWorker.run(SuiteRunnerWorker.java:95), org.testng.TestNG.runSuitesSequentially(TestNG.java:1280), org.testng.TestNG.runSuitesLocally(TestNG.java:1200), org.testng.TestNG.runSuites(TestNG.java:1114), org.testng.TestNG.run(TestNG.java:1082), org.testng.remote.AbstractRemoteTestNG.run(AbstractRemoteTestNG.java:115), org.testng.remote.RemoteTestNG.initAndRun(RemoteTestNG.java:251), org.testng.remote.RemoteTestNG.main(RemoteTestNG.java:77)][0m
[DEBUG] 2023-07-02 18:59:05.075 MyListeners:100 - [1;31mScreenshot stored at: /Users/gunjan/HeroApp1Copy/screenshots/TC001_ValidLoginTestCase__S_u_n_ _J_u_l_ _0_2_ _1_8___5_9___0_4_ _I_S_T_ _2_0_2_3_.png[0m
[DEBUG] 2023-07-02 18:59:05.077 MyListeners:72 - [1;31mTC001_VALIDLOGINTESTCASE - FAILURE[0m
[DEBUG] 2023-07-02 18:59:05.089 BaseClass:225 - Session gets closed
[DEBUG] 2023-07-02 18:59:05.089 BaseClass:226 - ++++++++++++++++++++++++++++++++
[INFO ] 2023-07-02 19:00:12.361 BaseClass:192 - PLATFORM NAME IS --> iOS
[INFO ] 2023-07-02 19:00:12.362 BaseClass:194 - DEVICE NAME IS --> iPhone 13
[INFO ] 2023-07-02 19:00:12.363 BaseClass:196 - AUTOMATION NAME IS --> XCUITest
[INFO ] 2023-07-02 19:00:12.363 BaseClass:198 - UDID IS --> 00008110-001E24A20180401E
[DEBUG] 2023-07-02 19:00:12.363 BaseClass:200 - IOS Simulator gets opened
[DEBUG] 2023-07-02 19:00:17.093 BaseClass:212 - 6d624399-c97f-4412-93ea-c3ce129783b3
[DEBUG] 2023-07-02 19:00:17.404 MyListeners:39 - [1;30mTC001_VALIDLOGINTESTCASE - STARTS[0m
[DEBUG] 2023-07-02 19:00:33.904 Generic:215 - [1;31morg.openqa.selenium.TimeoutException: Expected condition failed: waiting for visibility of Located by By.id: allowing_commom_popup_samsung (tried for 15 second(s) with 500 milliseconds interval)[0m
[DEBUG] 2023-07-02 19:01:04.171 LoginTestCases:23 - [1;31morg.openqa.selenium.NoSuchElementException: Can't locate an element by this strategy: By.id: allowing_commom_popup_samsung[0m
[DEBUG] 2023-07-02 19:01:34.225 Generic:215 - [1;31morg.openqa.selenium.TimeoutException: Expected condition failed: waiting for visibility of Located by By.id: mobile_num_field (tried for 15 second(s) with 500 milliseconds interval)[0m
[DEBUG] 2023-07-02 19:01:34.232 Generic:148 - Successfully cleared textbox
[DEBUG] 2023-07-02 19:02:04.483 MyListeners:56 - [1;31m[io.appium.java_client.pagefactory.AppiumElementLocator.findElement(AppiumElementLocator.java:126), io.appium.java_client.pagefactory.interceptors.InterceptorOfASingleElement.intercept(InterceptorOfASingleElement.java:59), io.appium.java_client.ios.IOSElement$$EnhancerByCGLIB$$d311658.clear(<generated>), com.oneapp.utils.Generic.clearOnTexBox(Generic.java:149), com.oneapp.test_suits.LoginTestCases.TC001_ValidLoginTestCase(LoginTestCases.java:26), java.base/jdk.internal.reflect.NativeMethodAccessorImpl.invoke0(Native Method), java.base/jdk.internal.reflect.NativeMethodAccessorImpl.invoke(NativeMethodAccessorImpl.java:62), java.base/jdk.internal.reflect.DelegatingMethodAccessorImpl.invoke(DelegatingMethodAccessorImpl.java:43), java.base/java.lang.reflect.Method.invoke(Method.java:566), org.testng.internal.invokers.MethodInvocationHelper.invokeMethod(MethodInvocationHelper.java:139), org.testng.internal.invokers.TestInvoker.invokeMethod(TestInvoker.java:664), org.testng.internal.invokers.TestInvoker.invokeTestMethod(TestInvoker.java:227), org.testng.internal.invokers.MethodRunner.runInSequence(MethodRunner.java:50), org.testng.internal.invokers.TestInvoker$MethodInvocationAgent.invoke(TestInvoker.java:957), org.testng.internal.invokers.TestInvoker.invokeTestMethods(TestInvoker.java:200), org.testng.internal.invokers.TestMethodWorker.invokeTestMethods(TestMethodWorker.java:148), org.testng.internal.invokers.TestMethodWorker.run(TestMethodWorker.java:128), java.base/java.util.ArrayList.forEach(ArrayList.java:1541), org.testng.TestRunner.privateRun(TestRunner.java:848), org.testng.TestRunner.run(TestRunner.java:621), org.testng.SuiteRunner.runTest(SuiteRunner.java:443), org.testng.SuiteRunner.runSequentially(SuiteRunner.java:437), org.testng.SuiteRunner.privateRun(SuiteRunner.java:397), org.testng.SuiteRunner.run(SuiteRunner.java:336), org.testng.SuiteRunnerWorker.runSuite(SuiteRunnerWorker.java:52), org.testng.SuiteRunnerWorker.run(SuiteRunnerWorker.java:95), org.testng.TestNG.runSuitesSequentially(TestNG.java:1280), org.testng.TestNG.runSuitesLocally(TestNG.java:1200), org.testng.TestNG.runSuites(TestNG.java:1114), org.testng.TestNG.run(TestNG.java:1082), org.testng.remote.AbstractRemoteTestNG.run(AbstractRemoteTestNG.java:115), org.testng.remote.RemoteTestNG.initAndRun(RemoteTestNG.java:251), org.testng.remote.RemoteTestNG.main(RemoteTestNG.java:77)][0m
[DEBUG] 2023-07-02 19:02:04.785 MyListeners:100 - [1;31mScreenshot stored at: /Users/gunjan/HeroApp1Copy/screenshots/TC001_ValidLoginTestCase__S_u_n_ _J_u_l_ _0_2_ _1_9___0_2___0_4_ _I_S_T_ _2_0_2_3_.png[0m
[DEBUG] 2023-07-02 19:02:04.786 MyListeners:72 - [1;31mTC001_VALIDLOGINTESTCASE - FAILURE[0m
[DEBUG] 2023-07-02 19:02:04.797 BaseClass:225 - Session gets closed
[DEBUG] 2023-07-02 19:02:04.798 BaseClass:226 - ++++++++++++++++++++++++++++++++
[INFO ] 2023-07-02 19:02:34.570 BaseClass:192 - PLATFORM NAME IS --> iOS
[INFO ] 2023-07-02 19:02:34.571 BaseClass:194 - DEVICE NAME IS --> iPhone 13
[INFO ] 2023-07-02 19:02:34.571 BaseClass:196 - AUTOMATION NAME IS --> XCUITest
[INFO ] 2023-07-02 19:02:34.571 BaseClass:198 - UDID IS --> 00008110-001E24A20180401E
[DEBUG] 2023-07-02 19:02:34.571 BaseClass:202 - IOS Simulator gets opened
[DEBUG] 2023-07-02 19:02:34.813 MyListeners:39 - [1;30mTC001_VALIDLOGINTESTCASE - STARTS[0m
[INFO ] 2023-07-02 19:06:33.763 BaseClass:192 - PLATFORM NAME IS --> iOS
[INFO ] 2023-07-02 19:06:33.764 BaseClass:194 - DEVICE NAME IS --> iPhone 13
[INFO ] 2023-07-02 19:06:33.764 BaseClass:196 - AUTOMATION NAME IS --> XCUITest
[INFO ] 2023-07-02 19:06:33.765 BaseClass:198 - UDID IS --> 00008110-001E24A20180401E
[DEBUG] 2023-07-02 19:06:33.765 BaseClass:202 - IOS Simulator gets opened
[DEBUG] 2023-07-02 19:06:46.654 BaseClass:215 - 346ceaae-1836-41ab-b8e0-f949c14e9f1b
[DEBUG] 2023-07-02 19:06:46.972 MyListeners:39 - [1;30mTC001_VALIDLOGINTESTCASE - STARTS[0m
[DEBUG] 2023-07-02 19:07:02.868 Generic:215 - [1;31morg.openqa.selenium.TimeoutException: Expected condition failed: waiting for visibility of Located by By.id: allowing_commom_popup_samsung (tried for 15 second(s) with 500 milliseconds interval)[0m
[DEBUG] 2023-07-02 19:07:32.984 LoginTestCases:23 - [1;31morg.openqa.selenium.NoSuchElementException: Can't locate an element by this strategy: By.id: allowing_commom_popup_samsung[0m
[DEBUG] 2023-07-02 19:08:03.080 Generic:215 - [1;31morg.openqa.selenium.TimeoutException: Expected condition failed: waiting for visibility of Located by By.id: mobile_num_field (tried for 15 second(s) with 500 milliseconds interval)[0m
[DEBUG] 2023-07-02 19:08:03.094 Generic:148 - Successfully cleared textbox
[DEBUG] 2023-07-02 19:08:33.208 MyListeners:56 - [1;31m[io.appium.java_client.pagefactory.AppiumElementLocator.findElement(AppiumElementLocator.java:126), io.appium.java_client.pagefactory.interceptors.InterceptorOfASingleElement.intercept(InterceptorOfASingleElement.java:59), io.appium.java_client.ios.IOSElement$$EnhancerByCGLIB$$d311658.clear(<generated>), com.oneapp.utils.Generic.clearOnTexBox(Generic.java:149), com.oneapp.test_suits.LoginTestCases.TC001_ValidLoginTestCase(LoginTestCases.java:26), java.base/jdk.internal.reflect.NativeMethodAccessorImpl.invoke0(Native Method), java.base/jdk.internal.reflect.NativeMethodAccessorImpl.invoke(NativeMethodAccessorImpl.java:62), java.base/jdk.internal.reflect.DelegatingMethodAccessorImpl.invoke(DelegatingMethodAccessorImpl.java:43), java.base/java.lang.reflect.Method.invoke(Method.java:566), org.testng.internal.invokers.MethodInvocationHelper.invokeMethod(MethodInvocationHelper.java:139), org.testng.internal.invokers.TestInvoker.invokeMethod(TestInvoker.java:664), org.testng.internal.invokers.TestInvoker.invokeTestMethod(TestInvoker.java:227), org.testng.internal.invokers.MethodRunner.runInSequence(MethodRunner.java:50), org.testng.internal.invokers.TestInvoker$MethodInvocationAgent.invoke(TestInvoker.java:957), org.testng.internal.invokers.TestInvoker.invokeTestMethods(TestInvoker.java:200), org.testng.internal.invokers.TestMethodWorker.invokeTestMethods(TestMethodWorker.java:148), org.testng.internal.invokers.TestMethodWorker.run(TestMethodWorker.java:128), java.base/java.util.ArrayList.forEach(ArrayList.java:1541), org.testng.TestRunner.privateRun(TestRunner.java:848), org.testng.TestRunner.run(TestRunner.java:621), org.testng.SuiteRunner.runTest(SuiteRunner.java:443), org.testng.SuiteRunner.runSequentially(SuiteRunner.java:437), org.testng.SuiteRunner.privateRun(SuiteRunner.java:397), org.testng.SuiteRunner.run(SuiteRunner.java:336), org.testng.SuiteRunnerWorker.runSuite(SuiteRunnerWorker.java:52), org.testng.SuiteRunnerWorker.run(SuiteRunnerWorker.java:95), org.testng.TestNG.runSuitesSequentially(TestNG.java:1280), org.testng.TestNG.runSuitesLocally(TestNG.java:1200), org.testng.TestNG.runSuites(TestNG.java:1114), org.testng.TestNG.run(TestNG.java:1082), org.testng.remote.AbstractRemoteTestNG.run(AbstractRemoteTestNG.java:115), org.testng.remote.RemoteTestNG.initAndRun(RemoteTestNG.java:251), org.testng.remote.RemoteTestNG.main(RemoteTestNG.java:77)][0m
[DEBUG] 2023-07-02 19:08:33.508 MyListeners:100 - [1;31mScreenshot stored at: /Users/gunjan/HeroApp1Copy/screenshots/TC001_ValidLoginTestCase__S_u_n_ _J_u_l_ _0_2_ _1_9___0_8___3_3_ _I_S_T_ _2_0_2_3_.png[0m
[DEBUG] 2023-07-02 19:08:33.510 MyListeners:72 - [1;31mTC001_VALIDLOGINTESTCASE - FAILURE[0m
[DEBUG] 2023-07-02 19:08:34.602 BaseClass:228 - Session gets closed
[DEBUG] 2023-07-02 19:08:34.603 BaseClass:229 - ++++++++++++++++++++++++++++++++
[INFO ] 2023-07-02 19:13:05.215 BaseClass:192 - PLATFORM NAME IS --> iOS
[INFO ] 2023-07-02 19:13:05.216 BaseClass:194 - DEVICE NAME IS --> iPhone 13
[INFO ] 2023-07-02 19:13:05.216 BaseClass:196 - AUTOMATION NAME IS --> XCUITest
[INFO ] 2023-07-02 19:13:05.216 BaseClass:198 - UDID IS --> 00008110-001E24A20180401E
[DEBUG] 2023-07-02 19:13:05.216 BaseClass:203 - IOS Simulator gets opened
[DEBUG] 2023-07-02 19:13:11.285 BaseClass:216 - 2b34fe3b-95fe-4d15-9d32-7f9594b2bdfb
[DEBUG] 2023-07-02 19:13:11.595 MyListeners:39 - [1;30mTC001_VALIDLOGINTESTCASE - STARTS[0m
[DEBUG] 2023-07-02 19:13:27.569 Generic:215 - [1;31morg.openqa.selenium.TimeoutException: Expected condition failed: waiting for visibility of Located by By.id: allowing_commom_popup_samsung (tried for 15 second(s) with 500 milliseconds interval)[0m
[DEBUG] 2023-07-02 19:13:57.684 LoginTestCases:23 - [1;31morg.openqa.selenium.NoSuchElementException: Can't locate an element by this strategy: By.id: allowing_commom_popup_samsung[0m
[DEBUG] 2023-07-02 19:14:27.791 Generic:215 - [1;31morg.openqa.selenium.TimeoutException: Expected condition failed: waiting for visibility of Located by By.chained({By.id: Enter mobile number}) (tried for 15 second(s) with 500 milliseconds interval)[0m
[DEBUG] 2023-07-02 19:14:27.801 Generic:148 - Successfully cleared textbox
[DEBUG] 2023-07-02 19:14:57.906 MyListeners:56 - [1;31m[io.appium.java_client.pagefactory.AppiumElementLocator.findElement(AppiumElementLocator.java:126), io.appium.java_client.pagefactory.interceptors.InterceptorOfASingleElement.intercept(InterceptorOfASingleElement.java:59), io.appium.java_client.ios.IOSElement$$EnhancerByCGLIB$$d311658.clear(<generated>), com.oneapp.utils.Generic.clearOnTexBox(Generic.java:149), com.oneapp.test_suits.LoginTestCases.TC001_ValidLoginTestCase(LoginTestCases.java:26), java.base/jdk.internal.reflect.NativeMethodAccessorImpl.invoke0(Native Method), java.base/jdk.internal.reflect.NativeMethodAccessorImpl.invoke(NativeMethodAccessorImpl.java:62), java.base/jdk.internal.reflect.DelegatingMethodAccessorImpl.invoke(DelegatingMethodAccessorImpl.java:43), java.base/java.lang.reflect.Method.invoke(Method.java:566), org.testng.internal.invokers.MethodInvocationHelper.invokeMethod(MethodInvocationHelper.java:139), org.testng.internal.invokers.TestInvoker.invokeMethod(TestInvoker.java:664), org.testng.internal.invokers.TestInvoker.invokeTestMethod(TestInvoker.java:227), org.testng.internal.invokers.MethodRunner.runInSequence(MethodRunner.java:50), org.testng.internal.invokers.TestInvoker$MethodInvocationAgent.invoke(TestInvoker.java:957), org.testng.internal.invokers.TestInvoker.invokeTestMethods(TestInvoker.java:200), org.testng.internal.invokers.TestMethodWorker.invokeTestMethods(TestMethodWorker.java:148), org.testng.internal.invokers.TestMethodWorker.run(TestMethodWorker.java:128), java.base/java.util.ArrayList.forEach(ArrayList.java:1541), org.testng.TestRunner.privateRun(TestRunner.java:848), org.testng.TestRunner.run(TestRunner.java:621), org.testng.SuiteRunner.runTest(SuiteRunner.java:443), org.testng.SuiteRunner.runSequentially(SuiteRunner.java:437), org.testng.SuiteRunner.privateRun(SuiteRunner.java:397), org.testng.SuiteRunner.run(SuiteRunner.java:336), org.testng.SuiteRunnerWorker.runSuite(SuiteRunnerWorker.java:52), org.testng.SuiteRunnerWorker.run(SuiteRunnerWorker.java:95), org.testng.TestNG.runSuitesSequentially(TestNG.java:1280), org.testng.TestNG.runSuitesLocally(TestNG.java:1200), org.testng.TestNG.runSuites(TestNG.java:1114), org.testng.TestNG.run(TestNG.java:1082), org.testng.remote.AbstractRemoteTestNG.run(AbstractRemoteTestNG.java:115), org.testng.remote.RemoteTestNG.initAndRun(RemoteTestNG.java:251), org.testng.remote.RemoteTestNG.main(RemoteTestNG.java:77)][0m
[DEBUG] 2023-07-02 19:14:58.206 MyListeners:100 - [1;31mScreenshot stored at: /Users/gunjan/HeroApp1Copy/screenshots/TC001_ValidLoginTestCase__S_u_n_ _J_u_l_ _0_2_ _1_9___1_4___5_7_ _I_S_T_ _2_0_2_3_.png[0m
[DEBUG] 2023-07-02 19:14:58.208 MyListeners:72 - [1;31mTC001_VALIDLOGINTESTCASE - FAILURE[0m
[DEBUG] 2023-07-02 19:14:59.240 BaseClass:229 - Session gets closed
[DEBUG] 2023-07-02 19:14:59.241 BaseClass:230 - ++++++++++++++++++++++++++++++++
[INFO ] 2023-07-02 19:17:50.274 BaseClass:192 - PLATFORM NAME IS --> iOS
[INFO ] 2023-07-02 19:17:50.275 BaseClass:194 - DEVICE NAME IS --> iPhone 13
[INFO ] 2023-07-02 19:17:50.275 BaseClass:196 - AUTOMATION NAME IS --> XCUITest
[INFO ] 2023-07-02 19:17:50.276 BaseClass:198 - UDID IS --> 00008110-001E24A20180401E
[DEBUG] 2023-07-02 19:17:50.276 BaseClass:203 - IOS Simulator gets opened
[DEBUG] 2023-07-02 19:17:59.853 BaseClass:216 - c2729e44-57d4-46ab-9c64-6459292c1fca
[DEBUG] 2023-07-02 19:18:00.170 MyListeners:39 - [1;30mTC001_VALIDLOGINTESTCASE - STARTS[0m
[DEBUG] 2023-07-02 19:18:16.072 Generic:215 - [1;31morg.openqa.selenium.TimeoutException: Expected condition failed: waiting for visibility of Located by By.id: allowing_commom_popup_samsung (tried for 15 second(s) with 500 milliseconds interval)[0m
[DEBUG] 2023-07-02 19:18:46.182 LoginTestCases:24 - [1;31morg.openqa.selenium.NoSuchElementException: Can't locate an element by this strategy: By.id: allowing_commom_popup_samsung[0m
[DEBUG] 2023-07-02 19:19:16.284 MyListeners:56 - [1;31m[jdk.internal.reflect.GeneratedConstructorAccessor26.newInstance(Unknown Source), java.base/jdk.internal.reflect.DelegatingConstructorAccessorImpl.newInstance(DelegatingConstructorAccessorImpl.java:45), java.base/java.lang.reflect.Constructor.newInstance(Constructor.java:490), org.openqa.selenium.remote.http.W3CHttpResponseCodec.createException(W3CHttpResponseCodec.java:187), org.openqa.selenium.remote.http.W3CHttpResponseCodec.decode(W3CHttpResponseCodec.java:122), org.openqa.selenium.remote.http.W3CHttpResponseCodec.decode(W3CHttpResponseCodec.java:49), org.openqa.selenium.remote.HttpCommandExecutor.execute(HttpCommandExecutor.java:158), io.appium.java_client.remote.AppiumCommandExecutor.execute(AppiumCommandExecutor.java:250), org.openqa.selenium.remote.RemoteWebDriver.execute(RemoteWebDriver.java:552), io.appium.java_client.DefaultGenericMobileDriver.execute(DefaultGenericMobileDriver.java:41), io.appium.java_client.AppiumDriver.execute(AppiumDriver.java:1), io.appium.java_client.ios.IOSDriver.execute(IOSDriver.java:1), org.openqa.selenium.remote.RemoteWebDriver.findElement(RemoteWebDriver.java:323), io.appium.java_client.DefaultGenericMobileDriver.findElement(DefaultGenericMobileDriver.java:61), io.appium.java_client.AppiumDriver.findElement(AppiumDriver.java:1), io.appium.java_client.ios.IOSDriver.findElement(IOSDriver.java:1), org.openqa.selenium.remote.RemoteWebDriver.findElementById(RemoteWebDriver.java:372), io.appium.java_client.DefaultGenericMobileDriver.findElementById(DefaultGenericMobileDriver.java:69), io.appium.java_client.AppiumDriver.findElementById(AppiumDriver.java:1), io.appium.java_client.ios.IOSDriver.findElementById(IOSDriver.java:1), org.openqa.selenium.By$ById.findElement(By.java:188), org.openqa.selenium.remote.RemoteWebDriver.findElement(RemoteWebDriver.java:315), io.appium.java_client.DefaultGenericMobileDriver.findElement(DefaultGenericMobileDriver.java:57), io.appium.java_client.AppiumDriver.findElement(AppiumDriver.java:1), io.appium.java_client.ios.IOSDriver.findElement(IOSDriver.java:1), com.oneapp.test_suits.LoginTestCases.TC001_ValidLoginTestCase(LoginTestCases.java:27), java.base/jdk.internal.reflect.NativeMethodAccessorImpl.invoke0(Native Method), java.base/jdk.internal.reflect.NativeMethodAccessorImpl.invoke(NativeMethodAccessorImpl.java:62), java.base/jdk.internal.reflect.DelegatingMethodAccessorImpl.invoke(DelegatingMethodAccessorImpl.java:43), java.base/java.lang.reflect.Method.invoke(Method.java:566), org.testng.internal.invokers.MethodInvocationHelper.invokeMethod(MethodInvocationHelper.java:139), org.testng.internal.invokers.TestInvoker.invokeMethod(TestInvoker.java:664), org.testng.internal.invokers.TestInvoker.invokeTestMethod(TestInvoker.java:227), org.testng.internal.invokers.MethodRunner.runInSequence(MethodRunner.java:50), org.testng.internal.invokers.TestInvoker$MethodInvocationAgent.invoke(TestInvoker.java:957), org.testng.internal.invokers.TestInvoker.invokeTestMethods(TestInvoker.java:200), org.testng.internal.invokers.TestMethodWorker.invokeTestMethods(TestMethodWorker.java:148), org.testng.internal.invokers.TestMethodWorker.run(TestMethodWorker.java:128), java.base/java.util.ArrayList.forEach(ArrayList.java:1541), org.testng.TestRunner.privateRun(TestRunner.java:848), org.testng.TestRunner.run(TestRunner.java:621), org.testng.SuiteRunner.runTest(SuiteRunner.java:443), org.testng.SuiteRunner.runSequentially(SuiteRunner.java:437), org.testng.SuiteRunner.privateRun(SuiteRunner.java:397), org.testng.SuiteRunner.run(SuiteRunner.java:336), org.testng.SuiteRunnerWorker.runSuite(SuiteRunnerWorker.java:52), org.testng.SuiteRunnerWorker.run(SuiteRunnerWorker.java:95), org.testng.TestNG.runSuitesSequentially(TestNG.java:1280), org.testng.TestNG.runSuitesLocally(TestNG.java:1200), org.testng.TestNG.runSuites(TestNG.java:1114), org.testng.TestNG.run(TestNG.java:1082), org.testng.remote.AbstractRemoteTestNG.run(AbstractRemoteTestNG.java:115), org.testng.remote.RemoteTestNG.initAndRun(RemoteTestNG.java:251), org.testng.remote.RemoteTestNG.main(RemoteTestNG.java:77)][0m
[DEBUG] 2023-07-02 19:19:16.569 MyListeners:100 - [1;31mScreenshot stored at: /Users/gunjan/HeroApp1Copy/screenshots/TC001_ValidLoginTestCase__S_u_n_ _J_u_l_ _0_2_ _1_9___1_9___1_6_ _I_S_T_ _2_0_2_3_.png[0m
[DEBUG] 2023-07-02 19:19:16.571 MyListeners:72 - [1;31mTC001_VALIDLOGINTESTCASE - FAILURE[0m
[DEBUG] 2023-07-02 19:19:17.678 BaseClass:229 - Session gets closed
[DEBUG] 2023-07-02 19:19:17.679 BaseClass:230 - ++++++++++++++++++++++++++++++++
[INFO ] 2023-07-02 19:22:00.112 BaseClass:192 - PLATFORM NAME IS --> iOS
[INFO ] 2023-07-02 19:22:00.113 BaseClass:194 - DEVICE NAME IS --> iPhone 13
[INFO ] 2023-07-02 19:22:00.113 BaseClass:196 - AUTOMATION NAME IS --> XCUITest
[INFO ] 2023-07-02 19:22:00.113 BaseClass:198 - UDID IS --> 00008110-001E24A20180401E
[DEBUG] 2023-07-02 19:22:00.113 BaseClass:203 - IOS Simulator gets opened
[DEBUG] 2023-07-02 19:22:06.646 BaseClass:216 - cd546559-221c-426e-9634-4947104ea991
[DEBUG] 2023-07-02 19:22:06.959 MyListeners:39 - [1;30mTC001_VALIDLOGINTESTCASE - STARTS[0m
[DEBUG] 2023-07-02 19:22:07.092 MyListeners:56 - [1;31m[java.base/jdk.internal.reflect.NativeConstructorAccessorImpl.newInstance0(Native Method), java.base/jdk.internal.reflect.NativeConstructorAccessorImpl.newInstance(NativeConstructorAccessorImpl.java:62), java.base/jdk.internal.reflect.DelegatingConstructorAccessorImpl.newInstance(DelegatingConstructorAccessorImpl.java:45), java.base/java.lang.reflect.Constructor.newInstance(Constructor.java:490), org.openqa.selenium.remote.http.W3CHttpResponseCodec.createException(W3CHttpResponseCodec.java:187), org.openqa.selenium.remote.http.W3CHttpResponseCodec.decode(W3CHttpResponseCodec.java:122), org.openqa.selenium.remote.http.W3CHttpResponseCodec.decode(W3CHttpResponseCodec.java:49), org.openqa.selenium.remote.HttpCommandExecutor.execute(HttpCommandExecutor.java:158), io.appium.java_client.remote.AppiumCommandExecutor.execute(AppiumCommandExecutor.java:250), org.openqa.selenium.remote.RemoteWebDriver.execute(RemoteWebDriver.java:552), io.appium.java_client.DefaultGenericMobileDriver.execute(DefaultGenericMobileDriver.java:41), io.appium.java_client.AppiumDriver.execute(AppiumDriver.java:1), io.appium.java_client.ios.IOSDriver.execute(IOSDriver.java:1), org.openqa.selenium.remote.RemoteWebDriver.findElement(RemoteWebDriver.java:323), io.appium.java_client.DefaultGenericMobileDriver.findElement(DefaultGenericMobileDriver.java:61), io.appium.java_client.AppiumDriver.findElement(AppiumDriver.java:1), io.appium.java_client.ios.IOSDriver.findElement(IOSDriver.java:1), io.appium.java_client.FindsByAccessibilityId.findElementByAccessibilityId(FindsByAccessibilityId.java:37), io.appium.java_client.MobileBy$ByAccessibilityId.findElement(MobileBy.java:284), org.openqa.selenium.remote.RemoteWebDriver.findElement(RemoteWebDriver.java:315), io.appium.java_client.DefaultGenericMobileDriver.findElement(DefaultGenericMobileDriver.java:57), io.appium.java_client.AppiumDriver.findElement(AppiumDriver.java:1), io.appium.java_client.ios.IOSDriver.findElement(IOSDriver.java:1), com.oneapp.test_suits.LoginTestCases.TC001_ValidLoginTestCase(LoginTestCases.java:28), java.base/jdk.internal.reflect.NativeMethodAccessorImpl.invoke0(Native Method), java.base/jdk.internal.reflect.NativeMethodAccessorImpl.invoke(NativeMethodAccessorImpl.java:62), java.base/jdk.internal.reflect.DelegatingMethodAccessorImpl.invoke(DelegatingMethodAccessorImpl.java:43), java.base/java.lang.reflect.Method.invoke(Method.java:566), org.testng.internal.invokers.MethodInvocationHelper.invokeMethod(MethodInvocationHelper.java:139), org.testng.internal.invokers.TestInvoker.invokeMethod(TestInvoker.java:664), org.testng.internal.invokers.TestInvoker.invokeTestMethod(TestInvoker.java:227), org.testng.internal.invokers.MethodRunner.runInSequence(MethodRunner.java:50), org.testng.internal.invokers.TestInvoker$MethodInvocationAgent.invoke(TestInvoker.java:957), org.testng.internal.invokers.TestInvoker.invokeTestMethods(TestInvoker.java:200), org.testng.internal.invokers.TestMethodWorker.invokeTestMethods(TestMethodWorker.java:148), org.testng.internal.invokers.TestMethodWorker.run(TestMethodWorker.java:128), java.base/java.util.ArrayList.forEach(ArrayList.java:1541), org.testng.TestRunner.privateRun(TestRunner.java:848), org.testng.TestRunner.run(TestRunner.java:621), org.testng.SuiteRunner.runTest(SuiteRunner.java:443), org.testng.SuiteRunner.runSequentially(SuiteRunner.java:437), org.testng.SuiteRunner.privateRun(SuiteRunner.java:397), org.testng.SuiteRunner.run(SuiteRunner.java:336), org.testng.SuiteRunnerWorker.runSuite(SuiteRunnerWorker.java:52), org.testng.SuiteRunnerWorker.run(SuiteRunnerWorker.java:95), org.testng.TestNG.runSuitesSequentially(TestNG.java:1280), org.testng.TestNG.runSuitesLocally(TestNG.java:1200), org.testng.TestNG.runSuites(TestNG.java:1114), org.testng.TestNG.run(TestNG.java:1082), org.testng.remote.AbstractRemoteTestNG.run(AbstractRemoteTestNG.java:115), org.testng.remote.RemoteTestNG.initAndRun(RemoteTestNG.java:251), org.testng.remote.RemoteTestNG.main(RemoteTestNG.java:77)][0m
[DEBUG] 2023-07-02 19:22:07.365 MyListeners:100 - [1;31mScreenshot stored at: /Users/gunjan/HeroApp1Copy/screenshots/TC001_ValidLoginTestCase__S_u_n_ _J_u_l_ _0_2_ _1_9___2_2___0_7_ _I_S_T_ _2_0_2_3_.png[0m
[DEBUG] 2023-07-02 19:22:07.367 MyListeners:72 - [1;31mTC001_VALIDLOGINTESTCASE - FAILURE[0m
[DEBUG] 2023-07-02 19:22:08.468 BaseClass:229 - Session gets closed
[DEBUG] 2023-07-02 19:22:08.470 BaseClass:230 - ++++++++++++++++++++++++++++++++
[INFO ] 2023-07-02 19:35:06.199 BaseClass:192 - PLATFORM NAME IS --> iOS
[INFO ] 2023-07-02 19:35:06.200 BaseClass:194 - DEVICE NAME IS --> iPhone 13
[INFO ] 2023-07-02 19:35:06.200 BaseClass:196 - AUTOMATION NAME IS --> XCUITest
[INFO ] 2023-07-02 19:35:06.200 BaseClass:198 - UDID IS --> 00008110-001E24A20180401E
[DEBUG] 2023-07-02 19:35:06.200 BaseClass:203 - IOS Simulator gets opened
[DEBUG] 2023-07-02 19:35:13.024 BaseClass:216 - d1049803-a795-4cab-bc4f-aed9d36b8635
[DEBUG] 2023-07-02 19:35:13.343 MyListeners:39 - [1;30mTC001_VALIDLOGINTESTCASE - STARTS[0m
[DEBUG] 2023-07-02 19:35:16.511 MyListeners:56 - [1;31m[java.base/jdk.internal.reflect.NativeConstructorAccessorImpl.newInstance0(Native Method), java.base/jdk.internal.reflect.NativeConstructorAccessorImpl.newInstance(NativeConstructorAccessorImpl.java:62), java.base/jdk.internal.reflect.DelegatingConstructorAccessorImpl.newInstance(DelegatingConstructorAccessorImpl.java:45), java.base/java.lang.reflect.Constructor.newInstance(Constructor.java:490), org.openqa.selenium.remote.http.W3CHttpResponseCodec.createException(W3CHttpResponseCodec.java:187), org.openqa.selenium.remote.http.W3CHttpResponseCodec.decode(W3CHttpResponseCodec.java:122), org.openqa.selenium.remote.http.W3CHttpResponseCodec.decode(W3CHttpResponseCodec.java:49), org.openqa.selenium.remote.HttpCommandExecutor.execute(HttpCommandExecutor.java:158), io.appium.java_client.remote.AppiumCommandExecutor.execute(AppiumCommandExecutor.java:250), org.openqa.selenium.remote.RemoteWebDriver.execute(RemoteWebDriver.java:552), io.appium.java_client.DefaultGenericMobileDriver.execute(DefaultGenericMobileDriver.java:41), io.appium.java_client.AppiumDriver.execute(AppiumDriver.java:1), io.appium.java_client.ios.IOSDriver.execute(IOSDriver.java:1), org.openqa.selenium.remote.RemoteWebDriver.findElement(RemoteWebDriver.java:323), io.appium.java_client.DefaultGenericMobileDriver.findElement(DefaultGenericMobileDriver.java:61), io.appium.java_client.AppiumDriver.findElement(AppiumDriver.java:1), io.appium.java_client.ios.IOSDriver.findElement(IOSDriver.java:1), io.appium.java_client.FindsByAccessibilityId.findElementByAccessibilityId(FindsByAccessibilityId.java:37), io.appium.java_client.MobileBy$ByAccessibilityId.findElement(MobileBy.java:284), org.openqa.selenium.remote.RemoteWebDriver.findElement(RemoteWebDriver.java:315), io.appium.java_client.DefaultGenericMobileDriver.findElement(DefaultGenericMobileDriver.java:57), io.appium.java_client.AppiumDriver.findElement(AppiumDriver.java:1), io.appium.java_client.ios.IOSDriver.findElement(IOSDriver.java:1), com.oneapp.test_suits.LoginTestCases.TC001_ValidLoginTestCase(LoginTestCases.java:29), java.base/jdk.internal.reflect.NativeMethodAccessorImpl.invoke0(Native Method), java.base/jdk.internal.reflect.NativeMethodAccessorImpl.invoke(NativeMethodAccessorImpl.java:62), java.base/jdk.internal.reflect.DelegatingMethodAccessorImpl.invoke(DelegatingMethodAccessorImpl.java:43), java.base/java.lang.reflect.Method.invoke(Method.java:566), org.testng.internal.invokers.MethodInvocationHelper.invokeMethod(MethodInvocationHelper.java:139), org.testng.internal.invokers.TestInvoker.invokeMethod(TestInvoker.java:664), org.testng.internal.invokers.TestInvoker.invokeTestMethod(TestInvoker.java:227), org.testng.internal.invokers.MethodRunner.runInSequence(MethodRunner.java:50), org.testng.internal.invokers.TestInvoker$MethodInvocationAgent.invoke(TestInvoker.java:957), org.testng.internal.invokers.TestInvoker.invokeTestMethods(TestInvoker.java:200), org.testng.internal.invokers.TestMethodWorker.invokeTestMethods(TestMethodWorker.java:148), org.testng.internal.invokers.TestMethodWorker.run(TestMethodWorker.java:128), java.base/java.util.ArrayList.forEach(ArrayList.java:1541), org.testng.TestRunner.privateRun(TestRunner.java:848), org.testng.TestRunner.run(TestRunner.java:621), org.testng.SuiteRunner.runTest(SuiteRunner.java:443), org.testng.SuiteRunner.runSequentially(SuiteRunner.java:437), org.testng.SuiteRunner.privateRun(SuiteRunner.java:397), org.testng.SuiteRunner.run(SuiteRunner.java:336), org.testng.SuiteRunnerWorker.runSuite(SuiteRunnerWorker.java:52), org.testng.SuiteRunnerWorker.run(SuiteRunnerWorker.java:95), org.testng.TestNG.runSuitesSequentially(TestNG.java:1280), org.testng.TestNG.runSuitesLocally(TestNG.java:1200), org.testng.TestNG.runSuites(TestNG.java:1114), org.testng.TestNG.run(TestNG.java:1082), org.testng.remote.AbstractRemoteTestNG.run(AbstractRemoteTestNG.java:115), org.testng.remote.RemoteTestNG.initAndRun(RemoteTestNG.java:251), org.testng.remote.RemoteTestNG.main(RemoteTestNG.java:77)][0m
[DEBUG] 2023-07-02 19:35:16.765 MyListeners:100 - [1;31mScreenshot stored at: /Users/gunjan/HeroApp1Copy/screenshots/TC001_ValidLoginTestCase__S_u_n_ _J_u_l_ _0_2_ _1_9___3_5___1_6_ _I_S_T_ _2_0_2_3_.png[0m
[DEBUG] 2023-07-02 19:35:16.766 MyListeners:72 - [1;31mTC001_VALIDLOGINTESTCASE - FAILURE[0m
[DEBUG] 2023-07-02 19:35:17.833 BaseClass:229 - Session gets closed
[DEBUG] 2023-07-02 19:35:17.834 BaseClass:230 - ++++++++++++++++++++++++++++++++
[INFO ] 2023-07-02 19:40:21.148 BaseClass:194 - PLATFORM NAME IS --> iOS
[INFO ] 2023-07-02 19:40:21.149 BaseClass:196 - DEVICE NAME IS --> iPhone 13
[INFO ] 2023-07-02 19:40:21.149 BaseClass:198 - AUTOMATION NAME IS --> XCUITest
[INFO ] 2023-07-02 19:40:21.149 BaseClass:200 - UDID IS --> 00008110-001E24A20180401E
[DEBUG] 2023-07-02 19:40:21.150 BaseClass:205 - IOS Simulator gets opened
[DEBUG] 2023-07-02 19:40:27.570 BaseClass:218 - 1ea00e6a-c67e-428b-a748-1e14238aee8f
[DEBUG] 2023-07-02 19:40:27.882 MyListeners:39 - [1;30mTC001_VALIDLOGINTESTCASE - STARTS[0m
[DEBUG] 2023-07-02 19:40:31.050 MyListeners:56 - [1;31m[java.base/jdk.internal.reflect.NativeConstructorAccessorImpl.newInstance0(Native Method), java.base/jdk.internal.reflect.NativeConstructorAccessorImpl.newInstance(NativeConstructorAccessorImpl.java:62), java.base/jdk.internal.reflect.DelegatingConstructorAccessorImpl.newInstance(DelegatingConstructorAccessorImpl.java:45), java.base/java.lang.reflect.Constructor.newInstance(Constructor.java:490), org.openqa.selenium.remote.http.W3CHttpResponseCodec.createException(W3CHttpResponseCodec.java:187), org.openqa.selenium.remote.http.W3CHttpResponseCodec.decode(W3CHttpResponseCodec.java:122), org.openqa.selenium.remote.http.W3CHttpResponseCodec.decode(W3CHttpResponseCodec.java:49), org.openqa.selenium.remote.HttpCommandExecutor.execute(HttpCommandExecutor.java:158), io.appium.java_client.remote.AppiumCommandExecutor.execute(AppiumCommandExecutor.java:250), org.openqa.selenium.remote.RemoteWebDriver.execute(RemoteWebDriver.java:552), io.appium.java_client.DefaultGenericMobileDriver.execute(DefaultGenericMobileDriver.java:41), io.appium.java_client.AppiumDriver.execute(AppiumDriver.java:1), io.appium.java_client.ios.IOSDriver.execute(IOSDriver.java:1), org.openqa.selenium.remote.RemoteWebDriver.findElement(RemoteWebDriver.java:323), io.appium.java_client.DefaultGenericMobileDriver.findElement(DefaultGenericMobileDriver.java:61), io.appium.java_client.AppiumDriver.findElement(AppiumDriver.java:1), io.appium.java_client.ios.IOSDriver.findElement(IOSDriver.java:1), io.appium.java_client.FindsByAccessibilityId.findElementByAccessibilityId(FindsByAccessibilityId.java:37), io.appium.java_client.MobileBy$ByAccessibilityId.findElement(MobileBy.java:284), org.openqa.selenium.remote.RemoteWebDriver.findElement(RemoteWebDriver.java:315), io.appium.java_client.DefaultGenericMobileDriver.findElement(DefaultGenericMobileDriver.java:57), io.appium.java_client.AppiumDriver.findElement(AppiumDriver.java:1), io.appium.java_client.ios.IOSDriver.findElement(IOSDriver.java:1), com.oneapp.test_suits.LoginTestCases.TC001_ValidLoginTestCase(LoginTestCases.java:29), java.base/jdk.internal.reflect.NativeMethodAccessorImpl.invoke0(Native Method), java.base/jdk.internal.reflect.NativeMethodAccessorImpl.invoke(NativeMethodAccessorImpl.java:62), java.base/jdk.internal.reflect.DelegatingMethodAccessorImpl.invoke(DelegatingMethodAccessorImpl.java:43), java.base/java.lang.reflect.Method.invoke(Method.java:566), org.testng.internal.invokers.MethodInvocationHelper.invokeMethod(MethodInvocationHelper.java:139), org.testng.internal.invokers.TestInvoker.invokeMethod(TestInvoker.java:664), org.testng.internal.invokers.TestInvoker.invokeTestMethod(TestInvoker.java:227), org.testng.internal.invokers.MethodRunner.runInSequence(MethodRunner.java:50), org.testng.internal.invokers.TestInvoker$MethodInvocationAgent.invoke(TestInvoker.java:957), org.testng.internal.invokers.TestInvoker.invokeTestMethods(TestInvoker.java:200), org.testng.internal.invokers.TestMethodWorker.invokeTestMethods(TestMethodWorker.java:148), org.testng.internal.invokers.TestMethodWorker.run(TestMethodWorker.java:128), java.base/java.util.ArrayList.forEach(ArrayList.java:1541), org.testng.TestRunner.privateRun(TestRunner.java:848), org.testng.TestRunner.run(TestRunner.java:621), org.testng.SuiteRunner.runTest(SuiteRunner.java:443), org.testng.SuiteRunner.runSequentially(SuiteRunner.java:437), org.testng.SuiteRunner.privateRun(SuiteRunner.java:397), org.testng.SuiteRunner.run(SuiteRunner.java:336), org.testng.SuiteRunnerWorker.runSuite(SuiteRunnerWorker.java:52), org.testng.SuiteRunnerWorker.run(SuiteRunnerWorker.java:95), org.testng.TestNG.runSuitesSequentially(TestNG.java:1280), org.testng.TestNG.runSuitesLocally(TestNG.java:1200), org.testng.TestNG.runSuites(TestNG.java:1114), org.testng.TestNG.run(TestNG.java:1082), org.testng.remote.AbstractRemoteTestNG.run(AbstractRemoteTestNG.java:115), org.testng.remote.RemoteTestNG.initAndRun(RemoteTestNG.java:251), org.testng.remote.RemoteTestNG.main(RemoteTestNG.java:77)][0m
[DEBUG] 2023-07-02 19:40:31.301 MyListeners:100 - [1;31mScreenshot stored at: /Users/gunjan/HeroApp1Copy/screenshots/TC001_ValidLoginTestCase__S_u_n_ _J_u_l_ _0_2_ _1_9___4_0___3_1_ _I_S_T_ _2_0_2_3_.png[0m
[DEBUG] 2023-07-02 19:40:31.302 MyListeners:72 - [1;31mTC001_VALIDLOGINTESTCASE - FAILURE[0m
[DEBUG] 2023-07-02 19:40:32.360 BaseClass:231 - Session gets closed
[DEBUG] 2023-07-02 19:40:32.361 BaseClass:232 - ++++++++++++++++++++++++++++++++
[INFO ] 2023-07-02 19:41:49.495 BaseClass:194 - PLATFORM NAME IS --> iOS
[INFO ] 2023-07-02 19:41:49.496 BaseClass:196 - DEVICE NAME IS --> iPhone 13
[INFO ] 2023-07-02 19:41:49.496 BaseClass:198 - AUTOMATION NAME IS --> XCUITest
[INFO ] 2023-07-02 19:41:49.496 BaseClass:200 - UDID IS --> 00008110-001E24A20180401E
[DEBUG] 2023-07-02 19:41:49.496 BaseClass:205 - IOS Simulator gets opened
[DEBUG] 2023-07-02 19:41:55.465 BaseClass:218 - af318b57-2073-4533-b059-a58724169862
[DEBUG] 2023-07-02 19:41:55.782 MyListeners:39 - [1;30mTC001_VALIDLOGINTESTCASE - STARTS[0m
[DEBUG] 2023-07-02 19:42:20.327 Generic:215 - [1;31morg.openqa.selenium.TimeoutException: Expected condition failed: waiting for visibility of Located by By.chained({By.xpath: //XCUIElementTypeStaticText[@name="Continue"]}) (tried for 15 second(s) with 500 milliseconds interval)[0m
[DEBUG] 2023-07-02 19:43:20.642 MyListeners:56 - [1;31m[io.appium.java_client.pagefactory.AppiumElementLocator.findElement(AppiumElementLocator.java:126), io.appium.java_client.pagefactory.interceptors.InterceptorOfASingleElement.intercept(InterceptorOfASingleElement.java:59), io.appium.java_client.ios.IOSElement$$EnhancerByCGLIB$$d311658.getId(<generated>), org.openqa.selenium.remote.internal.WebElementToJsonConverter.apply(WebElementToJsonConverter.java:55), java.base/java.util.stream.ReferencePipeline$3$1.accept(ReferencePipeline.java:195), java.base/java.util.Spliterators$ArraySpliterator.forEachRemaining(Spliterators.java:948), java.base/java.util.stream.AbstractPipeline.copyInto(AbstractPipeline.java:484), java.base/java.util.stream.AbstractPipeline.wrapAndCopyInto(AbstractPipeline.java:474), java.base/java.util.stream.ReduceOps$ReduceOp.evaluateSequential(ReduceOps.java:913), java.base/java.util.stream.AbstractPipeline.evaluate(AbstractPipeline.java:234), java.base/java.util.stream.ReferencePipeline.collect(ReferencePipeline.java:578), org.openqa.selenium.remote.RemoteWebDriver.executeScript(RemoteWebDriver.java:484), com.oneapp.utils.Generic.clickOnWebElement(Generic.java:140), com.oneapp.test_suits.LoginTestCases.TC001_ValidLoginTestCase(LoginTestCases.java:35), java.base/jdk.internal.reflect.NativeMethodAccessorImpl.invoke0(Native Method), java.base/jdk.internal.reflect.NativeMethodAccessorImpl.invoke(NativeMethodAccessorImpl.java:62), java.base/jdk.internal.reflect.DelegatingMethodAccessorImpl.invoke(DelegatingMethodAccessorImpl.java:43), java.base/java.lang.reflect.Method.invoke(Method.java:566), org.testng.internal.invokers.MethodInvocationHelper.invokeMethod(MethodInvocationHelper.java:139), org.testng.internal.invokers.TestInvoker.invokeMethod(TestInvoker.java:664), org.testng.internal.invokers.TestInvoker.invokeTestMethod(TestInvoker.java:227), org.testng.internal.invokers.MethodRunner.runInSequence(MethodRunner.java:50), org.testng.internal.invokers.TestInvoker$MethodInvocationAgent.invoke(TestInvoker.java:957), org.testng.internal.invokers.TestInvoker.invokeTestMethods(TestInvoker.java:200), org.testng.internal.invokers.TestMethodWorker.invokeTestMethods(TestMethodWorker.java:148), org.testng.internal.invokers.TestMethodWorker.run(TestMethodWorker.java:128), java.base/java.util.ArrayList.forEach(ArrayList.java:1541), org.testng.TestRunner.privateRun(TestRunner.java:848), org.testng.TestRunner.run(TestRunner.java:621), org.testng.SuiteRunner.runTest(SuiteRunner.java:443), org.testng.SuiteRunner.runSequentially(SuiteRunner.java:437), org.testng.SuiteRunner.privateRun(SuiteRunner.java:397), org.testng.SuiteRunner.run(SuiteRunner.java:336), org.testng.SuiteRunnerWorker.runSuite(SuiteRunnerWorker.java:52), org.testng.SuiteRunnerWorker.run(SuiteRunnerWorker.java:95), org.testng.TestNG.runSuitesSequentially(TestNG.java:1280), org.testng.TestNG.runSuitesLocally(TestNG.java:1200), org.testng.TestNG.runSuites(TestNG.java:1114), org.testng.TestNG.run(TestNG.java:1082), org.testng.remote.AbstractRemoteTestNG.run(AbstractRemoteTestNG.java:115), org.testng.remote.RemoteTestNG.initAndRun(RemoteTestNG.java:251), org.testng.remote.RemoteTestNG.main(RemoteTestNG.java:77)][0m
[DEBUG] 2023-07-02 19:43:20.753 MyListeners:100 - [1;31mScreenshot stored at: /Users/gunjan/HeroApp1Copy/screenshots/TC001_ValidLoginTestCase__S_u_n_ _J_u_l_ _0_2_ _1_9___4_3___2_0_ _I_S_T_ _2_0_2_3_.png[0m
[DEBUG] 2023-07-02 19:43:20.754 MyListeners:72 - [1;31mTC001_VALIDLOGINTESTCASE - FAILURE[0m
[DEBUG] 2023-07-02 19:43:21.787 BaseClass:231 - Session gets closed
[DEBUG] 2023-07-02 19:43:21.788 BaseClass:232 - ++++++++++++++++++++++++++++++++
[INFO ] 2023-07-02 19:44:41.786 BaseClass:194 - PLATFORM NAME IS --> iOS
[INFO ] 2023-07-02 19:44:41.787 BaseClass:196 - DEVICE NAME IS --> iPhone 13
[INFO ] 2023-07-02 19:44:41.788 BaseClass:198 - AUTOMATION NAME IS --> XCUITest
[INFO ] 2023-07-02 19:44:41.788 BaseClass:200 - UDID IS --> 00008110-001E24A20180401E
[DEBUG] 2023-07-02 19:44:41.788 BaseClass:205 - IOS Simulator gets opened
[DEBUG] 2023-07-02 19:44:48.866 BaseClass:218 - bdae95eb-84ca-4a31-9a39-d7e1f0367b7d
[DEBUG] 2023-07-02 19:44:49.179 MyListeners:39 - [1;30mTC001_VALIDLOGINTESTCASE - STARTS[0m
[DEBUG] 2023-07-02 19:45:08.050 Generic:215 - [1;31morg.openqa.selenium.TimeoutException: Expected condition failed: waiting for visibility of Located by By.chained({By.xpath: //XCUIElementTypeTextField[@name=\" Enter mobile number\"]}) (tried for 15 second(s) with 500 milliseconds interval)[0m
[DEBUG] 2023-07-02 19:45:08.056 Generic:148 - Successfully cleared textbox
[DEBUG] 2023-07-02 19:45:38.201 MyListeners:56 - [1;31m[io.appium.java_client.pagefactory.AppiumElementLocator.findElement(AppiumElementLocator.java:126), io.appium.java_client.pagefactory.interceptors.InterceptorOfASingleElement.intercept(InterceptorOfASingleElement.java:59), io.appium.java_client.ios.IOSElement$$EnhancerByCGLIB$$d311658.clear(<generated>), com.oneapp.utils.Generic.clearOnTexBox(Generic.java:149), com.oneapp.test_suits.LoginTestCases.TC001_ValidLoginTestCase(LoginTestCases.java:33), java.base/jdk.internal.reflect.NativeMethodAccessorImpl.invoke0(Native Method), java.base/jdk.internal.reflect.NativeMethodAccessorImpl.invoke(NativeMethodAccessorImpl.java:62), java.base/jdk.internal.reflect.DelegatingMethodAccessorImpl.invoke(DelegatingMethodAccessorImpl.java:43), java.base/java.lang.reflect.Method.invoke(Method.java:566), org.testng.internal.invokers.MethodInvocationHelper.invokeMethod(MethodInvocationHelper.java:139), org.testng.internal.invokers.TestInvoker.invokeMethod(TestInvoker.java:664), org.testng.internal.invokers.TestInvoker.invokeTestMethod(TestInvoker.java:227), org.testng.internal.invokers.MethodRunner.runInSequence(MethodRunner.java:50), org.testng.internal.invokers.TestInvoker$MethodInvocationAgent.invoke(TestInvoker.java:957), org.testng.internal.invokers.TestInvoker.invokeTestMethods(TestInvoker.java:200), org.testng.internal.invokers.TestMethodWorker.invokeTestMethods(TestMethodWorker.java:148), org.testng.internal.invokers.TestMethodWorker.run(TestMethodWorker.java:128), java.base/java.util.ArrayList.forEach(ArrayList.java:1541), org.testng.TestRunner.privateRun(TestRunner.java:848), org.testng.TestRunner.run(TestRunner.java:621), org.testng.SuiteRunner.runTest(SuiteRunner.java:443), org.testng.SuiteRunner.runSequentially(SuiteRunner.java:437), org.testng.SuiteRunner.privateRun(SuiteRunner.java:397), org.testng.SuiteRunner.run(SuiteRunner.java:336), org.testng.SuiteRunnerWorker.runSuite(SuiteRunnerWorker.java:52), org.testng.SuiteRunnerWorker.run(SuiteRunnerWorker.java:95), org.testng.TestNG.runSuitesSequentially(TestNG.java:1280), org.testng.TestNG.runSuitesLocally(TestNG.java:1200), org.testng.TestNG.runSuites(TestNG.java:1114), org.testng.TestNG.run(TestNG.java:1082), org.testng.remote.AbstractRemoteTestNG.run(AbstractRemoteTestNG.java:115), org.testng.remote.RemoteTestNG.initAndRun(RemoteTestNG.java:251), org.testng.remote.RemoteTestNG.main(RemoteTestNG.java:77)][0m
[DEBUG] 2023-07-02 19:45:38.411 MyListeners:100 - [1;31mScreenshot stored at: /Users/gunjan/HeroApp1Copy/screenshots/TC001_ValidLoginTestCase__S_u_n_ _J_u_l_ _0_2_ _1_9___4_5___3_8_ _I_S_T_ _2_0_2_3_.png[0m
[DEBUG] 2023-07-02 19:45:38.412 MyListeners:72 - [1;31mTC001_VALIDLOGINTESTCASE - FAILURE[0m
[DEBUG] 2023-07-02 19:45:39.481 BaseClass:231 - Session gets closed
[DEBUG] 2023-07-02 19:45:39.482 BaseClass:232 - ++++++++++++++++++++++++++++++++
[INFO ] 2023-07-02 19:47:40.580 BaseClass:194 - PLATFORM NAME IS --> iOS
[INFO ] 2023-07-02 19:47:40.581 BaseClass:196 - DEVICE NAME IS --> iPhone 13
[INFO ] 2023-07-02 19:47:40.581 BaseClass:198 - AUTOMATION NAME IS --> XCUITest
[INFO ] 2023-07-02 19:47:40.582 BaseClass:200 - UDID IS --> 00008110-001E24A20180401E
[DEBUG] 2023-07-02 19:47:40.582 BaseClass:205 - IOS Simulator gets opened
[DEBUG] 2023-07-02 19:47:47.706 BaseClass:218 - d3d7b8b3-3889-4914-9769-2aef53efa95f
[DEBUG] 2023-07-02 19:47:48.018 MyListeners:39 - [1;30mTC001_VALIDLOGINTESTCASE - STARTS[0m
[DEBUG] 2023-07-02 19:48:06.900 Generic:215 - [1;31morg.openqa.selenium.TimeoutException: Expected condition failed: waiting for visibility of Located by By.chained({By.xpath: //XCUIElementTypeTextField[@name=\" Enter mobile number\"]}) (tried for 15 second(s) with 500 milliseconds interval)[0m
[DEBUG] 2023-07-02 19:48:06.907 Generic:148 - Successfully cleared textbox
[DEBUG] 2023-07-02 19:48:37.016 MyListeners:56 - [1;31m[io.appium.java_client.pagefactory.AppiumElementLocator.findElement(AppiumElementLocator.java:126), io.appium.java_client.pagefactory.interceptors.InterceptorOfASingleElement.intercept(InterceptorOfASingleElement.java:59), io.appium.java_client.ios.IOSElement$$EnhancerByCGLIB$$d311658.clear(<generated>), com.oneapp.utils.Generic.clearOnTexBox(Generic.java:149), com.oneapp.test_suits.LoginTestCases.TC001_ValidLoginTestCase(LoginTestCases.java:33), java.base/jdk.internal.reflect.NativeMethodAccessorImpl.invoke0(Native Method), java.base/jdk.internal.reflect.NativeMethodAccessorImpl.invoke(NativeMethodAccessorImpl.java:62), java.base/jdk.internal.reflect.DelegatingMethodAccessorImpl.invoke(DelegatingMethodAccessorImpl.java:43), java.base/java.lang.reflect.Method.invoke(Method.java:566), org.testng.internal.invokers.MethodInvocationHelper.invokeMethod(MethodInvocationHelper.java:139), org.testng.internal.invokers.TestInvoker.invokeMethod(TestInvoker.java:664), org.testng.internal.invokers.TestInvoker.invokeTestMethod(TestInvoker.java:227), org.testng.internal.invokers.MethodRunner.runInSequence(MethodRunner.java:50), org.testng.internal.invokers.TestInvoker$MethodInvocationAgent.invoke(TestInvoker.java:957), org.testng.internal.invokers.TestInvoker.invokeTestMethods(TestInvoker.java:200), org.testng.internal.invokers.TestMethodWorker.invokeTestMethods(TestMethodWorker.java:148), org.testng.internal.invokers.TestMethodWorker.run(TestMethodWorker.java:128), java.base/java.util.ArrayList.forEach(ArrayList.java:1541), org.testng.TestRunner.privateRun(TestRunner.java:848), org.testng.TestRunner.run(TestRunner.java:621), org.testng.SuiteRunner.runTest(SuiteRunner.java:443), org.testng.SuiteRunner.runSequentially(SuiteRunner.java:437), org.testng.SuiteRunner.privateRun(SuiteRunner.java:397), org.testng.SuiteRunner.run(SuiteRunner.java:336), org.testng.SuiteRunnerWorker.runSuite(SuiteRunnerWorker.java:52), org.testng.SuiteRunnerWorker.run(SuiteRunnerWorker.java:95), org.testng.TestNG.runSuitesSequentially(TestNG.java:1280), org.testng.TestNG.runSuitesLocally(TestNG.java:1200), org.testng.TestNG.runSuites(TestNG.java:1114), org.testng.TestNG.run(TestNG.java:1082), org.testng.remote.AbstractRemoteTestNG.run(AbstractRemoteTestNG.java:115), org.testng.remote.RemoteTestNG.initAndRun(RemoteTestNG.java:251), org.testng.remote.RemoteTestNG.main(RemoteTestNG.java:77)][0m
[DEBUG] 2023-07-02 19:48:37.245 MyListeners:100 - [1;31mScreenshot stored at: /Users/gunjan/HeroApp1Copy/screenshots/TC001_ValidLoginTestCase__S_u_n_ _J_u_l_ _0_2_ _1_9___4_8___3_7_ _I_S_T_ _2_0_2_3_.png[0m
[DEBUG] 2023-07-02 19:48:37.247 MyListeners:72 - [1;31mTC001_VALIDLOGINTESTCASE - FAILURE[0m
[DEBUG] 2023-07-02 19:48:38.290 BaseClass:231 - Session gets closed
[DEBUG] 2023-07-02 19:48:38.291 BaseClass:232 - ++++++++++++++++++++++++++++++++
[INFO ] 2023-07-02 19:52:32.687 BaseClass:194 - PLATFORM NAME IS --> iOS
[INFO ] 2023-07-02 19:52:32.688 BaseClass:196 - DEVICE NAME IS --> iPhone 13
[INFO ] 2023-07-02 19:52:32.688 BaseClass:198 - AUTOMATION NAME IS --> XCUITest
[INFO ] 2023-07-02 19:52:32.688 BaseClass:200 - UDID IS --> 00008110-001E24A20180401E
[DEBUG] 2023-07-02 19:52:32.688 BaseClass:205 - IOS Simulator gets opened
[DEBUG] 2023-07-02 19:52:39.009 BaseClass:218 - 7e49f62c-f9e2-4573-a79f-c91f1ef6a8f8
[DEBUG] 2023-07-02 19:52:39.329 MyListeners:39 - [1;30mTC001_VALIDLOGINTESTCASE - STARTS[0m
[DEBUG] 2023-07-02 19:52:42.947 Generic:212 - Successfully Visibility  ---->  Enter mobile number
[DEBUG] 2023-07-02 19:52:42.953 Generic:148 - Successfully cleared textbox
[DEBUG] 2023-07-02 19:52:46.631 Generic:212 - Successfully Visibility  ---->  Enter mobile number
[DEBUG] 2023-07-02 19:52:46.635 Generic:148 - Successfully cleared textbox
[DEBUG] 2023-07-02 19:52:46.777 Generic:201 - Successfully enter value ----> 9926438293
[DEBUG] 2023-07-02 19:52:52.008 Generic:212 - Successfully Visibility  ----> Continue
[DEBUG] 2023-07-02 19:52:52.580 Generic:135 - Successfully Clicked  ----> Continue
[DEBUG] 2023-07-02 19:53:23.843 Generic:215 - [1;31morg.openqa.selenium.TimeoutException: Expected condition failed: waiting for visibility of Located by By.id: verify_with_OTP (tried for 15 second(s) with 500 milliseconds interval)[0m
[DEBUG] 2023-07-02 19:53:53.868 MyListeners:56 - [1;31m[io.appium.java_client.pagefactory.AppiumElementLocator.findElement(AppiumElementLocator.java:126), io.appium.java_client.pagefactory.interceptors.InterceptorOfASingleElement.intercept(InterceptorOfASingleElement.java:59), io.appium.java_client.ios.IOSElement$$EnhancerByCGLIB$$d311658.getText(<generated>), com.oneapp.test_suits.LoginTestCases.TC001_ValidLoginTestCase(LoginTestCases.java:40), java.base/jdk.internal.reflect.NativeMethodAccessorImpl.invoke0(Native Method), java.base/jdk.internal.reflect.NativeMethodAccessorImpl.invoke(NativeMethodAccessorImpl.java:62), java.base/jdk.internal.reflect.DelegatingMethodAccessorImpl.invoke(DelegatingMethodAccessorImpl.java:43), java.base/java.lang.reflect.Method.invoke(Method.java:566), org.testng.internal.invokers.MethodInvocationHelper.invokeMethod(MethodInvocationHelper.java:139), org.testng.internal.invokers.TestInvoker.invokeMethod(TestInvoker.java:664), org.testng.internal.invokers.TestInvoker.invokeTestMethod(TestInvoker.java:227), org.testng.internal.invokers.MethodRunner.runInSequence(MethodRunner.java:50), org.testng.internal.invokers.TestInvoker$MethodInvocationAgent.invoke(TestInvoker.java:957), org.testng.internal.invokers.TestInvoker.invokeTestMethods(TestInvoker.java:200), org.testng.internal.invokers.TestMethodWorker.invokeTestMethods(TestMethodWorker.java:148), org.testng.internal.invokers.TestMethodWorker.run(TestMethodWorker.java:128), java.base/java.util.ArrayList.forEach(ArrayList.java:1541), org.testng.TestRunner.privateRun(TestRunner.java:848), org.testng.TestRunner.run(TestRunner.java:621), org.testng.SuiteRunner.runTest(SuiteRunner.java:443), org.testng.SuiteRunner.runSequentially(SuiteRunner.java:437), org.testng.SuiteRunner.privateRun(SuiteRunner.java:397), org.testng.SuiteRunner.run(SuiteRunner.java:336), org.testng.SuiteRunnerWorker.runSuite(SuiteRunnerWorker.java:52), org.testng.SuiteRunnerWorker.run(SuiteRunnerWorker.java:95), org.testng.TestNG.runSuitesSequentially(TestNG.java:1280), org.testng.TestNG.runSuitesLocally(TestNG.java:1200), org.testng.TestNG.runSuites(TestNG.java:1114), org.testng.TestNG.run(TestNG.java:1082), org.testng.remote.AbstractRemoteTestNG.run(AbstractRemoteTestNG.java:115), org.testng.remote.RemoteTestNG.initAndRun(RemoteTestNG.java:251), org.testng.remote.RemoteTestNG.main(RemoteTestNG.java:77)][0m
[DEBUG] 2023-07-02 19:53:54.922 MyListeners:72 - [1;31mTC001_VALIDLOGINTESTCASE - FAILURE[0m
[DEBUG] 2023-07-02 19:53:54.944 BaseClass:231 - Session gets closed
[DEBUG] 2023-07-02 19:53:54.944 BaseClass:232 - ++++++++++++++++++++++++++++++++
[INFO ] 2023-07-02 19:54:59.367 BaseClass:194 - PLATFORM NAME IS --> iOS
[INFO ] 2023-07-02 19:54:59.368 BaseClass:196 - DEVICE NAME IS --> iPhone 13
[INFO ] 2023-07-02 19:54:59.368 BaseClass:198 - AUTOMATION NAME IS --> XCUITest
[INFO ] 2023-07-02 19:54:59.368 BaseClass:200 - UDID IS --> 00008110-001E24A20180401E
[DEBUG] 2023-07-02 19:54:59.368 BaseClass:205 - IOS Simulator gets opened
[DEBUG] 2023-07-02 19:55:15.398 BaseClass:218 - adf9d196-d78c-4590-bb18-03210cdaf478
[DEBUG] 2023-07-02 19:55:15.701 MyListeners:39 - [1;30mTC001_VALIDLOGINTESTCASE - STARTS[0m
[DEBUG] 2023-07-02 19:55:19.344 Generic:212 - Successfully Visibility  ---->  Enter mobile number
[DEBUG] 2023-07-02 19:55:19.351 Generic:148 - Successfully cleared textbox
[DEBUG] 2023-07-02 19:55:23.131 Generic:212 - Successfully Visibility  ---->  Enter mobile number
[DEBUG] 2023-07-02 19:55:23.136 Generic:148 - Successfully cleared textbox
[DEBUG] 2023-07-02 19:55:23.312 Generic:201 - Successfully enter value ----> 9926438293
[DEBUG] 2023-07-02 19:55:28.825 Generic:212 - Successfully Visibility  ----> Continue
[DEBUG] 2023-07-02 19:55:29.761 Generic:135 - Successfully Clicked  ----> Continue
